CRITICAL - 2024-08-28 16:59:02 --> ParseError: syntax error, unexpected token "}", expecting ";"
in APPPATH/Controllers/Ordermanagement.php on line 250.
 1 SYSTEMPATH/Autoloader/Autoloader.php(290): CodeIgniter\Autoloader\Autoloader->includeFile()
 2 SYSTEMPATH/Autoloader/Autoloader.php(266): CodeIgniter\Autoloader\Autoloader->loadInNamespace()
 3 [internal function]: CodeIgniter\Autoloader\Autoloader->loadClass()
 4 SYSTEMPATH/CodeIgniter.php(901): class_exists()
 5 SYSTEMPATH/CodeIgniter.php(490): CodeIgniter\CodeIgniter->startController()
 6 SYSTEMPATH/CodeIgniter.php(361): CodeIgniter\CodeIgniter->handleRequest()
 7 FCPATH/index.php(79): CodeIgniter\CodeIgniter->run()
CRITICAL - 2024-08-28 16:59:16 --> ErrorException: Array to string conversion
in APPPATH/Controllers/Ordermanagement.php on line 249.
 1 APPPATH/Controllers/Ordermanagement.php(249): CodeIgniter\Debug\Exceptions->errorHandler()
 2 SYSTEMPATH/CodeIgniter.php(943): App\Controllers\Ordermanagement->cart()
 3 SYSTEMPATH/CodeIgniter.php(503): CodeIgniter\CodeIgniter->runController()
 4 SYSTEMPATH/CodeIgniter.php(361): CodeIgniter\CodeIgniter->handleRequest()
 5 FCPATH/index.php(79): CodeIgniter\CodeIgniter->run()
ERROR - 2024-08-28 17:43:51 --> mysqli_sql_exception: Unknown column 'products.id' in 'on clause' in /home/seotools/newdriphunter_depoly/system/Database/MySQLi/Connection.php:306
Stack trace:
#0 /home/seotools/newdriphunter_depoly/system/Database/MySQLi/Connection.php(306): mysqli->query()
#1 /home/seotools/newdriphunter_depoly/system/Database/BaseConnection.php(693): CodeIgniter\Database\MySQLi\Connection->execute()
#2 /home/seotools/newdriphunter_depoly/system/Database/BaseConnection.php(607): CodeIgniter\Database\BaseConnection->simpleQuery()
#3 /home/seotools/newdriphunter_depoly/system/Database/BaseBuilder.php(1616): CodeIgniter\Database\BaseConnection->query()
#4 /home/seotools/newdriphunter_depoly/system/Model.php(243): CodeIgniter\Database\BaseBuilder->get()
#5 /home/seotools/newdriphunter_depoly/system/BaseModel.php(638): CodeIgniter\Model->doFindAll()
#6 /home/seotools/newdriphunter_depoly/app/Models/Cart_model.php(39): CodeIgniter\BaseModel->findAll()
#7 /home/seotools/newdriphunter_depoly/app/Controllers/Ordermanagement.php(259): App\Models\Cart_model->getCartItems()
#8 /home/seotools/newdriphunter_depoly/system/CodeIgniter.php(943): App\Controllers\Ordermanagement->cart()
#9 /home/seotools/newdriphunter_depoly/system/CodeIgniter.php(503): CodeIgniter\CodeIgniter->runController()
#10 /home/seotools/newdriphunter_depoly/system/CodeIgniter.php(361): CodeIgniter\CodeIgniter->handleRequest()
#11 /home/seotools/public_html/index.php(79): CodeIgniter\CodeIgniter->run()
#12 {main}
CRITICAL - 2024-08-28 17:43:51 --> CodeIgniter\Database\Exceptions\DatabaseException: Unknown column 'products.id' in 'on clause'
in SYSTEMPATH/Database/BaseConnection.php on line 647.
 1 SYSTEMPATH/Database/BaseBuilder.php(1616): CodeIgniter\Database\BaseConnection->query()
 2 SYSTEMPATH/Model.php(243): CodeIgniter\Database\BaseBuilder->get()
 3 SYSTEMPATH/BaseModel.php(638): CodeIgniter\Model->doFindAll()
 4 APPPATH/Models/Cart_model.php(39): CodeIgniter\BaseModel->findAll()
 5 APPPATH/Controllers/Ordermanagement.php(259): App\Models\Cart_model->getCartItems()
 6 SYSTEMPATH/CodeIgniter.php(943): App\Controllers\Ordermanagement->cart()
 7 SYSTEMPATH/CodeIgniter.php(503): CodeIgniter\CodeIgniter->runController()
 8 SYSTEMPATH/CodeIgniter.php(361): CodeIgniter\CodeIgniter->handleRequest()
 9 FCPATH/index.php(79): CodeIgniter\CodeIgniter->run()
CRITICAL - 2024-08-28 17:43:51 --> [Caused by] CodeIgniter\Database\Exceptions\DatabaseException: Unknown column 'products.id' in 'on clause'
in SYSTEMPATH/Database/MySQLi/Connection.php on line 311.
 1 SYSTEMPATH/Database/BaseConnection.php(693): CodeIgniter\Database\MySQLi\Connection->execute()
 2 SYSTEMPATH/Database/BaseConnection.php(607): CodeIgniter\Database\BaseConnection->simpleQuery()
 3 SYSTEMPATH/Database/BaseBuilder.php(1616): CodeIgniter\Database\BaseConnection->query()
 4 SYSTEMPATH/Model.php(243): CodeIgniter\Database\BaseBuilder->get()
 5 SYSTEMPATH/BaseModel.php(638): CodeIgniter\Model->doFindAll()
 6 APPPATH/Models/Cart_model.php(39): CodeIgniter\BaseModel->findAll()
 7 APPPATH/Controllers/Ordermanagement.php(259): App\Models\Cart_model->getCartItems()
 8 SYSTEMPATH/CodeIgniter.php(943): App\Controllers\Ordermanagement->cart()
 9 SYSTEMPATH/CodeIgniter.php(503): CodeIgniter\CodeIgniter->runController()
10 SYSTEMPATH/CodeIgniter.php(361): CodeIgniter\CodeIgniter->handleRequest()
11 FCPATH/index.php(79): CodeIgniter\CodeIgniter->run()
CRITICAL - 2024-08-28 17:43:51 --> [Caused by] mysqli_sql_exception: Unknown column 'products.id' in 'on clause'
in SYSTEMPATH/Database/MySQLi/Connection.php on line 306.
 1 SYSTEMPATH/Database/MySQLi/Connection.php(306): mysqli->query()
 2 SYSTEMPATH/Database/BaseConnection.php(693): CodeIgniter\Database\MySQLi\Connection->execute()
 3 SYSTEMPATH/Database/BaseConnection.php(607): CodeIgniter\Database\BaseConnection->simpleQuery()
 4 SYSTEMPATH/Database/BaseBuilder.php(1616): CodeIgniter\Database\BaseConnection->query()
 5 SYSTEMPATH/Model.php(243): CodeIgniter\Database\BaseBuilder->get()
 6 SYSTEMPATH/BaseModel.php(638): CodeIgniter\Model->doFindAll()
 7 APPPATH/Models/Cart_model.php(39): CodeIgniter\BaseModel->findAll()
 8 APPPATH/Controllers/Ordermanagement.php(259): App\Models\Cart_model->getCartItems()
 9 SYSTEMPATH/CodeIgniter.php(943): App\Controllers\Ordermanagement->cart()
10 SYSTEMPATH/CodeIgniter.php(503): CodeIgniter\CodeIgniter->runController()
11 SYSTEMPATH/CodeIgniter.php(361): CodeIgniter\CodeIgniter->handleRequest()
12 FCPATH/index.php(79): CodeIgniter\CodeIgniter->run()
ERROR - 2024-08-28 17:44:21 --> mysqli_sql_exception: Unknown column 'products_id' in 'on clause' in /home/seotools/newdriphunter_depoly/system/Database/MySQLi/Connection.php:306
Stack trace:
#0 /home/seotools/newdriphunter_depoly/system/Database/MySQLi/Connection.php(306): mysqli->query()
#1 /home/seotools/newdriphunter_depoly/system/Database/BaseConnection.php(693): CodeIgniter\Database\MySQLi\Connection->execute()
#2 /home/seotools/newdriphunter_depoly/system/Database/BaseConnection.php(607): CodeIgniter\Database\BaseConnection->simpleQuery()
#3 /home/seotools/newdriphunter_depoly/system/Database/BaseBuilder.php(1616): CodeIgniter\Database\BaseConnection->query()
#4 /home/seotools/newdriphunter_depoly/system/Model.php(243): CodeIgniter\Database\BaseBuilder->get()
#5 /home/seotools/newdriphunter_depoly/system/BaseModel.php(638): CodeIgniter\Model->doFindAll()
#6 /home/seotools/newdriphunter_depoly/app/Models/Cart_model.php(39): CodeIgniter\BaseModel->findAll()
#7 /home/seotools/newdriphunter_depoly/app/Controllers/Ordermanagement.php(259): App\Models\Cart_model->getCartItems()
#8 /home/seotools/newdriphunter_depoly/system/CodeIgniter.php(943): App\Controllers\Ordermanagement->cart()
#9 /home/seotools/newdriphunter_depoly/system/CodeIgniter.php(503): CodeIgniter\CodeIgniter->runController()
#10 /home/seotools/newdriphunter_depoly/system/CodeIgniter.php(361): CodeIgniter\CodeIgniter->handleRequest()
#11 /home/seotools/public_html/index.php(79): CodeIgniter\CodeIgniter->run()
#12 {main}
CRITICAL - 2024-08-28 17:44:21 --> CodeIgniter\Database\Exceptions\DatabaseException: Unknown column 'products_id' in 'on clause'
in SYSTEMPATH/Database/BaseConnection.php on line 647.
 1 SYSTEMPATH/Database/BaseBuilder.php(1616): CodeIgniter\Database\BaseConnection->query()
 2 SYSTEMPATH/Model.php(243): CodeIgniter\Database\BaseBuilder->get()
 3 SYSTEMPATH/BaseModel.php(638): CodeIgniter\Model->doFindAll()
 4 APPPATH/Models/Cart_model.php(39): CodeIgniter\BaseModel->findAll()
 5 APPPATH/Controllers/Ordermanagement.php(259): App\Models\Cart_model->getCartItems()
 6 SYSTEMPATH/CodeIgniter.php(943): App\Controllers\Ordermanagement->cart()
 7 SYSTEMPATH/CodeIgniter.php(503): CodeIgniter\CodeIgniter->runController()
 8 SYSTEMPATH/CodeIgniter.php(361): CodeIgniter\CodeIgniter->handleRequest()
 9 FCPATH/index.php(79): CodeIgniter\CodeIgniter->run()
CRITICAL - 2024-08-28 17:44:21 --> [Caused by] CodeIgniter\Database\Exceptions\DatabaseException: Unknown column 'products_id' in 'on clause'
in SYSTEMPATH/Database/MySQLi/Connection.php on line 311.
 1 SYSTEMPATH/Database/BaseConnection.php(693): CodeIgniter\Database\MySQLi\Connection->execute()
 2 SYSTEMPATH/Database/BaseConnection.php(607): CodeIgniter\Database\BaseConnection->simpleQuery()
 3 SYSTEMPATH/Database/BaseBuilder.php(1616): CodeIgniter\Database\BaseConnection->query()
 4 SYSTEMPATH/Model.php(243): CodeIgniter\Database\BaseBuilder->get()
 5 SYSTEMPATH/BaseModel.php(638): CodeIgniter\Model->doFindAll()
 6 APPPATH/Models/Cart_model.php(39): CodeIgniter\BaseModel->findAll()
 7 APPPATH/Controllers/Ordermanagement.php(259): App\Models\Cart_model->getCartItems()
 8 SYSTEMPATH/CodeIgniter.php(943): App\Controllers\Ordermanagement->cart()
 9 SYSTEMPATH/CodeIgniter.php(503): CodeIgniter\CodeIgniter->runController()
10 SYSTEMPATH/CodeIgniter.php(361): CodeIgniter\CodeIgniter->handleRequest()
11 FCPATH/index.php(79): CodeIgniter\CodeIgniter->run()
CRITICAL - 2024-08-28 17:44:21 --> [Caused by] mysqli_sql_exception: Unknown column 'products_id' in 'on clause'
in SYSTEMPATH/Database/MySQLi/Connection.php on line 306.
 1 SYSTEMPATH/Database/MySQLi/Connection.php(306): mysqli->query()
 2 SYSTEMPATH/Database/BaseConnection.php(693): CodeIgniter\Database\MySQLi\Connection->execute()
 3 SYSTEMPATH/Database/BaseConnection.php(607): CodeIgniter\Database\BaseConnection->simpleQuery()
 4 SYSTEMPATH/Database/BaseBuilder.php(1616): CodeIgniter\Database\BaseConnection->query()
 5 SYSTEMPATH/Model.php(243): CodeIgniter\Database\BaseBuilder->get()
 6 SYSTEMPATH/BaseModel.php(638): CodeIgniter\Model->doFindAll()
 7 APPPATH/Models/Cart_model.php(39): CodeIgniter\BaseModel->findAll()
 8 APPPATH/Controllers/Ordermanagement.php(259): App\Models\Cart_model->getCartItems()
 9 SYSTEMPATH/CodeIgniter.php(943): App\Controllers\Ordermanagement->cart()
10 SYSTEMPATH/CodeIgniter.php(503): CodeIgniter\CodeIgniter->runController()
11 SYSTEMPATH/CodeIgniter.php(361): CodeIgniter\CodeIgniter->handleRequest()
12 FCPATH/index.php(79): CodeIgniter\CodeIgniter->run()
ERROR - 2024-08-28 17:44:44 --> mysqli_sql_exception: Unknown column 'product.id' in 'on clause' in /home/seotools/newdriphunter_depoly/system/Database/MySQLi/Connection.php:306
Stack trace:
#0 /home/seotools/newdriphunter_depoly/system/Database/MySQLi/Connection.php(306): mysqli->query()
#1 /home/seotools/newdriphunter_depoly/system/Database/BaseConnection.php(693): CodeIgniter\Database\MySQLi\Connection->execute()
#2 /home/seotools/newdriphunter_depoly/system/Database/BaseConnection.php(607): CodeIgniter\Database\BaseConnection->simpleQuery()
#3 /home/seotools/newdriphunter_depoly/system/Database/BaseBuilder.php(1616): CodeIgniter\Database\BaseConnection->query()
#4 /home/seotools/newdriphunter_depoly/system/Model.php(243): CodeIgniter\Database\BaseBuilder->get()
#5 /home/seotools/newdriphunter_depoly/system/BaseModel.php(638): CodeIgniter\Model->doFindAll()
#6 /home/seotools/newdriphunter_depoly/app/Models/Cart_model.php(39): CodeIgniter\BaseModel->findAll()
#7 /home/seotools/newdriphunter_depoly/app/Controllers/Ordermanagement.php(259): App\Models\Cart_model->getCartItems()
#8 /home/seotools/newdriphunter_depoly/system/CodeIgniter.php(943): App\Controllers\Ordermanagement->cart()
#9 /home/seotools/newdriphunter_depoly/system/CodeIgniter.php(503): CodeIgniter\CodeIgniter->runController()
#10 /home/seotools/newdriphunter_depoly/system/CodeIgniter.php(361): CodeIgniter\CodeIgniter->handleRequest()
#11 /home/seotools/public_html/index.php(79): CodeIgniter\CodeIgniter->run()
#12 {main}
CRITICAL - 2024-08-28 17:44:44 --> CodeIgniter\Database\Exceptions\DatabaseException: Unknown column 'product.id' in 'on clause'
in SYSTEMPATH/Database/BaseConnection.php on line 647.
 1 SYSTEMPATH/Database/BaseBuilder.php(1616): CodeIgniter\Database\BaseConnection->query()
 2 SYSTEMPATH/Model.php(243): CodeIgniter\Database\BaseBuilder->get()
 3 SYSTEMPATH/BaseModel.php(638): CodeIgniter\Model->doFindAll()
 4 APPPATH/Models/Cart_model.php(39): CodeIgniter\BaseModel->findAll()
 5 APPPATH/Controllers/Ordermanagement.php(259): App\Models\Cart_model->getCartItems()
 6 SYSTEMPATH/CodeIgniter.php(943): App\Controllers\Ordermanagement->cart()
 7 SYSTEMPATH/CodeIgniter.php(503): CodeIgniter\CodeIgniter->runController()
 8 SYSTEMPATH/CodeIgniter.php(361): CodeIgniter\CodeIgniter->handleRequest()
 9 FCPATH/index.php(79): CodeIgniter\CodeIgniter->run()
CRITICAL - 2024-08-28 17:44:44 --> [Caused by] CodeIgniter\Database\Exceptions\DatabaseException: Unknown column 'product.id' in 'on clause'
in SYSTEMPATH/Database/MySQLi/Connection.php on line 311.
 1 SYSTEMPATH/Database/BaseConnection.php(693): CodeIgniter\Database\MySQLi\Connection->execute()
 2 SYSTEMPATH/Database/BaseConnection.php(607): CodeIgniter\Database\BaseConnection->simpleQuery()
 3 SYSTEMPATH/Database/BaseBuilder.php(1616): CodeIgniter\Database\BaseConnection->query()
 4 SYSTEMPATH/Model.php(243): CodeIgniter\Database\BaseBuilder->get()
 5 SYSTEMPATH/BaseModel.php(638): CodeIgniter\Model->doFindAll()
 6 APPPATH/Models/Cart_model.php(39): CodeIgniter\BaseModel->findAll()
 7 APPPATH/Controllers/Ordermanagement.php(259): App\Models\Cart_model->getCartItems()
 8 SYSTEMPATH/CodeIgniter.php(943): App\Controllers\Ordermanagement->cart()
 9 SYSTEMPATH/CodeIgniter.php(503): CodeIgniter\CodeIgniter->runController()
10 SYSTEMPATH/CodeIgniter.php(361): CodeIgniter\CodeIgniter->handleRequest()
11 FCPATH/index.php(79): CodeIgniter\CodeIgniter->run()
CRITICAL - 2024-08-28 17:44:44 --> [Caused by] mysqli_sql_exception: Unknown column 'product.id' in 'on clause'
in SYSTEMPATH/Database/MySQLi/Connection.php on line 306.
 1 SYSTEMPATH/Database/MySQLi/Connection.php(306): mysqli->query()
 2 SYSTEMPATH/Database/BaseConnection.php(693): CodeIgniter\Database\MySQLi\Connection->execute()
 3 SYSTEMPATH/Database/BaseConnection.php(607): CodeIgniter\Database\BaseConnection->simpleQuery()
 4 SYSTEMPATH/Database/BaseBuilder.php(1616): CodeIgniter\Database\BaseConnection->query()
 5 SYSTEMPATH/Model.php(243): CodeIgniter\Database\BaseBuilder->get()
 6 SYSTEMPATH/BaseModel.php(638): CodeIgniter\Model->doFindAll()
 7 APPPATH/Models/Cart_model.php(39): CodeIgniter\BaseModel->findAll()
 8 APPPATH/Controllers/Ordermanagement.php(259): App\Models\Cart_model->getCartItems()
 9 SYSTEMPATH/CodeIgniter.php(943): App\Controllers\Ordermanagement->cart()
10 SYSTEMPATH/CodeIgniter.php(503): CodeIgniter\CodeIgniter->runController()
11 SYSTEMPATH/CodeIgniter.php(361): CodeIgniter\CodeIgniter->handleRequest()
12 FCPATH/index.php(79): CodeIgniter\CodeIgniter->run()
ERROR - 2024-08-28 17:44:55 --> mysqli_sql_exception: Column 'product_id' in on clause is ambiguous in /home/seotools/newdriphunter_depoly/system/Database/MySQLi/Connection.php:306
Stack trace:
#0 /home/seotools/newdriphunter_depoly/system/Database/MySQLi/Connection.php(306): mysqli->query()
#1 /home/seotools/newdriphunter_depoly/system/Database/BaseConnection.php(693): CodeIgniter\Database\MySQLi\Connection->execute()
#2 /home/seotools/newdriphunter_depoly/system/Database/BaseConnection.php(607): CodeIgniter\Database\BaseConnection->simpleQuery()
#3 /home/seotools/newdriphunter_depoly/system/Database/BaseBuilder.php(1616): CodeIgniter\Database\BaseConnection->query()
#4 /home/seotools/newdriphunter_depoly/system/Model.php(243): CodeIgniter\Database\BaseBuilder->get()
#5 /home/seotools/newdriphunter_depoly/system/BaseModel.php(638): CodeIgniter\Model->doFindAll()
#6 /home/seotools/newdriphunter_depoly/app/Models/Cart_model.php(39): CodeIgniter\BaseModel->findAll()
#7 /home/seotools/newdriphunter_depoly/app/Controllers/Ordermanagement.php(259): App\Models\Cart_model->getCartItems()
#8 /home/seotools/newdriphunter_depoly/system/CodeIgniter.php(943): App\Controllers\Ordermanagement->cart()
#9 /home/seotools/newdriphunter_depoly/system/CodeIgniter.php(503): CodeIgniter\CodeIgniter->runController()
#10 /home/seotools/newdriphunter_depoly/system/CodeIgniter.php(361): CodeIgniter\CodeIgniter->handleRequest()
#11 /home/seotools/public_html/index.php(79): CodeIgniter\CodeIgniter->run()
#12 {main}
CRITICAL - 2024-08-28 17:44:55 --> CodeIgniter\Database\Exceptions\DatabaseException: Column 'product_id' in on clause is ambiguous
in SYSTEMPATH/Database/BaseConnection.php on line 647.
 1 SYSTEMPATH/Database/BaseBuilder.php(1616): CodeIgniter\Database\BaseConnection->query()
 2 SYSTEMPATH/Model.php(243): CodeIgniter\Database\BaseBuilder->get()
 3 SYSTEMPATH/BaseModel.php(638): CodeIgniter\Model->doFindAll()
 4 APPPATH/Models/Cart_model.php(39): CodeIgniter\BaseModel->findAll()
 5 APPPATH/Controllers/Ordermanagement.php(259): App\Models\Cart_model->getCartItems()
 6 SYSTEMPATH/CodeIgniter.php(943): App\Controllers\Ordermanagement->cart()
 7 SYSTEMPATH/CodeIgniter.php(503): CodeIgniter\CodeIgniter->runController()
 8 SYSTEMPATH/CodeIgniter.php(361): CodeIgniter\CodeIgniter->handleRequest()
 9 FCPATH/index.php(79): CodeIgniter\CodeIgniter->run()
CRITICAL - 2024-08-28 17:44:55 --> [Caused by] CodeIgniter\Database\Exceptions\DatabaseException: Column 'product_id' in on clause is ambiguous
in SYSTEMPATH/Database/MySQLi/Connection.php on line 311.
 1 SYSTEMPATH/Database/BaseConnection.php(693): CodeIgniter\Database\MySQLi\Connection->execute()
 2 SYSTEMPATH/Database/BaseConnection.php(607): CodeIgniter\Database\BaseConnection->simpleQuery()
 3 SYSTEMPATH/Database/BaseBuilder.php(1616): CodeIgniter\Database\BaseConnection->query()
 4 SYSTEMPATH/Model.php(243): CodeIgniter\Database\BaseBuilder->get()
 5 SYSTEMPATH/BaseModel.php(638): CodeIgniter\Model->doFindAll()
 6 APPPATH/Models/Cart_model.php(39): CodeIgniter\BaseModel->findAll()
 7 APPPATH/Controllers/Ordermanagement.php(259): App\Models\Cart_model->getCartItems()
 8 SYSTEMPATH/CodeIgniter.php(943): App\Controllers\Ordermanagement->cart()
 9 SYSTEMPATH/CodeIgniter.php(503): CodeIgniter\CodeIgniter->runController()
10 SYSTEMPATH/CodeIgniter.php(361): CodeIgniter\CodeIgniter->handleRequest()
11 FCPATH/index.php(79): CodeIgniter\CodeIgniter->run()
CRITICAL - 2024-08-28 17:44:55 --> [Caused by] mysqli_sql_exception: Column 'product_id' in on clause is ambiguous
in SYSTEMPATH/Database/MySQLi/Connection.php on line 306.
 1 SYSTEMPATH/Database/MySQLi/Connection.php(306): mysqli->query()
 2 SYSTEMPATH/Database/BaseConnection.php(693): CodeIgniter\Database\MySQLi\Connection->execute()
 3 SYSTEMPATH/Database/BaseConnection.php(607): CodeIgniter\Database\BaseConnection->simpleQuery()
 4 SYSTEMPATH/Database/BaseBuilder.php(1616): CodeIgniter\Database\BaseConnection->query()
 5 SYSTEMPATH/Model.php(243): CodeIgniter\Database\BaseBuilder->get()
 6 SYSTEMPATH/BaseModel.php(638): CodeIgniter\Model->doFindAll()
 7 APPPATH/Models/Cart_model.php(39): CodeIgniter\BaseModel->findAll()
 8 APPPATH/Controllers/Ordermanagement.php(259): App\Models\Cart_model->getCartItems()
 9 SYSTEMPATH/CodeIgniter.php(943): App\Controllers\Ordermanagement->cart()
10 SYSTEMPATH/CodeIgniter.php(503): CodeIgniter\CodeIgniter->runController()
11 SYSTEMPATH/CodeIgniter.php(361): CodeIgniter\CodeIgniter->handleRequest()
12 FCPATH/index.php(79): CodeIgniter\CodeIgniter->run()
ERROR - 2024-08-28 17:55:07 --> mysqli_sql_exception: Unknown column 'products.id' in 'on clause' in /home/seotools/newdriphunter_depoly/system/Database/MySQLi/Connection.php:306
Stack trace:
#0 /home/seotools/newdriphunter_depoly/system/Database/MySQLi/Connection.php(306): mysqli->query()
#1 /home/seotools/newdriphunter_depoly/system/Database/BaseConnection.php(693): CodeIgniter\Database\MySQLi\Connection->execute()
#2 /home/seotools/newdriphunter_depoly/system/Database/BaseConnection.php(607): CodeIgniter\Database\BaseConnection->simpleQuery()
#3 /home/seotools/newdriphunter_depoly/system/Database/BaseBuilder.php(1616): CodeIgniter\Database\BaseConnection->query()
#4 /home/seotools/newdriphunter_depoly/system/Model.php(243): CodeIgniter\Database\BaseBuilder->get()
#5 /home/seotools/newdriphunter_depoly/system/BaseModel.php(638): CodeIgniter\Model->doFindAll()
#6 /home/seotools/newdriphunter_depoly/app/Models/Cart_model.php(39): CodeIgniter\BaseModel->findAll()
#7 /home/seotools/newdriphunter_depoly/app/Controllers/Ordermanagement.php(259): App\Models\Cart_model->getCartItems()
#8 /home/seotools/newdriphunter_depoly/system/CodeIgniter.php(943): App\Controllers\Ordermanagement->cart()
#9 /home/seotools/newdriphunter_depoly/system/CodeIgniter.php(503): CodeIgniter\CodeIgniter->runController()
#10 /home/seotools/newdriphunter_depoly/system/CodeIgniter.php(361): CodeIgniter\CodeIgniter->handleRequest()
#11 /home/seotools/public_html/index.php(79): CodeIgniter\CodeIgniter->run()
#12 {main}
CRITICAL - 2024-08-28 17:55:07 --> CodeIgniter\Database\Exceptions\DatabaseException: Unknown column 'products.id' in 'on clause'
in SYSTEMPATH/Database/BaseConnection.php on line 647.
 1 SYSTEMPATH/Database/BaseBuilder.php(1616): CodeIgniter\Database\BaseConnection->query()
 2 SYSTEMPATH/Model.php(243): CodeIgniter\Database\BaseBuilder->get()
 3 SYSTEMPATH/BaseModel.php(638): CodeIgniter\Model->doFindAll()
 4 APPPATH/Models/Cart_model.php(39): CodeIgniter\BaseModel->findAll()
 5 APPPATH/Controllers/Ordermanagement.php(259): App\Models\Cart_model->getCartItems()
 6 SYSTEMPATH/CodeIgniter.php(943): App\Controllers\Ordermanagement->cart()
 7 SYSTEMPATH/CodeIgniter.php(503): CodeIgniter\CodeIgniter->runController()
 8 SYSTEMPATH/CodeIgniter.php(361): CodeIgniter\CodeIgniter->handleRequest()
 9 FCPATH/index.php(79): CodeIgniter\CodeIgniter->run()
CRITICAL - 2024-08-28 17:55:07 --> [Caused by] CodeIgniter\Database\Exceptions\DatabaseException: Unknown column 'products.id' in 'on clause'
in SYSTEMPATH/Database/MySQLi/Connection.php on line 311.
 1 SYSTEMPATH/Database/BaseConnection.php(693): CodeIgniter\Database\MySQLi\Connection->execute()
 2 SYSTEMPATH/Database/BaseConnection.php(607): CodeIgniter\Database\BaseConnection->simpleQuery()
 3 SYSTEMPATH/Database/BaseBuilder.php(1616): CodeIgniter\Database\BaseConnection->query()
 4 SYSTEMPATH/Model.php(243): CodeIgniter\Database\BaseBuilder->get()
 5 SYSTEMPATH/BaseModel.php(638): CodeIgniter\Model->doFindAll()
 6 APPPATH/Models/Cart_model.php(39): CodeIgniter\BaseModel->findAll()
 7 APPPATH/Controllers/Ordermanagement.php(259): App\Models\Cart_model->getCartItems()
 8 SYSTEMPATH/CodeIgniter.php(943): App\Controllers\Ordermanagement->cart()
 9 SYSTEMPATH/CodeIgniter.php(503): CodeIgniter\CodeIgniter->runController()
10 SYSTEMPATH/CodeIgniter.php(361): CodeIgniter\CodeIgniter->handleRequest()
11 FCPATH/index.php(79): CodeIgniter\CodeIgniter->run()
CRITICAL - 2024-08-28 17:55:07 --> [Caused by] mysqli_sql_exception: Unknown column 'products.id' in 'on clause'
in SYSTEMPATH/Database/MySQLi/Connection.php on line 306.
 1 SYSTEMPATH/Database/MySQLi/Connection.php(306): mysqli->query()
 2 SYSTEMPATH/Database/BaseConnection.php(693): CodeIgniter\Database\MySQLi\Connection->execute()
 3 SYSTEMPATH/Database/BaseConnection.php(607): CodeIgniter\Database\BaseConnection->simpleQuery()
 4 SYSTEMPATH/Database/BaseBuilder.php(1616): CodeIgniter\Database\BaseConnection->query()
 5 SYSTEMPATH/Model.php(243): CodeIgniter\Database\BaseBuilder->get()
 6 SYSTEMPATH/BaseModel.php(638): CodeIgniter\Model->doFindAll()
 7 APPPATH/Models/Cart_model.php(39): CodeIgniter\BaseModel->findAll()
 8 APPPATH/Controllers/Ordermanagement.php(259): App\Models\Cart_model->getCartItems()
 9 SYSTEMPATH/CodeIgniter.php(943): App\Controllers\Ordermanagement->cart()
10 SYSTEMPATH/CodeIgniter.php(503): CodeIgniter\CodeIgniter->runController()
11 SYSTEMPATH/CodeIgniter.php(361): CodeIgniter\CodeIgniter->handleRequest()
12 FCPATH/index.php(79): CodeIgniter\CodeIgniter->run()
ERROR - 2024-08-28 18:02:29 --> mysqli_sql_exception: Column 'product_id' in on clause is ambiguous in /home/seotools/newdriphunter_depoly/system/Database/MySQLi/Connection.php:306
Stack trace:
#0 /home/seotools/newdriphunter_depoly/system/Database/MySQLi/Connection.php(306): mysqli->query()
#1 /home/seotools/newdriphunter_depoly/system/Database/BaseConnection.php(693): CodeIgniter\Database\MySQLi\Connection->execute()
#2 /home/seotools/newdriphunter_depoly/system/Database/BaseConnection.php(607): CodeIgniter\Database\BaseConnection->simpleQuery()
#3 /home/seotools/newdriphunter_depoly/system/Database/BaseBuilder.php(1616): CodeIgniter\Database\BaseConnection->query()
#4 /home/seotools/newdriphunter_depoly/system/Model.php(243): CodeIgniter\Database\BaseBuilder->get()
#5 /home/seotools/newdriphunter_depoly/system/BaseModel.php(638): CodeIgniter\Model->doFindAll()
#6 /home/seotools/newdriphunter_depoly/app/Models/Cart_model.php(39): CodeIgniter\BaseModel->findAll()
#7 /home/seotools/newdriphunter_depoly/app/Controllers/Ordermanagement.php(259): App\Models\Cart_model->getCartItems()
#8 /home/seotools/newdriphunter_depoly/system/CodeIgniter.php(943): App\Controllers\Ordermanagement->cart()
#9 /home/seotools/newdriphunter_depoly/system/CodeIgniter.php(503): CodeIgniter\CodeIgniter->runController()
#10 /home/seotools/newdriphunter_depoly/system/CodeIgniter.php(361): CodeIgniter\CodeIgniter->handleRequest()
#11 /home/seotools/public_html/index.php(79): CodeIgniter\CodeIgniter->run()
#12 {main}
CRITICAL - 2024-08-28 18:02:29 --> CodeIgniter\Database\Exceptions\DatabaseException: Column 'product_id' in on clause is ambiguous
in SYSTEMPATH/Database/BaseConnection.php on line 647.
 1 SYSTEMPATH/Database/BaseBuilder.php(1616): CodeIgniter\Database\BaseConnection->query()
 2 SYSTEMPATH/Model.php(243): CodeIgniter\Database\BaseBuilder->get()
 3 SYSTEMPATH/BaseModel.php(638): CodeIgniter\Model->doFindAll()
 4 APPPATH/Models/Cart_model.php(39): CodeIgniter\BaseModel->findAll()
 5 APPPATH/Controllers/Ordermanagement.php(259): App\Models\Cart_model->getCartItems()
 6 SYSTEMPATH/CodeIgniter.php(943): App\Controllers\Ordermanagement->cart()
 7 SYSTEMPATH/CodeIgniter.php(503): CodeIgniter\CodeIgniter->runController()
 8 SYSTEMPATH/CodeIgniter.php(361): CodeIgniter\CodeIgniter->handleRequest()
 9 FCPATH/index.php(79): CodeIgniter\CodeIgniter->run()
CRITICAL - 2024-08-28 18:02:29 --> [Caused by] CodeIgniter\Database\Exceptions\DatabaseException: Column 'product_id' in on clause is ambiguous
in SYSTEMPATH/Database/MySQLi/Connection.php on line 311.
 1 SYSTEMPATH/Database/BaseConnection.php(693): CodeIgniter\Database\MySQLi\Connection->execute()
 2 SYSTEMPATH/Database/BaseConnection.php(607): CodeIgniter\Database\BaseConnection->simpleQuery()
 3 SYSTEMPATH/Database/BaseBuilder.php(1616): CodeIgniter\Database\BaseConnection->query()
 4 SYSTEMPATH/Model.php(243): CodeIgniter\Database\BaseBuilder->get()
 5 SYSTEMPATH/BaseModel.php(638): CodeIgniter\Model->doFindAll()
 6 APPPATH/Models/Cart_model.php(39): CodeIgniter\BaseModel->findAll()
 7 APPPATH/Controllers/Ordermanagement.php(259): App\Models\Cart_model->getCartItems()
 8 SYSTEMPATH/CodeIgniter.php(943): App\Controllers\Ordermanagement->cart()
 9 SYSTEMPATH/CodeIgniter.php(503): CodeIgniter\CodeIgniter->runController()
10 SYSTEMPATH/CodeIgniter.php(361): CodeIgniter\CodeIgniter->handleRequest()
11 FCPATH/index.php(79): CodeIgniter\CodeIgniter->run()
CRITICAL - 2024-08-28 18:02:29 --> [Caused by] mysqli_sql_exception: Column 'product_id' in on clause is ambiguous
in SYSTEMPATH/Database/MySQLi/Connection.php on line 306.
 1 SYSTEMPATH/Database/MySQLi/Connection.php(306): mysqli->query()
 2 SYSTEMPATH/Database/BaseConnection.php(693): CodeIgniter\Database\MySQLi\Connection->execute()
 3 SYSTEMPATH/Database/BaseConnection.php(607): CodeIgniter\Database\BaseConnection->simpleQuery()
 4 SYSTEMPATH/Database/BaseBuilder.php(1616): CodeIgniter\Database\BaseConnection->query()
 5 SYSTEMPATH/Model.php(243): CodeIgniter\Database\BaseBuilder->get()
 6 SYSTEMPATH/BaseModel.php(638): CodeIgniter\Model->doFindAll()
 7 APPPATH/Models/Cart_model.php(39): CodeIgniter\BaseModel->findAll()
 8 APPPATH/Controllers/Ordermanagement.php(259): App\Models\Cart_model->getCartItems()
 9 SYSTEMPATH/CodeIgniter.php(943): App\Controllers\Ordermanagement->cart()
10 SYSTEMPATH/CodeIgniter.php(503): CodeIgniter\CodeIgniter->runController()
11 SYSTEMPATH/CodeIgniter.php(361): CodeIgniter\CodeIgniter->handleRequest()
12 FCPATH/index.php(79): CodeIgniter\CodeIgniter->run()
ERROR - 2024-08-28 18:15:43 --> mysqli_sql_exception: Column 'product_id' in on clause is ambiguous in /home/seotools/newdriphunter_depoly/system/Database/MySQLi/Connection.php:306
Stack trace:
#0 /home/seotools/newdriphunter_depoly/system/Database/MySQLi/Connection.php(306): mysqli->query()
#1 /home/seotools/newdriphunter_depoly/system/Database/BaseConnection.php(693): CodeIgniter\Database\MySQLi\Connection->execute()
#2 /home/seotools/newdriphunter_depoly/system/Database/BaseConnection.php(607): CodeIgniter\Database\BaseConnection->simpleQuery()
#3 /home/seotools/newdriphunter_depoly/system/Database/BaseBuilder.php(1616): CodeIgniter\Database\BaseConnection->query()
#4 /home/seotools/newdriphunter_depoly/system/Model.php(243): CodeIgniter\Database\BaseBuilder->get()
#5 /home/seotools/newdriphunter_depoly/system/BaseModel.php(638): CodeIgniter\Model->doFindAll()
#6 /home/seotools/newdriphunter_depoly/app/Models/Cart_model.php(39): CodeIgniter\BaseModel->findAll()
#7 /home/seotools/newdriphunter_depoly/app/Controllers/Ordermanagement.php(259): App\Models\Cart_model->getCartItems()
#8 /home/seotools/newdriphunter_depoly/system/CodeIgniter.php(943): App\Controllers\Ordermanagement->cart()
#9 /home/seotools/newdriphunter_depoly/system/CodeIgniter.php(503): CodeIgniter\CodeIgniter->runController()
#10 /home/seotools/newdriphunter_depoly/system/CodeIgniter.php(361): CodeIgniter\CodeIgniter->handleRequest()
#11 /home/seotools/public_html/index.php(79): CodeIgniter\CodeIgniter->run()
#12 {main}
CRITICAL - 2024-08-28 18:15:43 --> CodeIgniter\Database\Exceptions\DatabaseException: Column 'product_id' in on clause is ambiguous
in SYSTEMPATH/Database/BaseConnection.php on line 647.
 1 SYSTEMPATH/Database/BaseBuilder.php(1616): CodeIgniter\Database\BaseConnection->query()
 2 SYSTEMPATH/Model.php(243): CodeIgniter\Database\BaseBuilder->get()
 3 SYSTEMPATH/BaseModel.php(638): CodeIgniter\Model->doFindAll()
 4 APPPATH/Models/Cart_model.php(39): CodeIgniter\BaseModel->findAll()
 5 APPPATH/Controllers/Ordermanagement.php(259): App\Models\Cart_model->getCartItems()
 6 SYSTEMPATH/CodeIgniter.php(943): App\Controllers\Ordermanagement->cart()
 7 SYSTEMPATH/CodeIgniter.php(503): CodeIgniter\CodeIgniter->runController()
 8 SYSTEMPATH/CodeIgniter.php(361): CodeIgniter\CodeIgniter->handleRequest()
 9 FCPATH/index.php(79): CodeIgniter\CodeIgniter->run()
CRITICAL - 2024-08-28 18:15:43 --> [Caused by] CodeIgniter\Database\Exceptions\DatabaseException: Column 'product_id' in on clause is ambiguous
in SYSTEMPATH/Database/MySQLi/Connection.php on line 311.
 1 SYSTEMPATH/Database/BaseConnection.php(693): CodeIgniter\Database\MySQLi\Connection->execute()
 2 SYSTEMPATH/Database/BaseConnection.php(607): CodeIgniter\Database\BaseConnection->simpleQuery()
 3 SYSTEMPATH/Database/BaseBuilder.php(1616): CodeIgniter\Database\BaseConnection->query()
 4 SYSTEMPATH/Model.php(243): CodeIgniter\Database\BaseBuilder->get()
 5 SYSTEMPATH/BaseModel.php(638): CodeIgniter\Model->doFindAll()
 6 APPPATH/Models/Cart_model.php(39): CodeIgniter\BaseModel->findAll()
 7 APPPATH/Controllers/Ordermanagement.php(259): App\Models\Cart_model->getCartItems()
 8 SYSTEMPATH/CodeIgniter.php(943): App\Controllers\Ordermanagement->cart()
 9 SYSTEMPATH/CodeIgniter.php(503): CodeIgniter\CodeIgniter->runController()
10 SYSTEMPATH/CodeIgniter.php(361): CodeIgniter\CodeIgniter->handleRequest()
11 FCPATH/index.php(79): CodeIgniter\CodeIgniter->run()
CRITICAL - 2024-08-28 18:15:43 --> [Caused by] mysqli_sql_exception: Column 'product_id' in on clause is ambiguous
in SYSTEMPATH/Database/MySQLi/Connection.php on line 306.
 1 SYSTEMPATH/Database/MySQLi/Connection.php(306): mysqli->query()
 2 SYSTEMPATH/Database/BaseConnection.php(693): CodeIgniter\Database\MySQLi\Connection->execute()
 3 SYSTEMPATH/Database/BaseConnection.php(607): CodeIgniter\Database\BaseConnection->simpleQuery()
 4 SYSTEMPATH/Database/BaseBuilder.php(1616): CodeIgniter\Database\BaseConnection->query()
 5 SYSTEMPATH/Model.php(243): CodeIgniter\Database\BaseBuilder->get()
 6 SYSTEMPATH/BaseModel.php(638): CodeIgniter\Model->doFindAll()
 7 APPPATH/Models/Cart_model.php(39): CodeIgniter\BaseModel->findAll()
 8 APPPATH/Controllers/Ordermanagement.php(259): App\Models\Cart_model->getCartItems()
 9 SYSTEMPATH/CodeIgniter.php(943): App\Controllers\Ordermanagement->cart()
10 SYSTEMPATH/CodeIgniter.php(503): CodeIgniter\CodeIgniter->runController()
11 SYSTEMPATH/CodeIgniter.php(361): CodeIgniter\CodeIgniter->handleRequest()
12 FCPATH/index.php(79): CodeIgniter\CodeIgniter->run()
ERROR - 2024-08-28 18:18:27 --> mysqli_sql_exception: Unknown column 'products.id' in 'on clause' in /home/seotools/newdriphunter_depoly/system/Database/MySQLi/Connection.php:306
Stack trace:
#0 /home/seotools/newdriphunter_depoly/system/Database/MySQLi/Connection.php(306): mysqli->query()
#1 /home/seotools/newdriphunter_depoly/system/Database/BaseConnection.php(693): CodeIgniter\Database\MySQLi\Connection->execute()
#2 /home/seotools/newdriphunter_depoly/system/Database/BaseConnection.php(607): CodeIgniter\Database\BaseConnection->simpleQuery()
#3 /home/seotools/newdriphunter_depoly/system/Database/BaseBuilder.php(1616): CodeIgniter\Database\BaseConnection->query()
#4 /home/seotools/newdriphunter_depoly/system/Model.php(243): CodeIgniter\Database\BaseBuilder->get()
#5 /home/seotools/newdriphunter_depoly/system/BaseModel.php(638): CodeIgniter\Model->doFindAll()
#6 /home/seotools/newdriphunter_depoly/app/Models/Cart_model.php(39): CodeIgniter\BaseModel->findAll()
#7 /home/seotools/newdriphunter_depoly/app/Controllers/Ordermanagement.php(259): App\Models\Cart_model->getCartItems()
#8 /home/seotools/newdriphunter_depoly/system/CodeIgniter.php(943): App\Controllers\Ordermanagement->cart()
#9 /home/seotools/newdriphunter_depoly/system/CodeIgniter.php(503): CodeIgniter\CodeIgniter->runController()
#10 /home/seotools/newdriphunter_depoly/system/CodeIgniter.php(361): CodeIgniter\CodeIgniter->handleRequest()
#11 /home/seotools/public_html/index.php(79): CodeIgniter\CodeIgniter->run()
#12 {main}
CRITICAL - 2024-08-28 18:18:27 --> CodeIgniter\Database\Exceptions\DatabaseException: Unknown column 'products.id' in 'on clause'
in SYSTEMPATH/Database/BaseConnection.php on line 647.
 1 SYSTEMPATH/Database/BaseBuilder.php(1616): CodeIgniter\Database\BaseConnection->query()
 2 SYSTEMPATH/Model.php(243): CodeIgniter\Database\BaseBuilder->get()
 3 SYSTEMPATH/BaseModel.php(638): CodeIgniter\Model->doFindAll()
 4 APPPATH/Models/Cart_model.php(39): CodeIgniter\BaseModel->findAll()
 5 APPPATH/Controllers/Ordermanagement.php(259): App\Models\Cart_model->getCartItems()
 6 SYSTEMPATH/CodeIgniter.php(943): App\Controllers\Ordermanagement->cart()
 7 SYSTEMPATH/CodeIgniter.php(503): CodeIgniter\CodeIgniter->runController()
 8 SYSTEMPATH/CodeIgniter.php(361): CodeIgniter\CodeIgniter->handleRequest()
 9 FCPATH/index.php(79): CodeIgniter\CodeIgniter->run()
CRITICAL - 2024-08-28 18:18:27 --> [Caused by] CodeIgniter\Database\Exceptions\DatabaseException: Unknown column 'products.id' in 'on clause'
in SYSTEMPATH/Database/MySQLi/Connection.php on line 311.
 1 SYSTEMPATH/Database/BaseConnection.php(693): CodeIgniter\Database\MySQLi\Connection->execute()
 2 SYSTEMPATH/Database/BaseConnection.php(607): CodeIgniter\Database\BaseConnection->simpleQuery()
 3 SYSTEMPATH/Database/BaseBuilder.php(1616): CodeIgniter\Database\BaseConnection->query()
 4 SYSTEMPATH/Model.php(243): CodeIgniter\Database\BaseBuilder->get()
 5 SYSTEMPATH/BaseModel.php(638): CodeIgniter\Model->doFindAll()
 6 APPPATH/Models/Cart_model.php(39): CodeIgniter\BaseModel->findAll()
 7 APPPATH/Controllers/Ordermanagement.php(259): App\Models\Cart_model->getCartItems()
 8 SYSTEMPATH/CodeIgniter.php(943): App\Controllers\Ordermanagement->cart()
 9 SYSTEMPATH/CodeIgniter.php(503): CodeIgniter\CodeIgniter->runController()
10 SYSTEMPATH/CodeIgniter.php(361): CodeIgniter\CodeIgniter->handleRequest()
11 FCPATH/index.php(79): CodeIgniter\CodeIgniter->run()
CRITICAL - 2024-08-28 18:18:27 --> [Caused by] mysqli_sql_exception: Unknown column 'products.id' in 'on clause'
in SYSTEMPATH/Database/MySQLi/Connection.php on line 306.
 1 SYSTEMPATH/Database/MySQLi/Connection.php(306): mysqli->query()
 2 SYSTEMPATH/Database/BaseConnection.php(693): CodeIgniter\Database\MySQLi\Connection->execute()
 3 SYSTEMPATH/Database/BaseConnection.php(607): CodeIgniter\Database\BaseConnection->simpleQuery()
 4 SYSTEMPATH/Database/BaseBuilder.php(1616): CodeIgniter\Database\BaseConnection->query()
 5 SYSTEMPATH/Model.php(243): CodeIgniter\Database\BaseBuilder->get()
 6 SYSTEMPATH/BaseModel.php(638): CodeIgniter\Model->doFindAll()
 7 APPPATH/Models/Cart_model.php(39): CodeIgniter\BaseModel->findAll()
 8 APPPATH/Controllers/Ordermanagement.php(259): App\Models\Cart_model->getCartItems()
 9 SYSTEMPATH/CodeIgniter.php(943): App\Controllers\Ordermanagement->cart()
10 SYSTEMPATH/CodeIgniter.php(503): CodeIgniter\CodeIgniter->runController()
11 SYSTEMPATH/CodeIgniter.php(361): CodeIgniter\CodeIgniter->handleRequest()
12 FCPATH/index.php(79): CodeIgniter\CodeIgniter->run()
ERROR - 2024-08-28 18:32:50 --> mysqli_sql_exception: Unknown column 'products.id' in 'on clause' in /home/seotools/newdriphunter_depoly/system/Database/MySQLi/Connection.php:306
Stack trace:
#0 /home/seotools/newdriphunter_depoly/system/Database/MySQLi/Connection.php(306): mysqli->query()
#1 /home/seotools/newdriphunter_depoly/system/Database/BaseConnection.php(693): CodeIgniter\Database\MySQLi\Connection->execute()
#2 /home/seotools/newdriphunter_depoly/system/Database/BaseConnection.php(607): CodeIgniter\Database\BaseConnection->simpleQuery()
#3 /home/seotools/newdriphunter_depoly/system/Database/BaseBuilder.php(1616): CodeIgniter\Database\BaseConnection->query()
#4 /home/seotools/newdriphunter_depoly/system/Model.php(243): CodeIgniter\Database\BaseBuilder->get()
#5 /home/seotools/newdriphunter_depoly/system/BaseModel.php(638): CodeIgniter\Model->doFindAll()
#6 /home/seotools/newdriphunter_depoly/app/Models/Cart_model.php(39): CodeIgniter\BaseModel->findAll()
#7 /home/seotools/newdriphunter_depoly/app/Controllers/Ordermanagement.php(259): App\Models\Cart_model->getCartItems()
#8 /home/seotools/newdriphunter_depoly/system/CodeIgniter.php(943): App\Controllers\Ordermanagement->cart()
#9 /home/seotools/newdriphunter_depoly/system/CodeIgniter.php(503): CodeIgniter\CodeIgniter->runController()
#10 /home/seotools/newdriphunter_depoly/system/CodeIgniter.php(361): CodeIgniter\CodeIgniter->handleRequest()
#11 /home/seotools/public_html/index.php(79): CodeIgniter\CodeIgniter->run()
#12 {main}
CRITICAL - 2024-08-28 18:32:50 --> CodeIgniter\Database\Exceptions\DatabaseException: Unknown column 'products.id' in 'on clause'
in SYSTEMPATH/Database/BaseConnection.php on line 647.
 1 SYSTEMPATH/Database/BaseBuilder.php(1616): CodeIgniter\Database\BaseConnection->query()
 2 SYSTEMPATH/Model.php(243): CodeIgniter\Database\BaseBuilder->get()
 3 SYSTEMPATH/BaseModel.php(638): CodeIgniter\Model->doFindAll()
 4 APPPATH/Models/Cart_model.php(39): CodeIgniter\BaseModel->findAll()
 5 APPPATH/Controllers/Ordermanagement.php(259): App\Models\Cart_model->getCartItems()
 6 SYSTEMPATH/CodeIgniter.php(943): App\Controllers\Ordermanagement->cart()
 7 SYSTEMPATH/CodeIgniter.php(503): CodeIgniter\CodeIgniter->runController()
 8 SYSTEMPATH/CodeIgniter.php(361): CodeIgniter\CodeIgniter->handleRequest()
 9 FCPATH/index.php(79): CodeIgniter\CodeIgniter->run()
CRITICAL - 2024-08-28 18:32:50 --> [Caused by] CodeIgniter\Database\Exceptions\DatabaseException: Unknown column 'products.id' in 'on clause'
in SYSTEMPATH/Database/MySQLi/Connection.php on line 311.
 1 SYSTEMPATH/Database/BaseConnection.php(693): CodeIgniter\Database\MySQLi\Connection->execute()
 2 SYSTEMPATH/Database/BaseConnection.php(607): CodeIgniter\Database\BaseConnection->simpleQuery()
 3 SYSTEMPATH/Database/BaseBuilder.php(1616): CodeIgniter\Database\BaseConnection->query()
 4 SYSTEMPATH/Model.php(243): CodeIgniter\Database\BaseBuilder->get()
 5 SYSTEMPATH/BaseModel.php(638): CodeIgniter\Model->doFindAll()
 6 APPPATH/Models/Cart_model.php(39): CodeIgniter\BaseModel->findAll()
 7 APPPATH/Controllers/Ordermanagement.php(259): App\Models\Cart_model->getCartItems()
 8 SYSTEMPATH/CodeIgniter.php(943): App\Controllers\Ordermanagement->cart()
 9 SYSTEMPATH/CodeIgniter.php(503): CodeIgniter\CodeIgniter->runController()
10 SYSTEMPATH/CodeIgniter.php(361): CodeIgniter\CodeIgniter->handleRequest()
11 FCPATH/index.php(79): CodeIgniter\CodeIgniter->run()
CRITICAL - 2024-08-28 18:32:50 --> [Caused by] mysqli_sql_exception: Unknown column 'products.id' in 'on clause'
in SYSTEMPATH/Database/MySQLi/Connection.php on line 306.
 1 SYSTEMPATH/Database/MySQLi/Connection.php(306): mysqli->query()
 2 SYSTEMPATH/Database/BaseConnection.php(693): CodeIgniter\Database\MySQLi\Connection->execute()
 3 SYSTEMPATH/Database/BaseConnection.php(607): CodeIgniter\Database\BaseConnection->simpleQuery()
 4 SYSTEMPATH/Database/BaseBuilder.php(1616): CodeIgniter\Database\BaseConnection->query()
 5 SYSTEMPATH/Model.php(243): CodeIgniter\Database\BaseBuilder->get()
 6 SYSTEMPATH/BaseModel.php(638): CodeIgniter\Model->doFindAll()
 7 APPPATH/Models/Cart_model.php(39): CodeIgniter\BaseModel->findAll()
 8 APPPATH/Controllers/Ordermanagement.php(259): App\Models\Cart_model->getCartItems()
 9 SYSTEMPATH/CodeIgniter.php(943): App\Controllers\Ordermanagement->cart()
10 SYSTEMPATH/CodeIgniter.php(503): CodeIgniter\CodeIgniter->runController()
11 SYSTEMPATH/CodeIgniter.php(361): CodeIgniter\CodeIgniter->handleRequest()
12 FCPATH/index.php(79): CodeIgniter\CodeIgniter->run()
CRITICAL - 2024-08-28 18:40:15 --> ErrorException: Undefined array key "image_url"
in APPPATH/Views/cart_view.php on line 86.
 1 APPPATH/Views/cart_view.php(86): CodeIgniter\Debug\Exceptions->errorHandler()
 2 SYSTEMPATH/View/View.php(228): include('/home/seotools/newdriphunter_depoly/app/Views/cart_view.php')
 3 SYSTEMPATH/View/View.php(231): CodeIgniter\View\View->CodeIgniter\View\{closure}()
 4 SYSTEMPATH/Common.php(1178): CodeIgniter\View\View->render()
 5 APPPATH/Controllers/Ordermanagement.php(273): view()
 6 SYSTEMPATH/CodeIgniter.php(943): App\Controllers\Ordermanagement->cart()
 7 SYSTEMPATH/CodeIgniter.php(503): CodeIgniter\CodeIgniter->runController()
 8 SYSTEMPATH/CodeIgniter.php(361): CodeIgniter\CodeIgniter->handleRequest()
 9 FCPATH/index.php(79): CodeIgniter\CodeIgniter->run()
CRITICAL - 2024-08-28 18:41:49 --> ErrorException: Undefined array key "product_name"
in APPPATH/Views/cart_view.php on line 86.
 1 APPPATH/Views/cart_view.php(86): CodeIgniter\Debug\Exceptions->errorHandler()
 2 SYSTEMPATH/View/View.php(228): include('/home/seotools/newdriphunter_depoly/app/Views/cart_view.php')
 3 SYSTEMPATH/View/View.php(231): CodeIgniter\View\View->CodeIgniter\View\{closure}()
 4 SYSTEMPATH/Common.php(1178): CodeIgniter\View\View->render()
 5 APPPATH/Controllers/Ordermanagement.php(273): view()
 6 SYSTEMPATH/CodeIgniter.php(943): App\Controllers\Ordermanagement->cart()
 7 SYSTEMPATH/CodeIgniter.php(503): CodeIgniter\CodeIgniter->runController()
 8 SYSTEMPATH/CodeIgniter.php(361): CodeIgniter\CodeIgniter->handleRequest()
 9 FCPATH/index.php(79): CodeIgniter\CodeIgniter->run()
CRITICAL - 2024-08-28 18:44:52 --> ErrorException: Undefined variable $total_mrp
in APPPATH/Views/cart_view.php on line 177.
 1 APPPATH/Views/cart_view.php(177): CodeIgniter\Debug\Exceptions->errorHandler()
 2 SYSTEMPATH/View/View.php(228): include('/home/seotools/newdriphunter_depoly/app/Views/cart_view.php')
 3 SYSTEMPATH/View/View.php(231): CodeIgniter\View\View->CodeIgniter\View\{closure}()
 4 SYSTEMPATH/Common.php(1178): CodeIgniter\View\View->render()
 5 APPPATH/Controllers/Ordermanagement.php(273): view()
 6 SYSTEMPATH/CodeIgniter.php(943): App\Controllers\Ordermanagement->cart()
 7 SYSTEMPATH/CodeIgniter.php(503): CodeIgniter\CodeIgniter->runController()
 8 SYSTEMPATH/CodeIgniter.php(361): CodeIgniter\CodeIgniter->handleRequest()
 9 FCPATH/index.php(79): CodeIgniter\CodeIgniter->run()
CRITICAL - 2024-08-28 18:45:41 --> ErrorException: Undefined variable $total_amount
in APPPATH/Views/cart_view.php on line 191.
 1 APPPATH/Views/cart_view.php(191): CodeIgniter\Debug\Exceptions->errorHandler()
 2 SYSTEMPATH/View/View.php(228): include('/home/seotools/newdriphunter_depoly/app/Views/cart_view.php')
 3 SYSTEMPATH/View/View.php(231): CodeIgniter\View\View->CodeIgniter\View\{closure}()
 4 SYSTEMPATH/Common.php(1178): CodeIgniter\View\View->render()
 5 APPPATH/Controllers/Ordermanagement.php(273): view()
 6 SYSTEMPATH/CodeIgniter.php(943): App\Controllers\Ordermanagement->cart()
 7 SYSTEMPATH/CodeIgniter.php(503): CodeIgniter\CodeIgniter->runController()
 8 SYSTEMPATH/CodeIgniter.php(361): CodeIgniter\CodeIgniter->handleRequest()
 9 FCPATH/index.php(79): CodeIgniter\CodeIgniter->run()
CRITICAL - 2024-08-28 19:09:58 --> Error: Class "App\Controllers\CartModel" not found
in APPPATH/Controllers/Ordermanagement.php on line 280.
 1 SYSTEMPATH/CodeIgniter.php(943): App\Controllers\Ordermanagement->remove_from_cart()
 2 SYSTEMPATH/CodeIgniter.php(503): CodeIgniter\CodeIgniter->runController()
 3 SYSTEMPATH/CodeIgniter.php(361): CodeIgniter\CodeIgniter->handleRequest()
 4 FCPATH/index.php(79): CodeIgniter\CodeIgniter->run()
CRITICAL - 2024-08-28 20:38:39 --> ErrorException: Undefined variable $lastOrderNumber
in APPPATH/Controllers/Ordermanagement.php on line 378.
 1 APPPATH/Controllers/Ordermanagement.php(378): CodeIgniter\Debug\Exceptions->errorHandler()
 2 SYSTEMPATH/CodeIgniter.php(943): App\Controllers\Ordermanagement->place_order()
 3 SYSTEMPATH/CodeIgniter.php(503): CodeIgniter\CodeIgniter->runController()
 4 SYSTEMPATH/CodeIgniter.php(361): CodeIgniter\CodeIgniter->handleRequest()
 5 FCPATH/index.php(79): CodeIgniter\CodeIgniter->run()
CRITICAL - 2024-08-28 20:39:22 --> ErrorException: Undefined variable $cartItems
in APPPATH/Controllers/Ordermanagement.php on line 384.
 1 APPPATH/Controllers/Ordermanagement.php(384): CodeIgniter\Debug\Exceptions->errorHandler()
 2 SYSTEMPATH/CodeIgniter.php(943): App\Controllers\Ordermanagement->place_order()
 3 SYSTEMPATH/CodeIgniter.php(503): CodeIgniter\CodeIgniter->runController()
 4 SYSTEMPATH/CodeIgniter.php(361): CodeIgniter\CodeIgniter->handleRequest()
 5 FCPATH/index.php(79): CodeIgniter\CodeIgniter->run()
CRITICAL - 2024-08-28 20:39:57 --> ErrorException: Undefined array key ""
in APPPATH/Views/cart_view.php on line 209.
 1 APPPATH/Views/cart_view.php(209): CodeIgniter\Debug\Exceptions->errorHandler()
 2 SYSTEMPATH/View/View.php(228): include('/home/seotools/newdriphunter_depoly/app/Views/cart_view.php')
 3 SYSTEMPATH/View/View.php(231): CodeIgniter\View\View->CodeIgniter\View\{closure}()
 4 SYSTEMPATH/Common.php(1178): CodeIgniter\View\View->render()
 5 APPPATH/Controllers/Ordermanagement.php(294): view()
 6 SYSTEMPATH/CodeIgniter.php(943): App\Controllers\Ordermanagement->cart()
 7 SYSTEMPATH/CodeIgniter.php(503): CodeIgniter\CodeIgniter->runController()
 8 SYSTEMPATH/CodeIgniter.php(361): CodeIgniter\CodeIgniter->handleRequest()
 9 FCPATH/index.php(79): CodeIgniter\CodeIgniter->run()
CRITICAL - 2024-08-28 20:41:42 --> ErrorException: Undefined variable $cartItems
in APPPATH/Controllers/Ordermanagement.php on line 387.
 1 APPPATH/Controllers/Ordermanagement.php(387): CodeIgniter\Debug\Exceptions->errorHandler()
 2 SYSTEMPATH/CodeIgniter.php(943): App\Controllers\Ordermanagement->place_order()
 3 SYSTEMPATH/CodeIgniter.php(503): CodeIgniter\CodeIgniter->runController()
 4 SYSTEMPATH/CodeIgniter.php(361): CodeIgniter\CodeIgniter->handleRequest()
 5 FCPATH/index.php(79): CodeIgniter\CodeIgniter->run()
CRITICAL - 2024-08-28 20:42:15 --> ParseError: syntax error, unexpected token "=>"
in APPPATH/Controllers/Ordermanagement.php on line 387.
 1 SYSTEMPATH/Autoloader/Autoloader.php(290): CodeIgniter\Autoloader\Autoloader->includeFile()
 2 SYSTEMPATH/Autoloader/Autoloader.php(266): CodeIgniter\Autoloader\Autoloader->loadInNamespace()
 3 [internal function]: CodeIgniter\Autoloader\Autoloader->loadClass()
 4 SYSTEMPATH/CodeIgniter.php(901): class_exists()
 5 SYSTEMPATH/CodeIgniter.php(490): CodeIgniter\CodeIgniter->startController()
 6 SYSTEMPATH/CodeIgniter.php(361): CodeIgniter\CodeIgniter->handleRequest()
 7 FCPATH/index.php(79): CodeIgniter\CodeIgniter->run()
CRITICAL - 2024-08-28 20:46:36 --> ErrorException: Cannot use empty array elements in arrays
in APPPATH/Controllers/Ordermanagement.php on line 402.
 1 [internal function]: CodeIgniter\Debug\Exceptions->shutdownHandler()
CRITICAL - 2024-08-28 20:46:52 --> ErrorException: Undefined variable $cartItems
in APPPATH/Controllers/Ordermanagement.php on line 387.
 1 APPPATH/Controllers/Ordermanagement.php(387): CodeIgniter\Debug\Exceptions->errorHandler()
 2 SYSTEMPATH/CodeIgniter.php(943): App\Controllers\Ordermanagement->place_order()
 3 SYSTEMPATH/CodeIgniter.php(503): CodeIgniter\CodeIgniter->runController()
 4 SYSTEMPATH/CodeIgniter.php(361): CodeIgniter\CodeIgniter->handleRequest()
 5 FCPATH/index.php(79): CodeIgniter\CodeIgniter->run()
CRITICAL - 2024-08-28 20:48:20 --> ErrorException: Undefined variable $details
in APPPATH/Controllers/Ordermanagement.php on line 386.
 1 APPPATH/Controllers/Ordermanagement.php(386): CodeIgniter\Debug\Exceptions->errorHandler()
 2 SYSTEMPATH/CodeIgniter.php(943): App\Controllers\Ordermanagement->place_order()
 3 SYSTEMPATH/CodeIgniter.php(503): CodeIgniter\CodeIgniter->runController()
 4 SYSTEMPATH/CodeIgniter.php(361): CodeIgniter\CodeIgniter->handleRequest()
 5 FCPATH/index.php(79): CodeIgniter\CodeIgniter->run()
CRITICAL - 2024-08-28 20:48:47 --> ErrorException: Undefined variable $productQuantities
in APPPATH/Controllers/Ordermanagement.php on line 402.
 1 APPPATH/Controllers/Ordermanagement.php(402): CodeIgniter\Debug\Exceptions->errorHandler()
 2 SYSTEMPATH/CodeIgniter.php(943): App\Controllers\Ordermanagement->place_order()
 3 SYSTEMPATH/CodeIgniter.php(503): CodeIgniter\CodeIgniter->runController()
 4 SYSTEMPATH/CodeIgniter.php(361): CodeIgniter\CodeIgniter->handleRequest()
 5 FCPATH/index.php(79): CodeIgniter\CodeIgniter->run()
CRITICAL - 2024-08-28 21:40:56 --> ErrorException: Undefined variable $cartModel
in APPPATH/Controllers/Ordermanagement.php on line 414.
 1 APPPATH/Controllers/Ordermanagement.php(414): CodeIgniter\Debug\Exceptions->errorHandler()
 2 SYSTEMPATH/CodeIgniter.php(943): App\Controllers\Ordermanagement->place_order()
 3 SYSTEMPATH/CodeIgniter.php(503): CodeIgniter\CodeIgniter->runController()
 4 SYSTEMPATH/CodeIgniter.php(361): CodeIgniter\CodeIgniter->handleRequest()
 5 FCPATH/index.php(79): CodeIgniter\CodeIgniter->run()
CRITICAL - 2024-08-28 21:41:39 --> ErrorException: Undefined variable $customerId
in APPPATH/Controllers/Ordermanagement.php on line 415.
 1 APPPATH/Controllers/Ordermanagement.php(415): CodeIgniter\Debug\Exceptions->errorHandler()
 2 SYSTEMPATH/CodeIgniter.php(943): App\Controllers\Ordermanagement->place_order()
 3 SYSTEMPATH/CodeIgniter.php(503): CodeIgniter\CodeIgniter->runController()
 4 SYSTEMPATH/CodeIgniter.php(361): CodeIgniter\CodeIgniter->handleRequest()
 5 FCPATH/index.php(79): CodeIgniter\CodeIgniter->run()
CRITICAL - 2024-08-28 21:42:06 --> ErrorException: Undefined variable $item
in APPPATH/Views/cart_view.php on line 204.
 1 APPPATH/Views/cart_view.php(204): CodeIgniter\Debug\Exceptions->errorHandler()
 2 SYSTEMPATH/View/View.php(228): include('/home/seotools/newdriphunter_depoly/app/Views/cart_view.php')
 3 SYSTEMPATH/View/View.php(231): CodeIgniter\View\View->CodeIgniter\View\{closure}()
 4 SYSTEMPATH/Common.php(1178): CodeIgniter\View\View->render()
 5 APPPATH/Controllers/Ordermanagement.php(294): view()
 6 SYSTEMPATH/CodeIgniter.php(943): App\Controllers\Ordermanagement->cart()
 7 SYSTEMPATH/CodeIgniter.php(503): CodeIgniter\CodeIgniter->runController()
 8 SYSTEMPATH/CodeIgniter.php(361): CodeIgniter\CodeIgniter->handleRequest()
 9 FCPATH/index.php(79): CodeIgniter\CodeIgniter->run()
CRITICAL - 2024-08-28 21:42:55 --> ErrorException: Undefined variable $item
in APPPATH/Views/cart_view.php on line 206.
 1 APPPATH/Views/cart_view.php(206): CodeIgniter\Debug\Exceptions->errorHandler()
 2 SYSTEMPATH/View/View.php(228): include('/home/seotools/newdriphunter_depoly/app/Views/cart_view.php')
 3 SYSTEMPATH/View/View.php(231): CodeIgniter\View\View->CodeIgniter\View\{closure}()
 4 SYSTEMPATH/Common.php(1178): CodeIgniter\View\View->render()
 5 APPPATH/Controllers/Ordermanagement.php(294): view()
 6 SYSTEMPATH/CodeIgniter.php(943): App\Controllers\Ordermanagement->cart()
 7 SYSTEMPATH/CodeIgniter.php(503): CodeIgniter\CodeIgniter->runController()
 8 SYSTEMPATH/CodeIgniter.php(361): CodeIgniter\CodeIgniter->handleRequest()
 9 FCPATH/index.php(79): CodeIgniter\CodeIgniter->run()
