INFO - 2025-02-27 11:15:37 --> Session: Class initialized using 'CodeIgniter\Session\Handlers\FileHandler' driver.
INFO - 2025-02-27 11:17:06 --> Session: Class initialized using 'CodeIgniter\Session\Handlers\FileHandler' driver.
INFO - 2025-02-27 11:17:10 --> Session: Class initialized using 'CodeIgniter\Session\Handlers\FileHandler' driver.
INFO - 2025-02-27 11:17:14 --> Session: Class initialized using 'CodeIgniter\Session\Handlers\FileHandler' driver.
INFO - 2025-02-27 11:17:45 --> Session: Class initialized using 'CodeIgniter\Session\Handlers\FileHandler' driver.
INFO - 2025-02-27 11:17:45 --> Starting tracking details update process
INFO - 2025-02-27 11:17:45 --> No active BlueDart shipments found for tracking updates.
INFO - 2025-02-27 11:17:45 --> Session: Class initialized using 'CodeIgniter\Session\Handlers\FileHandler' driver.
WARNING - 2025-02-27 11:17:45 --> [DEPRECATED] Creation of dynamic property App\Controllers\Customerservice::$replyModel is deprecated in APPPATH\Controllers\Customerservice.php on line 22.
 1 SYSTEMPATH\CodeIgniter.php(915): App\Controllers\Customerservice->__construct()
 2 SYSTEMPATH\CodeIgniter.php(494): CodeIgniter\CodeIgniter->createController()
 3 SYSTEMPATH\CodeIgniter.php(361): CodeIgniter\CodeIgniter->handleRequest(null, Object(Config\Cache), false)
 4 FCPATH\index.php(79): CodeIgniter\CodeIgniter->run()
INFO - 2025-02-27 11:17:45 --> Starting fetchEmails method
INFO - 2025-02-27 11:17:45 --> Starting email processing
CRITICAL - 2025-02-27 11:17:45 --> Error: Call to undefined function App\Controllers\imap_open()
in APPPATH\Controllers\Customerservice.php on line 223.
 1 APPPATH\Controllers\Customerservice.php(34): App\Controllers\Customerservice->processNewEmails()
 2 SYSTEMPATH\CodeIgniter.php(943): App\Controllers\Customerservice->fetchEmails()
 3 SYSTEMPATH\CodeIgniter.php(503): CodeIgniter\CodeIgniter->runController(Object(App\Controllers\Customerservice))
 4 SYSTEMPATH\CodeIgniter.php(361): CodeIgniter\CodeIgniter->handleRequest(null, Object(Config\Cache), false)
 5 FCPATH\index.php(79): CodeIgniter\CodeIgniter->run()
INFO - 2025-02-27 11:18:15 --> Session: Class initialized using 'CodeIgniter\Session\Handlers\FileHandler' driver.
INFO - 2025-02-27 11:18:15 --> Starting tracking details update process
INFO - 2025-02-27 11:18:15 --> No active BlueDart shipments found for tracking updates.
INFO - 2025-02-27 11:18:15 --> Session: Class initialized using 'CodeIgniter\Session\Handlers\FileHandler' driver.
WARNING - 2025-02-27 11:18:15 --> [DEPRECATED] Creation of dynamic property App\Controllers\Customerservice::$replyModel is deprecated in APPPATH\Controllers\Customerservice.php on line 22.
 1 SYSTEMPATH\CodeIgniter.php(915): App\Controllers\Customerservice->__construct()
 2 SYSTEMPATH\CodeIgniter.php(494): CodeIgniter\CodeIgniter->createController()
 3 SYSTEMPATH\CodeIgniter.php(361): CodeIgniter\CodeIgniter->handleRequest(null, Object(Config\Cache), false)
 4 FCPATH\index.php(79): CodeIgniter\CodeIgniter->run()
INFO - 2025-02-27 11:18:15 --> Starting fetchEmails method
INFO - 2025-02-27 11:18:15 --> Starting email processing
CRITICAL - 2025-02-27 11:18:15 --> Error: Call to undefined function App\Controllers\imap_open()
in APPPATH\Controllers\Customerservice.php on line 223.
 1 APPPATH\Controllers\Customerservice.php(34): App\Controllers\Customerservice->processNewEmails()
 2 SYSTEMPATH\CodeIgniter.php(943): App\Controllers\Customerservice->fetchEmails()
 3 SYSTEMPATH\CodeIgniter.php(503): CodeIgniter\CodeIgniter->runController(Object(App\Controllers\Customerservice))
 4 SYSTEMPATH\CodeIgniter.php(361): CodeIgniter\CodeIgniter->handleRequest(null, Object(Config\Cache), false)
 5 FCPATH\index.php(79): CodeIgniter\CodeIgniter->run()
INFO - 2025-02-27 11:18:45 --> Session: Class initialized using 'CodeIgniter\Session\Handlers\FileHandler' driver.
INFO - 2025-02-27 11:18:45 --> Starting tracking details update process
INFO - 2025-02-27 11:18:45 --> No active BlueDart shipments found for tracking updates.
INFO - 2025-02-27 11:18:45 --> Session: Class initialized using 'CodeIgniter\Session\Handlers\FileHandler' driver.
WARNING - 2025-02-27 11:18:45 --> [DEPRECATED] Creation of dynamic property App\Controllers\Customerservice::$replyModel is deprecated in APPPATH\Controllers\Customerservice.php on line 22.
 1 SYSTEMPATH\CodeIgniter.php(915): App\Controllers\Customerservice->__construct()
 2 SYSTEMPATH\CodeIgniter.php(494): CodeIgniter\CodeIgniter->createController()
 3 SYSTEMPATH\CodeIgniter.php(361): CodeIgniter\CodeIgniter->handleRequest(null, Object(Config\Cache), false)
 4 FCPATH\index.php(79): CodeIgniter\CodeIgniter->run()
INFO - 2025-02-27 11:18:45 --> Starting fetchEmails method
INFO - 2025-02-27 11:18:45 --> Starting email processing
CRITICAL - 2025-02-27 11:18:45 --> Error: Call to undefined function App\Controllers\imap_open()
in APPPATH\Controllers\Customerservice.php on line 223.
 1 APPPATH\Controllers\Customerservice.php(34): App\Controllers\Customerservice->processNewEmails()
 2 SYSTEMPATH\CodeIgniter.php(943): App\Controllers\Customerservice->fetchEmails()
 3 SYSTEMPATH\CodeIgniter.php(503): CodeIgniter\CodeIgniter->runController(Object(App\Controllers\Customerservice))
 4 SYSTEMPATH\CodeIgniter.php(361): CodeIgniter\CodeIgniter->handleRequest(null, Object(Config\Cache), false)
 5 FCPATH\index.php(79): CodeIgniter\CodeIgniter->run()
