CRITICAL - 2024-05-07 08:44:02 --> BadMethodCallException: Call to undefined method App\Models\Blogs_model::insertPost
in SYSTEMPATH\Model.php on line 879.
 1 APPPATH\Controllers\Blogs.php(134): CodeIgniter\Model->__call('insertPost', [...])
 2 SYSTEMPATH\CodeIgniter.php(943): App\Controllers\Blogs->publishmyblog()
 3 SYSTEMPATH\CodeIgniter.php(503): CodeIgniter\CodeIgniter->runController(Object(App\Controllers\Blogs))
 4 SYSTEMPATH\CodeIgniter.php(361): CodeIgniter\CodeIgniter->handleRequest(null, Object(Config\Cache), false)
 5 FCPATH\index.php(79): CodeIgniter\CodeIgniter->run()
CRITICAL - 2024-05-07 08:44:29 --> BadMethodCallException: Call to undefined method App\Models\Blogs_model::insertmyblogpost
in SYSTEMPATH\Model.php on line 879.
 1 APPPATH\Controllers\Blogs.php(134): CodeIgniter\Model->__call('insertmyblogpost', [...])
 2 SYSTEMPATH\CodeIgniter.php(943): App\Controllers\Blogs->publishmyblog()
 3 SYSTEMPATH\CodeIgniter.php(503): CodeIgniter\CodeIgniter->runController(Object(App\Controllers\Blogs))
 4 SYSTEMPATH\CodeIgniter.php(361): CodeIgniter\CodeIgniter->handleRequest(null, Object(Config\Cache), false)
 5 FCPATH\index.php(79): CodeIgniter\CodeIgniter->run()
ERROR - 2024-05-07 08:47:28 --> mysqli_sql_exception: Column 'blog_title' cannot be null in H:\Xampp\htdocs\driphunter\system\Database\MySQLi\Connection.php:306
Stack trace:
#0 H:\Xampp\htdocs\driphunter\system\Database\MySQLi\Connection.php(306): mysqli->query('INSERT INTO `bl...', 0)
#1 H:\Xampp\htdocs\driphunter\system\Database\BaseConnection.php(693): CodeIgniter\Database\MySQLi\Connection->execute('INSERT INTO `bl...')
#2 H:\Xampp\htdocs\driphunter\system\Database\BaseConnection.php(607): CodeIgniter\Database\BaseConnection->simpleQuery('INSERT INTO `bl...')
#3 H:\Xampp\htdocs\driphunter\system\Database\BaseBuilder.php(2307): CodeIgniter\Database\BaseConnection->query('INSERT INTO `bl...', Array, false)
#4 H:\Xampp\htdocs\driphunter\system\Model.php(327): CodeIgniter\Database\BaseBuilder->insert()
#5 H:\Xampp\htdocs\driphunter\system\BaseModel.php(802): CodeIgniter\Model->doInsert(Array)
#6 H:\Xampp\htdocs\driphunter\system\Model.php(749): CodeIgniter\BaseModel->insert(Array, true)
#7 H:\Xampp\htdocs\driphunter\app\Models\blogs_model.php(20): CodeIgniter\Model->insert(Array)
#8 H:\Xampp\htdocs\driphunter\app\Controllers\Blogs.php(134): App\Models\Blogs_model->insertmyblogpost(Array)
#9 H:\Xampp\htdocs\driphunter\system\CodeIgniter.php(943): App\Controllers\Blogs->publishmyblog()
#10 H:\Xampp\htdocs\driphunter\system\CodeIgniter.php(503): CodeIgniter\CodeIgniter->runController(Object(App\Controllers\Blogs))
#11 H:\Xampp\htdocs\driphunter\system\CodeIgniter.php(361): CodeIgniter\CodeIgniter->handleRequest(NULL, Object(Config\Cache), false)
#12 H:\Xampp\htdocs\driphunter\public\index.php(79): CodeIgniter\CodeIgniter->run()
#13 {main}
CRITICAL - 2024-05-07 08:47:28 --> CodeIgniter\Database\Exceptions\DatabaseException: Column 'blog_title' cannot be null
in SYSTEMPATH\Database\BaseConnection.php on line 647.
 1 SYSTEMPATH\Database\BaseBuilder.php(2307): CodeIgniter\Database\BaseConnection->query('INSERT INTO `blogs` (`blog_title`, `blog_description`, `blog_image`, `blog_visibility`) VALUES (:blog_title:, :blog_description:, :blog_image:, :blog_visibility:)', [...], false)
 2 SYSTEMPATH\Model.php(327): CodeIgniter\Database\BaseBuilder->insert()
 3 SYSTEMPATH\BaseModel.php(802): CodeIgniter\Model->doInsert([...])
 4 SYSTEMPATH\Model.php(749): CodeIgniter\BaseModel->insert([...], true)
 5 APPPATH\Models\blogs_model.php(20): CodeIgniter\Model->insert([...])
 6 APPPATH\Controllers\Blogs.php(134): App\Models\Blogs_model->insertmyblogpost([...])
 7 SYSTEMPATH\CodeIgniter.php(943): App\Controllers\Blogs->publishmyblog()
 8 SYSTEMPATH\CodeIgniter.php(503): CodeIgniter\CodeIgniter->runController(Object(App\Controllers\Blogs))
 9 SYSTEMPATH\CodeIgniter.php(361): CodeIgniter\CodeIgniter->handleRequest(null, Object(Config\Cache), false)
10 FCPATH\index.php(79): CodeIgniter\CodeIgniter->run()
CRITICAL - 2024-05-07 08:47:28 --> [Caused by] CodeIgniter\Database\Exceptions\DatabaseException: Column 'blog_title' cannot be null
in SYSTEMPATH\Database\MySQLi\Connection.php on line 311.
 1 SYSTEMPATH\Database\BaseConnection.php(693): CodeIgniter\Database\MySQLi\Connection->execute('INSERT INTO `blogs` (`blog_title`, `blog_description`, `blog_image`, `blog_visibility`) VALUES (NULL, NULL, NULL, NULL)')
 2 SYSTEMPATH\Database\BaseConnection.php(607): CodeIgniter\Database\BaseConnection->simpleQuery('INSERT INTO `blogs` (`blog_title`, `blog_description`, `blog_image`, `blog_visibility`) VALUES (NULL, NULL, NULL, NULL)')
 3 SYSTEMPATH\Database\BaseBuilder.php(2307): CodeIgniter\Database\BaseConnection->query('INSERT INTO `blogs` (`blog_title`, `blog_description`, `blog_image`, `blog_visibility`) VALUES (:blog_title:, :blog_description:, :blog_image:, :blog_visibility:)', [...], false)
 4 SYSTEMPATH\Model.php(327): CodeIgniter\Database\BaseBuilder->insert()
 5 SYSTEMPATH\BaseModel.php(802): CodeIgniter\Model->doInsert([...])
 6 SYSTEMPATH\Model.php(749): CodeIgniter\BaseModel->insert([...], true)
 7 APPPATH\Models\blogs_model.php(20): CodeIgniter\Model->insert([...])
 8 APPPATH\Controllers\Blogs.php(134): App\Models\Blogs_model->insertmyblogpost([...])
 9 SYSTEMPATH\CodeIgniter.php(943): App\Controllers\Blogs->publishmyblog()
10 SYSTEMPATH\CodeIgniter.php(503): CodeIgniter\CodeIgniter->runController(Object(App\Controllers\Blogs))
11 SYSTEMPATH\CodeIgniter.php(361): CodeIgniter\CodeIgniter->handleRequest(null, Object(Config\Cache), false)
12 FCPATH\index.php(79): CodeIgniter\CodeIgniter->run()
CRITICAL - 2024-05-07 08:47:28 --> [Caused by] mysqli_sql_exception: Column 'blog_title' cannot be null
in SYSTEMPATH\Database\MySQLi\Connection.php on line 306.
 1 SYSTEMPATH\Database\MySQLi\Connection.php(306): mysqli->query('INSERT INTO `blogs` (`blog_title`, `blog_description`, `blog_image`, `blog_visibility`) VALUES (NULL, NULL, NULL, NULL)', 0)
 2 SYSTEMPATH\Database\BaseConnection.php(693): CodeIgniter\Database\MySQLi\Connection->execute('INSERT INTO `blogs` (`blog_title`, `blog_description`, `blog_image`, `blog_visibility`) VALUES (NULL, NULL, NULL, NULL)')
 3 SYSTEMPATH\Database\BaseConnection.php(607): CodeIgniter\Database\BaseConnection->simpleQuery('INSERT INTO `blogs` (`blog_title`, `blog_description`, `blog_image`, `blog_visibility`) VALUES (NULL, NULL, NULL, NULL)')
 4 SYSTEMPATH\Database\BaseBuilder.php(2307): CodeIgniter\Database\BaseConnection->query('INSERT INTO `blogs` (`blog_title`, `blog_description`, `blog_image`, `blog_visibility`) VALUES (:blog_title:, :blog_description:, :blog_image:, :blog_visibility:)', [...], false)
 5 SYSTEMPATH\Model.php(327): CodeIgniter\Database\BaseBuilder->insert()
 6 SYSTEMPATH\BaseModel.php(802): CodeIgniter\Model->doInsert([...])
 7 SYSTEMPATH\Model.php(749): CodeIgniter\BaseModel->insert([...], true)
 8 APPPATH\Models\blogs_model.php(20): CodeIgniter\Model->insert([...])
 9 APPPATH\Controllers\Blogs.php(134): App\Models\Blogs_model->insertmyblogpost([...])
10 SYSTEMPATH\CodeIgniter.php(943): App\Controllers\Blogs->publishmyblog()
11 SYSTEMPATH\CodeIgniter.php(503): CodeIgniter\CodeIgniter->runController(Object(App\Controllers\Blogs))
12 SYSTEMPATH\CodeIgniter.php(361): CodeIgniter\CodeIgniter->handleRequest(null, Object(Config\Cache), false)
13 FCPATH\index.php(79): CodeIgniter\CodeIgniter->run()
ERROR - 2024-05-07 08:47:56 --> mysqli_sql_exception: Column 'blog_title' cannot be null in H:\Xampp\htdocs\driphunter\system\Database\MySQLi\Connection.php:306
Stack trace:
#0 H:\Xampp\htdocs\driphunter\system\Database\MySQLi\Connection.php(306): mysqli->query('INSERT INTO `bl...', 0)
#1 H:\Xampp\htdocs\driphunter\system\Database\BaseConnection.php(693): CodeIgniter\Database\MySQLi\Connection->execute('INSERT INTO `bl...')
#2 H:\Xampp\htdocs\driphunter\system\Database\BaseConnection.php(607): CodeIgniter\Database\BaseConnection->simpleQuery('INSERT INTO `bl...')
#3 H:\Xampp\htdocs\driphunter\system\Database\BaseBuilder.php(2307): CodeIgniter\Database\BaseConnection->query('INSERT INTO `bl...', Array, false)
#4 H:\Xampp\htdocs\driphunter\system\Model.php(327): CodeIgniter\Database\BaseBuilder->insert()
#5 H:\Xampp\htdocs\driphunter\system\BaseModel.php(802): CodeIgniter\Model->doInsert(Array)
#6 H:\Xampp\htdocs\driphunter\system\Model.php(749): CodeIgniter\BaseModel->insert(Array, true)
#7 H:\Xampp\htdocs\driphunter\app\Models\blogs_model.php(20): CodeIgniter\Model->insert(Array)
#8 H:\Xampp\htdocs\driphunter\app\Controllers\Blogs.php(134): App\Models\Blogs_model->insertmyblogpost(Array)
#9 H:\Xampp\htdocs\driphunter\system\CodeIgniter.php(943): App\Controllers\Blogs->publishmyblog()
#10 H:\Xampp\htdocs\driphunter\system\CodeIgniter.php(503): CodeIgniter\CodeIgniter->runController(Object(App\Controllers\Blogs))
#11 H:\Xampp\htdocs\driphunter\system\CodeIgniter.php(361): CodeIgniter\CodeIgniter->handleRequest(NULL, Object(Config\Cache), false)
#12 H:\Xampp\htdocs\driphunter\public\index.php(79): CodeIgniter\CodeIgniter->run()
#13 {main}
CRITICAL - 2024-05-07 08:47:56 --> CodeIgniter\Database\Exceptions\DatabaseException: Column 'blog_title' cannot be null
in SYSTEMPATH\Database\BaseConnection.php on line 647.
 1 SYSTEMPATH\Database\BaseBuilder.php(2307): CodeIgniter\Database\BaseConnection->query('INSERT INTO `blogs` (`blog_title`, `blog_description`, `blog_image`, `blog_visibility`) VALUES (:blog_title:, :blog_description:, :blog_image:, :blog_visibility:)', [...], false)
 2 SYSTEMPATH\Model.php(327): CodeIgniter\Database\BaseBuilder->insert()
 3 SYSTEMPATH\BaseModel.php(802): CodeIgniter\Model->doInsert([...])
 4 SYSTEMPATH\Model.php(749): CodeIgniter\BaseModel->insert([...], true)
 5 APPPATH\Models\blogs_model.php(20): CodeIgniter\Model->insert([...])
 6 APPPATH\Controllers\Blogs.php(134): App\Models\Blogs_model->insertmyblogpost([...])
 7 SYSTEMPATH\CodeIgniter.php(943): App\Controllers\Blogs->publishmyblog()
 8 SYSTEMPATH\CodeIgniter.php(503): CodeIgniter\CodeIgniter->runController(Object(App\Controllers\Blogs))
 9 SYSTEMPATH\CodeIgniter.php(361): CodeIgniter\CodeIgniter->handleRequest(null, Object(Config\Cache), false)
10 FCPATH\index.php(79): CodeIgniter\CodeIgniter->run()
CRITICAL - 2024-05-07 08:47:56 --> [Caused by] CodeIgniter\Database\Exceptions\DatabaseException: Column 'blog_title' cannot be null
in SYSTEMPATH\Database\MySQLi\Connection.php on line 311.
 1 SYSTEMPATH\Database\BaseConnection.php(693): CodeIgniter\Database\MySQLi\Connection->execute('INSERT INTO `blogs` (`blog_title`, `blog_description`, `blog_image`, `blog_visibility`) VALUES (NULL, NULL, NULL, NULL)')
 2 SYSTEMPATH\Database\BaseConnection.php(607): CodeIgniter\Database\BaseConnection->simpleQuery('INSERT INTO `blogs` (`blog_title`, `blog_description`, `blog_image`, `blog_visibility`) VALUES (NULL, NULL, NULL, NULL)')
 3 SYSTEMPATH\Database\BaseBuilder.php(2307): CodeIgniter\Database\BaseConnection->query('INSERT INTO `blogs` (`blog_title`, `blog_description`, `blog_image`, `blog_visibility`) VALUES (:blog_title:, :blog_description:, :blog_image:, :blog_visibility:)', [...], false)
 4 SYSTEMPATH\Model.php(327): CodeIgniter\Database\BaseBuilder->insert()
 5 SYSTEMPATH\BaseModel.php(802): CodeIgniter\Model->doInsert([...])
 6 SYSTEMPATH\Model.php(749): CodeIgniter\BaseModel->insert([...], true)
 7 APPPATH\Models\blogs_model.php(20): CodeIgniter\Model->insert([...])
 8 APPPATH\Controllers\Blogs.php(134): App\Models\Blogs_model->insertmyblogpost([...])
 9 SYSTEMPATH\CodeIgniter.php(943): App\Controllers\Blogs->publishmyblog()
10 SYSTEMPATH\CodeIgniter.php(503): CodeIgniter\CodeIgniter->runController(Object(App\Controllers\Blogs))
11 SYSTEMPATH\CodeIgniter.php(361): CodeIgniter\CodeIgniter->handleRequest(null, Object(Config\Cache), false)
12 FCPATH\index.php(79): CodeIgniter\CodeIgniter->run()
CRITICAL - 2024-05-07 08:47:56 --> [Caused by] mysqli_sql_exception: Column 'blog_title' cannot be null
in SYSTEMPATH\Database\MySQLi\Connection.php on line 306.
 1 SYSTEMPATH\Database\MySQLi\Connection.php(306): mysqli->query('INSERT INTO `blogs` (`blog_title`, `blog_description`, `blog_image`, `blog_visibility`) VALUES (NULL, NULL, NULL, NULL)', 0)
 2 SYSTEMPATH\Database\BaseConnection.php(693): CodeIgniter\Database\MySQLi\Connection->execute('INSERT INTO `blogs` (`blog_title`, `blog_description`, `blog_image`, `blog_visibility`) VALUES (NULL, NULL, NULL, NULL)')
 3 SYSTEMPATH\Database\BaseConnection.php(607): CodeIgniter\Database\BaseConnection->simpleQuery('INSERT INTO `blogs` (`blog_title`, `blog_description`, `blog_image`, `blog_visibility`) VALUES (NULL, NULL, NULL, NULL)')
 4 SYSTEMPATH\Database\BaseBuilder.php(2307): CodeIgniter\Database\BaseConnection->query('INSERT INTO `blogs` (`blog_title`, `blog_description`, `blog_image`, `blog_visibility`) VALUES (:blog_title:, :blog_description:, :blog_image:, :blog_visibility:)', [...], false)
 5 SYSTEMPATH\Model.php(327): CodeIgniter\Database\BaseBuilder->insert()
 6 SYSTEMPATH\BaseModel.php(802): CodeIgniter\Model->doInsert([...])
 7 SYSTEMPATH\Model.php(749): CodeIgniter\BaseModel->insert([...], true)
 8 APPPATH\Models\blogs_model.php(20): CodeIgniter\Model->insert([...])
 9 APPPATH\Controllers\Blogs.php(134): App\Models\Blogs_model->insertmyblogpost([...])
10 SYSTEMPATH\CodeIgniter.php(943): App\Controllers\Blogs->publishmyblog()
11 SYSTEMPATH\CodeIgniter.php(503): CodeIgniter\CodeIgniter->runController(Object(App\Controllers\Blogs))
12 SYSTEMPATH\CodeIgniter.php(361): CodeIgniter\CodeIgniter->handleRequest(null, Object(Config\Cache), false)
13 FCPATH\index.php(79): CodeIgniter\CodeIgniter->run()
CRITICAL - 2024-05-07 08:48:00 --> ErrorException: Undefined array key "title"
in APPPATH\Views\blogs_view.php on line 50.
 1 APPPATH\Views\blogs_view.php(50): CodeIgniter\Debug\Exceptions->errorHandler(2, 'Undefined array key "title"', 'H:\\Xampp\\htdocs\\driphunter\\app\\Views\\blogs_view.php', 50)
 2 SYSTEMPATH\View\View.php(228): include('H:\\Xampp\\htdocs\\driphunter\\app\\Views\\blogs_view.php')
 3 SYSTEMPATH\View\View.php(231): CodeIgniter\View\View->CodeIgniter\View\{closure}()
 4 SYSTEMPATH\Common.php(1178): CodeIgniter\View\View->render('blogs_view', [], true)
 5 APPPATH\Controllers\Blogs.php(18): view('blogs_view', [...])
 6 SYSTEMPATH\CodeIgniter.php(943): App\Controllers\Blogs->index()
 7 SYSTEMPATH\CodeIgniter.php(503): CodeIgniter\CodeIgniter->runController(Object(App\Controllers\Blogs))
 8 SYSTEMPATH\CodeIgniter.php(361): CodeIgniter\CodeIgniter->handleRequest(null, Object(Config\Cache), false)
 9 FCPATH\index.php(79): CodeIgniter\CodeIgniter->run()
ERROR - 2024-05-07 08:53:48 --> mysqli_sql_exception: Duplicate entry '0' for key 'PRIMARY' in H:\Xampp\htdocs\driphunter\system\Database\MySQLi\Connection.php:306
Stack trace:
#0 H:\Xampp\htdocs\driphunter\system\Database\MySQLi\Connection.php(306): mysqli->query('INSERT INTO `bl...', 0)
#1 H:\Xampp\htdocs\driphunter\system\Database\BaseConnection.php(693): CodeIgniter\Database\MySQLi\Connection->execute('INSERT INTO `bl...')
#2 H:\Xampp\htdocs\driphunter\system\Database\BaseConnection.php(607): CodeIgniter\Database\BaseConnection->simpleQuery('INSERT INTO `bl...')
#3 H:\Xampp\htdocs\driphunter\system\Database\BaseBuilder.php(2307): CodeIgniter\Database\BaseConnection->query('INSERT INTO `bl...', Array, false)
#4 H:\Xampp\htdocs\driphunter\system\Model.php(327): CodeIgniter\Database\BaseBuilder->insert()
#5 H:\Xampp\htdocs\driphunter\system\BaseModel.php(802): CodeIgniter\Model->doInsert(Array)
#6 H:\Xampp\htdocs\driphunter\system\Model.php(749): CodeIgniter\BaseModel->insert(Array, true)
#7 H:\Xampp\htdocs\driphunter\app\Models\blogs_model.php(20): CodeIgniter\Model->insert(Array)
#8 H:\Xampp\htdocs\driphunter\app\Controllers\Blogs.php(134): App\Models\Blogs_model->insertmyblogpost(Array)
#9 H:\Xampp\htdocs\driphunter\system\CodeIgniter.php(943): App\Controllers\Blogs->publishmyblog()
#10 H:\Xampp\htdocs\driphunter\system\CodeIgniter.php(503): CodeIgniter\CodeIgniter->runController(Object(App\Controllers\Blogs))
#11 H:\Xampp\htdocs\driphunter\system\CodeIgniter.php(361): CodeIgniter\CodeIgniter->handleRequest(NULL, Object(Config\Cache), false)
#12 H:\Xampp\htdocs\driphunter\public\index.php(79): CodeIgniter\CodeIgniter->run()
#13 {main}
CRITICAL - 2024-05-07 08:53:48 --> CodeIgniter\Database\Exceptions\DatabaseException: Duplicate entry '0' for key 'PRIMARY'
in SYSTEMPATH\Database\BaseConnection.php on line 647.
 1 SYSTEMPATH\Database\BaseBuilder.php(2307): CodeIgniter\Database\BaseConnection->query('INSERT INTO `blogs` (`blog_title`, `blog_description`, `blog_image`, `blog_visibility`) VALUES (:blog_title:, :blog_description:, :blog_image:, :blog_visibility:)', [...], false)
 2 SYSTEMPATH\Model.php(327): CodeIgniter\Database\BaseBuilder->insert()
 3 SYSTEMPATH\BaseModel.php(802): CodeIgniter\Model->doInsert([...])
 4 SYSTEMPATH\Model.php(749): CodeIgniter\BaseModel->insert([...], true)
 5 APPPATH\Models\blogs_model.php(20): CodeIgniter\Model->insert([...])
 6 APPPATH\Controllers\Blogs.php(134): App\Models\Blogs_model->insertmyblogpost([...])
 7 SYSTEMPATH\CodeIgniter.php(943): App\Controllers\Blogs->publishmyblog()
 8 SYSTEMPATH\CodeIgniter.php(503): CodeIgniter\CodeIgniter->runController(Object(App\Controllers\Blogs))
 9 SYSTEMPATH\CodeIgniter.php(361): CodeIgniter\CodeIgniter->handleRequest(null, Object(Config\Cache), false)
10 FCPATH\index.php(79): CodeIgniter\CodeIgniter->run()
CRITICAL - 2024-05-07 08:53:48 --> [Caused by] CodeIgniter\Database\Exceptions\DatabaseException: Duplicate entry '0' for key 'PRIMARY'
in SYSTEMPATH\Database\MySQLi\Connection.php on line 311.
 1 SYSTEMPATH\Database\BaseConnection.php(693): CodeIgniter\Database\MySQLi\Connection->execute('INSERT INTO `blogs` (`blog_title`, `blog_description`, `blog_image`, `blog_visibility`) VALUES (\'Unleashing the Power of Digital Marketing: Why It\\\'s Essential for Businesses Today\', \'Discover why digital marketing has become indispensable for businesses of all sizes in today\\\'s fast-paced digital age. From unparalleled reach and measurability to advanced targeting capabilities and increased engagement, learn how digital marketing can drive growth and success for your business.\', \'Rectangle 6395.jpg\', \'public\')')
 2 SYSTEMPATH\Database\BaseConnection.php(607): CodeIgniter\Database\BaseConnection->simpleQuery('INSERT INTO `blogs` (`blog_title`, `blog_description`, `blog_image`, `blog_visibility`) VALUES (\'Unleashing the Power of Digital Marketing: Why It\\\'s Essential for Businesses Today\', \'Discover why digital marketing has become indispensable for businesses of all sizes in today\\\'s fast-paced digital age. From unparalleled reach and measurability to advanced targeting capabilities and increased engagement, learn how digital marketing can drive growth and success for your business.\', \'Rectangle 6395.jpg\', \'public\')')
 3 SYSTEMPATH\Database\BaseBuilder.php(2307): CodeIgniter\Database\BaseConnection->query('INSERT INTO `blogs` (`blog_title`, `blog_description`, `blog_image`, `blog_visibility`) VALUES (:blog_title:, :blog_description:, :blog_image:, :blog_visibility:)', [...], false)
 4 SYSTEMPATH\Model.php(327): CodeIgniter\Database\BaseBuilder->insert()
 5 SYSTEMPATH\BaseModel.php(802): CodeIgniter\Model->doInsert([...])
 6 SYSTEMPATH\Model.php(749): CodeIgniter\BaseModel->insert([...], true)
 7 APPPATH\Models\blogs_model.php(20): CodeIgniter\Model->insert([...])
 8 APPPATH\Controllers\Blogs.php(134): App\Models\Blogs_model->insertmyblogpost([...])
 9 SYSTEMPATH\CodeIgniter.php(943): App\Controllers\Blogs->publishmyblog()
10 SYSTEMPATH\CodeIgniter.php(503): CodeIgniter\CodeIgniter->runController(Object(App\Controllers\Blogs))
11 SYSTEMPATH\CodeIgniter.php(361): CodeIgniter\CodeIgniter->handleRequest(null, Object(Config\Cache), false)
12 FCPATH\index.php(79): CodeIgniter\CodeIgniter->run()
CRITICAL - 2024-05-07 08:53:48 --> [Caused by] mysqli_sql_exception: Duplicate entry '0' for key 'PRIMARY'
in SYSTEMPATH\Database\MySQLi\Connection.php on line 306.
 1 SYSTEMPATH\Database\MySQLi\Connection.php(306): mysqli->query('INSERT INTO `blogs` (`blog_title`, `blog_description`, `blog_image`, `blog_visibility`) VALUES (\'Unleashing the Power of Digital Marketing: Why It\\\'s Essential for Businesses Today\', \'Discover why digital marketing has become indispensable for businesses of all sizes in today\\\'s fast-paced digital age. From unparalleled reach and measurability to advanced targeting capabilities and increased engagement, learn how digital marketing can drive growth and success for your business.\', \'Rectangle 6395.jpg\', \'public\')', 0)
 2 SYSTEMPATH\Database\BaseConnection.php(693): CodeIgniter\Database\MySQLi\Connection->execute('INSERT INTO `blogs` (`blog_title`, `blog_description`, `blog_image`, `blog_visibility`) VALUES (\'Unleashing the Power of Digital Marketing: Why It\\\'s Essential for Businesses Today\', \'Discover why digital marketing has become indispensable for businesses of all sizes in today\\\'s fast-paced digital age. From unparalleled reach and measurability to advanced targeting capabilities and increased engagement, learn how digital marketing can drive growth and success for your business.\', \'Rectangle 6395.jpg\', \'public\')')
 3 SYSTEMPATH\Database\BaseConnection.php(607): CodeIgniter\Database\BaseConnection->simpleQuery('INSERT INTO `blogs` (`blog_title`, `blog_description`, `blog_image`, `blog_visibility`) VALUES (\'Unleashing the Power of Digital Marketing: Why It\\\'s Essential for Businesses Today\', \'Discover why digital marketing has become indispensable for businesses of all sizes in today\\\'s fast-paced digital age. From unparalleled reach and measurability to advanced targeting capabilities and increased engagement, learn how digital marketing can drive growth and success for your business.\', \'Rectangle 6395.jpg\', \'public\')')
 4 SYSTEMPATH\Database\BaseBuilder.php(2307): CodeIgniter\Database\BaseConnection->query('INSERT INTO `blogs` (`blog_title`, `blog_description`, `blog_image`, `blog_visibility`) VALUES (:blog_title:, :blog_description:, :blog_image:, :blog_visibility:)', [...], false)
 5 SYSTEMPATH\Model.php(327): CodeIgniter\Database\BaseBuilder->insert()
 6 SYSTEMPATH\BaseModel.php(802): CodeIgniter\Model->doInsert([...])
 7 SYSTEMPATH\Model.php(749): CodeIgniter\BaseModel->insert([...], true)
 8 APPPATH\Models\blogs_model.php(20): CodeIgniter\Model->insert([...])
 9 APPPATH\Controllers\Blogs.php(134): App\Models\Blogs_model->insertmyblogpost([...])
10 SYSTEMPATH\CodeIgniter.php(943): App\Controllers\Blogs->publishmyblog()
11 SYSTEMPATH\CodeIgniter.php(503): CodeIgniter\CodeIgniter->runController(Object(App\Controllers\Blogs))
12 SYSTEMPATH\CodeIgniter.php(361): CodeIgniter\CodeIgniter->handleRequest(null, Object(Config\Cache), false)
13 FCPATH\index.php(79): CodeIgniter\CodeIgniter->run()
ERROR - 2024-05-07 08:55:34 --> mysqli_sql_exception: Duplicate entry '0' for key 'PRIMARY' in H:\Xampp\htdocs\driphunter\system\Database\MySQLi\Connection.php:306
Stack trace:
#0 H:\Xampp\htdocs\driphunter\system\Database\MySQLi\Connection.php(306): mysqli->query('INSERT INTO `bl...', 0)
#1 H:\Xampp\htdocs\driphunter\system\Database\BaseConnection.php(693): CodeIgniter\Database\MySQLi\Connection->execute('INSERT INTO `bl...')
#2 H:\Xampp\htdocs\driphunter\system\Database\BaseConnection.php(607): CodeIgniter\Database\BaseConnection->simpleQuery('INSERT INTO `bl...')
#3 H:\Xampp\htdocs\driphunter\system\Database\BaseBuilder.php(2307): CodeIgniter\Database\BaseConnection->query('INSERT INTO `bl...', Array, false)
#4 H:\Xampp\htdocs\driphunter\system\Model.php(327): CodeIgniter\Database\BaseBuilder->insert()
#5 H:\Xampp\htdocs\driphunter\system\BaseModel.php(802): CodeIgniter\Model->doInsert(Array)
#6 H:\Xampp\htdocs\driphunter\system\Model.php(749): CodeIgniter\BaseModel->insert(Array, true)
#7 H:\Xampp\htdocs\driphunter\app\Models\blogs_model.php(20): CodeIgniter\Model->insert(Array)
#8 H:\Xampp\htdocs\driphunter\app\Controllers\Blogs.php(134): App\Models\Blogs_model->insertmyblogpost(Array)
#9 H:\Xampp\htdocs\driphunter\system\CodeIgniter.php(943): App\Controllers\Blogs->publishmyblog()
#10 H:\Xampp\htdocs\driphunter\system\CodeIgniter.php(503): CodeIgniter\CodeIgniter->runController(Object(App\Controllers\Blogs))
#11 H:\Xampp\htdocs\driphunter\system\CodeIgniter.php(361): CodeIgniter\CodeIgniter->handleRequest(NULL, Object(Config\Cache), false)
#12 H:\Xampp\htdocs\driphunter\public\index.php(79): CodeIgniter\CodeIgniter->run()
#13 {main}
CRITICAL - 2024-05-07 08:55:34 --> CodeIgniter\Database\Exceptions\DatabaseException: Duplicate entry '0' for key 'PRIMARY'
in SYSTEMPATH\Database\BaseConnection.php on line 647.
 1 SYSTEMPATH\Database\BaseBuilder.php(2307): CodeIgniter\Database\BaseConnection->query('INSERT INTO `blogs` (`blog_title`, `blog_description`, `blog_image`, `blog_visibility`) VALUES (:blog_title:, :blog_description:, :blog_image:, :blog_visibility:)', [...], false)
 2 SYSTEMPATH\Model.php(327): CodeIgniter\Database\BaseBuilder->insert()
 3 SYSTEMPATH\BaseModel.php(802): CodeIgniter\Model->doInsert([...])
 4 SYSTEMPATH\Model.php(749): CodeIgniter\BaseModel->insert([...], true)
 5 APPPATH\Models\blogs_model.php(20): CodeIgniter\Model->insert([...])
 6 APPPATH\Controllers\Blogs.php(134): App\Models\Blogs_model->insertmyblogpost([...])
 7 SYSTEMPATH\CodeIgniter.php(943): App\Controllers\Blogs->publishmyblog()
 8 SYSTEMPATH\CodeIgniter.php(503): CodeIgniter\CodeIgniter->runController(Object(App\Controllers\Blogs))
 9 SYSTEMPATH\CodeIgniter.php(361): CodeIgniter\CodeIgniter->handleRequest(null, Object(Config\Cache), false)
10 FCPATH\index.php(79): CodeIgniter\CodeIgniter->run()
CRITICAL - 2024-05-07 08:55:34 --> [Caused by] CodeIgniter\Database\Exceptions\DatabaseException: Duplicate entry '0' for key 'PRIMARY'
in SYSTEMPATH\Database\MySQLi\Connection.php on line 311.
 1 SYSTEMPATH\Database\BaseConnection.php(693): CodeIgniter\Database\MySQLi\Connection->execute('INSERT INTO `blogs` (`blog_title`, `blog_description`, `blog_image`, `blog_visibility`) VALUES (\'digital marketing\', \'Discover why digital marketing has become indispensable for businesses of all sizes in today\\\'s fast-paced digital age. From unparalleled reach and measurability to advanced targeting capabilities and increased engagement, learn how digital marketing can drive growth and success for your business.\', \'\', \'public\')')
 2 SYSTEMPATH\Database\BaseConnection.php(607): CodeIgniter\Database\BaseConnection->simpleQuery('INSERT INTO `blogs` (`blog_title`, `blog_description`, `blog_image`, `blog_visibility`) VALUES (\'digital marketing\', \'Discover why digital marketing has become indispensable for businesses of all sizes in today\\\'s fast-paced digital age. From unparalleled reach and measurability to advanced targeting capabilities and increased engagement, learn how digital marketing can drive growth and success for your business.\', \'\', \'public\')')
 3 SYSTEMPATH\Database\BaseBuilder.php(2307): CodeIgniter\Database\BaseConnection->query('INSERT INTO `blogs` (`blog_title`, `blog_description`, `blog_image`, `blog_visibility`) VALUES (:blog_title:, :blog_description:, :blog_image:, :blog_visibility:)', [...], false)
 4 SYSTEMPATH\Model.php(327): CodeIgniter\Database\BaseBuilder->insert()
 5 SYSTEMPATH\BaseModel.php(802): CodeIgniter\Model->doInsert([...])
 6 SYSTEMPATH\Model.php(749): CodeIgniter\BaseModel->insert([...], true)
 7 APPPATH\Models\blogs_model.php(20): CodeIgniter\Model->insert([...])
 8 APPPATH\Controllers\Blogs.php(134): App\Models\Blogs_model->insertmyblogpost([...])
 9 SYSTEMPATH\CodeIgniter.php(943): App\Controllers\Blogs->publishmyblog()
10 SYSTEMPATH\CodeIgniter.php(503): CodeIgniter\CodeIgniter->runController(Object(App\Controllers\Blogs))
11 SYSTEMPATH\CodeIgniter.php(361): CodeIgniter\CodeIgniter->handleRequest(null, Object(Config\Cache), false)
12 FCPATH\index.php(79): CodeIgniter\CodeIgniter->run()
CRITICAL - 2024-05-07 08:55:34 --> [Caused by] mysqli_sql_exception: Duplicate entry '0' for key 'PRIMARY'
in SYSTEMPATH\Database\MySQLi\Connection.php on line 306.
 1 SYSTEMPATH\Database\MySQLi\Connection.php(306): mysqli->query('INSERT INTO `blogs` (`blog_title`, `blog_description`, `blog_image`, `blog_visibility`) VALUES (\'digital marketing\', \'Discover why digital marketing has become indispensable for businesses of all sizes in today\\\'s fast-paced digital age. From unparalleled reach and measurability to advanced targeting capabilities and increased engagement, learn how digital marketing can drive growth and success for your business.\', \'\', \'public\')', 0)
 2 SYSTEMPATH\Database\BaseConnection.php(693): CodeIgniter\Database\MySQLi\Connection->execute('INSERT INTO `blogs` (`blog_title`, `blog_description`, `blog_image`, `blog_visibility`) VALUES (\'digital marketing\', \'Discover why digital marketing has become indispensable for businesses of all sizes in today\\\'s fast-paced digital age. From unparalleled reach and measurability to advanced targeting capabilities and increased engagement, learn how digital marketing can drive growth and success for your business.\', \'\', \'public\')')
 3 SYSTEMPATH\Database\BaseConnection.php(607): CodeIgniter\Database\BaseConnection->simpleQuery('INSERT INTO `blogs` (`blog_title`, `blog_description`, `blog_image`, `blog_visibility`) VALUES (\'digital marketing\', \'Discover why digital marketing has become indispensable for businesses of all sizes in today\\\'s fast-paced digital age. From unparalleled reach and measurability to advanced targeting capabilities and increased engagement, learn how digital marketing can drive growth and success for your business.\', \'\', \'public\')')
 4 SYSTEMPATH\Database\BaseBuilder.php(2307): CodeIgniter\Database\BaseConnection->query('INSERT INTO `blogs` (`blog_title`, `blog_description`, `blog_image`, `blog_visibility`) VALUES (:blog_title:, :blog_description:, :blog_image:, :blog_visibility:)', [...], false)
 5 SYSTEMPATH\Model.php(327): CodeIgniter\Database\BaseBuilder->insert()
 6 SYSTEMPATH\BaseModel.php(802): CodeIgniter\Model->doInsert([...])
 7 SYSTEMPATH\Model.php(749): CodeIgniter\BaseModel->insert([...], true)
 8 APPPATH\Models\blogs_model.php(20): CodeIgniter\Model->insert([...])
 9 APPPATH\Controllers\Blogs.php(134): App\Models\Blogs_model->insertmyblogpost([...])
10 SYSTEMPATH\CodeIgniter.php(943): App\Controllers\Blogs->publishmyblog()
11 SYSTEMPATH\CodeIgniter.php(503): CodeIgniter\CodeIgniter->runController(Object(App\Controllers\Blogs))
12 SYSTEMPATH\CodeIgniter.php(361): CodeIgniter\CodeIgniter->handleRequest(null, Object(Config\Cache), false)
13 FCPATH\index.php(79): CodeIgniter\CodeIgniter->run()
CRITICAL - 2024-05-07 10:24:05 --> ErrorException: Undefined array key "title"
in APPPATH\Views\editmyblogs_view.php on line 37.
 1 APPPATH\Views\editmyblogs_view.php(37): CodeIgniter\Debug\Exceptions->errorHandler(2, 'Undefined array key "title"', 'H:\\Xampp\\htdocs\\driphunter\\app\\Views\\editmyblogs_view.php', 37)
 2 SYSTEMPATH\View\View.php(228): include('H:\\Xampp\\htdocs\\driphunter\\app\\Views\\editmyblogs_view.php')
 3 SYSTEMPATH\View\View.php(231): CodeIgniter\View\View->CodeIgniter\View\{closure}()
 4 SYSTEMPATH\Common.php(1178): CodeIgniter\View\View->render('editmyblogs_view', [], true)
 5 APPPATH\Controllers\Blogs.php(143): view('editmyblogs_view', [...])
 6 SYSTEMPATH\CodeIgniter.php(943): App\Controllers\Blogs->editblog('3')
 7 SYSTEMPATH\CodeIgniter.php(503): CodeIgniter\CodeIgniter->runController(Object(App\Controllers\Blogs))
 8 SYSTEMPATH\CodeIgniter.php(361): CodeIgniter\CodeIgniter->handleRequest(null, Object(Config\Cache), false)
 9 FCPATH\index.php(79): CodeIgniter\CodeIgniter->run()
CRITICAL - 2024-05-07 10:25:12 --> CodeIgniter\View\Exceptions\ViewException: Invalid file: "edit_blogs_view.php"
in SYSTEMPATH\Exceptions\FrameworkException.php on line 39.
 1 SYSTEMPATH\View\View.php(216): CodeIgniter\Exceptions\FrameworkException::forInvalidFile('edit_blogs_view.php')
 2 SYSTEMPATH\Common.php(1178): CodeIgniter\View\View->render('edit_blogs_view', [], true)
 3 APPPATH\Controllers\Blogs.php(143): view('edit_blogs_view', [...])
 4 SYSTEMPATH\CodeIgniter.php(943): App\Controllers\Blogs->editblog('3')
 5 SYSTEMPATH\CodeIgniter.php(503): CodeIgniter\CodeIgniter->runController(Object(App\Controllers\Blogs))
 6 SYSTEMPATH\CodeIgniter.php(361): CodeIgniter\CodeIgniter->handleRequest(null, Object(Config\Cache), false)
 7 FCPATH\index.php(79): CodeIgniter\CodeIgniter->run()
CRITICAL - 2024-05-07 10:25:33 --> ErrorException: Undefined array key "title"
in APPPATH\Views\edit_blogs_view.php on line 37.
 1 APPPATH\Views\edit_blogs_view.php(37): CodeIgniter\Debug\Exceptions->errorHandler(2, 'Undefined array key "title"', 'H:\\Xampp\\htdocs\\driphunter\\app\\Views\\edit_blogs_view.php', 37)
 2 SYSTEMPATH\View\View.php(228): include('H:\\Xampp\\htdocs\\driphunter\\app\\Views\\edit_blogs_view.php')
 3 SYSTEMPATH\View\View.php(231): CodeIgniter\View\View->CodeIgniter\View\{closure}()
 4 SYSTEMPATH\Common.php(1178): CodeIgniter\View\View->render('edit_blogs_view', [], true)
 5 APPPATH\Controllers\Blogs.php(143): view('edit_blogs_view', [...])
 6 SYSTEMPATH\CodeIgniter.php(943): App\Controllers\Blogs->editblog('3')
 7 SYSTEMPATH\CodeIgniter.php(503): CodeIgniter\CodeIgniter->runController(Object(App\Controllers\Blogs))
 8 SYSTEMPATH\CodeIgniter.php(361): CodeIgniter\CodeIgniter->handleRequest(null, Object(Config\Cache), false)
 9 FCPATH\index.php(79): CodeIgniter\CodeIgniter->run()
CRITICAL - 2024-05-07 11:05:52 --> CodeIgniter\View\Exceptions\ViewException: Invalid file: "edit_myblogs_view.php"
in SYSTEMPATH\Exceptions\FrameworkException.php on line 39.
 1 SYSTEMPATH\View\View.php(216): CodeIgniter\Exceptions\FrameworkException::forInvalidFile('edit_myblogs_view.php')
 2 SYSTEMPATH\Common.php(1178): CodeIgniter\View\View->render('edit_myblogs_view', [], true)
 3 APPPATH\Controllers\Blogs.php(143): view('edit_myblogs_view', [...])
 4 SYSTEMPATH\CodeIgniter.php(943): App\Controllers\Blogs->editblog('14')
 5 SYSTEMPATH\CodeIgniter.php(503): CodeIgniter\CodeIgniter->runController(Object(App\Controllers\Blogs))
 6 SYSTEMPATH\CodeIgniter.php(361): CodeIgniter\CodeIgniter->handleRequest(null, Object(Config\Cache), false)
 7 FCPATH\index.php(79): CodeIgniter\CodeIgniter->run()
ERROR - 2024-05-07 11:08:57 --> mysqli_sql_exception: Column 'blog_title' cannot be null in H:\Xampp\htdocs\driphunter\system\Database\MySQLi\Connection.php:306
Stack trace:
#0 H:\Xampp\htdocs\driphunter\system\Database\MySQLi\Connection.php(306): mysqli->query('INSERT INTO `bl...', 0)
#1 H:\Xampp\htdocs\driphunter\system\Database\BaseConnection.php(693): CodeIgniter\Database\MySQLi\Connection->execute('INSERT INTO `bl...')
#2 H:\Xampp\htdocs\driphunter\system\Database\BaseConnection.php(607): CodeIgniter\Database\BaseConnection->simpleQuery('INSERT INTO `bl...')
#3 H:\Xampp\htdocs\driphunter\system\Database\BaseBuilder.php(2307): CodeIgniter\Database\BaseConnection->query('INSERT INTO `bl...', Array, false)
#4 H:\Xampp\htdocs\driphunter\system\Model.php(327): CodeIgniter\Database\BaseBuilder->insert()
#5 H:\Xampp\htdocs\driphunter\system\BaseModel.php(802): CodeIgniter\Model->doInsert(Array)
#6 H:\Xampp\htdocs\driphunter\system\Model.php(749): CodeIgniter\BaseModel->insert(Array, true)
#7 H:\Xampp\htdocs\driphunter\app\Models\blogs_model.php(22): CodeIgniter\Model->insert(Array)
#8 H:\Xampp\htdocs\driphunter\app\Controllers\Blogs.php(134): App\Models\Blogs_model->insertmyblogpost(Array)
#9 H:\Xampp\htdocs\driphunter\system\CodeIgniter.php(943): App\Controllers\Blogs->publishmyblog('15')
#10 H:\Xampp\htdocs\driphunter\system\CodeIgniter.php(503): CodeIgniter\CodeIgniter->runController(Object(App\Controllers\Blogs))
#11 H:\Xampp\htdocs\driphunter\system\CodeIgniter.php(361): CodeIgniter\CodeIgniter->handleRequest(NULL, Object(Config\Cache), false)
#12 H:\Xampp\htdocs\driphunter\public\index.php(79): CodeIgniter\CodeIgniter->run()
#13 {main}
CRITICAL - 2024-05-07 11:08:57 --> CodeIgniter\Database\Exceptions\DatabaseException: Column 'blog_title' cannot be null
in SYSTEMPATH\Database\BaseConnection.php on line 647.
 1 SYSTEMPATH\Database\BaseBuilder.php(2307): CodeIgniter\Database\BaseConnection->query('INSERT INTO `blogs` (`blog_title`, `blog_description`, `main_description`, `blog_image`, `blog_visibility`, `blog_tags`) VALUES (:blog_title:, :blog_description:, :main_description:, :blog_image:, :blog_visibility:, :blog_tags:)', [...], false)
 2 SYSTEMPATH\Model.php(327): CodeIgniter\Database\BaseBuilder->insert()
 3 SYSTEMPATH\BaseModel.php(802): CodeIgniter\Model->doInsert([...])
 4 SYSTEMPATH\Model.php(749): CodeIgniter\BaseModel->insert([...], true)
 5 APPPATH\Models\blogs_model.php(22): CodeIgniter\Model->insert([...])
 6 APPPATH\Controllers\Blogs.php(134): App\Models\Blogs_model->insertmyblogpost([...])
 7 SYSTEMPATH\CodeIgniter.php(943): App\Controllers\Blogs->publishmyblog('15')
 8 SYSTEMPATH\CodeIgniter.php(503): CodeIgniter\CodeIgniter->runController(Object(App\Controllers\Blogs))
 9 SYSTEMPATH\CodeIgniter.php(361): CodeIgniter\CodeIgniter->handleRequest(null, Object(Config\Cache), false)
10 FCPATH\index.php(79): CodeIgniter\CodeIgniter->run()
CRITICAL - 2024-05-07 11:08:57 --> [Caused by] CodeIgniter\Database\Exceptions\DatabaseException: Column 'blog_title' cannot be null
in SYSTEMPATH\Database\MySQLi\Connection.php on line 311.
 1 SYSTEMPATH\Database\BaseConnection.php(693): CodeIgniter\Database\MySQLi\Connection->execute('INSERT INTO `blogs` (`blog_title`, `blog_description`, `main_description`, `blog_image`, `blog_visibility`, `blog_tags`) VALUES (NULL, \'\', \'\', \'\', \'public\', \'trends, celebs,\')')
 2 SYSTEMPATH\Database\BaseConnection.php(607): CodeIgniter\Database\BaseConnection->simpleQuery('INSERT INTO `blogs` (`blog_title`, `blog_description`, `main_description`, `blog_image`, `blog_visibility`, `blog_tags`) VALUES (NULL, \'\', \'\', \'\', \'public\', \'trends, celebs,\')')
 3 SYSTEMPATH\Database\BaseBuilder.php(2307): CodeIgniter\Database\BaseConnection->query('INSERT INTO `blogs` (`blog_title`, `blog_description`, `main_description`, `blog_image`, `blog_visibility`, `blog_tags`) VALUES (:blog_title:, :blog_description:, :main_description:, :blog_image:, :blog_visibility:, :blog_tags:)', [...], false)
 4 SYSTEMPATH\Model.php(327): CodeIgniter\Database\BaseBuilder->insert()
 5 SYSTEMPATH\BaseModel.php(802): CodeIgniter\Model->doInsert([...])
 6 SYSTEMPATH\Model.php(749): CodeIgniter\BaseModel->insert([...], true)
 7 APPPATH\Models\blogs_model.php(22): CodeIgniter\Model->insert([...])
 8 APPPATH\Controllers\Blogs.php(134): App\Models\Blogs_model->insertmyblogpost([...])
 9 SYSTEMPATH\CodeIgniter.php(943): App\Controllers\Blogs->publishmyblog('15')
10 SYSTEMPATH\CodeIgniter.php(503): CodeIgniter\CodeIgniter->runController(Object(App\Controllers\Blogs))
11 SYSTEMPATH\CodeIgniter.php(361): CodeIgniter\CodeIgniter->handleRequest(null, Object(Config\Cache), false)
12 FCPATH\index.php(79): CodeIgniter\CodeIgniter->run()
CRITICAL - 2024-05-07 11:08:57 --> [Caused by] mysqli_sql_exception: Column 'blog_title' cannot be null
in SYSTEMPATH\Database\MySQLi\Connection.php on line 306.
 1 SYSTEMPATH\Database\MySQLi\Connection.php(306): mysqli->query('INSERT INTO `blogs` (`blog_title`, `blog_description`, `main_description`, `blog_image`, `blog_visibility`, `blog_tags`) VALUES (NULL, \'\', \'\', \'\', \'public\', \'trends, celebs,\')', 0)
 2 SYSTEMPATH\Database\BaseConnection.php(693): CodeIgniter\Database\MySQLi\Connection->execute('INSERT INTO `blogs` (`blog_title`, `blog_description`, `main_description`, `blog_image`, `blog_visibility`, `blog_tags`) VALUES (NULL, \'\', \'\', \'\', \'public\', \'trends, celebs,\')')
 3 SYSTEMPATH\Database\BaseConnection.php(607): CodeIgniter\Database\BaseConnection->simpleQuery('INSERT INTO `blogs` (`blog_title`, `blog_description`, `main_description`, `blog_image`, `blog_visibility`, `blog_tags`) VALUES (NULL, \'\', \'\', \'\', \'public\', \'trends, celebs,\')')
 4 SYSTEMPATH\Database\BaseBuilder.php(2307): CodeIgniter\Database\BaseConnection->query('INSERT INTO `blogs` (`blog_title`, `blog_description`, `main_description`, `blog_image`, `blog_visibility`, `blog_tags`) VALUES (:blog_title:, :blog_description:, :main_description:, :blog_image:, :blog_visibility:, :blog_tags:)', [...], false)
 5 SYSTEMPATH\Model.php(327): CodeIgniter\Database\BaseBuilder->insert()
 6 SYSTEMPATH\BaseModel.php(802): CodeIgniter\Model->doInsert([...])
 7 SYSTEMPATH\Model.php(749): CodeIgniter\BaseModel->insert([...], true)
 8 APPPATH\Models\blogs_model.php(22): CodeIgniter\Model->insert([...])
 9 APPPATH\Controllers\Blogs.php(134): App\Models\Blogs_model->insertmyblogpost([...])
10 SYSTEMPATH\CodeIgniter.php(943): App\Controllers\Blogs->publishmyblog('15')
11 SYSTEMPATH\CodeIgniter.php(503): CodeIgniter\CodeIgniter->runController(Object(App\Controllers\Blogs))
12 SYSTEMPATH\CodeIgniter.php(361): CodeIgniter\CodeIgniter->handleRequest(null, Object(Config\Cache), false)
13 FCPATH\index.php(79): CodeIgniter\CodeIgniter->run()
ERROR - 2024-05-07 11:09:10 --> mysqli_sql_exception: Column 'blog_title' cannot be null in H:\Xampp\htdocs\driphunter\system\Database\MySQLi\Connection.php:306
Stack trace:
#0 H:\Xampp\htdocs\driphunter\system\Database\MySQLi\Connection.php(306): mysqli->query('INSERT INTO `bl...', 0)
#1 H:\Xampp\htdocs\driphunter\system\Database\BaseConnection.php(693): CodeIgniter\Database\MySQLi\Connection->execute('INSERT INTO `bl...')
#2 H:\Xampp\htdocs\driphunter\system\Database\BaseConnection.php(607): CodeIgniter\Database\BaseConnection->simpleQuery('INSERT INTO `bl...')
#3 H:\Xampp\htdocs\driphunter\system\Database\BaseBuilder.php(2307): CodeIgniter\Database\BaseConnection->query('INSERT INTO `bl...', Array, false)
#4 H:\Xampp\htdocs\driphunter\system\Model.php(327): CodeIgniter\Database\BaseBuilder->insert()
#5 H:\Xampp\htdocs\driphunter\system\BaseModel.php(802): CodeIgniter\Model->doInsert(Array)
#6 H:\Xampp\htdocs\driphunter\system\Model.php(749): CodeIgniter\BaseModel->insert(Array, true)
#7 H:\Xampp\htdocs\driphunter\app\Models\blogs_model.php(22): CodeIgniter\Model->insert(Array)
#8 H:\Xampp\htdocs\driphunter\app\Controllers\Blogs.php(134): App\Models\Blogs_model->insertmyblogpost(Array)
#9 H:\Xampp\htdocs\driphunter\system\CodeIgniter.php(943): App\Controllers\Blogs->publishmyblog('15')
#10 H:\Xampp\htdocs\driphunter\system\CodeIgniter.php(503): CodeIgniter\CodeIgniter->runController(Object(App\Controllers\Blogs))
#11 H:\Xampp\htdocs\driphunter\system\CodeIgniter.php(361): CodeIgniter\CodeIgniter->handleRequest(NULL, Object(Config\Cache), false)
#12 H:\Xampp\htdocs\driphunter\public\index.php(79): CodeIgniter\CodeIgniter->run()
#13 {main}
CRITICAL - 2024-05-07 11:09:10 --> CodeIgniter\Database\Exceptions\DatabaseException: Column 'blog_title' cannot be null
in SYSTEMPATH\Database\BaseConnection.php on line 647.
 1 SYSTEMPATH\Database\BaseBuilder.php(2307): CodeIgniter\Database\BaseConnection->query('INSERT INTO `blogs` (`blog_title`, `blog_description`, `main_description`, `blog_image`, `blog_visibility`, `blog_tags`) VALUES (:blog_title:, :blog_description:, :main_description:, :blog_image:, :blog_visibility:, :blog_tags:)', [...], false)
 2 SYSTEMPATH\Model.php(327): CodeIgniter\Database\BaseBuilder->insert()
 3 SYSTEMPATH\BaseModel.php(802): CodeIgniter\Model->doInsert([...])
 4 SYSTEMPATH\Model.php(749): CodeIgniter\BaseModel->insert([...], true)
 5 APPPATH\Models\blogs_model.php(22): CodeIgniter\Model->insert([...])
 6 APPPATH\Controllers\Blogs.php(134): App\Models\Blogs_model->insertmyblogpost([...])
 7 SYSTEMPATH\CodeIgniter.php(943): App\Controllers\Blogs->publishmyblog('15')
 8 SYSTEMPATH\CodeIgniter.php(503): CodeIgniter\CodeIgniter->runController(Object(App\Controllers\Blogs))
 9 SYSTEMPATH\CodeIgniter.php(361): CodeIgniter\CodeIgniter->handleRequest(null, Object(Config\Cache), false)
10 FCPATH\index.php(79): CodeIgniter\CodeIgniter->run()
CRITICAL - 2024-05-07 11:09:10 --> [Caused by] CodeIgniter\Database\Exceptions\DatabaseException: Column 'blog_title' cannot be null
in SYSTEMPATH\Database\MySQLi\Connection.php on line 311.
 1 SYSTEMPATH\Database\BaseConnection.php(693): CodeIgniter\Database\MySQLi\Connection->execute('INSERT INTO `blogs` (`blog_title`, `blog_description`, `main_description`, `blog_image`, `blog_visibility`, `blog_tags`) VALUES (NULL, \'\', \'\', \'\', \'public\', \'trends, celebs,\')')
 2 SYSTEMPATH\Database\BaseConnection.php(607): CodeIgniter\Database\BaseConnection->simpleQuery('INSERT INTO `blogs` (`blog_title`, `blog_description`, `main_description`, `blog_image`, `blog_visibility`, `blog_tags`) VALUES (NULL, \'\', \'\', \'\', \'public\', \'trends, celebs,\')')
 3 SYSTEMPATH\Database\BaseBuilder.php(2307): CodeIgniter\Database\BaseConnection->query('INSERT INTO `blogs` (`blog_title`, `blog_description`, `main_description`, `blog_image`, `blog_visibility`, `blog_tags`) VALUES (:blog_title:, :blog_description:, :main_description:, :blog_image:, :blog_visibility:, :blog_tags:)', [...], false)
 4 SYSTEMPATH\Model.php(327): CodeIgniter\Database\BaseBuilder->insert()
 5 SYSTEMPATH\BaseModel.php(802): CodeIgniter\Model->doInsert([...])
 6 SYSTEMPATH\Model.php(749): CodeIgniter\BaseModel->insert([...], true)
 7 APPPATH\Models\blogs_model.php(22): CodeIgniter\Model->insert([...])
 8 APPPATH\Controllers\Blogs.php(134): App\Models\Blogs_model->insertmyblogpost([...])
 9 SYSTEMPATH\CodeIgniter.php(943): App\Controllers\Blogs->publishmyblog('15')
10 SYSTEMPATH\CodeIgniter.php(503): CodeIgniter\CodeIgniter->runController(Object(App\Controllers\Blogs))
11 SYSTEMPATH\CodeIgniter.php(361): CodeIgniter\CodeIgniter->handleRequest(null, Object(Config\Cache), false)
12 FCPATH\index.php(79): CodeIgniter\CodeIgniter->run()
CRITICAL - 2024-05-07 11:09:10 --> [Caused by] mysqli_sql_exception: Column 'blog_title' cannot be null
in SYSTEMPATH\Database\MySQLi\Connection.php on line 306.
 1 SYSTEMPATH\Database\MySQLi\Connection.php(306): mysqli->query('INSERT INTO `blogs` (`blog_title`, `blog_description`, `main_description`, `blog_image`, `blog_visibility`, `blog_tags`) VALUES (NULL, \'\', \'\', \'\', \'public\', \'trends, celebs,\')', 0)
 2 SYSTEMPATH\Database\BaseConnection.php(693): CodeIgniter\Database\MySQLi\Connection->execute('INSERT INTO `blogs` (`blog_title`, `blog_description`, `main_description`, `blog_image`, `blog_visibility`, `blog_tags`) VALUES (NULL, \'\', \'\', \'\', \'public\', \'trends, celebs,\')')
 3 SYSTEMPATH\Database\BaseConnection.php(607): CodeIgniter\Database\BaseConnection->simpleQuery('INSERT INTO `blogs` (`blog_title`, `blog_description`, `main_description`, `blog_image`, `blog_visibility`, `blog_tags`) VALUES (NULL, \'\', \'\', \'\', \'public\', \'trends, celebs,\')')
 4 SYSTEMPATH\Database\BaseBuilder.php(2307): CodeIgniter\Database\BaseConnection->query('INSERT INTO `blogs` (`blog_title`, `blog_description`, `main_description`, `blog_image`, `blog_visibility`, `blog_tags`) VALUES (:blog_title:, :blog_description:, :main_description:, :blog_image:, :blog_visibility:, :blog_tags:)', [...], false)
 5 SYSTEMPATH\Model.php(327): CodeIgniter\Database\BaseBuilder->insert()
 6 SYSTEMPATH\BaseModel.php(802): CodeIgniter\Model->doInsert([...])
 7 SYSTEMPATH\Model.php(749): CodeIgniter\BaseModel->insert([...], true)
 8 APPPATH\Models\blogs_model.php(22): CodeIgniter\Model->insert([...])
 9 APPPATH\Controllers\Blogs.php(134): App\Models\Blogs_model->insertmyblogpost([...])
10 SYSTEMPATH\CodeIgniter.php(943): App\Controllers\Blogs->publishmyblog('15')
11 SYSTEMPATH\CodeIgniter.php(503): CodeIgniter\CodeIgniter->runController(Object(App\Controllers\Blogs))
12 SYSTEMPATH\CodeIgniter.php(361): CodeIgniter\CodeIgniter->handleRequest(null, Object(Config\Cache), false)
13 FCPATH\index.php(79): CodeIgniter\CodeIgniter->run()
CRITICAL - 2024-05-07 11:15:37 --> CodeIgniter\Database\Exceptions\DataException: There is no data to update.
in SYSTEMPATH\BaseModel.php on line 1778.
 1 SYSTEMPATH\BaseModel.php(1778): CodeIgniter\Database\Exceptions\DataException::forEmptyDataset('update')
 2 SYSTEMPATH\BaseModel.php(956): CodeIgniter\BaseModel->transformDataToArray(null, 'update')
 3 SYSTEMPATH\Model.php(812): CodeIgniter\BaseModel->update(null, null)
 4 APPPATH\Models\blogs_model.php(40): CodeIgniter\Model->update(null)
 5 APPPATH\Controllers\Blogs.php(174): App\Models\Blogs_model->updatablogsdata(null, [...])
 6 SYSTEMPATH\CodeIgniter.php(943): App\Controllers\Blogs->publishblog(null)
 7 SYSTEMPATH\CodeIgniter.php(503): CodeIgniter\CodeIgniter->runController(Object(App\Controllers\Blogs))
 8 SYSTEMPATH\CodeIgniter.php(361): CodeIgniter\CodeIgniter->handleRequest(null, Object(Config\Cache), false)
 9 FCPATH\index.php(79): CodeIgniter\CodeIgniter->run()
CRITICAL - 2024-05-07 11:21:03 --> CodeIgniter\Database\Exceptions\DatabaseException: Updates are not allowed unless they contain a "where" or "like" clause.
in SYSTEMPATH\Model.php on line 389.
 1 SYSTEMPATH\BaseModel.php(987): CodeIgniter\Model->doUpdate(null, [...])
 2 SYSTEMPATH\Model.php(812): CodeIgniter\BaseModel->update(null, [...])
 3 APPPATH\Models\blogs_model.php(40): CodeIgniter\Model->update(null, [...])
 4 APPPATH\Controllers\Blogs.php(175): App\Models\Blogs_model->updatablogsdata(null, [...])
 5 SYSTEMPATH\CodeIgniter.php(943): App\Controllers\Blogs->publishblog(null)
 6 SYSTEMPATH\CodeIgniter.php(503): CodeIgniter\CodeIgniter->runController(Object(App\Controllers\Blogs))
 7 SYSTEMPATH\CodeIgniter.php(361): CodeIgniter\CodeIgniter->handleRequest(null, Object(Config\Cache), false)
 8 FCPATH\index.php(79): CodeIgniter\CodeIgniter->run()
CRITICAL - 2024-05-07 11:22:47 --> CodeIgniter\Database\Exceptions\DatabaseException: Updates are not allowed unless they contain a "where" or "like" clause.
in SYSTEMPATH\Model.php on line 389.
 1 SYSTEMPATH\BaseModel.php(987): CodeIgniter\Model->doUpdate(null, [...])
 2 SYSTEMPATH\Model.php(812): CodeIgniter\BaseModel->update(null, [...])
 3 APPPATH\Models\blogs_model.php(40): CodeIgniter\Model->update(null, [...])
 4 APPPATH\Controllers\Blogs.php(175): App\Models\Blogs_model->updatablogsdata(null, [...])
 5 SYSTEMPATH\CodeIgniter.php(943): App\Controllers\Blogs->publishblog(null)
 6 SYSTEMPATH\CodeIgniter.php(503): CodeIgniter\CodeIgniter->runController(Object(App\Controllers\Blogs))
 7 SYSTEMPATH\CodeIgniter.php(361): CodeIgniter\CodeIgniter->handleRequest(null, Object(Config\Cache), false)
 8 FCPATH\index.php(79): CodeIgniter\CodeIgniter->run()
CRITICAL - 2024-05-07 11:25:40 --> CodeIgniter\Database\Exceptions\DataException: There is no data to update.
in SYSTEMPATH\BaseModel.php on line 1778.
 1 SYSTEMPATH\BaseModel.php(1778): CodeIgniter\Database\Exceptions\DataException::forEmptyDataset('update')
 2 SYSTEMPATH\BaseModel.php(956): CodeIgniter\BaseModel->transformDataToArray(null, 'update')
 3 SYSTEMPATH\Model.php(812): CodeIgniter\BaseModel->update([...], null)
 4 APPPATH\Controllers\Blogs.php(166): CodeIgniter\Model->update([...])
 5 SYSTEMPATH\CodeIgniter.php(943): App\Controllers\Blogs->publishmyblogs('14')
 6 SYSTEMPATH\CodeIgniter.php(503): CodeIgniter\CodeIgniter->runController(Object(App\Controllers\Blogs))
 7 SYSTEMPATH\CodeIgniter.php(361): CodeIgniter\CodeIgniter->handleRequest(null, Object(Config\Cache), false)
 8 FCPATH\index.php(79): CodeIgniter\CodeIgniter->run()
CRITICAL - 2024-05-07 11:27:19 --> CodeIgniter\Database\Exceptions\DatabaseException: Updates are not allowed unless they contain a "where" or "like" clause.
in SYSTEMPATH\Model.php on line 389.
 1 SYSTEMPATH\BaseModel.php(987): CodeIgniter\Model->doUpdate(null, [...])
 2 SYSTEMPATH\Model.php(812): CodeIgniter\BaseModel->update(null, [...])
 3 APPPATH\Models\blogs_model.php(40): CodeIgniter\Model->update(null, [...])
 4 APPPATH\Controllers\Blogs.php(175): App\Models\Blogs_model->updatablogsdata(null, [...])
 5 SYSTEMPATH\CodeIgniter.php(943): App\Controllers\Blogs->publishblog(null)
 6 SYSTEMPATH\CodeIgniter.php(503): CodeIgniter\CodeIgniter->runController(Object(App\Controllers\Blogs))
 7 SYSTEMPATH\CodeIgniter.php(361): CodeIgniter\CodeIgniter->handleRequest(null, Object(Config\Cache), false)
 8 FCPATH\index.php(79): CodeIgniter\CodeIgniter->run()
CRITICAL - 2024-05-07 11:28:25 --> CodeIgniter\Database\Exceptions\DataException: There is no data to update.
in SYSTEMPATH\BaseModel.php on line 1778.
 1 SYSTEMPATH\BaseModel.php(1778): CodeIgniter\Database\Exceptions\DataException::forEmptyDataset('update')
 2 SYSTEMPATH\BaseModel.php(956): CodeIgniter\BaseModel->transformDataToArray(null, 'update')
 3 SYSTEMPATH\Model.php(812): CodeIgniter\BaseModel->update([...], null)
 4 APPPATH\Controllers\Blogs.php(174): CodeIgniter\Model->update([...])
 5 SYSTEMPATH\CodeIgniter.php(943): App\Controllers\Blogs->publishblog(null)
 6 SYSTEMPATH\CodeIgniter.php(503): CodeIgniter\CodeIgniter->runController(Object(App\Controllers\Blogs))
 7 SYSTEMPATH\CodeIgniter.php(361): CodeIgniter\CodeIgniter->handleRequest(null, Object(Config\Cache), false)
 8 FCPATH\index.php(79): CodeIgniter\CodeIgniter->run()
CRITICAL - 2024-05-07 11:29:44 --> BadMethodCallException: Call to undefined method App\Models\Blogs_model::updatablogsdata
in SYSTEMPATH\Model.php on line 879.
 1 APPPATH\Controllers\Blogs.php(175): CodeIgniter\Model->__call('updatablogsdata', [...])
 2 SYSTEMPATH\CodeIgniter.php(943): App\Controllers\Blogs->publishblog(null)
 3 SYSTEMPATH\CodeIgniter.php(503): CodeIgniter\CodeIgniter->runController(Object(App\Controllers\Blogs))
 4 SYSTEMPATH\CodeIgniter.php(361): CodeIgniter\CodeIgniter->handleRequest(null, Object(Config\Cache), false)
 5 FCPATH\index.php(79): CodeIgniter\CodeIgniter->run()
CRITICAL - 2024-05-07 12:11:54 --> ParseError: syntax error, unexpected token ")", expecting variable or "{" or "$"
in APPPATH\Controllers\Blogs.php on line 135.
 1 SYSTEMPATH\Autoloader\Autoloader.php(290): CodeIgniter\Autoloader\Autoloader->includeFile('H:\\Xampp\\htdocs\\driphunter\\app\\Controllers\\Blogs.php')
 2 SYSTEMPATH\Autoloader\Autoloader.php(266): CodeIgniter\Autoloader\Autoloader->loadInNamespace('App\\Controllers\\Blogs')
 3 [internal function]: CodeIgniter\Autoloader\Autoloader->loadClass('App\\Controllers\\Blogs')
 4 SYSTEMPATH\CodeIgniter.php(901): class_exists('\\App\\Controllers\\Blogs', true)
 5 SYSTEMPATH\CodeIgniter.php(490): CodeIgniter\CodeIgniter->startController()
 6 SYSTEMPATH\CodeIgniter.php(361): CodeIgniter\CodeIgniter->handleRequest(null, Object(Config\Cache), false)
 7 FCPATH\index.php(79): CodeIgniter\CodeIgniter->run()
CRITICAL - 2024-05-07 12:12:28 --> ParseError: syntax error, unexpected token ")", expecting variable or "{" or "$"
in APPPATH\Controllers\Blogs.php on line 135.
 1 SYSTEMPATH\Autoloader\Autoloader.php(290): CodeIgniter\Autoloader\Autoloader->includeFile('H:\\Xampp\\htdocs\\driphunter\\app\\Controllers\\Blogs.php')
 2 SYSTEMPATH\Autoloader\Autoloader.php(266): CodeIgniter\Autoloader\Autoloader->loadInNamespace('App\\Controllers\\Blogs')
 3 [internal function]: CodeIgniter\Autoloader\Autoloader->loadClass('App\\Controllers\\Blogs')
 4 SYSTEMPATH\CodeIgniter.php(901): class_exists('\\App\\Controllers\\Blogs', true)
 5 SYSTEMPATH\CodeIgniter.php(490): CodeIgniter\CodeIgniter->startController()
 6 SYSTEMPATH\CodeIgniter.php(361): CodeIgniter\CodeIgniter->handleRequest(null, Object(Config\Cache), false)
 7 FCPATH\index.php(79): CodeIgniter\CodeIgniter->run()
CRITICAL - 2024-05-07 12:12:30 --> ParseError: syntax error, unexpected token ")", expecting variable or "{" or "$"
in APPPATH\Controllers\Blogs.php on line 135.
 1 SYSTEMPATH\Autoloader\Autoloader.php(290): CodeIgniter\Autoloader\Autoloader->includeFile('H:\\Xampp\\htdocs\\driphunter\\app\\Controllers\\Blogs.php')
 2 SYSTEMPATH\Autoloader\Autoloader.php(266): CodeIgniter\Autoloader\Autoloader->loadInNamespace('App\\Controllers\\Blogs')
 3 [internal function]: CodeIgniter\Autoloader\Autoloader->loadClass('App\\Controllers\\Blogs')
 4 SYSTEMPATH\CodeIgniter.php(901): class_exists('\\App\\Controllers\\Blogs', true)
 5 SYSTEMPATH\CodeIgniter.php(490): CodeIgniter\CodeIgniter->startController()
 6 SYSTEMPATH\CodeIgniter.php(361): CodeIgniter\CodeIgniter->handleRequest(null, Object(Config\Cache), false)
 7 FCPATH\index.php(79): CodeIgniter\CodeIgniter->run()
CRITICAL - 2024-05-07 12:12:31 --> ParseError: syntax error, unexpected token ")", expecting variable or "{" or "$"
in APPPATH\Controllers\Blogs.php on line 135.
 1 SYSTEMPATH\Autoloader\Autoloader.php(290): CodeIgniter\Autoloader\Autoloader->includeFile('H:\\Xampp\\htdocs\\driphunter\\app\\Controllers\\Blogs.php')
 2 SYSTEMPATH\Autoloader\Autoloader.php(266): CodeIgniter\Autoloader\Autoloader->loadInNamespace('App\\Controllers\\Blogs')
 3 [internal function]: CodeIgniter\Autoloader\Autoloader->loadClass('App\\Controllers\\Blogs')
 4 SYSTEMPATH\CodeIgniter.php(901): class_exists('\\App\\Controllers\\Blogs', true)
 5 SYSTEMPATH\CodeIgniter.php(490): CodeIgniter\CodeIgniter->startController()
 6 SYSTEMPATH\CodeIgniter.php(361): CodeIgniter\CodeIgniter->handleRequest(null, Object(Config\Cache), false)
 7 FCPATH\index.php(79): CodeIgniter\CodeIgniter->run()
CRITICAL - 2024-05-07 12:12:38 --> ParseError: syntax error, unexpected token ")", expecting variable or "{" or "$"
in APPPATH\Controllers\Blogs.php on line 135.
 1 SYSTEMPATH\Autoloader\Autoloader.php(290): CodeIgniter\Autoloader\Autoloader->includeFile('H:\\Xampp\\htdocs\\driphunter\\app\\Controllers\\Blogs.php')
 2 SYSTEMPATH\Autoloader\Autoloader.php(266): CodeIgniter\Autoloader\Autoloader->loadInNamespace('App\\Controllers\\Blogs')
 3 [internal function]: CodeIgniter\Autoloader\Autoloader->loadClass('App\\Controllers\\Blogs')
 4 SYSTEMPATH\CodeIgniter.php(901): class_exists('\\App\\Controllers\\Blogs', true)
 5 SYSTEMPATH\CodeIgniter.php(490): CodeIgniter\CodeIgniter->startController()
 6 SYSTEMPATH\CodeIgniter.php(361): CodeIgniter\CodeIgniter->handleRequest(null, Object(Config\Cache), false)
 7 FCPATH\index.php(79): CodeIgniter\CodeIgniter->run()
CRITICAL - 2024-05-07 15:43:30 --> ErrorException: Undefined array key "blog_category"
in APPPATH\Views\blogs_view.php on line 75.
 1 APPPATH\Views\blogs_view.php(75): CodeIgniter\Debug\Exceptions->errorHandler(2, 'Undefined array key "blog_category"', 'H:\\Xampp\\htdocs\\driphunter\\app\\Views\\blogs_view.php', 75)
 2 SYSTEMPATH\View\View.php(228): include('H:\\Xampp\\htdocs\\driphunter\\app\\Views\\blogs_view.php')
 3 SYSTEMPATH\View\View.php(231): CodeIgniter\View\View->CodeIgniter\View\{closure}()
 4 SYSTEMPATH\Common.php(1178): CodeIgniter\View\View->render('blogs_view', [], true)
 5 APPPATH\Controllers\Blogs.php(18): view('blogs_view', [...])
 6 SYSTEMPATH\CodeIgniter.php(943): App\Controllers\Blogs->index()
 7 SYSTEMPATH\CodeIgniter.php(503): CodeIgniter\CodeIgniter->runController(Object(App\Controllers\Blogs))
 8 SYSTEMPATH\CodeIgniter.php(361): CodeIgniter\CodeIgniter->handleRequest(null, Object(Config\Cache), false)
 9 FCPATH\index.php(79): CodeIgniter\CodeIgniter->run()
CRITICAL - 2024-05-07 15:43:44 --> ErrorException: Undefined array key "blog_publish_date"
in APPPATH\Views\blogs_view.php on line 76.
 1 APPPATH\Views\blogs_view.php(76): CodeIgniter\Debug\Exceptions->errorHandler(2, 'Undefined array key "blog_publish_date"', 'H:\\Xampp\\htdocs\\driphunter\\app\\Views\\blogs_view.php', 76)
 2 SYSTEMPATH\View\View.php(228): include('H:\\Xampp\\htdocs\\driphunter\\app\\Views\\blogs_view.php')
 3 SYSTEMPATH\View\View.php(231): CodeIgniter\View\View->CodeIgniter\View\{closure}()
 4 SYSTEMPATH\Common.php(1178): CodeIgniter\View\View->render('blogs_view', [], true)
 5 APPPATH\Controllers\Blogs.php(18): view('blogs_view', [...])
 6 SYSTEMPATH\CodeIgniter.php(943): App\Controllers\Blogs->index()
 7 SYSTEMPATH\CodeIgniter.php(503): CodeIgniter\CodeIgniter->runController(Object(App\Controllers\Blogs))
 8 SYSTEMPATH\CodeIgniter.php(361): CodeIgniter\CodeIgniter->handleRequest(null, Object(Config\Cache), false)
 9 FCPATH\index.php(79): CodeIgniter\CodeIgniter->run()
