INFO - 2025-01-29 09:23:23 --> Session: Class initialized using 'CodeIgniter\Session\Handlers\FileHandler' driver.
INFO - 2025-01-29 09:23:31 --> Session: Class initialized using 'CodeIgniter\Session\Handlers\FileHandler' driver.
INFO - 2025-01-29 09:23:31 --> Session: Class initialized using 'CodeIgniter\Session\Handlers\FileHandler' driver.
INFO - 2025-01-29 09:23:39 --> Session: Class initialized using 'CodeIgniter\Session\Handlers\FileHandler' driver.
INFO - 2025-01-29 09:23:39 --> Session: Class initialized using 'CodeIgniter\Session\Handlers\FileHandler' driver.
INFO - 2025-01-29 09:23:46 --> Session: Class initialized using 'CodeIgniter\Session\Handlers\FileHandler' driver.
INFO - 2025-01-29 09:23:46 --> Session: Class initialized using 'CodeIgniter\Session\Handlers\FileHandler' driver.
INFO - 2025-01-29 10:41:36 --> Session: Class initialized using 'CodeIgniter\Session\Handlers\FileHandler' driver.
INFO - 2025-01-29 10:41:36 --> Entering BlueDart management method
INFO - 2025-01-29 10:41:36 --> Fetched all pending shipments
INFO - 2025-01-29 10:41:36 --> Fetched BlueDart orders: 6
INFO - 2025-01-29 10:41:36 --> Rendering BlueDart view
CRITICAL - 2025-01-29 10:41:37 --> CodeIgniter\HTTP\Exceptions\BadRequestException: The URI you submitted has disallowed characters: "shoe-1 (2).webp"
in SYSTEMPATH/Router/Router.php on line 704.
 1 SYSTEMPATH/Router/Router.php(195): CodeIgniter\Router\Router->checkDisallowedChars()
 2 SYSTEMPATH/CodeIgniter.php(825): CodeIgniter\Router\Router->handle()
 3 SYSTEMPATH/CodeIgniter.php(450): CodeIgniter\CodeIgniter->tryToRouteIt()
 4 SYSTEMPATH/CodeIgniter.php(361): CodeIgniter\CodeIgniter->handleRequest()
 5 FCPATH/index.php(79): CodeIgniter\CodeIgniter->run()
INFO - 2025-01-29 10:42:09 --> Session: Class initialized using 'CodeIgniter\Session\Handlers\FileHandler' driver.
INFO - 2025-01-29 10:42:14 --> Session: Class initialized using 'CodeIgniter\Session\Handlers\FileHandler' driver.
INFO - 2025-01-29 10:42:16 --> Session: Class initialized using 'CodeIgniter\Session\Handlers\FileHandler' driver.
INFO - 2025-01-29 10:42:58 --> Session: Class initialized using 'CodeIgniter\Session\Handlers\FileHandler' driver.
INFO - 2025-01-29 10:42:58 --> Starting fetchEmails method
INFO - 2025-01-29 10:42:58 --> Starting email processing
INFO - 2025-01-29 10:43:00 --> Email processing completed. Processed 0 new emails
INFO - 2025-01-29 10:43:00 --> Fetching email threads
INFO - 2025-01-29 10:43:00 --> Found 6 root emails
INFO - 2025-01-29 10:43:00 --> Processed 6 email threads
INFO - 2025-01-29 10:43:00 --> Retrieved 6 email threads
INFO - 2025-01-29 10:43:16 --> Session: Class initialized using 'CodeIgniter\Session\Handlers\FileHandler' driver.
DEBUG - 2025-01-29 10:43:16 --> Checking permission: User ID: 253, Table: bundles, Action: delete
DEBUG - 2025-01-29 10:43:16 --> Permission denied: User ID: 253, Table: bundles, Action: delete
DEBUG - 2025-01-29 10:43:16 --> Checking permission: User ID: 253, Table: bundles, Action: import
DEBUG - 2025-01-29 10:43:16 --> Permission denied: User ID: 253, Table: bundles, Action: import
DEBUG - 2025-01-29 10:43:16 --> Checking permission: User ID: 253, Table: bundles, Action: export
DEBUG - 2025-01-29 10:43:16 --> Permission denied: User ID: 253, Table: bundles, Action: export
DEBUG - 2025-01-29 10:43:16 --> Checking permission: User ID: 253, Table: bundles, Action: logs
DEBUG - 2025-01-29 10:43:16 --> Permission denied: User ID: 253, Table: bundles, Action: logs
INFO - 2025-01-29 10:43:19 --> Session: Class initialized using 'CodeIgniter\Session\Handlers\FileHandler' driver.
INFO - 2025-01-29 10:43:19 --> Session: Class initialized using 'CodeIgniter\Session\Handlers\FileHandler' driver.
INFO - 2025-01-29 10:43:23 --> Session: Class initialized using 'CodeIgniter\Session\Handlers\FileHandler' driver.
INFO - 2025-01-29 10:43:28 --> Session: Class initialized using 'CodeIgniter\Session\Handlers\FileHandler' driver.
INFO - 2025-01-29 10:43:33 --> Session: Class initialized using 'CodeIgniter\Session\Handlers\FileHandler' driver.
INFO - 2025-01-29 10:43:33 --> Session: Class initialized using 'CodeIgniter\Session\Handlers\FileHandler' driver.
INFO - 2025-01-29 10:43:37 --> Session: Class initialized using 'CodeIgniter\Session\Handlers\FileHandler' driver.
INFO - 2025-01-29 10:43:39 --> Session: Class initialized using 'CodeIgniter\Session\Handlers\FileHandler' driver.
INFO - 2025-01-29 10:43:39 --> Session: Class initialized using 'CodeIgniter\Session\Handlers\FileHandler' driver.
INFO - 2025-01-29 10:43:44 --> Session: Class initialized using 'CodeIgniter\Session\Handlers\FileHandler' driver.
INFO - 2025-01-29 10:43:47 --> Session: Class initialized using 'CodeIgniter\Session\Handlers\FileHandler' driver.
WARNING - 2025-01-29 10:43:47 --> [DEPRECATED] Creation of dynamic property App\Controllers\CatalogController::$permissionsModel is deprecated in APPPATH/Controllers/CatalogController.php on line 17.
 1 SYSTEMPATH/CodeIgniter.php(915): App\Controllers\CatalogController->__construct()
 2 SYSTEMPATH/CodeIgniter.php(494): CodeIgniter\CodeIgniter->createController()
 3 SYSTEMPATH/CodeIgniter.php(361): CodeIgniter\CodeIgniter->handleRequest(null, Object(Config\Cache), false)
 4 FCPATH/index.php(79): CodeIgniter\CodeIgniter->run()
INFO - 2025-01-29 10:43:49 --> Session: Class initialized using 'CodeIgniter\Session\Handlers\FileHandler' driver.
WARNING - 2025-01-29 10:43:49 --> [DEPRECATED] Creation of dynamic property App\Controllers\CatalogController::$permissionsModel is deprecated in APPPATH/Controllers/CatalogController.php on line 17.
 1 SYSTEMPATH/CodeIgniter.php(915): App\Controllers\CatalogController->__construct()
 2 SYSTEMPATH/CodeIgniter.php(494): CodeIgniter\CodeIgniter->createController()
 3 SYSTEMPATH/CodeIgniter.php(361): CodeIgniter\CodeIgniter->handleRequest(null, Object(Config\Cache), false)
 4 FCPATH/index.php(79): CodeIgniter\CodeIgniter->run()
INFO - 2025-01-29 10:43:56 --> Session: Class initialized using 'CodeIgniter\Session\Handlers\FileHandler' driver.
WARNING - 2025-01-29 10:43:56 --> [DEPRECATED] Creation of dynamic property App\Controllers\CatalogController::$permissionsModel is deprecated in APPPATH/Controllers/CatalogController.php on line 17.
 1 SYSTEMPATH/CodeIgniter.php(915): App\Controllers\CatalogController->__construct()
 2 SYSTEMPATH/CodeIgniter.php(494): CodeIgniter\CodeIgniter->createController()
 3 SYSTEMPATH/CodeIgniter.php(361): CodeIgniter\CodeIgniter->handleRequest(null, Object(Config\Cache), false)
 4 FCPATH/index.php(79): CodeIgniter\CodeIgniter->run()
INFO - 2025-01-29 10:44:00 --> Session: Class initialized using 'CodeIgniter\Session\Handlers\FileHandler' driver.
INFO - 2025-01-29 10:44:21 --> Session: Class initialized using 'CodeIgniter\Session\Handlers\FileHandler' driver.
INFO - 2025-01-29 10:44:21 --> Session: Class initialized using 'CodeIgniter\Session\Handlers\FileHandler' driver.
INFO - 2025-01-29 10:44:43 --> Session: Class initialized using 'CodeIgniter\Session\Handlers\FileHandler' driver.
INFO - 2025-01-29 10:44:43 --> Session: Class initialized using 'CodeIgniter\Session\Handlers\FileHandler' driver.
INFO - 2025-01-29 10:44:48 --> Session: Class initialized using 'CodeIgniter\Session\Handlers\FileHandler' driver.
INFO - 2025-01-29 10:44:48 --> Session: Class initialized using 'CodeIgniter\Session\Handlers\FileHandler' driver.
INFO - 2025-01-29 10:44:51 --> Session: Class initialized using 'CodeIgniter\Session\Handlers\FileHandler' driver.
INFO - 2025-01-29 10:44:59 --> Session: Class initialized using 'CodeIgniter\Session\Handlers\FileHandler' driver.
INFO - 2025-01-29 10:44:59 --> Session: Class initialized using 'CodeIgniter\Session\Handlers\FileHandler' driver.
INFO - 2025-01-29 10:45:01 --> Session: Class initialized using 'CodeIgniter\Session\Handlers\FileHandler' driver.
INFO - 2025-01-29 10:45:03 --> Session: Class initialized using 'CodeIgniter\Session\Handlers\FileHandler' driver.
INFO - 2025-01-29 10:45:03 --> Session: Class initialized using 'CodeIgniter\Session\Handlers\FileHandler' driver.
INFO - 2025-01-29 10:45:05 --> Session: Class initialized using 'CodeIgniter\Session\Handlers\FileHandler' driver.
INFO - 2025-01-29 10:45:07 --> Session: Class initialized using 'CodeIgniter\Session\Handlers\FileHandler' driver.
WARNING - 2025-01-29 10:45:07 --> [DEPRECATED] Creation of dynamic property App\Controllers\CatalogController::$permissionsModel is deprecated in APPPATH/Controllers/CatalogController.php on line 17.
 1 SYSTEMPATH/CodeIgniter.php(915): App\Controllers\CatalogController->__construct()
 2 SYSTEMPATH/CodeIgniter.php(494): CodeIgniter\CodeIgniter->createController()
 3 SYSTEMPATH/CodeIgniter.php(361): CodeIgniter\CodeIgniter->handleRequest(null, Object(Config\Cache), false)
 4 FCPATH/index.php(79): CodeIgniter\CodeIgniter->run()
INFO - 2025-01-29 10:45:35 --> Session: Class initialized using 'CodeIgniter\Session\Handlers\FileHandler' driver.
INFO - 2025-01-29 10:45:36 --> Session: Class initialized using 'CodeIgniter\Session\Handlers\FileHandler' driver.
INFO - 2025-01-29 10:45:38 --> Session: Class initialized using 'CodeIgniter\Session\Handlers\FileHandler' driver.
INFO - 2025-01-29 11:10:15 --> Session: Class initialized using 'CodeIgniter\Session\Handlers\FileHandler' driver.
INFO - 2025-01-29 11:12:43 --> Session: Class initialized using 'CodeIgniter\Session\Handlers\FileHandler' driver.
INFO - 2025-01-29 11:12:45 --> Session: Class initialized using 'CodeIgniter\Session\Handlers\FileHandler' driver.
INFO - 2025-01-29 11:12:58 --> Session: Class initialized using 'CodeIgniter\Session\Handlers\FileHandler' driver.
INFO - 2025-01-29 11:13:00 --> Session: Class initialized using 'CodeIgniter\Session\Handlers\FileHandler' driver.
INFO - 2025-01-29 11:19:19 --> Session: Class initialized using 'CodeIgniter\Session\Handlers\FileHandler' driver.
DEBUG - 2025-01-29 11:19:19 --> Checking permission: User ID: 253, Table: bundles, Action: delete
DEBUG - 2025-01-29 11:19:19 --> Permission denied: User ID: 253, Table: bundles, Action: delete
DEBUG - 2025-01-29 11:19:19 --> Checking permission: User ID: 253, Table: bundles, Action: import
DEBUG - 2025-01-29 11:19:19 --> Permission denied: User ID: 253, Table: bundles, Action: import
DEBUG - 2025-01-29 11:19:19 --> Checking permission: User ID: 253, Table: bundles, Action: export
DEBUG - 2025-01-29 11:19:19 --> Permission denied: User ID: 253, Table: bundles, Action: export
DEBUG - 2025-01-29 11:19:19 --> Checking permission: User ID: 253, Table: bundles, Action: logs
DEBUG - 2025-01-29 11:19:19 --> Permission denied: User ID: 253, Table: bundles, Action: logs
INFO - 2025-01-29 11:19:22 --> Session: Class initialized using 'CodeIgniter\Session\Handlers\FileHandler' driver.
INFO - 2025-01-29 11:19:22 --> Session: Class initialized using 'CodeIgniter\Session\Handlers\FileHandler' driver.
INFO - 2025-01-29 11:19:25 --> Session: Class initialized using 'CodeIgniter\Session\Handlers\FileHandler' driver.
DEBUG - 2025-01-29 11:19:25 --> Checking permission: User ID: 253, Table: bundles, Action: delete
DEBUG - 2025-01-29 11:19:25 --> Permission denied: User ID: 253, Table: bundles, Action: delete
DEBUG - 2025-01-29 11:19:25 --> Checking permission: User ID: 253, Table: bundles, Action: import
DEBUG - 2025-01-29 11:19:25 --> Permission denied: User ID: 253, Table: bundles, Action: import
DEBUG - 2025-01-29 11:19:25 --> Checking permission: User ID: 253, Table: bundles, Action: export
DEBUG - 2025-01-29 11:19:25 --> Permission denied: User ID: 253, Table: bundles, Action: export
DEBUG - 2025-01-29 11:19:25 --> Checking permission: User ID: 253, Table: bundles, Action: logs
DEBUG - 2025-01-29 11:19:25 --> Permission denied: User ID: 253, Table: bundles, Action: logs
INFO - 2025-01-29 11:20:51 --> Session: Class initialized using 'CodeIgniter\Session\Handlers\FileHandler' driver.
ERROR - 2025-01-29 11:20:52 --> mysqli_sql_exception: Unknown column 'i.id' in 'SELECT' in /home/u541614220/domains/avhadenterprises.com/public_html/admin/sportzsaga/system/Database/MySQLi/Connection.php:306
Stack trace:
#0 /home/u541614220/domains/avhadenterprises.com/public_html/admin/sportzsaga/system/Database/MySQLi/Connection.php(306): mysqli->query()
#1 /home/u541614220/domains/avhadenterprises.com/public_html/admin/sportzsaga/system/Database/BaseConnection.php(693): CodeIgniter\Database\MySQLi\Connection->execute()
#2 /home/u541614220/domains/avhadenterprises.com/public_html/admin/sportzsaga/system/Database/BaseConnection.php(607): CodeIgniter\Database\BaseConnection->simpleQuery()
#3 /home/u541614220/domains/avhadenterprises.com/public_html/admin/sportzsaga/system/Database/BaseBuilder.php(1616): CodeIgniter\Database\BaseConnection->query()
#4 /home/u541614220/domains/avhadenterprises.com/public_html/admin/sportzsaga/app/Controllers/InventoryController.php(179): CodeIgniter\Database\BaseBuilder->get()
#5 /home/u541614220/domains/avhadenterprises.com/public_html/admin/sportzsaga/system/CodeIgniter.php(943): App\Controllers\InventoryController->inventoryList()
#6 /home/u541614220/domains/avhadenterprises.com/public_html/admin/sportzsaga/system/CodeIgniter.php(503): CodeIgniter\CodeIgniter->runController()
#7 /home/u541614220/domains/avhadenterprises.com/public_html/admin/sportzsaga/system/CodeIgniter.php(361): CodeIgniter\CodeIgniter->handleRequest()
#8 /home/u541614220/domains/avhadenterprises.com/public_html/admin/sportzsaga/index.php(79): CodeIgniter\CodeIgniter->run()
#9 {main}
CRITICAL - 2025-01-29 11:20:52 --> CodeIgniter\Database\Exceptions\DatabaseException: Unknown column 'i.id' in 'SELECT'
in SYSTEMPATH/Database/BaseConnection.php on line 647.
 1 SYSTEMPATH/Database/BaseBuilder.php(1616): CodeIgniter\Database\BaseConnection->query()
 2 APPPATH/Controllers/InventoryController.php(179): CodeIgniter\Database\BaseBuilder->get()
 3 SYSTEMPATH/CodeIgniter.php(943): App\Controllers\InventoryController->inventoryList()
 4 SYSTEMPATH/CodeIgniter.php(503): CodeIgniter\CodeIgniter->runController()
 5 SYSTEMPATH/CodeIgniter.php(361): CodeIgniter\CodeIgniter->handleRequest()
 6 FCPATH/index.php(79): CodeIgniter\CodeIgniter->run()
CRITICAL - 2025-01-29 11:20:52 --> [Caused by] CodeIgniter\Database\Exceptions\DatabaseException: Unknown column 'i.id' in 'SELECT'
in SYSTEMPATH/Database/MySQLi/Connection.php on line 311.
 1 SYSTEMPATH/Database/BaseConnection.php(693): CodeIgniter\Database\MySQLi\Connection->execute()
 2 SYSTEMPATH/Database/BaseConnection.php(607): CodeIgniter\Database\BaseConnection->simpleQuery()
 3 SYSTEMPATH/Database/BaseBuilder.php(1616): CodeIgniter\Database\BaseConnection->query()
 4 APPPATH/Controllers/InventoryController.php(179): CodeIgniter\Database\BaseBuilder->get()
 5 SYSTEMPATH/CodeIgniter.php(943): App\Controllers\InventoryController->inventoryList()
 6 SYSTEMPATH/CodeIgniter.php(503): CodeIgniter\CodeIgniter->runController()
 7 SYSTEMPATH/CodeIgniter.php(361): CodeIgniter\CodeIgniter->handleRequest()
 8 FCPATH/index.php(79): CodeIgniter\CodeIgniter->run()
CRITICAL - 2025-01-29 11:20:52 --> [Caused by] mysqli_sql_exception: Unknown column 'i.id' in 'SELECT'
in SYSTEMPATH/Database/MySQLi/Connection.php on line 306.
 1 SYSTEMPATH/Database/MySQLi/Connection.php(306): mysqli->query()
 2 SYSTEMPATH/Database/BaseConnection.php(693): CodeIgniter\Database\MySQLi\Connection->execute()
 3 SYSTEMPATH/Database/BaseConnection.php(607): CodeIgniter\Database\BaseConnection->simpleQuery()
 4 SYSTEMPATH/Database/BaseBuilder.php(1616): CodeIgniter\Database\BaseConnection->query()
 5 APPPATH/Controllers/InventoryController.php(179): CodeIgniter\Database\BaseBuilder->get()
 6 SYSTEMPATH/CodeIgniter.php(943): App\Controllers\InventoryController->inventoryList()
 7 SYSTEMPATH/CodeIgniter.php(503): CodeIgniter\CodeIgniter->runController()
 8 SYSTEMPATH/CodeIgniter.php(361): CodeIgniter\CodeIgniter->handleRequest()
 9 FCPATH/index.php(79): CodeIgniter\CodeIgniter->run()
INFO - 2025-01-29 11:20:56 --> Session: Class initialized using 'CodeIgniter\Session\Handlers\FileHandler' driver.
DEBUG - 2025-01-29 11:20:56 --> Checking permission: User ID: 253, Table: bundles, Action: delete
DEBUG - 2025-01-29 11:20:56 --> Permission denied: User ID: 253, Table: bundles, Action: delete
DEBUG - 2025-01-29 11:20:56 --> Checking permission: User ID: 253, Table: bundles, Action: import
DEBUG - 2025-01-29 11:20:56 --> Permission denied: User ID: 253, Table: bundles, Action: import
DEBUG - 2025-01-29 11:20:56 --> Checking permission: User ID: 253, Table: bundles, Action: export
DEBUG - 2025-01-29 11:20:56 --> Permission denied: User ID: 253, Table: bundles, Action: export
DEBUG - 2025-01-29 11:20:56 --> Checking permission: User ID: 253, Table: bundles, Action: logs
DEBUG - 2025-01-29 11:20:56 --> Permission denied: User ID: 253, Table: bundles, Action: logs
INFO - 2025-01-29 11:21:00 --> Session: Class initialized using 'CodeIgniter\Session\Handlers\FileHandler' driver.
DEBUG - 2025-01-29 11:21:00 --> Checking permission: User ID: 253, Table: bundles, Action: delete
DEBUG - 2025-01-29 11:21:00 --> Permission denied: User ID: 253, Table: bundles, Action: delete
DEBUG - 2025-01-29 11:21:00 --> Checking permission: User ID: 253, Table: bundles, Action: import
DEBUG - 2025-01-29 11:21:00 --> Permission denied: User ID: 253, Table: bundles, Action: import
DEBUG - 2025-01-29 11:21:00 --> Checking permission: User ID: 253, Table: bundles, Action: export
DEBUG - 2025-01-29 11:21:00 --> Permission denied: User ID: 253, Table: bundles, Action: export
DEBUG - 2025-01-29 11:21:00 --> Checking permission: User ID: 253, Table: bundles, Action: logs
DEBUG - 2025-01-29 11:21:00 --> Permission denied: User ID: 253, Table: bundles, Action: logs
INFO - 2025-01-29 11:21:02 --> Session: Class initialized using 'CodeIgniter\Session\Handlers\FileHandler' driver.
INFO - 2025-01-29 11:21:03 --> Session: Class initialized using 'CodeIgniter\Session\Handlers\FileHandler' driver.
INFO - 2025-01-29 11:21:07 --> Session: Class initialized using 'CodeIgniter\Session\Handlers\FileHandler' driver.
INFO - 2025-01-29 11:21:08 --> Session: Class initialized using 'CodeIgniter\Session\Handlers\FileHandler' driver.
INFO - 2025-01-29 11:21:14 --> Session: Class initialized using 'CodeIgniter\Session\Handlers\FileHandler' driver.
ERROR - 2025-01-29 11:21:14 --> mysqli_sql_exception: Unknown column 'session_id' in 'SELECT' in /home/u541614220/domains/avhadenterprises.com/public_html/admin/sportzsaga/system/Database/MySQLi/Connection.php:306
Stack trace:
#0 /home/u541614220/domains/avhadenterprises.com/public_html/admin/sportzsaga/system/Database/MySQLi/Connection.php(306): mysqli->query()
#1 /home/u541614220/domains/avhadenterprises.com/public_html/admin/sportzsaga/system/Database/BaseConnection.php(693): CodeIgniter\Database\MySQLi\Connection->execute()
#2 /home/u541614220/domains/avhadenterprises.com/public_html/admin/sportzsaga/system/Database/BaseConnection.php(607): CodeIgniter\Database\BaseConnection->simpleQuery()
#3 /home/u541614220/domains/avhadenterprises.com/public_html/admin/sportzsaga/system/Database/BaseBuilder.php(1616): CodeIgniter\Database\BaseConnection->query()
#4 /home/u541614220/domains/avhadenterprises.com/public_html/admin/sportzsaga/system/Model.php(243): CodeIgniter\Database\BaseBuilder->get()
#5 /home/u541614220/domains/avhadenterprises.com/public_html/admin/sportzsaga/system/BaseModel.php(638): CodeIgniter\Model->doFindAll()
#6 /home/u541614220/domains/avhadenterprises.com/public_html/admin/sportzsaga/app/Controllers/AbandonedOrderController.php(26): CodeIgniter\BaseModel->findAll()
#7 /home/u541614220/domains/avhadenterprises.com/public_html/admin/sportzsaga/system/CodeIgniter.php(943): App\Controllers\AbandonedOrderController->index()
#8 /home/u541614220/domains/avhadenterprises.com/public_html/admin/sportzsaga/system/CodeIgniter.php(503): CodeIgniter\CodeIgniter->runController()
#9 /home/u541614220/domains/avhadenterprises.com/public_html/admin/sportzsaga/system/CodeIgniter.php(361): CodeIgniter\CodeIgniter->handleRequest()
#10 /home/u541614220/domains/avhadenterprises.com/public_html/admin/sportzsaga/index.php(79): CodeIgniter\CodeIgniter->run()
#11 {main}
CRITICAL - 2025-01-29 11:21:14 --> CodeIgniter\Database\Exceptions\DatabaseException: Unknown column 'session_id' in 'SELECT'
in SYSTEMPATH/Database/BaseConnection.php on line 647.
 1 SYSTEMPATH/Database/BaseBuilder.php(1616): CodeIgniter\Database\BaseConnection->query()
 2 SYSTEMPATH/Model.php(243): CodeIgniter\Database\BaseBuilder->get()
 3 SYSTEMPATH/BaseModel.php(638): CodeIgniter\Model->doFindAll()
 4 APPPATH/Controllers/AbandonedOrderController.php(26): CodeIgniter\BaseModel->findAll()
 5 SYSTEMPATH/CodeIgniter.php(943): App\Controllers\AbandonedOrderController->index()
 6 SYSTEMPATH/CodeIgniter.php(503): CodeIgniter\CodeIgniter->runController()
 7 SYSTEMPATH/CodeIgniter.php(361): CodeIgniter\CodeIgniter->handleRequest()
 8 FCPATH/index.php(79): CodeIgniter\CodeIgniter->run()
CRITICAL - 2025-01-29 11:21:14 --> [Caused by] CodeIgniter\Database\Exceptions\DatabaseException: Unknown column 'session_id' in 'SELECT'
in SYSTEMPATH/Database/MySQLi/Connection.php on line 311.
 1 SYSTEMPATH/Database/BaseConnection.php(693): CodeIgniter\Database\MySQLi\Connection->execute()
 2 SYSTEMPATH/Database/BaseConnection.php(607): CodeIgniter\Database\BaseConnection->simpleQuery()
 3 SYSTEMPATH/Database/BaseBuilder.php(1616): CodeIgniter\Database\BaseConnection->query()
 4 SYSTEMPATH/Model.php(243): CodeIgniter\Database\BaseBuilder->get()
 5 SYSTEMPATH/BaseModel.php(638): CodeIgniter\Model->doFindAll()
 6 APPPATH/Controllers/AbandonedOrderController.php(26): CodeIgniter\BaseModel->findAll()
 7 SYSTEMPATH/CodeIgniter.php(943): App\Controllers\AbandonedOrderController->index()
 8 SYSTEMPATH/CodeIgniter.php(503): CodeIgniter\CodeIgniter->runController()
 9 SYSTEMPATH/CodeIgniter.php(361): CodeIgniter\CodeIgniter->handleRequest()
10 FCPATH/index.php(79): CodeIgniter\CodeIgniter->run()
CRITICAL - 2025-01-29 11:21:14 --> [Caused by] mysqli_sql_exception: Unknown column 'session_id' in 'SELECT'
in SYSTEMPATH/Database/MySQLi/Connection.php on line 306.
 1 SYSTEMPATH/Database/MySQLi/Connection.php(306): mysqli->query()
 2 SYSTEMPATH/Database/BaseConnection.php(693): CodeIgniter\Database\MySQLi\Connection->execute()
 3 SYSTEMPATH/Database/BaseConnection.php(607): CodeIgniter\Database\BaseConnection->simpleQuery()
 4 SYSTEMPATH/Database/BaseBuilder.php(1616): CodeIgniter\Database\BaseConnection->query()
 5 SYSTEMPATH/Model.php(243): CodeIgniter\Database\BaseBuilder->get()
 6 SYSTEMPATH/BaseModel.php(638): CodeIgniter\Model->doFindAll()
 7 APPPATH/Controllers/AbandonedOrderController.php(26): CodeIgniter\BaseModel->findAll()
 8 SYSTEMPATH/CodeIgniter.php(943): App\Controllers\AbandonedOrderController->index()
 9 SYSTEMPATH/CodeIgniter.php(503): CodeIgniter\CodeIgniter->runController()
10 SYSTEMPATH/CodeIgniter.php(361): CodeIgniter\CodeIgniter->handleRequest()
11 FCPATH/index.php(79): CodeIgniter\CodeIgniter->run()
INFO - 2025-01-29 11:21:17 --> Session: Class initialized using 'CodeIgniter\Session\Handlers\FileHandler' driver.
INFO - 2025-01-29 11:21:21 --> Session: Class initialized using 'CodeIgniter\Session\Handlers\FileHandler' driver.
INFO - 2025-01-29 11:21:31 --> Session: Class initialized using 'CodeIgniter\Session\Handlers\FileHandler' driver.
INFO - 2025-01-29 11:21:39 --> Session: Class initialized using 'CodeIgniter\Session\Handlers\FileHandler' driver.
INFO - 2025-01-29 11:21:40 --> Session: Class initialized using 'CodeIgniter\Session\Handlers\FileHandler' driver.
INFO - 2025-01-29 11:21:42 --> Session: Class initialized using 'CodeIgniter\Session\Handlers\FileHandler' driver.
INFO - 2025-01-29 11:21:45 --> Session: Class initialized using 'CodeIgniter\Session\Handlers\FileHandler' driver.
INFO - 2025-01-29 11:21:47 --> Session: Class initialized using 'CodeIgniter\Session\Handlers\FileHandler' driver.
INFO - 2025-01-29 11:21:55 --> Session: Class initialized using 'CodeIgniter\Session\Handlers\FileHandler' driver.
INFO - 2025-01-29 11:22:00 --> Session: Class initialized using 'CodeIgniter\Session\Handlers\FileHandler' driver.
INFO - 2025-01-29 18:57:02 --> Session: Class initialized using 'CodeIgniter\Session\Handlers\FileHandler' driver.
INFO - 2025-01-29 18:57:02 --> Starting fetchEmails method
INFO - 2025-01-29 18:57:02 --> Starting email processing
INFO - 2025-01-29 18:57:03 --> Email processing completed. Processed 0 new emails
INFO - 2025-01-29 18:57:03 --> Fetching email threads
INFO - 2025-01-29 18:57:03 --> Found 6 root emails
INFO - 2025-01-29 18:57:03 --> Processed 6 email threads
INFO - 2025-01-29 18:57:03 --> Retrieved 6 email threads
INFO - 2025-01-29 18:57:42 --> Session: Class initialized using 'CodeIgniter\Session\Handlers\FileHandler' driver.
INFO - 2025-01-29 18:57:42 --> Starting fetchEmails method
INFO - 2025-01-29 18:57:42 --> Starting email processing
INFO - 2025-01-29 18:57:44 --> Email processing completed. Processed 0 new emails
INFO - 2025-01-29 18:57:44 --> Fetching email threads
INFO - 2025-01-29 18:57:44 --> Found 6 root emails
INFO - 2025-01-29 18:57:44 --> Processed 6 email threads
INFO - 2025-01-29 18:57:44 --> Retrieved 6 email threads
INFO - 2025-01-29 19:02:44 --> Session: Class initialized using 'CodeIgniter\Session\Handlers\FileHandler' driver.
INFO - 2025-01-29 19:02:44 --> Starting email processing
INFO - 2025-01-29 19:02:45 --> Email processing completed. Processed 0 new emails
INFO - 2025-01-29 19:07:44 --> Session: Class initialized using 'CodeIgniter\Session\Handlers\FileHandler' driver.
INFO - 2025-01-29 19:07:44 --> Starting email processing
INFO - 2025-01-29 19:07:45 --> Email processing completed. Processed 0 new emails
INFO - 2025-01-29 19:09:25 --> Session: Class initialized using 'CodeIgniter\Session\Handlers\FileHandler' driver.
INFO - 2025-01-29 19:09:25 --> Starting fetchEmails method
INFO - 2025-01-29 19:09:25 --> Starting email processing
INFO - 2025-01-29 19:09:26 --> Email processing completed. Processed 0 new emails
INFO - 2025-01-29 19:09:26 --> Fetching email threads
INFO - 2025-01-29 19:09:26 --> Found 6 root emails
INFO - 2025-01-29 19:09:26 --> Processed 6 email threads
INFO - 2025-01-29 19:09:26 --> Retrieved 6 email threads
INFO - 2025-01-29 19:09:30 --> Session: Class initialized using 'CodeIgniter\Session\Handlers\FileHandler' driver.
INFO - 2025-01-29 19:09:36 --> Session: Class initialized using 'CodeIgniter\Session\Handlers\FileHandler' driver.
INFO - 2025-01-29 19:09:37 --> Session: Class initialized using 'CodeIgniter\Session\Handlers\FileHandler' driver.
INFO - 2025-01-29 19:09:39 --> Session: Class initialized using 'CodeIgniter\Session\Handlers\FileHandler' driver.
DEBUG - 2025-01-29 19:09:39 --> Checking permission: User ID: 253, Table: bundles, Action: delete
DEBUG - 2025-01-29 19:09:39 --> Permission denied: User ID: 253, Table: bundles, Action: delete
DEBUG - 2025-01-29 19:09:39 --> Checking permission: User ID: 253, Table: bundles, Action: import
DEBUG - 2025-01-29 19:09:39 --> Permission denied: User ID: 253, Table: bundles, Action: import
DEBUG - 2025-01-29 19:09:39 --> Checking permission: User ID: 253, Table: bundles, Action: export
DEBUG - 2025-01-29 19:09:39 --> Permission denied: User ID: 253, Table: bundles, Action: export
DEBUG - 2025-01-29 19:09:39 --> Checking permission: User ID: 253, Table: bundles, Action: logs
DEBUG - 2025-01-29 19:09:39 --> Permission denied: User ID: 253, Table: bundles, Action: logs
INFO - 2025-01-29 19:09:43 --> Session: Class initialized using 'CodeIgniter\Session\Handlers\FileHandler' driver.
INFO - 2025-01-29 19:09:45 --> Session: Class initialized using 'CodeIgniter\Session\Handlers\FileHandler' driver.
DEBUG - 2025-01-29 19:09:45 --> Checking permission: User ID: 253, Table: bundles, Action: delete
DEBUG - 2025-01-29 19:09:45 --> Permission denied: User ID: 253, Table: bundles, Action: delete
DEBUG - 2025-01-29 19:09:45 --> Checking permission: User ID: 253, Table: bundles, Action: import
DEBUG - 2025-01-29 19:09:45 --> Permission denied: User ID: 253, Table: bundles, Action: import
DEBUG - 2025-01-29 19:09:45 --> Checking permission: User ID: 253, Table: bundles, Action: export
DEBUG - 2025-01-29 19:09:45 --> Permission denied: User ID: 253, Table: bundles, Action: export
DEBUG - 2025-01-29 19:09:45 --> Checking permission: User ID: 253, Table: bundles, Action: logs
DEBUG - 2025-01-29 19:09:45 --> Permission denied: User ID: 253, Table: bundles, Action: logs
INFO - 2025-01-29 19:32:22 --> Session: Class initialized using 'CodeIgniter\Session\Handlers\FileHandler' driver.
INFO - 2025-01-29 19:32:28 --> Session: Class initialized using 'CodeIgniter\Session\Handlers\FileHandler' driver.
INFO - 2025-01-29 19:32:30 --> Session: Class initialized using 'CodeIgniter\Session\Handlers\FileHandler' driver.
INFO - 2025-01-29 19:32:30 --> Session: Class initialized using 'CodeIgniter\Session\Handlers\FileHandler' driver.
INFO - 2025-01-29 19:32:33 --> Session: Class initialized using 'CodeIgniter\Session\Handlers\FileHandler' driver.
INFO - 2025-01-29 19:32:33 --> Session: Class initialized using 'CodeIgniter\Session\Handlers\FileHandler' driver.
