INFO - 2025-03-02 15:06:28 --> Session: Class initialized using 'CodeIgniter\Session\Handlers\FileHandler' driver.
INFO - 2025-03-02 15:06:28 --> Session: Class initialized using 'CodeIgniter\Session\Handlers\FileHandler' driver.
INFO - 2025-03-02 17:31:06 --> Session: Class initialized using 'CodeIgniter\Session\Handlers\FileHandler' driver.
INFO - 2025-03-02 17:31:10 --> Session: Class initialized using 'CodeIgniter\Session\Handlers\FileHandler' driver.
INFO - 2025-03-02 17:31:11 --> Session: Class initialized using 'CodeIgniter\Session\Handlers\FileHandler' driver.
INFO - 2025-03-02 17:31:36 --> Session: Class initialized using 'CodeIgniter\Session\Handlers\FileHandler' driver.
INFO - 2025-03-02 17:31:40 --> Session: Class initialized using 'CodeIgniter\Session\Handlers\FileHandler' driver.
INFO - 2025-03-02 17:32:07 --> Session: Class initialized using 'CodeIgniter\Session\Handlers\FileHandler' driver.
INFO - 2025-03-02 17:32:07 --> Starting tracking details update process
INFO - 2025-03-02 17:32:07 --> No active BlueDart shipments found for tracking updates.
INFO - 2025-03-02 17:32:07 --> Session: Class initialized using 'CodeIgniter\Session\Handlers\FileHandler' driver.
WARNING - 2025-03-02 17:32:07 --> [DEPRECATED] Creation of dynamic property App\Controllers\Customerservice::$replyModel is deprecated in APPPATH\Controllers\Customerservice.php on line 22.
 1 SYSTEMPATH\CodeIgniter.php(915): App\Controllers\Customerservice->__construct()
 2 SYSTEMPATH\CodeIgniter.php(494): CodeIgniter\CodeIgniter->createController()
 3 SYSTEMPATH\CodeIgniter.php(361): CodeIgniter\CodeIgniter->handleRequest(null, Object(Config\Cache), false)
 4 FCPATH\index.php(79): CodeIgniter\CodeIgniter->run()
INFO - 2025-03-02 17:32:07 --> Starting fetchEmails method
INFO - 2025-03-02 17:32:07 --> Starting email processing
CRITICAL - 2025-03-02 17:32:07 --> Error: Call to undefined function App\Controllers\imap_open()
in APPPATH\Controllers\Customerservice.php on line 223.
 1 APPPATH\Controllers\Customerservice.php(34): App\Controllers\Customerservice->processNewEmails()
 2 SYSTEMPATH\CodeIgniter.php(943): App\Controllers\Customerservice->fetchEmails()
 3 SYSTEMPATH\CodeIgniter.php(503): CodeIgniter\CodeIgniter->runController(Object(App\Controllers\Customerservice))
 4 SYSTEMPATH\CodeIgniter.php(361): CodeIgniter\CodeIgniter->handleRequest(null, Object(Config\Cache), false)
 5 FCPATH\index.php(79): CodeIgniter\CodeIgniter->run()
INFO - 2025-03-02 17:40:59 --> Session: Class initialized using 'CodeIgniter\Session\Handlers\FileHandler' driver.
INFO - 2025-03-02 17:40:59 --> Starting tracking details update process
INFO - 2025-03-02 17:40:59 --> No active BlueDart shipments found for tracking updates.
INFO - 2025-03-02 17:40:59 --> Session: Class initialized using 'CodeIgniter\Session\Handlers\FileHandler' driver.
WARNING - 2025-03-02 17:40:59 --> [DEPRECATED] Creation of dynamic property App\Controllers\Customerservice::$replyModel is deprecated in APPPATH\Controllers\Customerservice.php on line 22.
 1 SYSTEMPATH\CodeIgniter.php(915): App\Controllers\Customerservice->__construct()
 2 SYSTEMPATH\CodeIgniter.php(494): CodeIgniter\CodeIgniter->createController()
 3 SYSTEMPATH\CodeIgniter.php(361): CodeIgniter\CodeIgniter->handleRequest(null, Object(Config\Cache), false)
 4 FCPATH\index.php(79): CodeIgniter\CodeIgniter->run()
INFO - 2025-03-02 17:40:59 --> Starting fetchEmails method
INFO - 2025-03-02 17:40:59 --> Starting email processing
CRITICAL - 2025-03-02 17:40:59 --> Error: Call to undefined function App\Controllers\imap_open()
in APPPATH\Controllers\Customerservice.php on line 223.
 1 APPPATH\Controllers\Customerservice.php(34): App\Controllers\Customerservice->processNewEmails()
 2 SYSTEMPATH\CodeIgniter.php(943): App\Controllers\Customerservice->fetchEmails()
 3 SYSTEMPATH\CodeIgniter.php(503): CodeIgniter\CodeIgniter->runController(Object(App\Controllers\Customerservice))
 4 SYSTEMPATH\CodeIgniter.php(361): CodeIgniter\CodeIgniter->handleRequest(null, Object(Config\Cache), false)
 5 FCPATH\index.php(79): CodeIgniter\CodeIgniter->run()
INFO - 2025-03-02 17:41:29 --> Session: Class initialized using 'CodeIgniter\Session\Handlers\FileHandler' driver.
WARNING - 2025-03-02 17:41:29 --> [DEPRECATED] Creation of dynamic property App\Controllers\Customerservice::$replyModel is deprecated in APPPATH\Controllers\Customerservice.php on line 22.
 1 SYSTEMPATH\CodeIgniter.php(915): App\Controllers\Customerservice->__construct()
 2 SYSTEMPATH\CodeIgniter.php(494): CodeIgniter\CodeIgniter->createController()
 3 SYSTEMPATH\CodeIgniter.php(361): CodeIgniter\CodeIgniter->handleRequest(null, Object(Config\Cache), false)
 4 FCPATH\index.php(79): CodeIgniter\CodeIgniter->run()
INFO - 2025-03-02 17:41:29 --> Starting fetchEmails method
INFO - 2025-03-02 17:41:29 --> Starting email processing
CRITICAL - 2025-03-02 17:41:29 --> Error: Call to undefined function App\Controllers\imap_open()
in APPPATH\Controllers\Customerservice.php on line 223.
 1 APPPATH\Controllers\Customerservice.php(34): App\Controllers\Customerservice->processNewEmails()
 2 SYSTEMPATH\CodeIgniter.php(943): App\Controllers\Customerservice->fetchEmails()
 3 SYSTEMPATH\CodeIgniter.php(503): CodeIgniter\CodeIgniter->runController(Object(App\Controllers\Customerservice))
 4 SYSTEMPATH\CodeIgniter.php(361): CodeIgniter\CodeIgniter->handleRequest(null, Object(Config\Cache), false)
 5 FCPATH\index.php(79): CodeIgniter\CodeIgniter->run()
INFO - 2025-03-02 17:41:29 --> Session: Class initialized using 'CodeIgniter\Session\Handlers\FileHandler' driver.
INFO - 2025-03-02 17:41:29 --> Starting tracking details update process
INFO - 2025-03-02 17:41:29 --> No active BlueDart shipments found for tracking updates.
INFO - 2025-03-02 17:42:05 --> Session: Class initialized using 'CodeIgniter\Session\Handlers\FileHandler' driver.
INFO - 2025-03-02 17:42:05 --> Starting tracking details update process
INFO - 2025-03-02 17:42:05 --> No active BlueDart shipments found for tracking updates.
INFO - 2025-03-02 17:42:05 --> Session: Class initialized using 'CodeIgniter\Session\Handlers\FileHandler' driver.
WARNING - 2025-03-02 17:42:05 --> [DEPRECATED] Creation of dynamic property App\Controllers\Customerservice::$replyModel is deprecated in APPPATH\Controllers\Customerservice.php on line 22.
 1 SYSTEMPATH\CodeIgniter.php(915): App\Controllers\Customerservice->__construct()
 2 SYSTEMPATH\CodeIgniter.php(494): CodeIgniter\CodeIgniter->createController()
 3 SYSTEMPATH\CodeIgniter.php(361): CodeIgniter\CodeIgniter->handleRequest(null, Object(Config\Cache), false)
 4 FCPATH\index.php(79): CodeIgniter\CodeIgniter->run()
INFO - 2025-03-02 17:42:05 --> Starting fetchEmails method
INFO - 2025-03-02 17:42:05 --> Starting email processing
CRITICAL - 2025-03-02 17:42:05 --> Error: Call to undefined function App\Controllers\imap_open()
in APPPATH\Controllers\Customerservice.php on line 223.
 1 APPPATH\Controllers\Customerservice.php(34): App\Controllers\Customerservice->processNewEmails()
 2 SYSTEMPATH\CodeIgniter.php(943): App\Controllers\Customerservice->fetchEmails()
 3 SYSTEMPATH\CodeIgniter.php(503): CodeIgniter\CodeIgniter->runController(Object(App\Controllers\Customerservice))
 4 SYSTEMPATH\CodeIgniter.php(361): CodeIgniter\CodeIgniter->handleRequest(null, Object(Config\Cache), false)
 5 FCPATH\index.php(79): CodeIgniter\CodeIgniter->run()
INFO - 2025-03-02 17:43:05 --> Session: Class initialized using 'CodeIgniter\Session\Handlers\FileHandler' driver.
INFO - 2025-03-02 17:43:05 --> Starting tracking details update process
INFO - 2025-03-02 17:43:05 --> No active BlueDart shipments found for tracking updates.
INFO - 2025-03-02 17:43:05 --> Session: Class initialized using 'CodeIgniter\Session\Handlers\FileHandler' driver.
WARNING - 2025-03-02 17:43:05 --> [DEPRECATED] Creation of dynamic property App\Controllers\Customerservice::$replyModel is deprecated in APPPATH\Controllers\Customerservice.php on line 22.
 1 SYSTEMPATH\CodeIgniter.php(915): App\Controllers\Customerservice->__construct()
 2 SYSTEMPATH\CodeIgniter.php(494): CodeIgniter\CodeIgniter->createController()
 3 SYSTEMPATH\CodeIgniter.php(361): CodeIgniter\CodeIgniter->handleRequest(null, Object(Config\Cache), false)
 4 FCPATH\index.php(79): CodeIgniter\CodeIgniter->run()
INFO - 2025-03-02 17:43:05 --> Starting fetchEmails method
INFO - 2025-03-02 17:43:05 --> Starting email processing
CRITICAL - 2025-03-02 17:43:05 --> Error: Call to undefined function App\Controllers\imap_open()
in APPPATH\Controllers\Customerservice.php on line 223.
 1 APPPATH\Controllers\Customerservice.php(34): App\Controllers\Customerservice->processNewEmails()
 2 SYSTEMPATH\CodeIgniter.php(943): App\Controllers\Customerservice->fetchEmails()
 3 SYSTEMPATH\CodeIgniter.php(503): CodeIgniter\CodeIgniter->runController(Object(App\Controllers\Customerservice))
 4 SYSTEMPATH\CodeIgniter.php(361): CodeIgniter\CodeIgniter->handleRequest(null, Object(Config\Cache), false)
 5 FCPATH\index.php(79): CodeIgniter\CodeIgniter->run()
INFO - 2025-03-02 17:44:05 --> Session: Class initialized using 'CodeIgniter\Session\Handlers\FileHandler' driver.
WARNING - 2025-03-02 17:44:05 --> [DEPRECATED] Creation of dynamic property App\Controllers\Customerservice::$replyModel is deprecated in APPPATH\Controllers\Customerservice.php on line 22.
 1 SYSTEMPATH\CodeIgniter.php(915): App\Controllers\Customerservice->__construct()
 2 SYSTEMPATH\CodeIgniter.php(494): CodeIgniter\CodeIgniter->createController()
 3 SYSTEMPATH\CodeIgniter.php(361): CodeIgniter\CodeIgniter->handleRequest(null, Object(Config\Cache), false)
 4 FCPATH\index.php(79): CodeIgniter\CodeIgniter->run()
INFO - 2025-03-02 17:44:05 --> Starting fetchEmails method
INFO - 2025-03-02 17:44:05 --> Starting email processing
CRITICAL - 2025-03-02 17:44:05 --> Error: Call to undefined function App\Controllers\imap_open()
in APPPATH\Controllers\Customerservice.php on line 223.
 1 APPPATH\Controllers\Customerservice.php(34): App\Controllers\Customerservice->processNewEmails()
 2 SYSTEMPATH\CodeIgniter.php(943): App\Controllers\Customerservice->fetchEmails()
 3 SYSTEMPATH\CodeIgniter.php(503): CodeIgniter\CodeIgniter->runController(Object(App\Controllers\Customerservice))
 4 SYSTEMPATH\CodeIgniter.php(361): CodeIgniter\CodeIgniter->handleRequest(null, Object(Config\Cache), false)
 5 FCPATH\index.php(79): CodeIgniter\CodeIgniter->run()
INFO - 2025-03-02 17:44:05 --> Session: Class initialized using 'CodeIgniter\Session\Handlers\FileHandler' driver.
INFO - 2025-03-02 17:44:05 --> Starting tracking details update process
INFO - 2025-03-02 17:44:05 --> No active BlueDart shipments found for tracking updates.
INFO - 2025-03-02 17:44:57 --> Session: Class initialized using 'CodeIgniter\Session\Handlers\FileHandler' driver.
INFO - 2025-03-02 17:44:57 --> Starting tracking details update process
INFO - 2025-03-02 17:44:57 --> No active BlueDart shipments found for tracking updates.
INFO - 2025-03-02 17:44:57 --> Session: Class initialized using 'CodeIgniter\Session\Handlers\FileHandler' driver.
WARNING - 2025-03-02 17:44:57 --> [DEPRECATED] Creation of dynamic property App\Controllers\Customerservice::$replyModel is deprecated in APPPATH\Controllers\Customerservice.php on line 22.
 1 SYSTEMPATH\CodeIgniter.php(915): App\Controllers\Customerservice->__construct()
 2 SYSTEMPATH\CodeIgniter.php(494): CodeIgniter\CodeIgniter->createController()
 3 SYSTEMPATH\CodeIgniter.php(361): CodeIgniter\CodeIgniter->handleRequest(null, Object(Config\Cache), false)
 4 FCPATH\index.php(79): CodeIgniter\CodeIgniter->run()
INFO - 2025-03-02 17:44:57 --> Starting fetchEmails method
INFO - 2025-03-02 17:44:57 --> Starting email processing
CRITICAL - 2025-03-02 17:44:57 --> Error: Call to undefined function App\Controllers\imap_open()
in APPPATH\Controllers\Customerservice.php on line 223.
 1 APPPATH\Controllers\Customerservice.php(34): App\Controllers\Customerservice->processNewEmails()
 2 SYSTEMPATH\CodeIgniter.php(943): App\Controllers\Customerservice->fetchEmails()
 3 SYSTEMPATH\CodeIgniter.php(503): CodeIgniter\CodeIgniter->runController(Object(App\Controllers\Customerservice))
 4 SYSTEMPATH\CodeIgniter.php(361): CodeIgniter\CodeIgniter->handleRequest(null, Object(Config\Cache), false)
 5 FCPATH\index.php(79): CodeIgniter\CodeIgniter->run()
INFO - 2025-03-02 17:45:00 --> Session: Class initialized using 'CodeIgniter\Session\Handlers\FileHandler' driver.
INFO - 2025-03-02 17:45:31 --> Session: Class initialized using 'CodeIgniter\Session\Handlers\FileHandler' driver.
INFO - 2025-03-02 17:45:31 --> Session: Class initialized using 'CodeIgniter\Session\Handlers\FileHandler' driver.
INFO - 2025-03-02 17:45:31 --> Starting tracking details update process
INFO - 2025-03-02 17:45:31 --> No active BlueDart shipments found for tracking updates.
WARNING - 2025-03-02 17:45:31 --> [DEPRECATED] Creation of dynamic property App\Controllers\Customerservice::$replyModel is deprecated in APPPATH\Controllers\Customerservice.php on line 22.
 1 SYSTEMPATH\CodeIgniter.php(915): App\Controllers\Customerservice->__construct()
 2 SYSTEMPATH\CodeIgniter.php(494): CodeIgniter\CodeIgniter->createController()
 3 SYSTEMPATH\CodeIgniter.php(361): CodeIgniter\CodeIgniter->handleRequest(null, Object(Config\Cache), false)
 4 FCPATH\index.php(79): CodeIgniter\CodeIgniter->run()
INFO - 2025-03-02 17:45:31 --> Starting fetchEmails method
INFO - 2025-03-02 17:45:31 --> Starting email processing
CRITICAL - 2025-03-02 17:45:31 --> Error: Call to undefined function App\Controllers\imap_open()
in APPPATH\Controllers\Customerservice.php on line 223.
 1 APPPATH\Controllers\Customerservice.php(34): App\Controllers\Customerservice->processNewEmails()
 2 SYSTEMPATH\CodeIgniter.php(943): App\Controllers\Customerservice->fetchEmails()
 3 SYSTEMPATH\CodeIgniter.php(503): CodeIgniter\CodeIgniter->runController(Object(App\Controllers\Customerservice))
 4 SYSTEMPATH\CodeIgniter.php(361): CodeIgniter\CodeIgniter->handleRequest(null, Object(Config\Cache), false)
 5 FCPATH\index.php(79): CodeIgniter\CodeIgniter->run()
INFO - 2025-03-02 17:46:02 --> Session: Class initialized using 'CodeIgniter\Session\Handlers\FileHandler' driver.
INFO - 2025-03-02 17:46:02 --> Starting tracking details update process
INFO - 2025-03-02 17:46:02 --> No active BlueDart shipments found for tracking updates.
INFO - 2025-03-02 17:46:02 --> Session: Class initialized using 'CodeIgniter\Session\Handlers\FileHandler' driver.
WARNING - 2025-03-02 17:46:02 --> [DEPRECATED] Creation of dynamic property App\Controllers\Customerservice::$replyModel is deprecated in APPPATH\Controllers\Customerservice.php on line 22.
 1 SYSTEMPATH\CodeIgniter.php(915): App\Controllers\Customerservice->__construct()
 2 SYSTEMPATH\CodeIgniter.php(494): CodeIgniter\CodeIgniter->createController()
 3 SYSTEMPATH\CodeIgniter.php(361): CodeIgniter\CodeIgniter->handleRequest(null, Object(Config\Cache), false)
 4 FCPATH\index.php(79): CodeIgniter\CodeIgniter->run()
INFO - 2025-03-02 17:46:02 --> Starting fetchEmails method
INFO - 2025-03-02 17:46:02 --> Starting email processing
CRITICAL - 2025-03-02 17:46:02 --> Error: Call to undefined function App\Controllers\imap_open()
in APPPATH\Controllers\Customerservice.php on line 223.
 1 APPPATH\Controllers\Customerservice.php(34): App\Controllers\Customerservice->processNewEmails()
 2 SYSTEMPATH\CodeIgniter.php(943): App\Controllers\Customerservice->fetchEmails()
 3 SYSTEMPATH\CodeIgniter.php(503): CodeIgniter\CodeIgniter->runController(Object(App\Controllers\Customerservice))
 4 SYSTEMPATH\CodeIgniter.php(361): CodeIgniter\CodeIgniter->handleRequest(null, Object(Config\Cache), false)
 5 FCPATH\index.php(79): CodeIgniter\CodeIgniter->run()
INFO - 2025-03-02 17:46:32 --> Session: Class initialized using 'CodeIgniter\Session\Handlers\FileHandler' driver.
INFO - 2025-03-02 17:46:32 --> Starting tracking details update process
INFO - 2025-03-02 17:46:32 --> No active BlueDart shipments found for tracking updates.
INFO - 2025-03-02 17:46:32 --> Session: Class initialized using 'CodeIgniter\Session\Handlers\FileHandler' driver.
WARNING - 2025-03-02 17:46:32 --> [DEPRECATED] Creation of dynamic property App\Controllers\Customerservice::$replyModel is deprecated in APPPATH\Controllers\Customerservice.php on line 22.
 1 SYSTEMPATH\CodeIgniter.php(915): App\Controllers\Customerservice->__construct()
 2 SYSTEMPATH\CodeIgniter.php(494): CodeIgniter\CodeIgniter->createController()
 3 SYSTEMPATH\CodeIgniter.php(361): CodeIgniter\CodeIgniter->handleRequest(null, Object(Config\Cache), false)
 4 FCPATH\index.php(79): CodeIgniter\CodeIgniter->run()
INFO - 2025-03-02 17:46:32 --> Starting fetchEmails method
INFO - 2025-03-02 17:46:32 --> Starting email processing
CRITICAL - 2025-03-02 17:46:32 --> Error: Call to undefined function App\Controllers\imap_open()
in APPPATH\Controllers\Customerservice.php on line 223.
 1 APPPATH\Controllers\Customerservice.php(34): App\Controllers\Customerservice->processNewEmails()
 2 SYSTEMPATH\CodeIgniter.php(943): App\Controllers\Customerservice->fetchEmails()
 3 SYSTEMPATH\CodeIgniter.php(503): CodeIgniter\CodeIgniter->runController(Object(App\Controllers\Customerservice))
 4 SYSTEMPATH\CodeIgniter.php(361): CodeIgniter\CodeIgniter->handleRequest(null, Object(Config\Cache), false)
 5 FCPATH\index.php(79): CodeIgniter\CodeIgniter->run()
INFO - 2025-03-02 17:47:02 --> Session: Class initialized using 'CodeIgniter\Session\Handlers\FileHandler' driver.
INFO - 2025-03-02 17:47:02 --> Starting tracking details update process
INFO - 2025-03-02 17:47:02 --> No active BlueDart shipments found for tracking updates.
INFO - 2025-03-02 17:47:02 --> Session: Class initialized using 'CodeIgniter\Session\Handlers\FileHandler' driver.
WARNING - 2025-03-02 17:47:02 --> [DEPRECATED] Creation of dynamic property App\Controllers\Customerservice::$replyModel is deprecated in APPPATH\Controllers\Customerservice.php on line 22.
 1 SYSTEMPATH\CodeIgniter.php(915): App\Controllers\Customerservice->__construct()
 2 SYSTEMPATH\CodeIgniter.php(494): CodeIgniter\CodeIgniter->createController()
 3 SYSTEMPATH\CodeIgniter.php(361): CodeIgniter\CodeIgniter->handleRequest(null, Object(Config\Cache), false)
 4 FCPATH\index.php(79): CodeIgniter\CodeIgniter->run()
INFO - 2025-03-02 17:47:02 --> Starting fetchEmails method
INFO - 2025-03-02 17:47:02 --> Starting email processing
CRITICAL - 2025-03-02 17:47:02 --> Error: Call to undefined function App\Controllers\imap_open()
in APPPATH\Controllers\Customerservice.php on line 223.
 1 APPPATH\Controllers\Customerservice.php(34): App\Controllers\Customerservice->processNewEmails()
 2 SYSTEMPATH\CodeIgniter.php(943): App\Controllers\Customerservice->fetchEmails()
 3 SYSTEMPATH\CodeIgniter.php(503): CodeIgniter\CodeIgniter->runController(Object(App\Controllers\Customerservice))
 4 SYSTEMPATH\CodeIgniter.php(361): CodeIgniter\CodeIgniter->handleRequest(null, Object(Config\Cache), false)
 5 FCPATH\index.php(79): CodeIgniter\CodeIgniter->run()
INFO - 2025-03-02 17:48:05 --> Session: Class initialized using 'CodeIgniter\Session\Handlers\FileHandler' driver.
INFO - 2025-03-02 17:48:05 --> Starting tracking details update process
INFO - 2025-03-02 17:48:05 --> No active BlueDart shipments found for tracking updates.
INFO - 2025-03-02 17:48:05 --> Session: Class initialized using 'CodeIgniter\Session\Handlers\FileHandler' driver.
WARNING - 2025-03-02 17:48:05 --> [DEPRECATED] Creation of dynamic property App\Controllers\Customerservice::$replyModel is deprecated in APPPATH\Controllers\Customerservice.php on line 22.
 1 SYSTEMPATH\CodeIgniter.php(915): App\Controllers\Customerservice->__construct()
 2 SYSTEMPATH\CodeIgniter.php(494): CodeIgniter\CodeIgniter->createController()
 3 SYSTEMPATH\CodeIgniter.php(361): CodeIgniter\CodeIgniter->handleRequest(null, Object(Config\Cache), false)
 4 FCPATH\index.php(79): CodeIgniter\CodeIgniter->run()
INFO - 2025-03-02 17:48:05 --> Starting fetchEmails method
INFO - 2025-03-02 17:48:05 --> Starting email processing
CRITICAL - 2025-03-02 17:48:05 --> Error: Call to undefined function App\Controllers\imap_open()
in APPPATH\Controllers\Customerservice.php on line 223.
 1 APPPATH\Controllers\Customerservice.php(34): App\Controllers\Customerservice->processNewEmails()
 2 SYSTEMPATH\CodeIgniter.php(943): App\Controllers\Customerservice->fetchEmails()
 3 SYSTEMPATH\CodeIgniter.php(503): CodeIgniter\CodeIgniter->runController(Object(App\Controllers\Customerservice))
 4 SYSTEMPATH\CodeIgniter.php(361): CodeIgniter\CodeIgniter->handleRequest(null, Object(Config\Cache), false)
 5 FCPATH\index.php(79): CodeIgniter\CodeIgniter->run()
INFO - 2025-03-02 17:49:05 --> Session: Class initialized using 'CodeIgniter\Session\Handlers\FileHandler' driver.
INFO - 2025-03-02 17:49:05 --> Starting tracking details update process
INFO - 2025-03-02 17:49:05 --> No active BlueDart shipments found for tracking updates.
INFO - 2025-03-02 17:49:05 --> Session: Class initialized using 'CodeIgniter\Session\Handlers\FileHandler' driver.
WARNING - 2025-03-02 17:49:05 --> [DEPRECATED] Creation of dynamic property App\Controllers\Customerservice::$replyModel is deprecated in APPPATH\Controllers\Customerservice.php on line 22.
 1 SYSTEMPATH\CodeIgniter.php(915): App\Controllers\Customerservice->__construct()
 2 SYSTEMPATH\CodeIgniter.php(494): CodeIgniter\CodeIgniter->createController()
 3 SYSTEMPATH\CodeIgniter.php(361): CodeIgniter\CodeIgniter->handleRequest(null, Object(Config\Cache), false)
 4 FCPATH\index.php(79): CodeIgniter\CodeIgniter->run()
INFO - 2025-03-02 17:49:05 --> Starting fetchEmails method
INFO - 2025-03-02 17:49:05 --> Starting email processing
CRITICAL - 2025-03-02 17:49:05 --> Error: Call to undefined function App\Controllers\imap_open()
in APPPATH\Controllers\Customerservice.php on line 223.
 1 APPPATH\Controllers\Customerservice.php(34): App\Controllers\Customerservice->processNewEmails()
 2 SYSTEMPATH\CodeIgniter.php(943): App\Controllers\Customerservice->fetchEmails()
 3 SYSTEMPATH\CodeIgniter.php(503): CodeIgniter\CodeIgniter->runController(Object(App\Controllers\Customerservice))
 4 SYSTEMPATH\CodeIgniter.php(361): CodeIgniter\CodeIgniter->handleRequest(null, Object(Config\Cache), false)
 5 FCPATH\index.php(79): CodeIgniter\CodeIgniter->run()
INFO - 2025-03-02 17:50:05 --> Session: Class initialized using 'CodeIgniter\Session\Handlers\FileHandler' driver.
WARNING - 2025-03-02 17:50:05 --> [DEPRECATED] Creation of dynamic property App\Controllers\Customerservice::$replyModel is deprecated in APPPATH\Controllers\Customerservice.php on line 22.
 1 SYSTEMPATH\CodeIgniter.php(915): App\Controllers\Customerservice->__construct()
 2 SYSTEMPATH\CodeIgniter.php(494): CodeIgniter\CodeIgniter->createController()
 3 SYSTEMPATH\CodeIgniter.php(361): CodeIgniter\CodeIgniter->handleRequest(null, Object(Config\Cache), false)
 4 FCPATH\index.php(79): CodeIgniter\CodeIgniter->run()
INFO - 2025-03-02 17:50:05 --> Starting fetchEmails method
INFO - 2025-03-02 17:50:05 --> Starting email processing
CRITICAL - 2025-03-02 17:50:05 --> Error: Call to undefined function App\Controllers\imap_open()
in APPPATH\Controllers\Customerservice.php on line 223.
 1 APPPATH\Controllers\Customerservice.php(34): App\Controllers\Customerservice->processNewEmails()
 2 SYSTEMPATH\CodeIgniter.php(943): App\Controllers\Customerservice->fetchEmails()
 3 SYSTEMPATH\CodeIgniter.php(503): CodeIgniter\CodeIgniter->runController(Object(App\Controllers\Customerservice))
 4 SYSTEMPATH\CodeIgniter.php(361): CodeIgniter\CodeIgniter->handleRequest(null, Object(Config\Cache), false)
 5 FCPATH\index.php(79): CodeIgniter\CodeIgniter->run()
INFO - 2025-03-02 17:50:05 --> Session: Class initialized using 'CodeIgniter\Session\Handlers\FileHandler' driver.
INFO - 2025-03-02 17:50:05 --> Starting tracking details update process
INFO - 2025-03-02 17:50:05 --> No active BlueDart shipments found for tracking updates.
INFO - 2025-03-02 17:50:59 --> Session: Class initialized using 'CodeIgniter\Session\Handlers\FileHandler' driver.
INFO - 2025-03-02 17:50:59 --> Session: Class initialized using 'CodeIgniter\Session\Handlers\FileHandler' driver.
INFO - 2025-03-02 17:50:59 --> Starting tracking details update process
INFO - 2025-03-02 17:50:59 --> No active BlueDart shipments found for tracking updates.
WARNING - 2025-03-02 17:50:59 --> [DEPRECATED] Creation of dynamic property App\Controllers\Customerservice::$replyModel is deprecated in APPPATH\Controllers\Customerservice.php on line 22.
 1 SYSTEMPATH\CodeIgniter.php(915): App\Controllers\Customerservice->__construct()
 2 SYSTEMPATH\CodeIgniter.php(494): CodeIgniter\CodeIgniter->createController()
 3 SYSTEMPATH\CodeIgniter.php(361): CodeIgniter\CodeIgniter->handleRequest(null, Object(Config\Cache), false)
 4 FCPATH\index.php(79): CodeIgniter\CodeIgniter->run()
INFO - 2025-03-02 17:50:59 --> Starting fetchEmails method
INFO - 2025-03-02 17:50:59 --> Starting email processing
CRITICAL - 2025-03-02 17:50:59 --> Error: Call to undefined function App\Controllers\imap_open()
in APPPATH\Controllers\Customerservice.php on line 223.
 1 APPPATH\Controllers\Customerservice.php(34): App\Controllers\Customerservice->processNewEmails()
 2 SYSTEMPATH\CodeIgniter.php(943): App\Controllers\Customerservice->fetchEmails()
 3 SYSTEMPATH\CodeIgniter.php(503): CodeIgniter\CodeIgniter->runController(Object(App\Controllers\Customerservice))
 4 SYSTEMPATH\CodeIgniter.php(361): CodeIgniter\CodeIgniter->handleRequest(null, Object(Config\Cache), false)
 5 FCPATH\index.php(79): CodeIgniter\CodeIgniter->run()
INFO - 2025-03-02 17:51:01 --> Session: Class initialized using 'CodeIgniter\Session\Handlers\FileHandler' driver.
INFO - 2025-03-02 17:51:01 --> Starting tracking details update process
INFO - 2025-03-02 17:51:01 --> No active BlueDart shipments found for tracking updates.
INFO - 2025-03-02 17:51:01 --> Session: Class initialized using 'CodeIgniter\Session\Handlers\FileHandler' driver.
WARNING - 2025-03-02 17:51:01 --> [DEPRECATED] Creation of dynamic property App\Controllers\Customerservice::$replyModel is deprecated in APPPATH\Controllers\Customerservice.php on line 22.
 1 SYSTEMPATH\CodeIgniter.php(915): App\Controllers\Customerservice->__construct()
 2 SYSTEMPATH\CodeIgniter.php(494): CodeIgniter\CodeIgniter->createController()
 3 SYSTEMPATH\CodeIgniter.php(361): CodeIgniter\CodeIgniter->handleRequest(null, Object(Config\Cache), false)
 4 FCPATH\index.php(79): CodeIgniter\CodeIgniter->run()
INFO - 2025-03-02 17:51:01 --> Starting fetchEmails method
INFO - 2025-03-02 17:51:01 --> Starting email processing
CRITICAL - 2025-03-02 17:51:01 --> Error: Call to undefined function App\Controllers\imap_open()
in APPPATH\Controllers\Customerservice.php on line 223.
 1 APPPATH\Controllers\Customerservice.php(34): App\Controllers\Customerservice->processNewEmails()
 2 SYSTEMPATH\CodeIgniter.php(943): App\Controllers\Customerservice->fetchEmails()
 3 SYSTEMPATH\CodeIgniter.php(503): CodeIgniter\CodeIgniter->runController(Object(App\Controllers\Customerservice))
 4 SYSTEMPATH\CodeIgniter.php(361): CodeIgniter\CodeIgniter->handleRequest(null, Object(Config\Cache), false)
 5 FCPATH\index.php(79): CodeIgniter\CodeIgniter->run()
INFO - 2025-03-02 17:51:01 --> Session: Class initialized using 'CodeIgniter\Session\Handlers\FileHandler' driver.
INFO - 2025-03-02 17:51:11 --> Session: Class initialized using 'CodeIgniter\Session\Handlers\FileHandler' driver.
INFO - 2025-03-02 17:51:21 --> Session: Class initialized using 'CodeIgniter\Session\Handlers\FileHandler' driver.
INFO - 2025-03-02 17:51:37 --> Session: Class initialized using 'CodeIgniter\Session\Handlers\FileHandler' driver.
INFO - 2025-03-02 17:51:43 --> Session: Class initialized using 'CodeIgniter\Session\Handlers\FileHandler' driver.
INFO - 2025-03-02 17:52:01 --> Session: Class initialized using 'CodeIgniter\Session\Handlers\FileHandler' driver.
INFO - 2025-03-02 17:52:32 --> Session: Class initialized using 'CodeIgniter\Session\Handlers\FileHandler' driver.
INFO - 2025-03-02 17:52:32 --> Starting tracking details update process
INFO - 2025-03-02 17:52:32 --> No active BlueDart shipments found for tracking updates.
INFO - 2025-03-02 17:52:32 --> Session: Class initialized using 'CodeIgniter\Session\Handlers\FileHandler' driver.
WARNING - 2025-03-02 17:52:32 --> [DEPRECATED] Creation of dynamic property App\Controllers\Customerservice::$replyModel is deprecated in APPPATH\Controllers\Customerservice.php on line 22.
 1 SYSTEMPATH\CodeIgniter.php(915): App\Controllers\Customerservice->__construct()
 2 SYSTEMPATH\CodeIgniter.php(494): CodeIgniter\CodeIgniter->createController()
 3 SYSTEMPATH\CodeIgniter.php(361): CodeIgniter\CodeIgniter->handleRequest(null, Object(Config\Cache), false)
 4 FCPATH\index.php(79): CodeIgniter\CodeIgniter->run()
INFO - 2025-03-02 17:52:32 --> Starting fetchEmails method
INFO - 2025-03-02 17:52:32 --> Starting email processing
CRITICAL - 2025-03-02 17:52:32 --> Error: Call to undefined function App\Controllers\imap_open()
in APPPATH\Controllers\Customerservice.php on line 223.
 1 APPPATH\Controllers\Customerservice.php(34): App\Controllers\Customerservice->processNewEmails()
 2 SYSTEMPATH\CodeIgniter.php(943): App\Controllers\Customerservice->fetchEmails()
 3 SYSTEMPATH\CodeIgniter.php(503): CodeIgniter\CodeIgniter->runController(Object(App\Controllers\Customerservice))
 4 SYSTEMPATH\CodeIgniter.php(361): CodeIgniter\CodeIgniter->handleRequest(null, Object(Config\Cache), false)
 5 FCPATH\index.php(79): CodeIgniter\CodeIgniter->run()
INFO - 2025-03-02 17:52:57 --> Session: Class initialized using 'CodeIgniter\Session\Handlers\FileHandler' driver.
INFO - 2025-03-02 17:53:14 --> Session: Class initialized using 'CodeIgniter\Session\Handlers\FileHandler' driver.
INFO - 2025-03-02 17:53:18 --> Session: Class initialized using 'CodeIgniter\Session\Handlers\FileHandler' driver.
INFO - 2025-03-02 17:53:49 --> Session: Class initialized using 'CodeIgniter\Session\Handlers\FileHandler' driver.
INFO - 2025-03-02 17:53:49 --> Starting tracking details update process
INFO - 2025-03-02 17:53:49 --> No active BlueDart shipments found for tracking updates.
INFO - 2025-03-02 17:53:49 --> Session: Class initialized using 'CodeIgniter\Session\Handlers\FileHandler' driver.
WARNING - 2025-03-02 17:53:49 --> [DEPRECATED] Creation of dynamic property App\Controllers\Customerservice::$replyModel is deprecated in APPPATH\Controllers\Customerservice.php on line 22.
 1 SYSTEMPATH\CodeIgniter.php(915): App\Controllers\Customerservice->__construct()
 2 SYSTEMPATH\CodeIgniter.php(494): CodeIgniter\CodeIgniter->createController()
 3 SYSTEMPATH\CodeIgniter.php(361): CodeIgniter\CodeIgniter->handleRequest(null, Object(Config\Cache), false)
 4 FCPATH\index.php(79): CodeIgniter\CodeIgniter->run()
INFO - 2025-03-02 17:53:49 --> Starting fetchEmails method
INFO - 2025-03-02 17:53:49 --> Starting email processing
CRITICAL - 2025-03-02 17:53:49 --> Error: Call to undefined function App\Controllers\imap_open()
in APPPATH\Controllers\Customerservice.php on line 223.
 1 APPPATH\Controllers\Customerservice.php(34): App\Controllers\Customerservice->processNewEmails()
 2 SYSTEMPATH\CodeIgniter.php(943): App\Controllers\Customerservice->fetchEmails()
 3 SYSTEMPATH\CodeIgniter.php(503): CodeIgniter\CodeIgniter->runController(Object(App\Controllers\Customerservice))
 4 SYSTEMPATH\CodeIgniter.php(361): CodeIgniter\CodeIgniter->handleRequest(null, Object(Config\Cache), false)
 5 FCPATH\index.php(79): CodeIgniter\CodeIgniter->run()
INFO - 2025-03-02 17:54:19 --> Session: Class initialized using 'CodeIgniter\Session\Handlers\FileHandler' driver.
INFO - 2025-03-02 17:54:19 --> Starting tracking details update process
INFO - 2025-03-02 17:54:19 --> No active BlueDart shipments found for tracking updates.
INFO - 2025-03-02 17:54:19 --> Session: Class initialized using 'CodeIgniter\Session\Handlers\FileHandler' driver.
WARNING - 2025-03-02 17:54:19 --> [DEPRECATED] Creation of dynamic property App\Controllers\Customerservice::$replyModel is deprecated in APPPATH\Controllers\Customerservice.php on line 22.
 1 SYSTEMPATH\CodeIgniter.php(915): App\Controllers\Customerservice->__construct()
 2 SYSTEMPATH\CodeIgniter.php(494): CodeIgniter\CodeIgniter->createController()
 3 SYSTEMPATH\CodeIgniter.php(361): CodeIgniter\CodeIgniter->handleRequest(null, Object(Config\Cache), false)
 4 FCPATH\index.php(79): CodeIgniter\CodeIgniter->run()
INFO - 2025-03-02 17:54:19 --> Starting fetchEmails method
INFO - 2025-03-02 17:54:19 --> Starting email processing
CRITICAL - 2025-03-02 17:54:19 --> Error: Call to undefined function App\Controllers\imap_open()
in APPPATH\Controllers\Customerservice.php on line 223.
 1 APPPATH\Controllers\Customerservice.php(34): App\Controllers\Customerservice->processNewEmails()
 2 SYSTEMPATH\CodeIgniter.php(943): App\Controllers\Customerservice->fetchEmails()
 3 SYSTEMPATH\CodeIgniter.php(503): CodeIgniter\CodeIgniter->runController(Object(App\Controllers\Customerservice))
 4 SYSTEMPATH\CodeIgniter.php(361): CodeIgniter\CodeIgniter->handleRequest(null, Object(Config\Cache), false)
 5 FCPATH\index.php(79): CodeIgniter\CodeIgniter->run()
INFO - 2025-03-02 17:54:49 --> Session: Class initialized using 'CodeIgniter\Session\Handlers\FileHandler' driver.
WARNING - 2025-03-02 17:54:49 --> [DEPRECATED] Creation of dynamic property App\Controllers\Customerservice::$replyModel is deprecated in APPPATH\Controllers\Customerservice.php on line 22.
 1 SYSTEMPATH\CodeIgniter.php(915): App\Controllers\Customerservice->__construct()
 2 SYSTEMPATH\CodeIgniter.php(494): CodeIgniter\CodeIgniter->createController()
 3 SYSTEMPATH\CodeIgniter.php(361): CodeIgniter\CodeIgniter->handleRequest(null, Object(Config\Cache), false)
 4 FCPATH\index.php(79): CodeIgniter\CodeIgniter->run()
INFO - 2025-03-02 17:54:49 --> Starting fetchEmails method
INFO - 2025-03-02 17:54:49 --> Starting email processing
CRITICAL - 2025-03-02 17:54:49 --> Error: Call to undefined function App\Controllers\imap_open()
in APPPATH\Controllers\Customerservice.php on line 223.
 1 APPPATH\Controllers\Customerservice.php(34): App\Controllers\Customerservice->processNewEmails()
 2 SYSTEMPATH\CodeIgniter.php(943): App\Controllers\Customerservice->fetchEmails()
 3 SYSTEMPATH\CodeIgniter.php(503): CodeIgniter\CodeIgniter->runController(Object(App\Controllers\Customerservice))
 4 SYSTEMPATH\CodeIgniter.php(361): CodeIgniter\CodeIgniter->handleRequest(null, Object(Config\Cache), false)
 5 FCPATH\index.php(79): CodeIgniter\CodeIgniter->run()
INFO - 2025-03-02 17:54:49 --> Session: Class initialized using 'CodeIgniter\Session\Handlers\FileHandler' driver.
INFO - 2025-03-02 17:54:49 --> Starting tracking details update process
INFO - 2025-03-02 17:54:49 --> No active BlueDart shipments found for tracking updates.
INFO - 2025-03-02 17:55:19 --> Session: Class initialized using 'CodeIgniter\Session\Handlers\FileHandler' driver.
WARNING - 2025-03-02 17:55:19 --> [DEPRECATED] Creation of dynamic property App\Controllers\Customerservice::$replyModel is deprecated in APPPATH\Controllers\Customerservice.php on line 22.
 1 SYSTEMPATH\CodeIgniter.php(915): App\Controllers\Customerservice->__construct()
 2 SYSTEMPATH\CodeIgniter.php(494): CodeIgniter\CodeIgniter->createController()
 3 SYSTEMPATH\CodeIgniter.php(361): CodeIgniter\CodeIgniter->handleRequest(null, Object(Config\Cache), false)
 4 FCPATH\index.php(79): CodeIgniter\CodeIgniter->run()
INFO - 2025-03-02 17:55:19 --> Starting fetchEmails method
INFO - 2025-03-02 17:55:19 --> Starting email processing
CRITICAL - 2025-03-02 17:55:19 --> Error: Call to undefined function App\Controllers\imap_open()
in APPPATH\Controllers\Customerservice.php on line 223.
 1 APPPATH\Controllers\Customerservice.php(34): App\Controllers\Customerservice->processNewEmails()
 2 SYSTEMPATH\CodeIgniter.php(943): App\Controllers\Customerservice->fetchEmails()
 3 SYSTEMPATH\CodeIgniter.php(503): CodeIgniter\CodeIgniter->runController(Object(App\Controllers\Customerservice))
 4 SYSTEMPATH\CodeIgniter.php(361): CodeIgniter\CodeIgniter->handleRequest(null, Object(Config\Cache), false)
 5 FCPATH\index.php(79): CodeIgniter\CodeIgniter->run()
INFO - 2025-03-02 17:55:19 --> Session: Class initialized using 'CodeIgniter\Session\Handlers\FileHandler' driver.
INFO - 2025-03-02 17:55:19 --> Starting tracking details update process
INFO - 2025-03-02 17:55:19 --> No active BlueDart shipments found for tracking updates.
INFO - 2025-03-02 17:55:48 --> Session: Class initialized using 'CodeIgniter\Session\Handlers\FileHandler' driver.
WARNING - 2025-03-02 17:55:48 --> [DEPRECATED] Creation of dynamic property App\Controllers\Customerservice::$replyModel is deprecated in APPPATH\Controllers\Customerservice.php on line 22.
 1 SYSTEMPATH\CodeIgniter.php(915): App\Controllers\Customerservice->__construct()
 2 SYSTEMPATH\CodeIgniter.php(494): CodeIgniter\CodeIgniter->createController()
 3 SYSTEMPATH\CodeIgniter.php(361): CodeIgniter\CodeIgniter->handleRequest(null, Object(Config\Cache), false)
 4 FCPATH\index.php(79): CodeIgniter\CodeIgniter->run()
INFO - 2025-03-02 17:55:48 --> Starting fetchEmails method
INFO - 2025-03-02 17:55:48 --> Starting email processing
CRITICAL - 2025-03-02 17:55:48 --> Error: Call to undefined function App\Controllers\imap_open()
in APPPATH\Controllers\Customerservice.php on line 223.
 1 APPPATH\Controllers\Customerservice.php(34): App\Controllers\Customerservice->processNewEmails()
 2 SYSTEMPATH\CodeIgniter.php(943): App\Controllers\Customerservice->fetchEmails()
 3 SYSTEMPATH\CodeIgniter.php(503): CodeIgniter\CodeIgniter->runController(Object(App\Controllers\Customerservice))
 4 SYSTEMPATH\CodeIgniter.php(361): CodeIgniter\CodeIgniter->handleRequest(null, Object(Config\Cache), false)
 5 FCPATH\index.php(79): CodeIgniter\CodeIgniter->run()
INFO - 2025-03-02 17:55:48 --> Session: Class initialized using 'CodeIgniter\Session\Handlers\FileHandler' driver.
INFO - 2025-03-02 17:55:48 --> Starting tracking details update process
INFO - 2025-03-02 17:55:48 --> No active BlueDart shipments found for tracking updates.
INFO - 2025-03-02 17:55:50 --> Session: Class initialized using 'CodeIgniter\Session\Handlers\FileHandler' driver.
INFO - 2025-03-02 17:56:18 --> Session: Class initialized using 'CodeIgniter\Session\Handlers\FileHandler' driver.
INFO - 2025-03-02 17:56:18 --> Session: Class initialized using 'CodeIgniter\Session\Handlers\FileHandler' driver.
INFO - 2025-03-02 17:56:49 --> Session: Class initialized using 'CodeIgniter\Session\Handlers\FileHandler' driver.
INFO - 2025-03-02 17:56:49 --> Starting tracking details update process
INFO - 2025-03-02 17:56:49 --> No active BlueDart shipments found for tracking updates.
INFO - 2025-03-02 17:56:49 --> Session: Class initialized using 'CodeIgniter\Session\Handlers\FileHandler' driver.
WARNING - 2025-03-02 17:56:49 --> [DEPRECATED] Creation of dynamic property App\Controllers\Customerservice::$replyModel is deprecated in APPPATH\Controllers\Customerservice.php on line 22.
 1 SYSTEMPATH\CodeIgniter.php(915): App\Controllers\Customerservice->__construct()
 2 SYSTEMPATH\CodeIgniter.php(494): CodeIgniter\CodeIgniter->createController()
 3 SYSTEMPATH\CodeIgniter.php(361): CodeIgniter\CodeIgniter->handleRequest(null, Object(Config\Cache), false)
 4 FCPATH\index.php(79): CodeIgniter\CodeIgniter->run()
INFO - 2025-03-02 17:56:49 --> Starting fetchEmails method
INFO - 2025-03-02 17:56:49 --> Starting email processing
CRITICAL - 2025-03-02 17:56:49 --> Error: Call to undefined function App\Controllers\imap_open()
in APPPATH\Controllers\Customerservice.php on line 223.
 1 APPPATH\Controllers\Customerservice.php(34): App\Controllers\Customerservice->processNewEmails()
 2 SYSTEMPATH\CodeIgniter.php(943): App\Controllers\Customerservice->fetchEmails()
 3 SYSTEMPATH\CodeIgniter.php(503): CodeIgniter\CodeIgniter->runController(Object(App\Controllers\Customerservice))
 4 SYSTEMPATH\CodeIgniter.php(361): CodeIgniter\CodeIgniter->handleRequest(null, Object(Config\Cache), false)
 5 FCPATH\index.php(79): CodeIgniter\CodeIgniter->run()
INFO - 2025-03-02 17:57:19 --> Session: Class initialized using 'CodeIgniter\Session\Handlers\FileHandler' driver.
WARNING - 2025-03-02 17:57:19 --> [DEPRECATED] Creation of dynamic property App\Controllers\Customerservice::$replyModel is deprecated in APPPATH\Controllers\Customerservice.php on line 22.
 1 SYSTEMPATH\CodeIgniter.php(915): App\Controllers\Customerservice->__construct()
 2 SYSTEMPATH\CodeIgniter.php(494): CodeIgniter\CodeIgniter->createController()
 3 SYSTEMPATH\CodeIgniter.php(361): CodeIgniter\CodeIgniter->handleRequest(null, Object(Config\Cache), false)
 4 FCPATH\index.php(79): CodeIgniter\CodeIgniter->run()
INFO - 2025-03-02 17:57:19 --> Starting fetchEmails method
INFO - 2025-03-02 17:57:19 --> Starting email processing
CRITICAL - 2025-03-02 17:57:19 --> Error: Call to undefined function App\Controllers\imap_open()
in APPPATH\Controllers\Customerservice.php on line 223.
 1 APPPATH\Controllers\Customerservice.php(34): App\Controllers\Customerservice->processNewEmails()
 2 SYSTEMPATH\CodeIgniter.php(943): App\Controllers\Customerservice->fetchEmails()
 3 SYSTEMPATH\CodeIgniter.php(503): CodeIgniter\CodeIgniter->runController(Object(App\Controllers\Customerservice))
 4 SYSTEMPATH\CodeIgniter.php(361): CodeIgniter\CodeIgniter->handleRequest(null, Object(Config\Cache), false)
 5 FCPATH\index.php(79): CodeIgniter\CodeIgniter->run()
INFO - 2025-03-02 17:57:19 --> Session: Class initialized using 'CodeIgniter\Session\Handlers\FileHandler' driver.
INFO - 2025-03-02 17:57:19 --> Starting tracking details update process
INFO - 2025-03-02 17:57:19 --> No active BlueDart shipments found for tracking updates.
INFO - 2025-03-02 17:57:49 --> Session: Class initialized using 'CodeIgniter\Session\Handlers\FileHandler' driver.
WARNING - 2025-03-02 17:57:49 --> [DEPRECATED] Creation of dynamic property App\Controllers\Customerservice::$replyModel is deprecated in APPPATH\Controllers\Customerservice.php on line 22.
 1 SYSTEMPATH\CodeIgniter.php(915): App\Controllers\Customerservice->__construct()
 2 SYSTEMPATH\CodeIgniter.php(494): CodeIgniter\CodeIgniter->createController()
 3 SYSTEMPATH\CodeIgniter.php(361): CodeIgniter\CodeIgniter->handleRequest(null, Object(Config\Cache), false)
 4 FCPATH\index.php(79): CodeIgniter\CodeIgniter->run()
INFO - 2025-03-02 17:57:49 --> Starting fetchEmails method
INFO - 2025-03-02 17:57:49 --> Starting email processing
CRITICAL - 2025-03-02 17:57:49 --> Error: Call to undefined function App\Controllers\imap_open()
in APPPATH\Controllers\Customerservice.php on line 223.
 1 APPPATH\Controllers\Customerservice.php(34): App\Controllers\Customerservice->processNewEmails()
 2 SYSTEMPATH\CodeIgniter.php(943): App\Controllers\Customerservice->fetchEmails()
 3 SYSTEMPATH\CodeIgniter.php(503): CodeIgniter\CodeIgniter->runController(Object(App\Controllers\Customerservice))
 4 SYSTEMPATH\CodeIgniter.php(361): CodeIgniter\CodeIgniter->handleRequest(null, Object(Config\Cache), false)
 5 FCPATH\index.php(79): CodeIgniter\CodeIgniter->run()
INFO - 2025-03-02 17:57:49 --> Session: Class initialized using 'CodeIgniter\Session\Handlers\FileHandler' driver.
INFO - 2025-03-02 17:57:49 --> Starting tracking details update process
INFO - 2025-03-02 17:57:49 --> No active BlueDart shipments found for tracking updates.
INFO - 2025-03-02 17:58:19 --> Session: Class initialized using 'CodeIgniter\Session\Handlers\FileHandler' driver.
WARNING - 2025-03-02 17:58:19 --> [DEPRECATED] Creation of dynamic property App\Controllers\Customerservice::$replyModel is deprecated in APPPATH\Controllers\Customerservice.php on line 22.
 1 SYSTEMPATH\CodeIgniter.php(915): App\Controllers\Customerservice->__construct()
 2 SYSTEMPATH\CodeIgniter.php(494): CodeIgniter\CodeIgniter->createController()
 3 SYSTEMPATH\CodeIgniter.php(361): CodeIgniter\CodeIgniter->handleRequest(null, Object(Config\Cache), false)
 4 FCPATH\index.php(79): CodeIgniter\CodeIgniter->run()
INFO - 2025-03-02 17:58:19 --> Starting fetchEmails method
INFO - 2025-03-02 17:58:19 --> Starting email processing
CRITICAL - 2025-03-02 17:58:19 --> Error: Call to undefined function App\Controllers\imap_open()
in APPPATH\Controllers\Customerservice.php on line 223.
 1 APPPATH\Controllers\Customerservice.php(34): App\Controllers\Customerservice->processNewEmails()
 2 SYSTEMPATH\CodeIgniter.php(943): App\Controllers\Customerservice->fetchEmails()
 3 SYSTEMPATH\CodeIgniter.php(503): CodeIgniter\CodeIgniter->runController(Object(App\Controllers\Customerservice))
 4 SYSTEMPATH\CodeIgniter.php(361): CodeIgniter\CodeIgniter->handleRequest(null, Object(Config\Cache), false)
 5 FCPATH\index.php(79): CodeIgniter\CodeIgniter->run()
INFO - 2025-03-02 17:58:19 --> Session: Class initialized using 'CodeIgniter\Session\Handlers\FileHandler' driver.
INFO - 2025-03-02 17:58:19 --> Starting tracking details update process
INFO - 2025-03-02 17:58:19 --> No active BlueDart shipments found for tracking updates.
INFO - 2025-03-02 17:59:05 --> Session: Class initialized using 'CodeIgniter\Session\Handlers\FileHandler' driver.
WARNING - 2025-03-02 17:59:05 --> [DEPRECATED] Creation of dynamic property App\Controllers\Customerservice::$replyModel is deprecated in APPPATH\Controllers\Customerservice.php on line 22.
 1 SYSTEMPATH\CodeIgniter.php(915): App\Controllers\Customerservice->__construct()
 2 SYSTEMPATH\CodeIgniter.php(494): CodeIgniter\CodeIgniter->createController()
 3 SYSTEMPATH\CodeIgniter.php(361): CodeIgniter\CodeIgniter->handleRequest(null, Object(Config\Cache), false)
 4 FCPATH\index.php(79): CodeIgniter\CodeIgniter->run()
INFO - 2025-03-02 17:59:05 --> Starting fetchEmails method
INFO - 2025-03-02 17:59:05 --> Starting email processing
CRITICAL - 2025-03-02 17:59:05 --> Error: Call to undefined function App\Controllers\imap_open()
in APPPATH\Controllers\Customerservice.php on line 223.
 1 APPPATH\Controllers\Customerservice.php(34): App\Controllers\Customerservice->processNewEmails()
 2 SYSTEMPATH\CodeIgniter.php(943): App\Controllers\Customerservice->fetchEmails()
 3 SYSTEMPATH\CodeIgniter.php(503): CodeIgniter\CodeIgniter->runController(Object(App\Controllers\Customerservice))
 4 SYSTEMPATH\CodeIgniter.php(361): CodeIgniter\CodeIgniter->handleRequest(null, Object(Config\Cache), false)
 5 FCPATH\index.php(79): CodeIgniter\CodeIgniter->run()
INFO - 2025-03-02 17:59:05 --> Session: Class initialized using 'CodeIgniter\Session\Handlers\FileHandler' driver.
INFO - 2025-03-02 17:59:05 --> Starting tracking details update process
INFO - 2025-03-02 17:59:05 --> No active BlueDart shipments found for tracking updates.
INFO - 2025-03-02 18:00:00 --> Session: Class initialized using 'CodeIgniter\Session\Handlers\FileHandler' driver.
WARNING - 2025-03-02 18:00:00 --> [DEPRECATED] Creation of dynamic property App\Controllers\Customerservice::$replyModel is deprecated in APPPATH\Controllers\Customerservice.php on line 22.
 1 SYSTEMPATH\CodeIgniter.php(915): App\Controllers\Customerservice->__construct()
 2 SYSTEMPATH\CodeIgniter.php(494): CodeIgniter\CodeIgniter->createController()
 3 SYSTEMPATH\CodeIgniter.php(361): CodeIgniter\CodeIgniter->handleRequest(null, Object(Config\Cache), false)
 4 FCPATH\index.php(79): CodeIgniter\CodeIgniter->run()
INFO - 2025-03-02 18:00:00 --> Starting fetchEmails method
INFO - 2025-03-02 18:00:00 --> Starting email processing
CRITICAL - 2025-03-02 18:00:00 --> Error: Call to undefined function App\Controllers\imap_open()
in APPPATH\Controllers\Customerservice.php on line 223.
 1 APPPATH\Controllers\Customerservice.php(34): App\Controllers\Customerservice->processNewEmails()
 2 SYSTEMPATH\CodeIgniter.php(943): App\Controllers\Customerservice->fetchEmails()
 3 SYSTEMPATH\CodeIgniter.php(503): CodeIgniter\CodeIgniter->runController(Object(App\Controllers\Customerservice))
 4 SYSTEMPATH\CodeIgniter.php(361): CodeIgniter\CodeIgniter->handleRequest(null, Object(Config\Cache), false)
 5 FCPATH\index.php(79): CodeIgniter\CodeIgniter->run()
INFO - 2025-03-02 18:00:00 --> Session: Class initialized using 'CodeIgniter\Session\Handlers\FileHandler' driver.
INFO - 2025-03-02 18:00:00 --> Starting tracking details update process
INFO - 2025-03-02 18:00:00 --> No active BlueDart shipments found for tracking updates.
INFO - 2025-03-02 18:00:19 --> Session: Class initialized using 'CodeIgniter\Session\Handlers\FileHandler' driver.
INFO - 2025-03-02 18:00:19 --> Starting tracking details update process
INFO - 2025-03-02 18:00:19 --> No active BlueDart shipments found for tracking updates.
INFO - 2025-03-02 18:00:19 --> Session: Class initialized using 'CodeIgniter\Session\Handlers\FileHandler' driver.
WARNING - 2025-03-02 18:00:19 --> [DEPRECATED] Creation of dynamic property App\Controllers\Customerservice::$replyModel is deprecated in APPPATH\Controllers\Customerservice.php on line 22.
 1 SYSTEMPATH\CodeIgniter.php(915): App\Controllers\Customerservice->__construct()
 2 SYSTEMPATH\CodeIgniter.php(494): CodeIgniter\CodeIgniter->createController()
 3 SYSTEMPATH\CodeIgniter.php(361): CodeIgniter\CodeIgniter->handleRequest(null, Object(Config\Cache), false)
 4 FCPATH\index.php(79): CodeIgniter\CodeIgniter->run()
INFO - 2025-03-02 18:00:19 --> Starting fetchEmails method
INFO - 2025-03-02 18:00:19 --> Starting email processing
CRITICAL - 2025-03-02 18:00:19 --> Error: Call to undefined function App\Controllers\imap_open()
in APPPATH\Controllers\Customerservice.php on line 223.
 1 APPPATH\Controllers\Customerservice.php(34): App\Controllers\Customerservice->processNewEmails()
 2 SYSTEMPATH\CodeIgniter.php(943): App\Controllers\Customerservice->fetchEmails()
 3 SYSTEMPATH\CodeIgniter.php(503): CodeIgniter\CodeIgniter->runController(Object(App\Controllers\Customerservice))
 4 SYSTEMPATH\CodeIgniter.php(361): CodeIgniter\CodeIgniter->handleRequest(null, Object(Config\Cache), false)
 5 FCPATH\index.php(79): CodeIgniter\CodeIgniter->run()
INFO - 2025-03-02 18:00:49 --> Session: Class initialized using 'CodeIgniter\Session\Handlers\FileHandler' driver.
INFO - 2025-03-02 18:00:49 --> Starting tracking details update process
INFO - 2025-03-02 18:00:49 --> No active BlueDart shipments found for tracking updates.
INFO - 2025-03-02 18:00:49 --> Session: Class initialized using 'CodeIgniter\Session\Handlers\FileHandler' driver.
WARNING - 2025-03-02 18:00:49 --> [DEPRECATED] Creation of dynamic property App\Controllers\Customerservice::$replyModel is deprecated in APPPATH\Controllers\Customerservice.php on line 22.
 1 SYSTEMPATH\CodeIgniter.php(915): App\Controllers\Customerservice->__construct()
 2 SYSTEMPATH\CodeIgniter.php(494): CodeIgniter\CodeIgniter->createController()
 3 SYSTEMPATH\CodeIgniter.php(361): CodeIgniter\CodeIgniter->handleRequest(null, Object(Config\Cache), false)
 4 FCPATH\index.php(79): CodeIgniter\CodeIgniter->run()
INFO - 2025-03-02 18:00:49 --> Starting fetchEmails method
INFO - 2025-03-02 18:00:49 --> Starting email processing
CRITICAL - 2025-03-02 18:00:49 --> Error: Call to undefined function App\Controllers\imap_open()
in APPPATH\Controllers\Customerservice.php on line 223.
 1 APPPATH\Controllers\Customerservice.php(34): App\Controllers\Customerservice->processNewEmails()
 2 SYSTEMPATH\CodeIgniter.php(943): App\Controllers\Customerservice->fetchEmails()
 3 SYSTEMPATH\CodeIgniter.php(503): CodeIgniter\CodeIgniter->runController(Object(App\Controllers\Customerservice))
 4 SYSTEMPATH\CodeIgniter.php(361): CodeIgniter\CodeIgniter->handleRequest(null, Object(Config\Cache), false)
 5 FCPATH\index.php(79): CodeIgniter\CodeIgniter->run()
INFO - 2025-03-02 18:02:05 --> Session: Class initialized using 'CodeIgniter\Session\Handlers\FileHandler' driver.
INFO - 2025-03-02 18:02:05 --> Session: Class initialized using 'CodeIgniter\Session\Handlers\FileHandler' driver.
INFO - 2025-03-02 18:02:05 --> Starting tracking details update process
WARNING - 2025-03-02 18:02:05 --> [DEPRECATED] Creation of dynamic property App\Controllers\Customerservice::$replyModel is deprecated in APPPATH\Controllers\Customerservice.php on line 22.
 1 SYSTEMPATH\CodeIgniter.php(915): App\Controllers\Customerservice->__construct()
 2 SYSTEMPATH\CodeIgniter.php(494): CodeIgniter\CodeIgniter->createController()
 3 SYSTEMPATH\CodeIgniter.php(361): CodeIgniter\CodeIgniter->handleRequest(null, Object(Config\Cache), false)
 4 FCPATH\index.php(79): CodeIgniter\CodeIgniter->run()
INFO - 2025-03-02 18:02:05 --> Starting fetchEmails method
INFO - 2025-03-02 18:02:05 --> No active BlueDart shipments found for tracking updates.
INFO - 2025-03-02 18:02:05 --> Starting email processing
CRITICAL - 2025-03-02 18:02:05 --> Error: Call to undefined function App\Controllers\imap_open()
in APPPATH\Controllers\Customerservice.php on line 223.
 1 APPPATH\Controllers\Customerservice.php(34): App\Controllers\Customerservice->processNewEmails()
 2 SYSTEMPATH\CodeIgniter.php(943): App\Controllers\Customerservice->fetchEmails()
 3 SYSTEMPATH\CodeIgniter.php(503): CodeIgniter\CodeIgniter->runController(Object(App\Controllers\Customerservice))
 4 SYSTEMPATH\CodeIgniter.php(361): CodeIgniter\CodeIgniter->handleRequest(null, Object(Config\Cache), false)
 5 FCPATH\index.php(79): CodeIgniter\CodeIgniter->run()
INFO - 2025-03-02 18:03:05 --> Session: Class initialized using 'CodeIgniter\Session\Handlers\FileHandler' driver.
WARNING - 2025-03-02 18:03:05 --> [DEPRECATED] Creation of dynamic property App\Controllers\Customerservice::$replyModel is deprecated in APPPATH\Controllers\Customerservice.php on line 22.
 1 SYSTEMPATH\CodeIgniter.php(915): App\Controllers\Customerservice->__construct()
 2 SYSTEMPATH\CodeIgniter.php(494): CodeIgniter\CodeIgniter->createController()
 3 SYSTEMPATH\CodeIgniter.php(361): CodeIgniter\CodeIgniter->handleRequest(null, Object(Config\Cache), false)
 4 FCPATH\index.php(79): CodeIgniter\CodeIgniter->run()
INFO - 2025-03-02 18:03:05 --> Starting fetchEmails method
INFO - 2025-03-02 18:03:05 --> Starting email processing
CRITICAL - 2025-03-02 18:03:05 --> Error: Call to undefined function App\Controllers\imap_open()
in APPPATH\Controllers\Customerservice.php on line 223.
 1 APPPATH\Controllers\Customerservice.php(34): App\Controllers\Customerservice->processNewEmails()
 2 SYSTEMPATH\CodeIgniter.php(943): App\Controllers\Customerservice->fetchEmails()
 3 SYSTEMPATH\CodeIgniter.php(503): CodeIgniter\CodeIgniter->runController(Object(App\Controllers\Customerservice))
 4 SYSTEMPATH\CodeIgniter.php(361): CodeIgniter\CodeIgniter->handleRequest(null, Object(Config\Cache), false)
 5 FCPATH\index.php(79): CodeIgniter\CodeIgniter->run()
INFO - 2025-03-02 18:03:05 --> Session: Class initialized using 'CodeIgniter\Session\Handlers\FileHandler' driver.
INFO - 2025-03-02 18:03:05 --> Starting tracking details update process
INFO - 2025-03-02 18:03:05 --> No active BlueDart shipments found for tracking updates.
INFO - 2025-03-02 18:04:05 --> Session: Class initialized using 'CodeIgniter\Session\Handlers\FileHandler' driver.
INFO - 2025-03-02 18:04:05 --> Starting tracking details update process
INFO - 2025-03-02 18:04:05 --> No active BlueDart shipments found for tracking updates.
INFO - 2025-03-02 18:04:05 --> Session: Class initialized using 'CodeIgniter\Session\Handlers\FileHandler' driver.
WARNING - 2025-03-02 18:04:05 --> [DEPRECATED] Creation of dynamic property App\Controllers\Customerservice::$replyModel is deprecated in APPPATH\Controllers\Customerservice.php on line 22.
 1 SYSTEMPATH\CodeIgniter.php(915): App\Controllers\Customerservice->__construct()
 2 SYSTEMPATH\CodeIgniter.php(494): CodeIgniter\CodeIgniter->createController()
 3 SYSTEMPATH\CodeIgniter.php(361): CodeIgniter\CodeIgniter->handleRequest(null, Object(Config\Cache), false)
 4 FCPATH\index.php(79): CodeIgniter\CodeIgniter->run()
INFO - 2025-03-02 18:04:05 --> Starting fetchEmails method
INFO - 2025-03-02 18:04:05 --> Starting email processing
CRITICAL - 2025-03-02 18:04:05 --> Error: Call to undefined function App\Controllers\imap_open()
in APPPATH\Controllers\Customerservice.php on line 223.
 1 APPPATH\Controllers\Customerservice.php(34): App\Controllers\Customerservice->processNewEmails()
 2 SYSTEMPATH\CodeIgniter.php(943): App\Controllers\Customerservice->fetchEmails()
 3 SYSTEMPATH\CodeIgniter.php(503): CodeIgniter\CodeIgniter->runController(Object(App\Controllers\Customerservice))
 4 SYSTEMPATH\CodeIgniter.php(361): CodeIgniter\CodeIgniter->handleRequest(null, Object(Config\Cache), false)
 5 FCPATH\index.php(79): CodeIgniter\CodeIgniter->run()
INFO - 2025-03-02 18:05:05 --> Session: Class initialized using 'CodeIgniter\Session\Handlers\FileHandler' driver.
WARNING - 2025-03-02 18:05:05 --> [DEPRECATED] Creation of dynamic property App\Controllers\Customerservice::$replyModel is deprecated in APPPATH\Controllers\Customerservice.php on line 22.
 1 SYSTEMPATH\CodeIgniter.php(915): App\Controllers\Customerservice->__construct()
 2 SYSTEMPATH\CodeIgniter.php(494): CodeIgniter\CodeIgniter->createController()
 3 SYSTEMPATH\CodeIgniter.php(361): CodeIgniter\CodeIgniter->handleRequest(null, Object(Config\Cache), false)
 4 FCPATH\index.php(79): CodeIgniter\CodeIgniter->run()
INFO - 2025-03-02 18:05:05 --> Starting fetchEmails method
INFO - 2025-03-02 18:05:05 --> Starting email processing
CRITICAL - 2025-03-02 18:05:05 --> Error: Call to undefined function App\Controllers\imap_open()
in APPPATH\Controllers\Customerservice.php on line 223.
 1 APPPATH\Controllers\Customerservice.php(34): App\Controllers\Customerservice->processNewEmails()
 2 SYSTEMPATH\CodeIgniter.php(943): App\Controllers\Customerservice->fetchEmails()
 3 SYSTEMPATH\CodeIgniter.php(503): CodeIgniter\CodeIgniter->runController(Object(App\Controllers\Customerservice))
 4 SYSTEMPATH\CodeIgniter.php(361): CodeIgniter\CodeIgniter->handleRequest(null, Object(Config\Cache), false)
 5 FCPATH\index.php(79): CodeIgniter\CodeIgniter->run()
INFO - 2025-03-02 18:05:05 --> Session: Class initialized using 'CodeIgniter\Session\Handlers\FileHandler' driver.
INFO - 2025-03-02 18:05:05 --> Starting tracking details update process
INFO - 2025-03-02 18:05:05 --> No active BlueDart shipments found for tracking updates.
INFO - 2025-03-02 18:06:05 --> Session: Class initialized using 'CodeIgniter\Session\Handlers\FileHandler' driver.
WARNING - 2025-03-02 18:06:05 --> [DEPRECATED] Creation of dynamic property App\Controllers\Customerservice::$replyModel is deprecated in APPPATH\Controllers\Customerservice.php on line 22.
 1 SYSTEMPATH\CodeIgniter.php(915): App\Controllers\Customerservice->__construct()
 2 SYSTEMPATH\CodeIgniter.php(494): CodeIgniter\CodeIgniter->createController()
 3 SYSTEMPATH\CodeIgniter.php(361): CodeIgniter\CodeIgniter->handleRequest(null, Object(Config\Cache), false)
 4 FCPATH\index.php(79): CodeIgniter\CodeIgniter->run()
INFO - 2025-03-02 18:06:05 --> Starting fetchEmails method
INFO - 2025-03-02 18:06:05 --> Starting email processing
CRITICAL - 2025-03-02 18:06:05 --> Error: Call to undefined function App\Controllers\imap_open()
in APPPATH\Controllers\Customerservice.php on line 223.
 1 APPPATH\Controllers\Customerservice.php(34): App\Controllers\Customerservice->processNewEmails()
 2 SYSTEMPATH\CodeIgniter.php(943): App\Controllers\Customerservice->fetchEmails()
 3 SYSTEMPATH\CodeIgniter.php(503): CodeIgniter\CodeIgniter->runController(Object(App\Controllers\Customerservice))
 4 SYSTEMPATH\CodeIgniter.php(361): CodeIgniter\CodeIgniter->handleRequest(null, Object(Config\Cache), false)
 5 FCPATH\index.php(79): CodeIgniter\CodeIgniter->run()
INFO - 2025-03-02 18:06:05 --> Session: Class initialized using 'CodeIgniter\Session\Handlers\FileHandler' driver.
INFO - 2025-03-02 18:06:05 --> Starting tracking details update process
INFO - 2025-03-02 18:06:05 --> No active BlueDart shipments found for tracking updates.
INFO - 2025-03-02 18:07:05 --> Session: Class initialized using 'CodeIgniter\Session\Handlers\FileHandler' driver.
WARNING - 2025-03-02 18:07:05 --> [DEPRECATED] Creation of dynamic property App\Controllers\Customerservice::$replyModel is deprecated in APPPATH\Controllers\Customerservice.php on line 22.
 1 SYSTEMPATH\CodeIgniter.php(915): App\Controllers\Customerservice->__construct()
 2 SYSTEMPATH\CodeIgniter.php(494): CodeIgniter\CodeIgniter->createController()
 3 SYSTEMPATH\CodeIgniter.php(361): CodeIgniter\CodeIgniter->handleRequest(null, Object(Config\Cache), false)
 4 FCPATH\index.php(79): CodeIgniter\CodeIgniter->run()
INFO - 2025-03-02 18:07:05 --> Starting fetchEmails method
INFO - 2025-03-02 18:07:05 --> Starting email processing
CRITICAL - 2025-03-02 18:07:05 --> Error: Call to undefined function App\Controllers\imap_open()
in APPPATH\Controllers\Customerservice.php on line 223.
 1 APPPATH\Controllers\Customerservice.php(34): App\Controllers\Customerservice->processNewEmails()
 2 SYSTEMPATH\CodeIgniter.php(943): App\Controllers\Customerservice->fetchEmails()
 3 SYSTEMPATH\CodeIgniter.php(503): CodeIgniter\CodeIgniter->runController(Object(App\Controllers\Customerservice))
 4 SYSTEMPATH\CodeIgniter.php(361): CodeIgniter\CodeIgniter->handleRequest(null, Object(Config\Cache), false)
 5 FCPATH\index.php(79): CodeIgniter\CodeIgniter->run()
INFO - 2025-03-02 18:07:05 --> Session: Class initialized using 'CodeIgniter\Session\Handlers\FileHandler' driver.
INFO - 2025-03-02 18:07:05 --> Starting tracking details update process
INFO - 2025-03-02 18:07:05 --> No active BlueDart shipments found for tracking updates.
INFO - 2025-03-02 18:08:05 --> Session: Class initialized using 'CodeIgniter\Session\Handlers\FileHandler' driver.
INFO - 2025-03-02 18:08:05 --> Session: Class initialized using 'CodeIgniter\Session\Handlers\FileHandler' driver.
INFO - 2025-03-02 18:08:05 --> Starting tracking details update process
INFO - 2025-03-02 18:08:05 --> No active BlueDart shipments found for tracking updates.
WARNING - 2025-03-02 18:08:05 --> [DEPRECATED] Creation of dynamic property App\Controllers\Customerservice::$replyModel is deprecated in APPPATH\Controllers\Customerservice.php on line 22.
 1 SYSTEMPATH\CodeIgniter.php(915): App\Controllers\Customerservice->__construct()
 2 SYSTEMPATH\CodeIgniter.php(494): CodeIgniter\CodeIgniter->createController()
 3 SYSTEMPATH\CodeIgniter.php(361): CodeIgniter\CodeIgniter->handleRequest(null, Object(Config\Cache), false)
 4 FCPATH\index.php(79): CodeIgniter\CodeIgniter->run()
INFO - 2025-03-02 18:08:05 --> Starting fetchEmails method
INFO - 2025-03-02 18:08:05 --> Starting email processing
CRITICAL - 2025-03-02 18:08:05 --> Error: Call to undefined function App\Controllers\imap_open()
in APPPATH\Controllers\Customerservice.php on line 223.
 1 APPPATH\Controllers\Customerservice.php(34): App\Controllers\Customerservice->processNewEmails()
 2 SYSTEMPATH\CodeIgniter.php(943): App\Controllers\Customerservice->fetchEmails()
 3 SYSTEMPATH\CodeIgniter.php(503): CodeIgniter\CodeIgniter->runController(Object(App\Controllers\Customerservice))
 4 SYSTEMPATH\CodeIgniter.php(361): CodeIgniter\CodeIgniter->handleRequest(null, Object(Config\Cache), false)
 5 FCPATH\index.php(79): CodeIgniter\CodeIgniter->run()
INFO - 2025-03-02 18:09:05 --> Session: Class initialized using 'CodeIgniter\Session\Handlers\FileHandler' driver.
WARNING - 2025-03-02 18:09:05 --> [DEPRECATED] Creation of dynamic property App\Controllers\Customerservice::$replyModel is deprecated in APPPATH\Controllers\Customerservice.php on line 22.
 1 SYSTEMPATH\CodeIgniter.php(915): App\Controllers\Customerservice->__construct()
 2 SYSTEMPATH\CodeIgniter.php(494): CodeIgniter\CodeIgniter->createController()
 3 SYSTEMPATH\CodeIgniter.php(361): CodeIgniter\CodeIgniter->handleRequest(null, Object(Config\Cache), false)
 4 FCPATH\index.php(79): CodeIgniter\CodeIgniter->run()
INFO - 2025-03-02 18:09:05 --> Starting fetchEmails method
INFO - 2025-03-02 18:09:05 --> Starting email processing
CRITICAL - 2025-03-02 18:09:05 --> Error: Call to undefined function App\Controllers\imap_open()
in APPPATH\Controllers\Customerservice.php on line 223.
 1 APPPATH\Controllers\Customerservice.php(34): App\Controllers\Customerservice->processNewEmails()
 2 SYSTEMPATH\CodeIgniter.php(943): App\Controllers\Customerservice->fetchEmails()
 3 SYSTEMPATH\CodeIgniter.php(503): CodeIgniter\CodeIgniter->runController(Object(App\Controllers\Customerservice))
 4 SYSTEMPATH\CodeIgniter.php(361): CodeIgniter\CodeIgniter->handleRequest(null, Object(Config\Cache), false)
 5 FCPATH\index.php(79): CodeIgniter\CodeIgniter->run()
INFO - 2025-03-02 18:09:05 --> Session: Class initialized using 'CodeIgniter\Session\Handlers\FileHandler' driver.
INFO - 2025-03-02 18:09:05 --> Starting tracking details update process
INFO - 2025-03-02 18:09:05 --> No active BlueDart shipments found for tracking updates.
INFO - 2025-03-02 18:10:05 --> Session: Class initialized using 'CodeIgniter\Session\Handlers\FileHandler' driver.
INFO - 2025-03-02 18:10:05 --> Starting tracking details update process
INFO - 2025-03-02 18:10:05 --> No active BlueDart shipments found for tracking updates.
INFO - 2025-03-02 18:10:05 --> Session: Class initialized using 'CodeIgniter\Session\Handlers\FileHandler' driver.
WARNING - 2025-03-02 18:10:05 --> [DEPRECATED] Creation of dynamic property App\Controllers\Customerservice::$replyModel is deprecated in APPPATH\Controllers\Customerservice.php on line 22.
 1 SYSTEMPATH\CodeIgniter.php(915): App\Controllers\Customerservice->__construct()
 2 SYSTEMPATH\CodeIgniter.php(494): CodeIgniter\CodeIgniter->createController()
 3 SYSTEMPATH\CodeIgniter.php(361): CodeIgniter\CodeIgniter->handleRequest(null, Object(Config\Cache), false)
 4 FCPATH\index.php(79): CodeIgniter\CodeIgniter->run()
INFO - 2025-03-02 18:10:05 --> Starting fetchEmails method
INFO - 2025-03-02 18:10:05 --> Starting email processing
CRITICAL - 2025-03-02 18:10:05 --> Error: Call to undefined function App\Controllers\imap_open()
in APPPATH\Controllers\Customerservice.php on line 223.
 1 APPPATH\Controllers\Customerservice.php(34): App\Controllers\Customerservice->processNewEmails()
 2 SYSTEMPATH\CodeIgniter.php(943): App\Controllers\Customerservice->fetchEmails()
 3 SYSTEMPATH\CodeIgniter.php(503): CodeIgniter\CodeIgniter->runController(Object(App\Controllers\Customerservice))
 4 SYSTEMPATH\CodeIgniter.php(361): CodeIgniter\CodeIgniter->handleRequest(null, Object(Config\Cache), false)
 5 FCPATH\index.php(79): CodeIgniter\CodeIgniter->run()
INFO - 2025-03-02 18:11:05 --> Session: Class initialized using 'CodeIgniter\Session\Handlers\FileHandler' driver.
WARNING - 2025-03-02 18:11:05 --> [DEPRECATED] Creation of dynamic property App\Controllers\Customerservice::$replyModel is deprecated in APPPATH\Controllers\Customerservice.php on line 22.
 1 SYSTEMPATH\CodeIgniter.php(915): App\Controllers\Customerservice->__construct()
 2 SYSTEMPATH\CodeIgniter.php(494): CodeIgniter\CodeIgniter->createController()
 3 SYSTEMPATH\CodeIgniter.php(361): CodeIgniter\CodeIgniter->handleRequest(null, Object(Config\Cache), false)
 4 FCPATH\index.php(79): CodeIgniter\CodeIgniter->run()
INFO - 2025-03-02 18:11:05 --> Starting fetchEmails method
INFO - 2025-03-02 18:11:05 --> Starting email processing
CRITICAL - 2025-03-02 18:11:05 --> Error: Call to undefined function App\Controllers\imap_open()
in APPPATH\Controllers\Customerservice.php on line 223.
 1 APPPATH\Controllers\Customerservice.php(34): App\Controllers\Customerservice->processNewEmails()
 2 SYSTEMPATH\CodeIgniter.php(943): App\Controllers\Customerservice->fetchEmails()
 3 SYSTEMPATH\CodeIgniter.php(503): CodeIgniter\CodeIgniter->runController(Object(App\Controllers\Customerservice))
 4 SYSTEMPATH\CodeIgniter.php(361): CodeIgniter\CodeIgniter->handleRequest(null, Object(Config\Cache), false)
 5 FCPATH\index.php(79): CodeIgniter\CodeIgniter->run()
INFO - 2025-03-02 18:11:05 --> Session: Class initialized using 'CodeIgniter\Session\Handlers\FileHandler' driver.
INFO - 2025-03-02 18:11:05 --> Starting tracking details update process
INFO - 2025-03-02 18:11:05 --> No active BlueDart shipments found for tracking updates.
INFO - 2025-03-02 18:12:05 --> Session: Class initialized using 'CodeIgniter\Session\Handlers\FileHandler' driver.
WARNING - 2025-03-02 18:12:05 --> [DEPRECATED] Creation of dynamic property App\Controllers\Customerservice::$replyModel is deprecated in APPPATH\Controllers\Customerservice.php on line 22.
 1 SYSTEMPATH\CodeIgniter.php(915): App\Controllers\Customerservice->__construct()
 2 SYSTEMPATH\CodeIgniter.php(494): CodeIgniter\CodeIgniter->createController()
 3 SYSTEMPATH\CodeIgniter.php(361): CodeIgniter\CodeIgniter->handleRequest(null, Object(Config\Cache), false)
 4 FCPATH\index.php(79): CodeIgniter\CodeIgniter->run()
INFO - 2025-03-02 18:12:05 --> Starting fetchEmails method
INFO - 2025-03-02 18:12:05 --> Starting email processing
CRITICAL - 2025-03-02 18:12:05 --> Error: Call to undefined function App\Controllers\imap_open()
in APPPATH\Controllers\Customerservice.php on line 223.
 1 APPPATH\Controllers\Customerservice.php(34): App\Controllers\Customerservice->processNewEmails()
 2 SYSTEMPATH\CodeIgniter.php(943): App\Controllers\Customerservice->fetchEmails()
 3 SYSTEMPATH\CodeIgniter.php(503): CodeIgniter\CodeIgniter->runController(Object(App\Controllers\Customerservice))
 4 SYSTEMPATH\CodeIgniter.php(361): CodeIgniter\CodeIgniter->handleRequest(null, Object(Config\Cache), false)
 5 FCPATH\index.php(79): CodeIgniter\CodeIgniter->run()
INFO - 2025-03-02 18:12:05 --> Session: Class initialized using 'CodeIgniter\Session\Handlers\FileHandler' driver.
INFO - 2025-03-02 18:12:05 --> Starting tracking details update process
INFO - 2025-03-02 18:12:05 --> No active BlueDart shipments found for tracking updates.
INFO - 2025-03-02 18:13:05 --> Session: Class initialized using 'CodeIgniter\Session\Handlers\FileHandler' driver.
INFO - 2025-03-02 18:13:05 --> Starting tracking details update process
INFO - 2025-03-02 18:13:05 --> No active BlueDart shipments found for tracking updates.
INFO - 2025-03-02 18:13:05 --> Session: Class initialized using 'CodeIgniter\Session\Handlers\FileHandler' driver.
WARNING - 2025-03-02 18:13:05 --> [DEPRECATED] Creation of dynamic property App\Controllers\Customerservice::$replyModel is deprecated in APPPATH\Controllers\Customerservice.php on line 22.
 1 SYSTEMPATH\CodeIgniter.php(915): App\Controllers\Customerservice->__construct()
 2 SYSTEMPATH\CodeIgniter.php(494): CodeIgniter\CodeIgniter->createController()
 3 SYSTEMPATH\CodeIgniter.php(361): CodeIgniter\CodeIgniter->handleRequest(null, Object(Config\Cache), false)
 4 FCPATH\index.php(79): CodeIgniter\CodeIgniter->run()
INFO - 2025-03-02 18:13:05 --> Starting fetchEmails method
INFO - 2025-03-02 18:13:05 --> Starting email processing
CRITICAL - 2025-03-02 18:13:05 --> Error: Call to undefined function App\Controllers\imap_open()
in APPPATH\Controllers\Customerservice.php on line 223.
 1 APPPATH\Controllers\Customerservice.php(34): App\Controllers\Customerservice->processNewEmails()
 2 SYSTEMPATH\CodeIgniter.php(943): App\Controllers\Customerservice->fetchEmails()
 3 SYSTEMPATH\CodeIgniter.php(503): CodeIgniter\CodeIgniter->runController(Object(App\Controllers\Customerservice))
 4 SYSTEMPATH\CodeIgniter.php(361): CodeIgniter\CodeIgniter->handleRequest(null, Object(Config\Cache), false)
 5 FCPATH\index.php(79): CodeIgniter\CodeIgniter->run()
INFO - 2025-03-02 18:14:05 --> Session: Class initialized using 'CodeIgniter\Session\Handlers\FileHandler' driver.
INFO - 2025-03-02 18:14:05 --> Session: Class initialized using 'CodeIgniter\Session\Handlers\FileHandler' driver.
INFO - 2025-03-02 18:14:05 --> Starting tracking details update process
WARNING - 2025-03-02 18:14:05 --> [DEPRECATED] Creation of dynamic property App\Controllers\Customerservice::$replyModel is deprecated in APPPATH\Controllers\Customerservice.php on line 22.
 1 SYSTEMPATH\CodeIgniter.php(915): App\Controllers\Customerservice->__construct()
 2 SYSTEMPATH\CodeIgniter.php(494): CodeIgniter\CodeIgniter->createController()
 3 SYSTEMPATH\CodeIgniter.php(361): CodeIgniter\CodeIgniter->handleRequest(null, Object(Config\Cache), false)
 4 FCPATH\index.php(79): CodeIgniter\CodeIgniter->run()
INFO - 2025-03-02 18:14:05 --> Starting fetchEmails method
INFO - 2025-03-02 18:14:05 --> Starting email processing
CRITICAL - 2025-03-02 18:14:05 --> Error: Call to undefined function App\Controllers\imap_open()
in APPPATH\Controllers\Customerservice.php on line 223.
 1 APPPATH\Controllers\Customerservice.php(34): App\Controllers\Customerservice->processNewEmails()
 2 SYSTEMPATH\CodeIgniter.php(943): App\Controllers\Customerservice->fetchEmails()
 3 SYSTEMPATH\CodeIgniter.php(503): CodeIgniter\CodeIgniter->runController(Object(App\Controllers\Customerservice))
 4 SYSTEMPATH\CodeIgniter.php(361): CodeIgniter\CodeIgniter->handleRequest(null, Object(Config\Cache), false)
 5 FCPATH\index.php(79): CodeIgniter\CodeIgniter->run()
INFO - 2025-03-02 18:14:05 --> No active BlueDart shipments found for tracking updates.
INFO - 2025-03-02 18:15:05 --> Session: Class initialized using 'CodeIgniter\Session\Handlers\FileHandler' driver.
WARNING - 2025-03-02 18:15:05 --> [DEPRECATED] Creation of dynamic property App\Controllers\Customerservice::$replyModel is deprecated in APPPATH\Controllers\Customerservice.php on line 22.
 1 SYSTEMPATH\CodeIgniter.php(915): App\Controllers\Customerservice->__construct()
 2 SYSTEMPATH\CodeIgniter.php(494): CodeIgniter\CodeIgniter->createController()
 3 SYSTEMPATH\CodeIgniter.php(361): CodeIgniter\CodeIgniter->handleRequest(null, Object(Config\Cache), false)
 4 FCPATH\index.php(79): CodeIgniter\CodeIgniter->run()
INFO - 2025-03-02 18:15:05 --> Starting fetchEmails method
INFO - 2025-03-02 18:15:05 --> Starting email processing
CRITICAL - 2025-03-02 18:15:05 --> Error: Call to undefined function App\Controllers\imap_open()
in APPPATH\Controllers\Customerservice.php on line 223.
 1 APPPATH\Controllers\Customerservice.php(34): App\Controllers\Customerservice->processNewEmails()
 2 SYSTEMPATH\CodeIgniter.php(943): App\Controllers\Customerservice->fetchEmails()
 3 SYSTEMPATH\CodeIgniter.php(503): CodeIgniter\CodeIgniter->runController(Object(App\Controllers\Customerservice))
 4 SYSTEMPATH\CodeIgniter.php(361): CodeIgniter\CodeIgniter->handleRequest(null, Object(Config\Cache), false)
 5 FCPATH\index.php(79): CodeIgniter\CodeIgniter->run()
INFO - 2025-03-02 18:15:05 --> Session: Class initialized using 'CodeIgniter\Session\Handlers\FileHandler' driver.
INFO - 2025-03-02 18:15:05 --> Starting tracking details update process
INFO - 2025-03-02 18:15:05 --> No active BlueDart shipments found for tracking updates.
INFO - 2025-03-02 18:15:43 --> Session: Class initialized using 'CodeIgniter\Session\Handlers\FileHandler' driver.
INFO - 2025-03-02 18:15:43 --> Starting tracking details update process
INFO - 2025-03-02 18:15:43 --> No active BlueDart shipments found for tracking updates.
INFO - 2025-03-02 18:15:43 --> Session: Class initialized using 'CodeIgniter\Session\Handlers\FileHandler' driver.
WARNING - 2025-03-02 18:15:43 --> [DEPRECATED] Creation of dynamic property App\Controllers\Customerservice::$replyModel is deprecated in APPPATH\Controllers\Customerservice.php on line 22.
 1 SYSTEMPATH\CodeIgniter.php(915): App\Controllers\Customerservice->__construct()
 2 SYSTEMPATH\CodeIgniter.php(494): CodeIgniter\CodeIgniter->createController()
 3 SYSTEMPATH\CodeIgniter.php(361): CodeIgniter\CodeIgniter->handleRequest(null, Object(Config\Cache), false)
 4 FCPATH\index.php(79): CodeIgniter\CodeIgniter->run()
INFO - 2025-03-02 18:15:43 --> Starting fetchEmails method
INFO - 2025-03-02 18:15:43 --> Starting email processing
CRITICAL - 2025-03-02 18:15:43 --> Error: Call to undefined function App\Controllers\imap_open()
in APPPATH\Controllers\Customerservice.php on line 223.
 1 APPPATH\Controllers\Customerservice.php(34): App\Controllers\Customerservice->processNewEmails()
 2 SYSTEMPATH\CodeIgniter.php(943): App\Controllers\Customerservice->fetchEmails()
 3 SYSTEMPATH\CodeIgniter.php(503): CodeIgniter\CodeIgniter->runController(Object(App\Controllers\Customerservice))
 4 SYSTEMPATH\CodeIgniter.php(361): CodeIgniter\CodeIgniter->handleRequest(null, Object(Config\Cache), false)
 5 FCPATH\index.php(79): CodeIgniter\CodeIgniter->run()
INFO - 2025-03-02 18:15:49 --> Session: Class initialized using 'CodeIgniter\Session\Handlers\FileHandler' driver.
INFO - 2025-03-02 18:15:49 --> Starting tracking details update process
INFO - 2025-03-02 18:15:49 --> No active BlueDart shipments found for tracking updates.
INFO - 2025-03-02 18:15:49 --> Session: Class initialized using 'CodeIgniter\Session\Handlers\FileHandler' driver.
WARNING - 2025-03-02 18:15:49 --> [DEPRECATED] Creation of dynamic property App\Controllers\Customerservice::$replyModel is deprecated in APPPATH\Controllers\Customerservice.php on line 22.
 1 SYSTEMPATH\CodeIgniter.php(915): App\Controllers\Customerservice->__construct()
 2 SYSTEMPATH\CodeIgniter.php(494): CodeIgniter\CodeIgniter->createController()
 3 SYSTEMPATH\CodeIgniter.php(361): CodeIgniter\CodeIgniter->handleRequest(null, Object(Config\Cache), false)
 4 FCPATH\index.php(79): CodeIgniter\CodeIgniter->run()
INFO - 2025-03-02 18:15:49 --> Starting fetchEmails method
INFO - 2025-03-02 18:15:49 --> Starting email processing
CRITICAL - 2025-03-02 18:15:49 --> Error: Call to undefined function App\Controllers\imap_open()
in APPPATH\Controllers\Customerservice.php on line 223.
 1 APPPATH\Controllers\Customerservice.php(34): App\Controllers\Customerservice->processNewEmails()
 2 SYSTEMPATH\CodeIgniter.php(943): App\Controllers\Customerservice->fetchEmails()
 3 SYSTEMPATH\CodeIgniter.php(503): CodeIgniter\CodeIgniter->runController(Object(App\Controllers\Customerservice))
 4 SYSTEMPATH\CodeIgniter.php(361): CodeIgniter\CodeIgniter->handleRequest(null, Object(Config\Cache), false)
 5 FCPATH\index.php(79): CodeIgniter\CodeIgniter->run()
INFO - 2025-03-02 18:16:19 --> Session: Class initialized using 'CodeIgniter\Session\Handlers\FileHandler' driver.
WARNING - 2025-03-02 18:16:19 --> [DEPRECATED] Creation of dynamic property App\Controllers\Customerservice::$replyModel is deprecated in APPPATH\Controllers\Customerservice.php on line 22.
 1 SYSTEMPATH\CodeIgniter.php(915): App\Controllers\Customerservice->__construct()
 2 SYSTEMPATH\CodeIgniter.php(494): CodeIgniter\CodeIgniter->createController()
 3 SYSTEMPATH\CodeIgniter.php(361): CodeIgniter\CodeIgniter->handleRequest(null, Object(Config\Cache), false)
 4 FCPATH\index.php(79): CodeIgniter\CodeIgniter->run()
INFO - 2025-03-02 18:16:19 --> Starting fetchEmails method
INFO - 2025-03-02 18:16:19 --> Starting email processing
CRITICAL - 2025-03-02 18:16:19 --> Error: Call to undefined function App\Controllers\imap_open()
in APPPATH\Controllers\Customerservice.php on line 223.
 1 APPPATH\Controllers\Customerservice.php(34): App\Controllers\Customerservice->processNewEmails()
 2 SYSTEMPATH\CodeIgniter.php(943): App\Controllers\Customerservice->fetchEmails()
 3 SYSTEMPATH\CodeIgniter.php(503): CodeIgniter\CodeIgniter->runController(Object(App\Controllers\Customerservice))
 4 SYSTEMPATH\CodeIgniter.php(361): CodeIgniter\CodeIgniter->handleRequest(null, Object(Config\Cache), false)
 5 FCPATH\index.php(79): CodeIgniter\CodeIgniter->run()
INFO - 2025-03-02 18:16:19 --> Session: Class initialized using 'CodeIgniter\Session\Handlers\FileHandler' driver.
INFO - 2025-03-02 18:16:19 --> Starting tracking details update process
INFO - 2025-03-02 18:16:19 --> No active BlueDart shipments found for tracking updates.
INFO - 2025-03-02 18:17:05 --> Session: Class initialized using 'CodeIgniter\Session\Handlers\FileHandler' driver.
WARNING - 2025-03-02 18:17:05 --> [DEPRECATED] Creation of dynamic property App\Controllers\Customerservice::$replyModel is deprecated in APPPATH\Controllers\Customerservice.php on line 22.
 1 SYSTEMPATH\CodeIgniter.php(915): App\Controllers\Customerservice->__construct()
 2 SYSTEMPATH\CodeIgniter.php(494): CodeIgniter\CodeIgniter->createController()
 3 SYSTEMPATH\CodeIgniter.php(361): CodeIgniter\CodeIgniter->handleRequest(null, Object(Config\Cache), false)
 4 FCPATH\index.php(79): CodeIgniter\CodeIgniter->run()
INFO - 2025-03-02 18:17:05 --> Starting fetchEmails method
INFO - 2025-03-02 18:17:05 --> Starting email processing
CRITICAL - 2025-03-02 18:17:05 --> Error: Call to undefined function App\Controllers\imap_open()
in APPPATH\Controllers\Customerservice.php on line 223.
 1 APPPATH\Controllers\Customerservice.php(34): App\Controllers\Customerservice->processNewEmails()
 2 SYSTEMPATH\CodeIgniter.php(943): App\Controllers\Customerservice->fetchEmails()
 3 SYSTEMPATH\CodeIgniter.php(503): CodeIgniter\CodeIgniter->runController(Object(App\Controllers\Customerservice))
 4 SYSTEMPATH\CodeIgniter.php(361): CodeIgniter\CodeIgniter->handleRequest(null, Object(Config\Cache), false)
 5 FCPATH\index.php(79): CodeIgniter\CodeIgniter->run()
INFO - 2025-03-02 18:17:05 --> Session: Class initialized using 'CodeIgniter\Session\Handlers\FileHandler' driver.
INFO - 2025-03-02 18:17:05 --> Starting tracking details update process
INFO - 2025-03-02 18:17:05 --> No active BlueDart shipments found for tracking updates.
INFO - 2025-03-02 18:18:05 --> Session: Class initialized using 'CodeIgniter\Session\Handlers\FileHandler' driver.
WARNING - 2025-03-02 18:18:05 --> [DEPRECATED] Creation of dynamic property App\Controllers\Customerservice::$replyModel is deprecated in APPPATH\Controllers\Customerservice.php on line 22.
 1 SYSTEMPATH\CodeIgniter.php(915): App\Controllers\Customerservice->__construct()
 2 SYSTEMPATH\CodeIgniter.php(494): CodeIgniter\CodeIgniter->createController()
 3 SYSTEMPATH\CodeIgniter.php(361): CodeIgniter\CodeIgniter->handleRequest(null, Object(Config\Cache), false)
 4 FCPATH\index.php(79): CodeIgniter\CodeIgniter->run()
INFO - 2025-03-02 18:18:05 --> Starting fetchEmails method
INFO - 2025-03-02 18:18:05 --> Starting email processing
CRITICAL - 2025-03-02 18:18:05 --> Error: Call to undefined function App\Controllers\imap_open()
in APPPATH\Controllers\Customerservice.php on line 223.
 1 APPPATH\Controllers\Customerservice.php(34): App\Controllers\Customerservice->processNewEmails()
 2 SYSTEMPATH\CodeIgniter.php(943): App\Controllers\Customerservice->fetchEmails()
 3 SYSTEMPATH\CodeIgniter.php(503): CodeIgniter\CodeIgniter->runController(Object(App\Controllers\Customerservice))
 4 SYSTEMPATH\CodeIgniter.php(361): CodeIgniter\CodeIgniter->handleRequest(null, Object(Config\Cache), false)
 5 FCPATH\index.php(79): CodeIgniter\CodeIgniter->run()
INFO - 2025-03-02 18:18:05 --> Session: Class initialized using 'CodeIgniter\Session\Handlers\FileHandler' driver.
INFO - 2025-03-02 18:18:05 --> Starting tracking details update process
INFO - 2025-03-02 18:18:05 --> No active BlueDart shipments found for tracking updates.
INFO - 2025-03-02 18:19:05 --> Session: Class initialized using 'CodeIgniter\Session\Handlers\FileHandler' driver.
WARNING - 2025-03-02 18:19:05 --> [DEPRECATED] Creation of dynamic property App\Controllers\Customerservice::$replyModel is deprecated in APPPATH\Controllers\Customerservice.php on line 22.
 1 SYSTEMPATH\CodeIgniter.php(915): App\Controllers\Customerservice->__construct()
 2 SYSTEMPATH\CodeIgniter.php(494): CodeIgniter\CodeIgniter->createController()
 3 SYSTEMPATH\CodeIgniter.php(361): CodeIgniter\CodeIgniter->handleRequest(null, Object(Config\Cache), false)
 4 FCPATH\index.php(79): CodeIgniter\CodeIgniter->run()
INFO - 2025-03-02 18:19:05 --> Starting fetchEmails method
INFO - 2025-03-02 18:19:05 --> Starting email processing
CRITICAL - 2025-03-02 18:19:05 --> Error: Call to undefined function App\Controllers\imap_open()
in APPPATH\Controllers\Customerservice.php on line 223.
 1 APPPATH\Controllers\Customerservice.php(34): App\Controllers\Customerservice->processNewEmails()
 2 SYSTEMPATH\CodeIgniter.php(943): App\Controllers\Customerservice->fetchEmails()
 3 SYSTEMPATH\CodeIgniter.php(503): CodeIgniter\CodeIgniter->runController(Object(App\Controllers\Customerservice))
 4 SYSTEMPATH\CodeIgniter.php(361): CodeIgniter\CodeIgniter->handleRequest(null, Object(Config\Cache), false)
 5 FCPATH\index.php(79): CodeIgniter\CodeIgniter->run()
INFO - 2025-03-02 18:19:05 --> Session: Class initialized using 'CodeIgniter\Session\Handlers\FileHandler' driver.
INFO - 2025-03-02 18:19:05 --> Starting tracking details update process
INFO - 2025-03-02 18:19:05 --> No active BlueDart shipments found for tracking updates.
INFO - 2025-03-02 18:20:05 --> Session: Class initialized using 'CodeIgniter\Session\Handlers\FileHandler' driver.
INFO - 2025-03-02 18:20:05 --> Session: Class initialized using 'CodeIgniter\Session\Handlers\FileHandler' driver.
INFO - 2025-03-02 18:20:05 --> Starting tracking details update process
INFO - 2025-03-02 18:20:05 --> No active BlueDart shipments found for tracking updates.
WARNING - 2025-03-02 18:20:05 --> [DEPRECATED] Creation of dynamic property App\Controllers\Customerservice::$replyModel is deprecated in APPPATH\Controllers\Customerservice.php on line 22.
 1 SYSTEMPATH\CodeIgniter.php(915): App\Controllers\Customerservice->__construct()
 2 SYSTEMPATH\CodeIgniter.php(494): CodeIgniter\CodeIgniter->createController()
 3 SYSTEMPATH\CodeIgniter.php(361): CodeIgniter\CodeIgniter->handleRequest(null, Object(Config\Cache), false)
 4 FCPATH\index.php(79): CodeIgniter\CodeIgniter->run()
INFO - 2025-03-02 18:20:05 --> Starting fetchEmails method
INFO - 2025-03-02 18:20:05 --> Starting email processing
CRITICAL - 2025-03-02 18:20:05 --> Error: Call to undefined function App\Controllers\imap_open()
in APPPATH\Controllers\Customerservice.php on line 223.
 1 APPPATH\Controllers\Customerservice.php(34): App\Controllers\Customerservice->processNewEmails()
 2 SYSTEMPATH\CodeIgniter.php(943): App\Controllers\Customerservice->fetchEmails()
 3 SYSTEMPATH\CodeIgniter.php(503): CodeIgniter\CodeIgniter->runController(Object(App\Controllers\Customerservice))
 4 SYSTEMPATH\CodeIgniter.php(361): CodeIgniter\CodeIgniter->handleRequest(null, Object(Config\Cache), false)
 5 FCPATH\index.php(79): CodeIgniter\CodeIgniter->run()
INFO - 2025-03-02 18:21:05 --> Session: Class initialized using 'CodeIgniter\Session\Handlers\FileHandler' driver.
WARNING - 2025-03-02 18:21:05 --> [DEPRECATED] Creation of dynamic property App\Controllers\Customerservice::$replyModel is deprecated in APPPATH\Controllers\Customerservice.php on line 22.
 1 SYSTEMPATH\CodeIgniter.php(915): App\Controllers\Customerservice->__construct()
 2 SYSTEMPATH\CodeIgniter.php(494): CodeIgniter\CodeIgniter->createController()
 3 SYSTEMPATH\CodeIgniter.php(361): CodeIgniter\CodeIgniter->handleRequest(null, Object(Config\Cache), false)
 4 FCPATH\index.php(79): CodeIgniter\CodeIgniter->run()
INFO - 2025-03-02 18:21:05 --> Starting fetchEmails method
INFO - 2025-03-02 18:21:05 --> Starting email processing
CRITICAL - 2025-03-02 18:21:05 --> Error: Call to undefined function App\Controllers\imap_open()
in APPPATH\Controllers\Customerservice.php on line 223.
 1 APPPATH\Controllers\Customerservice.php(34): App\Controllers\Customerservice->processNewEmails()
 2 SYSTEMPATH\CodeIgniter.php(943): App\Controllers\Customerservice->fetchEmails()
 3 SYSTEMPATH\CodeIgniter.php(503): CodeIgniter\CodeIgniter->runController(Object(App\Controllers\Customerservice))
 4 SYSTEMPATH\CodeIgniter.php(361): CodeIgniter\CodeIgniter->handleRequest(null, Object(Config\Cache), false)
 5 FCPATH\index.php(79): CodeIgniter\CodeIgniter->run()
INFO - 2025-03-02 18:21:05 --> Session: Class initialized using 'CodeIgniter\Session\Handlers\FileHandler' driver.
INFO - 2025-03-02 18:21:05 --> Starting tracking details update process
INFO - 2025-03-02 18:21:05 --> No active BlueDart shipments found for tracking updates.
INFO - 2025-03-02 18:22:05 --> Session: Class initialized using 'CodeIgniter\Session\Handlers\FileHandler' driver.
WARNING - 2025-03-02 18:22:05 --> [DEPRECATED] Creation of dynamic property App\Controllers\Customerservice::$replyModel is deprecated in APPPATH\Controllers\Customerservice.php on line 22.
 1 SYSTEMPATH\CodeIgniter.php(915): App\Controllers\Customerservice->__construct()
 2 SYSTEMPATH\CodeIgniter.php(494): CodeIgniter\CodeIgniter->createController()
 3 SYSTEMPATH\CodeIgniter.php(361): CodeIgniter\CodeIgniter->handleRequest(null, Object(Config\Cache), false)
 4 FCPATH\index.php(79): CodeIgniter\CodeIgniter->run()
INFO - 2025-03-02 18:22:05 --> Starting fetchEmails method
INFO - 2025-03-02 18:22:05 --> Starting email processing
CRITICAL - 2025-03-02 18:22:05 --> Error: Call to undefined function App\Controllers\imap_open()
in APPPATH\Controllers\Customerservice.php on line 223.
 1 APPPATH\Controllers\Customerservice.php(34): App\Controllers\Customerservice->processNewEmails()
 2 SYSTEMPATH\CodeIgniter.php(943): App\Controllers\Customerservice->fetchEmails()
 3 SYSTEMPATH\CodeIgniter.php(503): CodeIgniter\CodeIgniter->runController(Object(App\Controllers\Customerservice))
 4 SYSTEMPATH\CodeIgniter.php(361): CodeIgniter\CodeIgniter->handleRequest(null, Object(Config\Cache), false)
 5 FCPATH\index.php(79): CodeIgniter\CodeIgniter->run()
INFO - 2025-03-02 18:22:05 --> Session: Class initialized using 'CodeIgniter\Session\Handlers\FileHandler' driver.
INFO - 2025-03-02 18:22:05 --> Starting tracking details update process
INFO - 2025-03-02 18:22:05 --> No active BlueDart shipments found for tracking updates.
INFO - 2025-03-02 18:22:41 --> Session: Class initialized using 'CodeIgniter\Session\Handlers\FileHandler' driver.
WARNING - 2025-03-02 18:22:41 --> [DEPRECATED] Creation of dynamic property App\Controllers\Customerservice::$replyModel is deprecated in APPPATH\Controllers\Customerservice.php on line 22.
 1 SYSTEMPATH\CodeIgniter.php(915): App\Controllers\Customerservice->__construct()
 2 SYSTEMPATH\CodeIgniter.php(494): CodeIgniter\CodeIgniter->createController()
 3 SYSTEMPATH\CodeIgniter.php(361): CodeIgniter\CodeIgniter->handleRequest(null, Object(Config\Cache), false)
 4 FCPATH\index.php(79): CodeIgniter\CodeIgniter->run()
INFO - 2025-03-02 18:22:41 --> Starting fetchEmails method
INFO - 2025-03-02 18:22:41 --> Starting email processing
CRITICAL - 2025-03-02 18:22:41 --> Error: Call to undefined function App\Controllers\imap_open()
in APPPATH\Controllers\Customerservice.php on line 223.
 1 APPPATH\Controllers\Customerservice.php(34): App\Controllers\Customerservice->processNewEmails()
 2 SYSTEMPATH\CodeIgniter.php(943): App\Controllers\Customerservice->fetchEmails()
 3 SYSTEMPATH\CodeIgniter.php(503): CodeIgniter\CodeIgniter->runController(Object(App\Controllers\Customerservice))
 4 SYSTEMPATH\CodeIgniter.php(361): CodeIgniter\CodeIgniter->handleRequest(null, Object(Config\Cache), false)
 5 FCPATH\index.php(79): CodeIgniter\CodeIgniter->run()
INFO - 2025-03-02 18:22:41 --> Session: Class initialized using 'CodeIgniter\Session\Handlers\FileHandler' driver.
INFO - 2025-03-02 18:22:41 --> Starting tracking details update process
INFO - 2025-03-02 18:22:41 --> No active BlueDart shipments found for tracking updates.
