INFO - 2024-12-28 09:42:36 --> Session: Class initialized using 'CodeIgniter\Session\Handlers\FileHandler' driver.
CRITICAL - 2024-12-28 09:42:37 --> ErrorException: foreach() argument must be of type array|object, null given
in APPPATH\Controllers\Ordermanagement.php on line 744.
 1 APPPATH\Controllers\Ordermanagement.php(744): CodeIgniter\Debug\Exceptions->errorHandler(2, 'foreach() argument must be of type array|object, null given', 'C:\\xampp\\htdocs\\sportzsaga\\app\\Controllers\\Ordermanagement.php', 744)
 2 SYSTEMPATH\CodeIgniter.php(943): App\Controllers\Ordermanagement->editorder('190')
 3 SYSTEMPATH\CodeIgniter.php(503): CodeIgniter\CodeIgniter->runController(Object(App\Controllers\Ordermanagement))
 4 SYSTEMPATH\CodeIgniter.php(361): CodeIgniter\CodeIgniter->handleRequest(null, Object(Config\Cache), false)
 5 FCPATH\index.php(79): CodeIgniter\CodeIgniter->run()
INFO - 2024-12-28 13:05:12 --> Session: Class initialized using 'CodeIgniter\Session\Handlers\FileHandler' driver.
INFO - 2024-12-28 13:05:13 --> Session: Class initialized using 'CodeIgniter\Session\Handlers\FileHandler' driver.
INFO - 2024-12-28 13:05:16 --> Session: Class initialized using 'CodeIgniter\Session\Handlers\FileHandler' driver.
INFO - 2024-12-28 13:05:16 --> Session: Class initialized using 'CodeIgniter\Session\Handlers\FileHandler' driver.
INFO - 2024-12-28 13:05:22 --> Session: Class initialized using 'CodeIgniter\Session\Handlers\FileHandler' driver.
INFO - 2024-12-28 13:05:26 --> Session: Class initialized using 'CodeIgniter\Session\Handlers\FileHandler' driver.
INFO - 2024-12-28 13:05:30 --> Session: Class initialized using 'CodeIgniter\Session\Handlers\FileHandler' driver.
INFO - 2024-12-28 13:06:08 --> Session: Class initialized using 'CodeIgniter\Session\Handlers\FileHandler' driver.
INFO - 2024-12-28 13:06:30 --> Session: Class initialized using 'CodeIgniter\Session\Handlers\FileHandler' driver.
INFO - 2024-12-28 13:16:43 --> Session: Class initialized using 'CodeIgniter\Session\Handlers\FileHandler' driver.
INFO - 2024-12-28 13:17:02 --> Session: Class initialized using 'CodeIgniter\Session\Handlers\FileHandler' driver.
INFO - 2024-12-28 13:19:49 --> Session: Class initialized using 'CodeIgniter\Session\Handlers\FileHandler' driver.
INFO - 2024-12-28 13:20:02 --> Session: Class initialized using 'CodeIgniter\Session\Handlers\FileHandler' driver.
INFO - 2024-12-28 13:20:25 --> Session: Class initialized using 'CodeIgniter\Session\Handlers\FileHandler' driver.
INFO - 2024-12-28 13:20:33 --> Session: Class initialized using 'CodeIgniter\Session\Handlers\FileHandler' driver.
INFO - 2024-12-28 13:20:34 --> Session: Class initialized using 'CodeIgniter\Session\Handlers\FileHandler' driver.
INFO - 2024-12-28 13:30:07 --> Session: Class initialized using 'CodeIgniter\Session\Handlers\FileHandler' driver.
INFO - 2024-12-28 13:30:21 --> Session: Class initialized using 'CodeIgniter\Session\Handlers\FileHandler' driver.
INFO - 2024-12-28 13:30:24 --> Session: Class initialized using 'CodeIgniter\Session\Handlers\FileHandler' driver.
INFO - 2024-12-28 13:30:32 --> Session: Class initialized using 'CodeIgniter\Session\Handlers\FileHandler' driver.
INFO - 2024-12-28 13:46:27 --> Session: Class initialized using 'CodeIgniter\Session\Handlers\FileHandler' driver.
INFO - 2024-12-28 13:46:30 --> Session: Class initialized using 'CodeIgniter\Session\Handlers\FileHandler' driver.
INFO - 2024-12-28 15:20:01 --> Session: Class initialized using 'CodeIgniter\Session\Handlers\FileHandler' driver.
INFO - 2024-12-28 15:20:24 --> Session: Class initialized using 'CodeIgniter\Session\Handlers\FileHandler' driver.
INFO - 2024-12-28 15:21:06 --> Session: Class initialized using 'CodeIgniter\Session\Handlers\FileHandler' driver.
INFO - 2024-12-28 15:22:00 --> Session: Class initialized using 'CodeIgniter\Session\Handlers\FileHandler' driver.
INFO - 2024-12-28 15:23:37 --> Session: Class initialized using 'CodeIgniter\Session\Handlers\FileHandler' driver.
INFO - 2024-12-28 15:24:44 --> Session: Class initialized using 'CodeIgniter\Session\Handlers\FileHandler' driver.
INFO - 2024-12-28 15:25:07 --> Session: Class initialized using 'CodeIgniter\Session\Handlers\FileHandler' driver.
INFO - 2024-12-28 15:26:27 --> Session: Class initialized using 'CodeIgniter\Session\Handlers\FileHandler' driver.
INFO - 2024-12-28 15:26:46 --> Session: Class initialized using 'CodeIgniter\Session\Handlers\FileHandler' driver.
INFO - 2024-12-28 15:28:10 --> Session: Class initialized using 'CodeIgniter\Session\Handlers\FileHandler' driver.
INFO - 2024-12-28 15:28:30 --> Session: Class initialized using 'CodeIgniter\Session\Handlers\FileHandler' driver.
INFO - 2024-12-28 15:32:20 --> Session: Class initialized using 'CodeIgniter\Session\Handlers\FileHandler' driver.
INFO - 2024-12-28 15:32:20 --> Session: Class initialized using 'CodeIgniter\Session\Handlers\FileHandler' driver.
INFO - 2024-12-28 15:32:25 --> Session: Class initialized using 'CodeIgniter\Session\Handlers\FileHandler' driver.
INFO - 2024-12-28 15:34:05 --> Session: Class initialized using 'CodeIgniter\Session\Handlers\FileHandler' driver.
INFO - 2024-12-28 15:34:10 --> Session: Class initialized using 'CodeIgniter\Session\Handlers\FileHandler' driver.
INFO - 2024-12-28 15:34:10 --> Session: Class initialized using 'CodeIgniter\Session\Handlers\FileHandler' driver.
INFO - 2024-12-28 15:34:12 --> Session: Class initialized using 'CodeIgniter\Session\Handlers\FileHandler' driver.
INFO - 2024-12-28 15:34:13 --> Session: Class initialized using 'CodeIgniter\Session\Handlers\FileHandler' driver.
INFO - 2024-12-28 15:34:59 --> Session: Class initialized using 'CodeIgniter\Session\Handlers\FileHandler' driver.
INFO - 2024-12-28 15:35:03 --> Session: Class initialized using 'CodeIgniter\Session\Handlers\FileHandler' driver.
INFO - 2024-12-28 15:35:06 --> Session: Class initialized using 'CodeIgniter\Session\Handlers\FileHandler' driver.
INFO - 2024-12-28 15:35:14 --> Session: Class initialized using 'CodeIgniter\Session\Handlers\FileHandler' driver.
INFO - 2024-12-28 15:35:14 --> Session: Class initialized using 'CodeIgniter\Session\Handlers\FileHandler' driver.
INFO - 2024-12-28 15:36:34 --> Session: Class initialized using 'CodeIgniter\Session\Handlers\FileHandler' driver.
INFO - 2024-12-28 15:36:35 --> Session: Class initialized using 'CodeIgniter\Session\Handlers\FileHandler' driver.
INFO - 2024-12-28 15:36:36 --> Session: Class initialized using 'CodeIgniter\Session\Handlers\FileHandler' driver.
INFO - 2024-12-28 15:36:36 --> Session: Class initialized using 'CodeIgniter\Session\Handlers\FileHandler' driver.
INFO - 2024-12-28 16:34:12 --> Session: Class initialized using 'CodeIgniter\Session\Handlers\FileHandler' driver.
INFO - 2024-12-28 17:59:44 --> Session: Class initialized using 'CodeIgniter\Session\Handlers\FileHandler' driver.
INFO - 2024-12-28 17:59:44 --> Fetching order for invoice generation. Order ID: 165
INFO - 2024-12-28 17:59:44 --> Order found. Decoding product details.
INFO - 2024-12-28 17:59:44 --> Invoice data prepared. Generating PDF.
INFO - 2024-12-28 17:59:44 --> Starting PDF invoice generation for Order ID: #100001
INFO - 2024-12-28 17:59:48 --> PDF invoice successfully generated for Order ID: #100001
INFO - 2024-12-28 17:59:48 --> PDF generated successfully for order ID: 165
INFO - 2024-12-28 18:23:13 --> Session: Class initialized using 'CodeIgniter\Session\Handlers\FileHandler' driver.
INFO - 2024-12-28 18:23:18 --> Session: Class initialized using 'CodeIgniter\Session\Handlers\FileHandler' driver.
INFO - 2024-12-28 18:23:20 --> Session: Class initialized using 'CodeIgniter\Session\Handlers\FileHandler' driver.
INFO - 2024-12-28 18:23:42 --> Session: Class initialized using 'CodeIgniter\Session\Handlers\FileHandler' driver.
ERROR - 2024-12-28 18:23:43 --> mysqli_sql_exception: Column 'customer_gstin' cannot be null in C:\xampp\htdocs\sportzsaga\system\Database\MySQLi\Connection.php:306
Stack trace:
#0 C:\xampp\htdocs\sportzsaga\system\Database\MySQLi\Connection.php(306): mysqli->query('INSERT INTO `or...', 0)
#1 C:\xampp\htdocs\sportzsaga\system\Database\BaseConnection.php(693): CodeIgniter\Database\MySQLi\Connection->execute('INSERT INTO `or...')
#2 C:\xampp\htdocs\sportzsaga\system\Database\BaseConnection.php(607): CodeIgniter\Database\BaseConnection->simpleQuery('INSERT INTO `or...')
#3 C:\xampp\htdocs\sportzsaga\system\Database\BaseBuilder.php(2307): CodeIgniter\Database\BaseConnection->query('INSERT INTO `or...', Array, false)
#4 C:\xampp\htdocs\sportzsaga\system\Model.php(327): CodeIgniter\Database\BaseBuilder->insert()
#5 C:\xampp\htdocs\sportzsaga\system\BaseModel.php(802): CodeIgniter\Model->doInsert(Array)
#6 C:\xampp\htdocs\sportzsaga\system\Model.php(749): CodeIgniter\BaseModel->insert(Array, true)
#7 C:\xampp\htdocs\sportzsaga\app\Controllers\Ordermanagement.php(1158): CodeIgniter\Model->insert(Array)
#8 C:\xampp\htdocs\sportzsaga\system\CodeIgniter.php(943): App\Controllers\Ordermanagement->import()
#9 C:\xampp\htdocs\sportzsaga\system\CodeIgniter.php(503): CodeIgniter\CodeIgniter->runController(Object(App\Controllers\Ordermanagement))
#10 C:\xampp\htdocs\sportzsaga\system\CodeIgniter.php(361): CodeIgniter\CodeIgniter->handleRequest(NULL, Object(Config\Cache), false)
#11 C:\xampp\htdocs\sportzsaga\index.php(79): CodeIgniter\CodeIgniter->run()
#12 {main}
CRITICAL - 2024-12-28 18:23:43 --> CodeIgniter\Database\Exceptions\DatabaseException: Column 'customer_gstin' cannot be null
in SYSTEMPATH\Database\BaseConnection.php on line 647.
 1 SYSTEMPATH\Database\BaseBuilder.php(2307): CodeIgniter\Database\BaseConnection->query('INSERT INTO `order_management` (`order_number`, `seller_id`, `product_name`, `order_product_image`, `product_quantities`, `payment_method`, `payment_ref`, `product_details`, `customer_address`, `order_date`, `customer`, `customer_email`, `customer_phone`, `pincode`, `channel`, `total_amount`, `received`, `balance`, `discount_type`, `discount_value`, `discount_amount`, `discount_reason`, `shipping_option`, `shipping_amount`, `is_draft`, `item_count`, `tags`, `delivery_method`, `created_at`, `updated_at`, `payment_status`, `fulfillment_status`, `is_international_order`, `currency`, `country`, `state`, `city`, `cgst`, `sgst`, `igst`, `customer_gstin`) VALUES (:order_number:, :seller_id:, :product_name:, :order_product_image:, :product_quantities:, :payment_method:, :payment_ref:, :product_details:, :customer_address:, :order_date:, :customer:, :customer_email:, :customer_phone:, :pincode:, :channel:, :total_amount:, :received:, :balance:, :discount_type:, :discount_value:, :discount_amount:, :discount_reason:, :shipping_option:, :shipping_amount:, :is_draft:, :item_count:, :tags:, :delivery_method:, :created_at:, :updated_at:, :payment_status:, :fulfillment_status:, :is_international_order:, :currency:, :country:, :state:, :city:, :cgst:, :sgst:, :igst:, :customer_gstin:)', [...], false)
 2 SYSTEMPATH\Model.php(327): CodeIgniter\Database\BaseBuilder->insert()
 3 SYSTEMPATH\BaseModel.php(802): CodeIgniter\Model->doInsert([...])
 4 SYSTEMPATH\Model.php(749): CodeIgniter\BaseModel->insert([...], true)
 5 APPPATH\Controllers\Ordermanagement.php(1158): CodeIgniter\Model->insert([...])
 6 SYSTEMPATH\CodeIgniter.php(943): App\Controllers\Ordermanagement->import()
 7 SYSTEMPATH\CodeIgniter.php(503): CodeIgniter\CodeIgniter->runController(Object(App\Controllers\Ordermanagement))
 8 SYSTEMPATH\CodeIgniter.php(361): CodeIgniter\CodeIgniter->handleRequest(null, Object(Config\Cache), false)
 9 FCPATH\index.php(79): CodeIgniter\CodeIgniter->run()
CRITICAL - 2024-12-28 18:23:43 --> [Caused by] CodeIgniter\Database\Exceptions\DatabaseException: Column 'customer_gstin' cannot be null
in SYSTEMPATH\Database\MySQLi\Connection.php on line 311.
 1 SYSTEMPATH\Database\BaseConnection.php(693): CodeIgniter\Database\MySQLi\Connection->execute('INSERT INTO `order_management` (`order_number`, `seller_id`, `product_name`, `order_product_image`, `product_quantities`, `payment_method`, `payment_ref`, `product_details`, `customer_address`, `order_date`, `customer`, `customer_email`, `customer_phone`, `pincode`, `channel`, `total_amount`, `received`, `balance`, `discount_type`, `discount_value`, `discount_amount`, `discount_reason`, `shipping_option`, `shipping_amount`, `is_draft`, `item_count`, `tags`, `delivery_method`, `created_at`, `updated_at`, `payment_status`, `fulfillment_status`, `is_international_order`, `currency`, `country`, `state`, `city`, `cgst`, `sgst`, `igst`, `customer_gstin`) VALUES (\'404-3376974-7509901\', \'\', \'SISCAA Rosewood Coin Set ( Carrom Men, Thickness- 7 mm),for 12 months and up x 1\', \'\', \'SISCAA Rosewood Coin Set ( Carrom Men, Thickness- 7 mm),for 12 months and up x 1\', \'amazon\', \'404-3376974-7509901\', \'[{\\"product_id\\":null,\\"product_title\\":\\"SISCAA Rosewood Coin Set ( Carrom Men, Thickness- 7 mm),for 12 months and up\\",\\"product_image\\":\\"\\",\\"selling_price\\":0,\\"quantity\\":1,\\"subtotal\\":0,\\"discount\\":0,\\"discounted_price\\":0}]\', \'Bliss Electronics Plot 2e, Udyog Vihar, Ecotech 2\', \'2024-12-27 13:06:46\', \'Saikat Deb\', \'3lqlnlj0h284rnf@marketplace.amazon.in\', \'9717009098\', \'201306\', \'amazon\', 0, 0, 0, NULL, 0, 0, NULL, \'Standard\', 0, 0, 1, NULL, \'Standard\', \'2024-12-27 13:06:46\', \'2024-12-28 18:23:43\', \'Paid\', \'Pending\', 0, \'INR\', \'IN\', \'UTTAR PRADESH\', \'GREATER NOIDA\', 0, 0, 0, NULL)')
 2 SYSTEMPATH\Database\BaseConnection.php(607): CodeIgniter\Database\BaseConnection->simpleQuery('INSERT INTO `order_management` (`order_number`, `seller_id`, `product_name`, `order_product_image`, `product_quantities`, `payment_method`, `payment_ref`, `product_details`, `customer_address`, `order_date`, `customer`, `customer_email`, `customer_phone`, `pincode`, `channel`, `total_amount`, `received`, `balance`, `discount_type`, `discount_value`, `discount_amount`, `discount_reason`, `shipping_option`, `shipping_amount`, `is_draft`, `item_count`, `tags`, `delivery_method`, `created_at`, `updated_at`, `payment_status`, `fulfillment_status`, `is_international_order`, `currency`, `country`, `state`, `city`, `cgst`, `sgst`, `igst`, `customer_gstin`) VALUES (\'404-3376974-7509901\', \'\', \'SISCAA Rosewood Coin Set ( Carrom Men, Thickness- 7 mm),for 12 months and up x 1\', \'\', \'SISCAA Rosewood Coin Set ( Carrom Men, Thickness- 7 mm),for 12 months and up x 1\', \'amazon\', \'404-3376974-7509901\', \'[{\\"product_id\\":null,\\"product_title\\":\\"SISCAA Rosewood Coin Set ( Carrom Men, Thickness- 7 mm),for 12 months and up\\",\\"product_image\\":\\"\\",\\"selling_price\\":0,\\"quantity\\":1,\\"subtotal\\":0,\\"discount\\":0,\\"discounted_price\\":0}]\', \'Bliss Electronics Plot 2e, Udyog Vihar, Ecotech 2\', \'2024-12-27 13:06:46\', \'Saikat Deb\', \'3lqlnlj0h284rnf@marketplace.amazon.in\', \'9717009098\', \'201306\', \'amazon\', 0, 0, 0, NULL, 0, 0, NULL, \'Standard\', 0, 0, 1, NULL, \'Standard\', \'2024-12-27 13:06:46\', \'2024-12-28 18:23:43\', \'Paid\', \'Pending\', 0, \'INR\', \'IN\', \'UTTAR PRADESH\', \'GREATER NOIDA\', 0, 0, 0, NULL)')
 3 SYSTEMPATH\Database\BaseBuilder.php(2307): CodeIgniter\Database\BaseConnection->query('INSERT INTO `order_management` (`order_number`, `seller_id`, `product_name`, `order_product_image`, `product_quantities`, `payment_method`, `payment_ref`, `product_details`, `customer_address`, `order_date`, `customer`, `customer_email`, `customer_phone`, `pincode`, `channel`, `total_amount`, `received`, `balance`, `discount_type`, `discount_value`, `discount_amount`, `discount_reason`, `shipping_option`, `shipping_amount`, `is_draft`, `item_count`, `tags`, `delivery_method`, `created_at`, `updated_at`, `payment_status`, `fulfillment_status`, `is_international_order`, `currency`, `country`, `state`, `city`, `cgst`, `sgst`, `igst`, `customer_gstin`) VALUES (:order_number:, :seller_id:, :product_name:, :order_product_image:, :product_quantities:, :payment_method:, :payment_ref:, :product_details:, :customer_address:, :order_date:, :customer:, :customer_email:, :customer_phone:, :pincode:, :channel:, :total_amount:, :received:, :balance:, :discount_type:, :discount_value:, :discount_amount:, :discount_reason:, :shipping_option:, :shipping_amount:, :is_draft:, :item_count:, :tags:, :delivery_method:, :created_at:, :updated_at:, :payment_status:, :fulfillment_status:, :is_international_order:, :currency:, :country:, :state:, :city:, :cgst:, :sgst:, :igst:, :customer_gstin:)', [...], false)
 4 SYSTEMPATH\Model.php(327): CodeIgniter\Database\BaseBuilder->insert()
 5 SYSTEMPATH\BaseModel.php(802): CodeIgniter\Model->doInsert([...])
 6 SYSTEMPATH\Model.php(749): CodeIgniter\BaseModel->insert([...], true)
 7 APPPATH\Controllers\Ordermanagement.php(1158): CodeIgniter\Model->insert([...])
 8 SYSTEMPATH\CodeIgniter.php(943): App\Controllers\Ordermanagement->import()
 9 SYSTEMPATH\CodeIgniter.php(503): CodeIgniter\CodeIgniter->runController(Object(App\Controllers\Ordermanagement))
10 SYSTEMPATH\CodeIgniter.php(361): CodeIgniter\CodeIgniter->handleRequest(null, Object(Config\Cache), false)
11 FCPATH\index.php(79): CodeIgniter\CodeIgniter->run()
CRITICAL - 2024-12-28 18:23:43 --> [Caused by] mysqli_sql_exception: Column 'customer_gstin' cannot be null
in SYSTEMPATH\Database\MySQLi\Connection.php on line 306.
 1 SYSTEMPATH\Database\MySQLi\Connection.php(306): mysqli->query('INSERT INTO `order_management` (`order_number`, `seller_id`, `product_name`, `order_product_image`, `product_quantities`, `payment_method`, `payment_ref`, `product_details`, `customer_address`, `order_date`, `customer`, `customer_email`, `customer_phone`, `pincode`, `channel`, `total_amount`, `received`, `balance`, `discount_type`, `discount_value`, `discount_amount`, `discount_reason`, `shipping_option`, `shipping_amount`, `is_draft`, `item_count`, `tags`, `delivery_method`, `created_at`, `updated_at`, `payment_status`, `fulfillment_status`, `is_international_order`, `currency`, `country`, `state`, `city`, `cgst`, `sgst`, `igst`, `customer_gstin`) VALUES (\'404-3376974-7509901\', \'\', \'SISCAA Rosewood Coin Set ( Carrom Men, Thickness- 7 mm),for 12 months and up x 1\', \'\', \'SISCAA Rosewood Coin Set ( Carrom Men, Thickness- 7 mm),for 12 months and up x 1\', \'amazon\', \'404-3376974-7509901\', \'[{\\"product_id\\":null,\\"product_title\\":\\"SISCAA Rosewood Coin Set ( Carrom Men, Thickness- 7 mm),for 12 months and up\\",\\"product_image\\":\\"\\",\\"selling_price\\":0,\\"quantity\\":1,\\"subtotal\\":0,\\"discount\\":0,\\"discounted_price\\":0}]\', \'Bliss Electronics Plot 2e, Udyog Vihar, Ecotech 2\', \'2024-12-27 13:06:46\', \'Saikat Deb\', \'3lqlnlj0h284rnf@marketplace.amazon.in\', \'9717009098\', \'201306\', \'amazon\', 0, 0, 0, NULL, 0, 0, NULL, \'Standard\', 0, 0, 1, NULL, \'Standard\', \'2024-12-27 13:06:46\', \'2024-12-28 18:23:43\', \'Paid\', \'Pending\', 0, \'INR\', \'IN\', \'UTTAR PRADESH\', \'GREATER NOIDA\', 0, 0, 0, NULL)', 0)
 2 SYSTEMPATH\Database\BaseConnection.php(693): CodeIgniter\Database\MySQLi\Connection->execute('INSERT INTO `order_management` (`order_number`, `seller_id`, `product_name`, `order_product_image`, `product_quantities`, `payment_method`, `payment_ref`, `product_details`, `customer_address`, `order_date`, `customer`, `customer_email`, `customer_phone`, `pincode`, `channel`, `total_amount`, `received`, `balance`, `discount_type`, `discount_value`, `discount_amount`, `discount_reason`, `shipping_option`, `shipping_amount`, `is_draft`, `item_count`, `tags`, `delivery_method`, `created_at`, `updated_at`, `payment_status`, `fulfillment_status`, `is_international_order`, `currency`, `country`, `state`, `city`, `cgst`, `sgst`, `igst`, `customer_gstin`) VALUES (\'404-3376974-7509901\', \'\', \'SISCAA Rosewood Coin Set ( Carrom Men, Thickness- 7 mm),for 12 months and up x 1\', \'\', \'SISCAA Rosewood Coin Set ( Carrom Men, Thickness- 7 mm),for 12 months and up x 1\', \'amazon\', \'404-3376974-7509901\', \'[{\\"product_id\\":null,\\"product_title\\":\\"SISCAA Rosewood Coin Set ( Carrom Men, Thickness- 7 mm),for 12 months and up\\",\\"product_image\\":\\"\\",\\"selling_price\\":0,\\"quantity\\":1,\\"subtotal\\":0,\\"discount\\":0,\\"discounted_price\\":0}]\', \'Bliss Electronics Plot 2e, Udyog Vihar, Ecotech 2\', \'2024-12-27 13:06:46\', \'Saikat Deb\', \'3lqlnlj0h284rnf@marketplace.amazon.in\', \'9717009098\', \'201306\', \'amazon\', 0, 0, 0, NULL, 0, 0, NULL, \'Standard\', 0, 0, 1, NULL, \'Standard\', \'2024-12-27 13:06:46\', \'2024-12-28 18:23:43\', \'Paid\', \'Pending\', 0, \'INR\', \'IN\', \'UTTAR PRADESH\', \'GREATER NOIDA\', 0, 0, 0, NULL)')
 3 SYSTEMPATH\Database\BaseConnection.php(607): CodeIgniter\Database\BaseConnection->simpleQuery('INSERT INTO `order_management` (`order_number`, `seller_id`, `product_name`, `order_product_image`, `product_quantities`, `payment_method`, `payment_ref`, `product_details`, `customer_address`, `order_date`, `customer`, `customer_email`, `customer_phone`, `pincode`, `channel`, `total_amount`, `received`, `balance`, `discount_type`, `discount_value`, `discount_amount`, `discount_reason`, `shipping_option`, `shipping_amount`, `is_draft`, `item_count`, `tags`, `delivery_method`, `created_at`, `updated_at`, `payment_status`, `fulfillment_status`, `is_international_order`, `currency`, `country`, `state`, `city`, `cgst`, `sgst`, `igst`, `customer_gstin`) VALUES (\'404-3376974-7509901\', \'\', \'SISCAA Rosewood Coin Set ( Carrom Men, Thickness- 7 mm),for 12 months and up x 1\', \'\', \'SISCAA Rosewood Coin Set ( Carrom Men, Thickness- 7 mm),for 12 months and up x 1\', \'amazon\', \'404-3376974-7509901\', \'[{\\"product_id\\":null,\\"product_title\\":\\"SISCAA Rosewood Coin Set ( Carrom Men, Thickness- 7 mm),for 12 months and up\\",\\"product_image\\":\\"\\",\\"selling_price\\":0,\\"quantity\\":1,\\"subtotal\\":0,\\"discount\\":0,\\"discounted_price\\":0}]\', \'Bliss Electronics Plot 2e, Udyog Vihar, Ecotech 2\', \'2024-12-27 13:06:46\', \'Saikat Deb\', \'3lqlnlj0h284rnf@marketplace.amazon.in\', \'9717009098\', \'201306\', \'amazon\', 0, 0, 0, NULL, 0, 0, NULL, \'Standard\', 0, 0, 1, NULL, \'Standard\', \'2024-12-27 13:06:46\', \'2024-12-28 18:23:43\', \'Paid\', \'Pending\', 0, \'INR\', \'IN\', \'UTTAR PRADESH\', \'GREATER NOIDA\', 0, 0, 0, NULL)')
 4 SYSTEMPATH\Database\BaseBuilder.php(2307): CodeIgniter\Database\BaseConnection->query('INSERT INTO `order_management` (`order_number`, `seller_id`, `product_name`, `order_product_image`, `product_quantities`, `payment_method`, `payment_ref`, `product_details`, `customer_address`, `order_date`, `customer`, `customer_email`, `customer_phone`, `pincode`, `channel`, `total_amount`, `received`, `balance`, `discount_type`, `discount_value`, `discount_amount`, `discount_reason`, `shipping_option`, `shipping_amount`, `is_draft`, `item_count`, `tags`, `delivery_method`, `created_at`, `updated_at`, `payment_status`, `fulfillment_status`, `is_international_order`, `currency`, `country`, `state`, `city`, `cgst`, `sgst`, `igst`, `customer_gstin`) VALUES (:order_number:, :seller_id:, :product_name:, :order_product_image:, :product_quantities:, :payment_method:, :payment_ref:, :product_details:, :customer_address:, :order_date:, :customer:, :customer_email:, :customer_phone:, :pincode:, :channel:, :total_amount:, :received:, :balance:, :discount_type:, :discount_value:, :discount_amount:, :discount_reason:, :shipping_option:, :shipping_amount:, :is_draft:, :item_count:, :tags:, :delivery_method:, :created_at:, :updated_at:, :payment_status:, :fulfillment_status:, :is_international_order:, :currency:, :country:, :state:, :city:, :cgst:, :sgst:, :igst:, :customer_gstin:)', [...], false)
 5 SYSTEMPATH\Model.php(327): CodeIgniter\Database\BaseBuilder->insert()
 6 SYSTEMPATH\BaseModel.php(802): CodeIgniter\Model->doInsert([...])
 7 SYSTEMPATH\Model.php(749): CodeIgniter\BaseModel->insert([...], true)
 8 APPPATH\Controllers\Ordermanagement.php(1158): CodeIgniter\Model->insert([...])
 9 SYSTEMPATH\CodeIgniter.php(943): App\Controllers\Ordermanagement->import()
10 SYSTEMPATH\CodeIgniter.php(503): CodeIgniter\CodeIgniter->runController(Object(App\Controllers\Ordermanagement))
11 SYSTEMPATH\CodeIgniter.php(361): CodeIgniter\CodeIgniter->handleRequest(null, Object(Config\Cache), false)
12 FCPATH\index.php(79): CodeIgniter\CodeIgniter->run()
INFO - 2024-12-28 18:24:09 --> Session: Class initialized using 'CodeIgniter\Session\Handlers\FileHandler' driver.
INFO - 2024-12-28 18:24:09 --> Session: Class initialized using 'CodeIgniter\Session\Handlers\FileHandler' driver.
INFO - 2024-12-28 18:24:16 --> Session: Class initialized using 'CodeIgniter\Session\Handlers\FileHandler' driver.
INFO - 2024-12-28 18:24:51 --> Session: Class initialized using 'CodeIgniter\Session\Handlers\FileHandler' driver.
INFO - 2024-12-28 18:25:03 --> Session: Class initialized using 'CodeIgniter\Session\Handlers\FileHandler' driver.
INFO - 2024-12-28 18:25:42 --> Session: Class initialized using 'CodeIgniter\Session\Handlers\FileHandler' driver.
INFO - 2024-12-28 18:26:04 --> Session: Class initialized using 'CodeIgniter\Session\Handlers\FileHandler' driver.
CRITICAL - 2024-12-28 18:26:04 --> ErrorException: foreach() argument must be of type array|object, null given
in APPPATH\Controllers\Ordermanagement.php on line 740.
 1 APPPATH\Controllers\Ordermanagement.php(740): CodeIgniter\Debug\Exceptions->errorHandler(2, 'foreach() argument must be of type array|object, null given', 'C:\\xampp\\htdocs\\sportzsaga\\app\\Controllers\\Ordermanagement.php', 740)
 2 SYSTEMPATH\CodeIgniter.php(943): App\Controllers\Ordermanagement->editorder('190')
 3 SYSTEMPATH\CodeIgniter.php(503): CodeIgniter\CodeIgniter->runController(Object(App\Controllers\Ordermanagement))
 4 SYSTEMPATH\CodeIgniter.php(361): CodeIgniter\CodeIgniter->handleRequest(null, Object(Config\Cache), false)
 5 FCPATH\index.php(79): CodeIgniter\CodeIgniter->run()
INFO - 2024-12-28 18:26:08 --> Session: Class initialized using 'CodeIgniter\Session\Handlers\FileHandler' driver.
CRITICAL - 2024-12-28 18:26:08 --> ErrorException: foreach() argument must be of type array|object, null given
in APPPATH\Controllers\Ordermanagement.php on line 740.
 1 APPPATH\Controllers\Ordermanagement.php(740): CodeIgniter\Debug\Exceptions->errorHandler(2, 'foreach() argument must be of type array|object, null given', 'C:\\xampp\\htdocs\\sportzsaga\\app\\Controllers\\Ordermanagement.php', 740)
 2 SYSTEMPATH\CodeIgniter.php(943): App\Controllers\Ordermanagement->editorder('190')
 3 SYSTEMPATH\CodeIgniter.php(503): CodeIgniter\CodeIgniter->runController(Object(App\Controllers\Ordermanagement))
 4 SYSTEMPATH\CodeIgniter.php(361): CodeIgniter\CodeIgniter->handleRequest(null, Object(Config\Cache), false)
 5 FCPATH\index.php(79): CodeIgniter\CodeIgniter->run()
INFO - 2024-12-28 18:26:15 --> Session: Class initialized using 'CodeIgniter\Session\Handlers\FileHandler' driver.
INFO - 2024-12-28 18:26:24 --> Session: Class initialized using 'CodeIgniter\Session\Handlers\FileHandler' driver.
CRITICAL - 2024-12-28 18:26:24 --> ErrorException: foreach() argument must be of type array|object, null given
in APPPATH\Controllers\Ordermanagement.php on line 740.
 1 APPPATH\Controllers\Ordermanagement.php(740): CodeIgniter\Debug\Exceptions->errorHandler(2, 'foreach() argument must be of type array|object, null given', 'C:\\xampp\\htdocs\\sportzsaga\\app\\Controllers\\Ordermanagement.php', 740)
 2 SYSTEMPATH\CodeIgniter.php(943): App\Controllers\Ordermanagement->editorder('190')
 3 SYSTEMPATH\CodeIgniter.php(503): CodeIgniter\CodeIgniter->runController(Object(App\Controllers\Ordermanagement))
 4 SYSTEMPATH\CodeIgniter.php(361): CodeIgniter\CodeIgniter->handleRequest(null, Object(Config\Cache), false)
 5 FCPATH\index.php(79): CodeIgniter\CodeIgniter->run()
INFO - 2024-12-28 18:26:25 --> Session: Class initialized using 'CodeIgniter\Session\Handlers\FileHandler' driver.
INFO - 2024-12-28 18:26:47 --> Session: Class initialized using 'CodeIgniter\Session\Handlers\FileHandler' driver.
INFO - 2024-12-28 18:26:57 --> Session: Class initialized using 'CodeIgniter\Session\Handlers\FileHandler' driver.
INFO - 2024-12-28 18:38:18 --> Session: Class initialized using 'CodeIgniter\Session\Handlers\FileHandler' driver.
INFO - 2024-12-28 18:38:22 --> Session: Class initialized using 'CodeIgniter\Session\Handlers\FileHandler' driver.
INFO - 2024-12-28 18:38:30 --> Session: Class initialized using 'CodeIgniter\Session\Handlers\FileHandler' driver.
INFO - 2024-12-28 18:38:30 --> Entering BlueDart management method
INFO - 2024-12-28 18:38:30 --> Fetched all pending shipments
INFO - 2024-12-28 18:38:30 --> Fetched BlueDart orders: 0
INFO - 2024-12-28 18:38:30 --> Rendering BlueDart view
INFO - 2024-12-28 18:38:39 --> Session: Class initialized using 'CodeIgniter\Session\Handlers\FileHandler' driver.
INFO - 2024-12-28 18:38:46 --> Session: Class initialized using 'CodeIgniter\Session\Handlers\FileHandler' driver.
INFO - 2024-12-28 18:38:46 --> Entering BlueDart management method
INFO - 2024-12-28 18:38:46 --> Fetched all pending shipments
INFO - 2024-12-28 18:38:46 --> Fetched BlueDart orders: 0
INFO - 2024-12-28 18:38:46 --> Rendering BlueDart view
INFO - 2024-12-28 18:39:07 --> Session: Class initialized using 'CodeIgniter\Session\Handlers\FileHandler' driver.
INFO - 2024-12-28 18:39:07 --> Filtering BlueDart shipments
INFO - 2024-12-28 18:39:07 --> Requested status filter: delivered
INFO - 2024-12-28 18:39:07 --> Retrieved 0 orders for status: delivered
INFO - 2024-12-28 18:39:23 --> Session: Class initialized using 'CodeIgniter\Session\Handlers\FileHandler' driver.
INFO - 2024-12-28 19:02:06 --> Session: Class initialized using 'CodeIgniter\Session\Handlers\FileHandler' driver.
INFO - 2024-12-28 19:03:28 --> Session: Class initialized using 'CodeIgniter\Session\Handlers\FileHandler' driver.
INFO - 2024-12-28 19:03:32 --> Session: Class initialized using 'CodeIgniter\Session\Handlers\FileHandler' driver.
INFO - 2024-12-28 19:06:43 --> Session: Class initialized using 'CodeIgniter\Session\Handlers\FileHandler' driver.
INFO - 2024-12-28 19:07:31 --> Session: Class initialized using 'CodeIgniter\Session\Handlers\FileHandler' driver.
INFO - 2024-12-28 19:08:31 --> Session: Class initialized using 'CodeIgniter\Session\Handlers\FileHandler' driver.
INFO - 2024-12-28 19:08:37 --> Session: Class initialized using 'CodeIgniter\Session\Handlers\FileHandler' driver.
INFO - 2024-12-28 19:08:52 --> Session: Class initialized using 'CodeIgniter\Session\Handlers\FileHandler' driver.
INFO - 2024-12-28 19:08:53 --> Session: Class initialized using 'CodeIgniter\Session\Handlers\FileHandler' driver.
INFO - 2024-12-28 19:09:04 --> Session: Class initialized using 'CodeIgniter\Session\Handlers\FileHandler' driver.
INFO - 2024-12-28 19:09:27 --> Session: Class initialized using 'CodeIgniter\Session\Handlers\FileHandler' driver.
INFO - 2024-12-28 19:09:27 --> Session: Class initialized using 'CodeIgniter\Session\Handlers\FileHandler' driver.
INFO - 2024-12-28 19:09:28 --> Session: Class initialized using 'CodeIgniter\Session\Handlers\FileHandler' driver.
INFO - 2024-12-28 19:09:29 --> Session: Class initialized using 'CodeIgniter\Session\Handlers\FileHandler' driver.
INFO - 2024-12-28 19:10:24 --> Session: Class initialized using 'CodeIgniter\Session\Handlers\FileHandler' driver.
INFO - 2024-12-28 19:13:02 --> Session: Class initialized using 'CodeIgniter\Session\Handlers\FileHandler' driver.
INFO - 2024-12-28 19:13:16 --> Session: Class initialized using 'CodeIgniter\Session\Handlers\FileHandler' driver.
INFO - 2024-12-28 19:13:21 --> Session: Class initialized using 'CodeIgniter\Session\Handlers\FileHandler' driver.
INFO - 2024-12-28 19:13:21 --> Session: Class initialized using 'CodeIgniter\Session\Handlers\FileHandler' driver.
INFO - 2024-12-28 19:13:23 --> Session: Class initialized using 'CodeIgniter\Session\Handlers\FileHandler' driver.
INFO - 2024-12-28 19:13:23 --> Session: Class initialized using 'CodeIgniter\Session\Handlers\FileHandler' driver.
INFO - 2024-12-28 19:13:31 --> Session: Class initialized using 'CodeIgniter\Session\Handlers\FileHandler' driver.
INFO - 2024-12-28 19:13:31 --> Session: Class initialized using 'CodeIgniter\Session\Handlers\FileHandler' driver.
INFO - 2024-12-28 19:13:42 --> Session: Class initialized using 'CodeIgniter\Session\Handlers\FileHandler' driver.
INFO - 2024-12-28 19:14:54 --> Session: Class initialized using 'CodeIgniter\Session\Handlers\FileHandler' driver.
INFO - 2024-12-28 19:21:18 --> Session: Class initialized using 'CodeIgniter\Session\Handlers\FileHandler' driver.
INFO - 2024-12-28 19:33:13 --> Session: Class initialized using 'CodeIgniter\Session\Handlers\FileHandler' driver.
INFO - 2024-12-28 19:36:01 --> Session: Class initialized using 'CodeIgniter\Session\Handlers\FileHandler' driver.
INFO - 2024-12-28 19:36:03 --> Session: Class initialized using 'CodeIgniter\Session\Handlers\FileHandler' driver.
INFO - 2024-12-28 19:36:21 --> Session: Class initialized using 'CodeIgniter\Session\Handlers\FileHandler' driver.
INFO - 2024-12-28 19:36:21 --> Session: Class initialized using 'CodeIgniter\Session\Handlers\FileHandler' driver.
INFO - 2024-12-28 19:36:34 --> Session: Class initialized using 'CodeIgniter\Session\Handlers\FileHandler' driver.
DEBUG - 2024-12-28 19:36:35 --> Data received for draft: {
    "final_total_price": "10898.00",
    "final_shipment_charges": "0.00",
    "final_total_discount": "0.00",
    "cgst": "0",
    "sgst": "0",
    "igst": "0",
    "is_international_order": "on",
    "selected_products": [
        "576",
        "577"
    ],
    "modal_quantity": {
        "576": "1",
        "577": "1",
        "578": "1",
        "579": "1",
        "580": "1",
        "581": "1",
        "582": "1",
        "583": "1",
        "584": "1",
        "585": "1",
        "586": "1",
        "587": "1",
        "588": "1",
        "589": "1",
        "590": "1",
        "591": "1",
        "592": "1",
        "593": "1",
        "594": "1",
        "595": "1",
        "596": "1",
        "597": "1",
        "598": "1",
        "599": "1",
        "600": "1",
        "601": "1",
        "602": "1",
        "603": "1",
        "604": "1",
        "605": "1",
        "606": "1",
        "607": "1",
        "608": "1",
        "609": "1",
        "610": "1",
        "611": "1",
        "612": "1",
        "613": "1",
        "614": "1",
        "615": "1",
        "616": "1",
        "617": "1",
        "618": "1",
        "619": "1",
        "620": "1",
        "621": "1",
        "622": "1",
        "623": "1",
        "624": "1",
        "625": "1",
        "626": "1",
        "627": "1",
        "628": "1",
        "629": "1",
        "630": "1",
        "631": "1",
        "632": "1",
        "633": "1",
        "634": "1",
        "635": "1",
        "636": "1",
        "637": "1",
        "638": "1",
        "639": "1",
        "640": "1",
        "641": "1",
        "642": "1",
        "643": "1",
        "644": "1",
        "645": "1",
        "646": "1",
        "647": "1",
        "648": "1",
        "649": "1",
        "650": "1",
        "651": "1",
        "652": "1",
        "653": "1",
        "654": "1",
        "655": "1",
        "656": "1",
        "657": "1",
        "658": "1",
        "659": "1",
        "660": "1",
        "661": "1",
        "662": "1",
        "663": "1",
        "664": "1",
        "665": "1",
        "666": "1",
        "667": "1",
        "668": "1",
        "669": "1",
        "670": "1",
        "671": "1",
        "672": "1",
        "673": "1",
        "674": "1",
        "675": "1",
        "676": "1",
        "677": "1",
        "678": "1",
        "679": "1",
        "680": "1",
        "681": "1",
        "682": "1",
        "683": "1",
        "684": "1",
        "685": "1",
        "686": "1",
        "687": "1",
        "689": "1",
        "690": "1",
        "691": "1",
        "699": "1",
        "700": "1",
        "701": "1",
        "707": "1",
        "708": "1",
        "709": "1",
        "714": "1",
        "715": "1",
        "716": "1",
        "717": "1",
        "718": "1",
        "719": "1"
    },
    "product_discount": {
        "576": "0",
        "577": "0",
        "578": "0",
        "579": "0",
        "580": "0",
        "581": "0",
        "582": "0",
        "583": "0",
        "584": "0",
        "585": "0",
        "586": "0",
        "587": "0",
        "588": "0",
        "589": "0",
        "590": "0",
        "591": "0",
        "592": "0",
        "593": "0",
        "594": "0",
        "595": "0",
        "596": "0",
        "597": "0",
        "598": "0",
        "599": "0",
        "600": "0",
        "601": "0",
        "602": "0",
        "603": "0",
        "604": "0",
        "605": "0",
        "606": "0",
        "607": "0",
        "608": "0",
        "609": "0",
        "610": "0",
        "611": "0",
        "612": "0",
        "613": "0",
        "614": "0",
        "615": "0",
        "616": "0",
        "617": "0",
        "618": "0",
        "619": "0",
        "620": "0",
        "621": "0",
        "622": "0",
        "623": "0",
        "624": "0",
        "625": "0",
        "626": "0",
        "627": "0",
        "628": "0",
        "629": "0",
        "630": "0",
        "631": "0",
        "632": "0",
        "633": "0",
        "634": "0",
        "635": "0",
        "636": "0",
        "637": "0",
        "638": "0",
        "639": "0",
        "640": "0",
        "641": "0",
        "642": "0",
        "643": "0",
        "644": "0",
        "645": "0",
        "646": "0",
        "647": "0",
        "648": "0",
        "649": "0",
        "650": "0",
        "651": "0",
        "652": "0",
        "653": "0",
        "654": "0",
        "655": "0",
        "656": "0",
        "657": "0",
        "658": "0",
        "659": "0",
        "660": "0",
        "661": "0",
        "662": "0",
        "663": "0",
        "664": "0",
        "665": "0",
        "666": "0",
        "667": "0",
        "668": "0",
        "669": "0",
        "670": "0",
        "671": "0",
        "672": "0",
        "673": "0",
        "674": "0",
        "675": "0",
        "676": "0",
        "677": "0",
        "678": "0",
        "679": "0",
        "680": "0",
        "681": "0",
        "682": "0",
        "683": "0",
        "684": "0",
        "685": "0",
        "686": "0",
        "687": "0",
        "689": "0",
        "690": "0",
        "691": "0",
        "699": "0",
        "700": "0",
        "701": "0",
        "707": "0",
        "708": "0",
        "709": "0",
        "714": "0",
        "715": "0",
        "716": "0",
        "717": "0",
        "718": "0",
        "719": "0"
    },
    "discounted_price": {
        "576": "0",
        "577": "0",
        "578": "0",
        "579": "0",
        "580": "0",
        "581": "0",
        "582": "0",
        "583": "0",
        "584": "0",
        "585": "0",
        "586": "0",
        "587": "0",
        "588": "0",
        "589": "0",
        "590": "0",
        "591": "0",
        "592": "0",
        "593": "0",
        "594": "0",
        "595": "0",
        "596": "0",
        "597": "0",
        "598": "0",
        "599": "0",
        "600": "0",
        "601": "0",
        "602": "0",
        "603": "0",
        "604": "0",
        "605": "0",
        "606": "0",
        "607": "0",
        "608": "0",
        "609": "0",
        "610": "0",
        "611": "0",
        "612": "0",
        "613": "0",
        "614": "0",
        "615": "0",
        "616": "0",
        "617": "0",
        "618": "0",
        "619": "0",
        "620": "0",
        "621": "0",
        "622": "0",
        "623": "0",
        "624": "0",
        "625": "0",
        "626": "0",
        "627": "0",
        "628": "0",
        "629": "0",
        "630": "0",
        "631": "0",
        "632": "0",
        "633": "0",
        "634": "0",
        "635": "0",
        "636": "0",
        "637": "0",
        "638": "0",
        "639": "0",
        "640": "0",
        "641": "0",
        "642": "0",
        "643": "0",
        "644": "0",
        "645": "0",
        "646": "0",
        "647": "0",
        "648": "0",
        "649": "0",
        "650": "0",
        "651": "0",
        "652": "0",
        "653": "0",
        "654": "0",
        "655": "0",
        "656": "0",
        "657": "0",
        "658": "0",
        "659": "0",
        "660": "0",
        "661": "0",
        "662": "0",
        "663": "0",
        "664": "0",
        "665": "0",
        "666": "0",
        "667": "0",
        "668": "0",
        "669": "0",
        "670": "0",
        "671": "0",
        "672": "0",
        "673": "0",
        "674": "0",
        "675": "0",
        "676": "0",
        "677": "0",
        "678": "0",
        "679": "0",
        "680": "0",
        "681": "0",
        "682": "0",
        "683": "0",
        "684": "0",
        "685": "0",
        "686": "0",
        "687": "0",
        "689": "0",
        "690": "0",
        "691": "0",
        "699": "0",
        "700": "0",
        "701": "0",
        "707": "0",
        "708": "0",
        "709": "0",
        "714": "0",
        "715": "0",
        "716": "0",
        "717": "0",
        "718": "0",
        "719": "0"
    },
    "discount_amount": {
        "576": "0",
        "577": "0",
        "578": "0",
        "579": "0",
        "580": "0",
        "581": "0",
        "582": "0",
        "583": "0",
        "584": "0",
        "585": "0",
        "586": "0",
        "587": "0",
        "588": "0",
        "589": "0",
        "590": "0",
        "591": "0",
        "592": "0",
        "593": "0",
        "594": "0",
        "595": "0",
        "596": "0",
        "597": "0",
        "598": "0",
        "599": "0",
        "600": "0",
        "601": "0",
        "602": "0",
        "603": "0",
        "604": "0",
        "605": "0",
        "606": "0",
        "607": "0",
        "608": "0",
        "609": "0",
        "610": "0",
        "611": "0",
        "612": "0",
        "613": "0",
        "614": "0",
        "615": "0",
        "616": "0",
        "617": "0",
        "618": "0",
        "619": "0",
        "620": "0",
        "621": "0",
        "622": "0",
        "623": "0",
        "624": "0",
        "625": "0",
        "626": "0",
        "627": "0",
        "628": "0",
        "629": "0",
        "630": "0",
        "631": "0",
        "632": "0",
        "633": "0",
        "634": "0",
        "635": "0",
        "636": "0",
        "637": "0",
        "638": "0",
        "639": "0",
        "640": "0",
        "641": "0",
        "642": "0",
        "643": "0",
        "644": "0",
        "645": "0",
        "646": "0",
        "647": "0",
        "648": "0",
        "649": "0",
        "650": "0",
        "651": "0",
        "652": "0",
        "653": "0",
        "654": "0",
        "655": "0",
        "656": "0",
        "657": "0",
        "658": "0",
        "659": "0",
        "660": "0",
        "661": "0",
        "662": "0",
        "663": "0",
        "664": "0",
        "665": "0",
        "666": "0",
        "667": "0",
        "668": "0",
        "669": "0",
        "670": "0",
        "671": "0",
        "672": "0",
        "673": "0",
        "674": "0",
        "675": "0",
        "676": "0",
        "677": "0",
        "678": "0",
        "679": "0",
        "680": "0",
        "681": "0",
        "682": "0",
        "683": "0",
        "684": "0",
        "685": "0",
        "686": "0",
        "687": "0",
        "689": "0",
        "690": "0",
        "691": "0",
        "699": "0",
        "700": "0",
        "701": "0",
        "707": "0",
        "708": "0",
        "709": "0",
        "714": "0",
        "715": "0",
        "716": "0",
        "717": "0",
        "718": "0",
        "719": "0"
    },
    "discount_reason": "",
    "currency": "usd",
    "payment-method": "link",
    "ref_no": "",
    "payment-status": "Pending",
    "order-customer-name": "243",
    "order-customer-phone": "9370407508",
    "order-customer-email": "avhadenterprisespc1@gmail.com",
    "pincode": "422101",
    "order-city": "Nashik",
    "order-state": "Maharashtra",
    "country": "",
    "address_information": "Nashik, Maharashtra",
    "order-customergstin": ""
}
INFO - 2024-12-28 19:36:35 --> Draft saved successfully for user ID: 243
INFO - 2024-12-28 19:36:35 --> Session: Class initialized using 'CodeIgniter\Session\Handlers\FileHandler' driver.
INFO - 2024-12-28 19:37:24 --> Session: Class initialized using 'CodeIgniter\Session\Handlers\FileHandler' driver.
INFO - 2024-12-28 19:40:21 --> Session: Class initialized using 'CodeIgniter\Session\Handlers\FileHandler' driver.
INFO - 2024-12-28 19:40:26 --> Session: Class initialized using 'CodeIgniter\Session\Handlers\FileHandler' driver.
INFO - 2024-12-28 19:40:54 --> Session: Class initialized using 'CodeIgniter\Session\Handlers\FileHandler' driver.
INFO - 2024-12-28 19:41:11 --> Session: Class initialized using 'CodeIgniter\Session\Handlers\FileHandler' driver.
INFO - 2024-12-28 19:41:15 --> Session: Class initialized using 'CodeIgniter\Session\Handlers\FileHandler' driver.
INFO - 2024-12-28 19:42:41 --> Session: Class initialized using 'CodeIgniter\Session\Handlers\FileHandler' driver.
INFO - 2024-12-28 19:42:47 --> Session: Class initialized using 'CodeIgniter\Session\Handlers\FileHandler' driver.
INFO - 2024-12-28 19:44:52 --> Session: Class initialized using 'CodeIgniter\Session\Handlers\FileHandler' driver.
INFO - 2024-12-28 19:44:54 --> Session: Class initialized using 'CodeIgniter\Session\Handlers\FileHandler' driver.
INFO - 2024-12-28 19:45:00 --> Session: Class initialized using 'CodeIgniter\Session\Handlers\FileHandler' driver.
INFO - 2024-12-28 19:45:19 --> Session: Class initialized using 'CodeIgniter\Session\Handlers\FileHandler' driver.
INFO - 2024-12-28 19:45:21 --> Session: Class initialized using 'CodeIgniter\Session\Handlers\FileHandler' driver.
