CRITICAL - 2024-08-23 18:19:08 --> ParseError: syntax error, unexpected token "}", expecting "," or ";"
in APPPATH/Controllers/Registeredusers.php on line 74.
 1 SYSTEMPATH/Autoloader/Autoloader.php(290): CodeIgniter\Autoloader\Autoloader->includeFile()
 2 SYSTEMPATH/Autoloader/Autoloader.php(266): CodeIgniter\Autoloader\Autoloader->loadInNamespace()
 3 [internal function]: CodeIgniter\Autoloader\Autoloader->loadClass()
 4 SYSTEMPATH/CodeIgniter.php(901): class_exists()
 5 SYSTEMPATH/CodeIgniter.php(490): CodeIgniter\CodeIgniter->startController()
 6 SYSTEMPATH/CodeIgniter.php(361): CodeIgniter\CodeIgniter->handleRequest()
 7 FCPATH/index.php(79): CodeIgniter\CodeIgniter->run()
CRITICAL - 2024-08-23 19:48:02 --> CodeIgniter\View\Exceptions\ViewException: Invalid file: "socialmedia_view.php"
in SYSTEMPATH/Exceptions/FrameworkException.php on line 39.
 1 SYSTEMPATH/View/View.php(216): CodeIgniter\Exceptions\FrameworkException::forInvalidFile()
 2 SYSTEMPATH/Common.php(1178): CodeIgniter\View\View->render()
 3 APPPATH/Controllers/InstagramController.php(20): view()
 4 SYSTEMPATH/CodeIgniter.php(943): App\Controllers\InstagramController->index()
 5 SYSTEMPATH/CodeIgniter.php(503): CodeIgniter\CodeIgniter->runController()
 6 SYSTEMPATH/CodeIgniter.php(361): CodeIgniter\CodeIgniter->handleRequest()
 7 FCPATH/index.php(79): CodeIgniter\CodeIgniter->run()
ERROR - 2024-08-23 19:51:13 --> mysqli_sql_exception: Table 'seotools_driphunter.instagram_schedule_posts' doesn't exist in /home/seotools/newdriphunter_depoly/system/Database/MySQLi/Connection.php:306
Stack trace:
#0 /home/seotools/newdriphunter_depoly/system/Database/MySQLi/Connection.php(306): mysqli->query()
#1 /home/seotools/newdriphunter_depoly/system/Database/BaseConnection.php(693): CodeIgniter\Database\MySQLi\Connection->execute()
#2 /home/seotools/newdriphunter_depoly/system/Database/BaseConnection.php(607): CodeIgniter\Database\BaseConnection->simpleQuery()
#3 /home/seotools/newdriphunter_depoly/system/Database/BaseBuilder.php(1616): CodeIgniter\Database\BaseConnection->query()
#4 /home/seotools/newdriphunter_depoly/system/Model.php(243): CodeIgniter\Database\BaseBuilder->get()
#5 /home/seotools/newdriphunter_depoly/system/BaseModel.php(638): CodeIgniter\Model->doFindAll()
#6 /home/seotools/newdriphunter_depoly/app/Models/InstagramSchedulePostModel.php(27): CodeIgniter\BaseModel->findAll()
#7 /home/seotools/newdriphunter_depoly/app/Controllers/InstagramController.php(28): App\Models\InstagramSchedulePostModel->getallinstagramscheduleposts()
#8 /home/seotools/newdriphunter_depoly/system/CodeIgniter.php(943): App\Controllers\InstagramController->instagram()
#9 /home/seotools/newdriphunter_depoly/system/CodeIgniter.php(503): CodeIgniter\CodeIgniter->runController()
#10 /home/seotools/newdriphunter_depoly/system/CodeIgniter.php(361): CodeIgniter\CodeIgniter->handleRequest()
#11 /home/seotools/public_html/index.php(79): CodeIgniter\CodeIgniter->run()
#12 {main}
CRITICAL - 2024-08-23 19:51:13 --> CodeIgniter\Database\Exceptions\DatabaseException: Table 'seotools_driphunter.instagram_schedule_posts' doesn't exist
in SYSTEMPATH/Database/BaseConnection.php on line 647.
 1 SYSTEMPATH/Database/BaseBuilder.php(1616): CodeIgniter\Database\BaseConnection->query()
 2 SYSTEMPATH/Model.php(243): CodeIgniter\Database\BaseBuilder->get()
 3 SYSTEMPATH/BaseModel.php(638): CodeIgniter\Model->doFindAll()
 4 APPPATH/Models/InstagramSchedulePostModel.php(27): CodeIgniter\BaseModel->findAll()
 5 APPPATH/Controllers/InstagramController.php(28): App\Models\InstagramSchedulePostModel->getallinstagramscheduleposts()
 6 SYSTEMPATH/CodeIgniter.php(943): App\Controllers\InstagramController->instagram()
 7 SYSTEMPATH/CodeIgniter.php(503): CodeIgniter\CodeIgniter->runController()
 8 SYSTEMPATH/CodeIgniter.php(361): CodeIgniter\CodeIgniter->handleRequest()
 9 FCPATH/index.php(79): CodeIgniter\CodeIgniter->run()
CRITICAL - 2024-08-23 19:51:13 --> [Caused by] CodeIgniter\Database\Exceptions\DatabaseException: Table 'seotools_driphunter.instagram_schedule_posts' doesn't exist
in SYSTEMPATH/Database/MySQLi/Connection.php on line 311.
 1 SYSTEMPATH/Database/BaseConnection.php(693): CodeIgniter\Database\MySQLi\Connection->execute()
 2 SYSTEMPATH/Database/BaseConnection.php(607): CodeIgniter\Database\BaseConnection->simpleQuery()
 3 SYSTEMPATH/Database/BaseBuilder.php(1616): CodeIgniter\Database\BaseConnection->query()
 4 SYSTEMPATH/Model.php(243): CodeIgniter\Database\BaseBuilder->get()
 5 SYSTEMPATH/BaseModel.php(638): CodeIgniter\Model->doFindAll()
 6 APPPATH/Models/InstagramSchedulePostModel.php(27): CodeIgniter\BaseModel->findAll()
 7 APPPATH/Controllers/InstagramController.php(28): App\Models\InstagramSchedulePostModel->getallinstagramscheduleposts()
 8 SYSTEMPATH/CodeIgniter.php(943): App\Controllers\InstagramController->instagram()
 9 SYSTEMPATH/CodeIgniter.php(503): CodeIgniter\CodeIgniter->runController()
10 SYSTEMPATH/CodeIgniter.php(361): CodeIgniter\CodeIgniter->handleRequest()
11 FCPATH/index.php(79): CodeIgniter\CodeIgniter->run()
CRITICAL - 2024-08-23 19:51:13 --> [Caused by] mysqli_sql_exception: Table 'seotools_driphunter.instagram_schedule_posts' doesn't exist
in SYSTEMPATH/Database/MySQLi/Connection.php on line 306.
 1 SYSTEMPATH/Database/MySQLi/Connection.php(306): mysqli->query()
 2 SYSTEMPATH/Database/BaseConnection.php(693): CodeIgniter\Database\MySQLi\Connection->execute()
 3 SYSTEMPATH/Database/BaseConnection.php(607): CodeIgniter\Database\BaseConnection->simpleQuery()
 4 SYSTEMPATH/Database/BaseBuilder.php(1616): CodeIgniter\Database\BaseConnection->query()
 5 SYSTEMPATH/Model.php(243): CodeIgniter\Database\BaseBuilder->get()
 6 SYSTEMPATH/BaseModel.php(638): CodeIgniter\Model->doFindAll()
 7 APPPATH/Models/InstagramSchedulePostModel.php(27): CodeIgniter\BaseModel->findAll()
 8 APPPATH/Controllers/InstagramController.php(28): App\Models\InstagramSchedulePostModel->getallinstagramscheduleposts()
 9 SYSTEMPATH/CodeIgniter.php(943): App\Controllers\InstagramController->instagram()
10 SYSTEMPATH/CodeIgniter.php(503): CodeIgniter\CodeIgniter->runController()
11 SYSTEMPATH/CodeIgniter.php(361): CodeIgniter\CodeIgniter->handleRequest()
12 FCPATH/index.php(79): CodeIgniter\CodeIgniter->run()
CRITICAL - 2024-08-23 19:55:56 --> CodeIgniter\View\Exceptions\ViewException: Invalid file: "instagram_view.php"
in SYSTEMPATH/Exceptions/FrameworkException.php on line 39.
 1 SYSTEMPATH/View/View.php(216): CodeIgniter\Exceptions\FrameworkException::forInvalidFile()
 2 SYSTEMPATH/View/View.php(469): CodeIgniter\View\View->render()
 3 APPPATH/Views/index.php(43): CodeIgniter\View\View->include()
 4 SYSTEMPATH/View/View.php(228): include('/home/seotools/newdriphunter_depoly/app/Views/index.php')
 5 SYSTEMPATH/View/View.php(231): CodeIgniter\View\View->CodeIgniter\View\{closure}()
 6 SYSTEMPATH/Common.php(1178): CodeIgniter\View\View->render()
 7 APPPATH/Controllers/Home.php(46): view()
 8 SYSTEMPATH/CodeIgniter.php(943): App\Controllers\Home->index()
 9 SYSTEMPATH/CodeIgniter.php(503): CodeIgniter\CodeIgniter->runController()
10 SYSTEMPATH/CodeIgniter.php(361): CodeIgniter\CodeIgniter->handleRequest()
11 FCPATH/index.php(79): CodeIgniter\CodeIgniter->run()
CRITICAL - 2024-08-23 19:55:57 --> CodeIgniter\View\Exceptions\ViewException: Invalid file: "instagram_view.php"
in SYSTEMPATH/Exceptions/FrameworkException.php on line 39.
 1 SYSTEMPATH/View/View.php(216): CodeIgniter\Exceptions\FrameworkException::forInvalidFile()
 2 SYSTEMPATH/View/View.php(469): CodeIgniter\View\View->render()
 3 APPPATH/Views/index.php(43): CodeIgniter\View\View->include()
 4 SYSTEMPATH/View/View.php(228): include('/home/seotools/newdriphunter_depoly/app/Views/index.php')
 5 SYSTEMPATH/View/View.php(231): CodeIgniter\View\View->CodeIgniter\View\{closure}()
 6 SYSTEMPATH/Common.php(1178): CodeIgniter\View\View->render()
 7 APPPATH/Controllers/Home.php(46): view()
 8 SYSTEMPATH/CodeIgniter.php(943): App\Controllers\Home->index()
 9 SYSTEMPATH/CodeIgniter.php(503): CodeIgniter\CodeIgniter->runController()
10 SYSTEMPATH/CodeIgniter.php(361): CodeIgniter\CodeIgniter->handleRequest()
11 FCPATH/index.php(79): CodeIgniter\CodeIgniter->run()
CRITICAL - 2024-08-23 21:46:16 --> ParseError: syntax error, unexpected token "exit", expecting "," or ";"
in APPPATH/Controllers/Ordermanagement.php on line 158.
 1 SYSTEMPATH/Autoloader/Autoloader.php(290): CodeIgniter\Autoloader\Autoloader->includeFile()
 2 SYSTEMPATH/Autoloader/Autoloader.php(266): CodeIgniter\Autoloader\Autoloader->loadInNamespace()
 3 [internal function]: CodeIgniter\Autoloader\Autoloader->loadClass()
 4 SYSTEMPATH/CodeIgniter.php(901): class_exists()
 5 SYSTEMPATH/CodeIgniter.php(490): CodeIgniter\CodeIgniter->startController()
 6 SYSTEMPATH/CodeIgniter.php(361): CodeIgniter\CodeIgniter->handleRequest()
 7 FCPATH/index.php(79): CodeIgniter\CodeIgniter->run()
