INFO - 2025-01-30 00:41:12 --> Session: Class initialized using 'CodeIgniter\Session\Handlers\FileHandler' driver.
INFO - 2025-01-30 00:41:23 --> Session: Class initialized using 'CodeIgniter\Session\Handlers\FileHandler' driver.
INFO - 2025-01-30 00:41:23 --> Session: Class initialized using 'CodeIgniter\Session\Handlers\FileHandler' driver.
INFO - 2025-01-30 00:41:34 --> Session: Class initialized using 'CodeIgniter\Session\Handlers\FileHandler' driver.
INFO - 2025-01-30 00:41:34 --> Session: Class initialized using 'CodeIgniter\Session\Handlers\FileHandler' driver.
INFO - 2025-01-30 00:41:41 --> Session: Class initialized using 'CodeIgniter\Session\Handlers\FileHandler' driver.
INFO - 2025-01-30 00:41:55 --> Session: Class initialized using 'CodeIgniter\Session\Handlers\FileHandler' driver.
INFO - 2025-01-30 00:42:00 --> Session: Class initialized using 'CodeIgniter\Session\Handlers\FileHandler' driver.
INFO - 2025-01-30 00:42:16 --> Session: Class initialized using 'CodeIgniter\Session\Handlers\FileHandler' driver.
INFO - 2025-01-30 00:42:21 --> Session: Class initialized using 'CodeIgniter\Session\Handlers\FileHandler' driver.
INFO - 2025-01-30 00:42:21 --> Session: Class initialized using 'CodeIgniter\Session\Handlers\FileHandler' driver.
INFO - 2025-01-30 00:42:23 --> Session: Class initialized using 'CodeIgniter\Session\Handlers\FileHandler' driver.
INFO - 2025-01-30 09:24:59 --> Session: Class initialized using 'CodeIgniter\Session\Handlers\FileHandler' driver.
INFO - 2025-01-30 09:24:59 --> Session: Class initialized using 'CodeIgniter\Session\Handlers\FileHandler' driver.
INFO - 2025-01-30 09:25:16 --> Session: Class initialized using 'CodeIgniter\Session\Handlers\FileHandler' driver.
INFO - 2025-01-30 09:25:16 --> Session: Class initialized using 'CodeIgniter\Session\Handlers\FileHandler' driver.
INFO - 2025-01-30 09:25:20 --> Session: Class initialized using 'CodeIgniter\Session\Handlers\FileHandler' driver.
DEBUG - 2025-01-30 09:25:20 --> Checking permission: User ID: 253, Table: bundles, Action: delete
DEBUG - 2025-01-30 09:25:20 --> Permission denied: User ID: 253, Table: bundles, Action: delete
DEBUG - 2025-01-30 09:25:20 --> Checking permission: User ID: 253, Table: bundles, Action: import
DEBUG - 2025-01-30 09:25:20 --> Permission denied: User ID: 253, Table: bundles, Action: import
DEBUG - 2025-01-30 09:25:20 --> Checking permission: User ID: 253, Table: bundles, Action: export
DEBUG - 2025-01-30 09:25:20 --> Permission denied: User ID: 253, Table: bundles, Action: export
DEBUG - 2025-01-30 09:25:20 --> Checking permission: User ID: 253, Table: bundles, Action: logs
DEBUG - 2025-01-30 09:25:20 --> Permission denied: User ID: 253, Table: bundles, Action: logs
INFO - 2025-01-30 09:25:31 --> Session: Class initialized using 'CodeIgniter\Session\Handlers\FileHandler' driver.
INFO - 2025-01-30 09:25:34 --> Session: Class initialized using 'CodeIgniter\Session\Handlers\FileHandler' driver.
INFO - 2025-01-30 09:25:38 --> Session: Class initialized using 'CodeIgniter\Session\Handlers\FileHandler' driver.
INFO - 2025-01-30 09:25:46 --> Session: Class initialized using 'CodeIgniter\Session\Handlers\FileHandler' driver.
DEBUG - 2025-01-30 09:25:46 --> Checking permission: User ID: 253, Table: bundles, Action: delete
DEBUG - 2025-01-30 09:25:46 --> Permission denied: User ID: 253, Table: bundles, Action: delete
DEBUG - 2025-01-30 09:25:46 --> Checking permission: User ID: 253, Table: bundles, Action: import
DEBUG - 2025-01-30 09:25:46 --> Permission denied: User ID: 253, Table: bundles, Action: import
DEBUG - 2025-01-30 09:25:46 --> Checking permission: User ID: 253, Table: bundles, Action: export
DEBUG - 2025-01-30 09:25:46 --> Permission denied: User ID: 253, Table: bundles, Action: export
DEBUG - 2025-01-30 09:25:46 --> Checking permission: User ID: 253, Table: bundles, Action: logs
DEBUG - 2025-01-30 09:25:46 --> Permission denied: User ID: 253, Table: bundles, Action: logs
INFO - 2025-01-30 09:25:48 --> Session: Class initialized using 'CodeIgniter\Session\Handlers\FileHandler' driver.
INFO - 2025-01-30 09:25:50 --> Session: Class initialized using 'CodeIgniter\Session\Handlers\FileHandler' driver.
DEBUG - 2025-01-30 09:25:50 --> Checking permission: User ID: 253, Table: bundles, Action: delete
DEBUG - 2025-01-30 09:25:50 --> Permission denied: User ID: 253, Table: bundles, Action: delete
DEBUG - 2025-01-30 09:25:50 --> Checking permission: User ID: 253, Table: bundles, Action: import
DEBUG - 2025-01-30 09:25:50 --> Permission denied: User ID: 253, Table: bundles, Action: import
DEBUG - 2025-01-30 09:25:50 --> Checking permission: User ID: 253, Table: bundles, Action: export
DEBUG - 2025-01-30 09:25:50 --> Permission denied: User ID: 253, Table: bundles, Action: export
DEBUG - 2025-01-30 09:25:50 --> Checking permission: User ID: 253, Table: bundles, Action: logs
DEBUG - 2025-01-30 09:25:50 --> Permission denied: User ID: 253, Table: bundles, Action: logs
INFO - 2025-01-30 10:20:54 --> Session: Class initialized using 'CodeIgniter\Session\Handlers\FileHandler' driver.
INFO - 2025-01-30 12:02:50 --> Session: Class initialized using 'CodeIgniter\Session\Handlers\FileHandler' driver.
INFO - 2025-01-30 12:02:50 --> Session: Class initialized using 'CodeIgniter\Session\Handlers\FileHandler' driver.
INFO - 2025-01-30 12:14:53 --> Session: Class initialized using 'CodeIgniter\Session\Handlers\FileHandler' driver.
INFO - 2025-01-30 12:14:57 --> Session: Class initialized using 'CodeIgniter\Session\Handlers\FileHandler' driver.
INFO - 2025-01-30 12:15:02 --> Session: Class initialized using 'CodeIgniter\Session\Handlers\FileHandler' driver.
INFO - 2025-01-30 12:15:50 --> Session: Class initialized using 'CodeIgniter\Session\Handlers\FileHandler' driver.
INFO - 2025-01-30 12:15:52 --> Session: Class initialized using 'CodeIgniter\Session\Handlers\FileHandler' driver.
INFO - 2025-01-30 12:15:53 --> Session: Class initialized using 'CodeIgniter\Session\Handlers\FileHandler' driver.
INFO - 2025-01-30 12:15:58 --> Session: Class initialized using 'CodeIgniter\Session\Handlers\FileHandler' driver.
INFO - 2025-01-30 12:16:00 --> Session: Class initialized using 'CodeIgniter\Session\Handlers\FileHandler' driver.
INFO - 2025-01-30 12:16:02 --> Session: Class initialized using 'CodeIgniter\Session\Handlers\FileHandler' driver.
INFO - 2025-01-30 12:16:13 --> Session: Class initialized using 'CodeIgniter\Session\Handlers\FileHandler' driver.
INFO - 2025-01-30 12:16:52 --> Session: Class initialized using 'CodeIgniter\Session\Handlers\FileHandler' driver.
INFO - 2025-01-30 12:22:20 --> Session: Class initialized using 'CodeIgniter\Session\Handlers\FileHandler' driver.
INFO - 2025-01-30 12:22:30 --> Session: Class initialized using 'CodeIgniter\Session\Handlers\FileHandler' driver.
INFO - 2025-01-30 12:24:55 --> Session: Class initialized using 'CodeIgniter\Session\Handlers\FileHandler' driver.
INFO - 2025-01-30 12:25:04 --> Session: Class initialized using 'CodeIgniter\Session\Handlers\FileHandler' driver.
INFO - 2025-01-30 12:25:06 --> Session: Class initialized using 'CodeIgniter\Session\Handlers\FileHandler' driver.
INFO - 2025-01-30 12:25:10 --> Session: Class initialized using 'CodeIgniter\Session\Handlers\FileHandler' driver.
INFO - 2025-01-30 12:25:15 --> Session: Class initialized using 'CodeIgniter\Session\Handlers\FileHandler' driver.
INFO - 2025-01-30 12:25:20 --> Session: Class initialized using 'CodeIgniter\Session\Handlers\FileHandler' driver.
INFO - 2025-01-30 12:25:20 --> Session: Class initialized using 'CodeIgniter\Session\Handlers\FileHandler' driver.
INFO - 2025-01-30 12:25:22 --> Session: Class initialized using 'CodeIgniter\Session\Handlers\FileHandler' driver.
INFO - 2025-01-30 12:35:53 --> Session: Class initialized using 'CodeIgniter\Session\Handlers\FileHandler' driver.
INFO - 2025-01-30 12:35:58 --> Session: Class initialized using 'CodeIgniter\Session\Handlers\FileHandler' driver.
INFO - 2025-01-30 12:36:01 --> Session: Class initialized using 'CodeIgniter\Session\Handlers\FileHandler' driver.
ERROR - 2025-01-30 12:36:01 --> mysqli_sql_exception: Unknown column 'session_id' in 'SELECT' in /home/u541614220/domains/avhadenterprises.com/public_html/admin/sportzsaga/system/Database/MySQLi/Connection.php:306
Stack trace:
#0 /home/u541614220/domains/avhadenterprises.com/public_html/admin/sportzsaga/system/Database/MySQLi/Connection.php(306): mysqli->query()
#1 /home/u541614220/domains/avhadenterprises.com/public_html/admin/sportzsaga/system/Database/BaseConnection.php(693): CodeIgniter\Database\MySQLi\Connection->execute()
#2 /home/u541614220/domains/avhadenterprises.com/public_html/admin/sportzsaga/system/Database/BaseConnection.php(607): CodeIgniter\Database\BaseConnection->simpleQuery()
#3 /home/u541614220/domains/avhadenterprises.com/public_html/admin/sportzsaga/system/Database/BaseBuilder.php(1616): CodeIgniter\Database\BaseConnection->query()
#4 /home/u541614220/domains/avhadenterprises.com/public_html/admin/sportzsaga/system/Model.php(243): CodeIgniter\Database\BaseBuilder->get()
#5 /home/u541614220/domains/avhadenterprises.com/public_html/admin/sportzsaga/system/BaseModel.php(638): CodeIgniter\Model->doFindAll()
#6 /home/u541614220/domains/avhadenterprises.com/public_html/admin/sportzsaga/app/Controllers/AbandonedOrderController.php(26): CodeIgniter\BaseModel->findAll()
#7 /home/u541614220/domains/avhadenterprises.com/public_html/admin/sportzsaga/system/CodeIgniter.php(943): App\Controllers\AbandonedOrderController->index()
#8 /home/u541614220/domains/avhadenterprises.com/public_html/admin/sportzsaga/system/CodeIgniter.php(503): CodeIgniter\CodeIgniter->runController()
#9 /home/u541614220/domains/avhadenterprises.com/public_html/admin/sportzsaga/system/CodeIgniter.php(361): CodeIgniter\CodeIgniter->handleRequest()
#10 /home/u541614220/domains/avhadenterprises.com/public_html/admin/sportzsaga/index.php(79): CodeIgniter\CodeIgniter->run()
#11 {main}
CRITICAL - 2025-01-30 12:36:01 --> CodeIgniter\Database\Exceptions\DatabaseException: Unknown column 'session_id' in 'SELECT'
in SYSTEMPATH/Database/BaseConnection.php on line 647.
 1 SYSTEMPATH/Database/BaseBuilder.php(1616): CodeIgniter\Database\BaseConnection->query()
 2 SYSTEMPATH/Model.php(243): CodeIgniter\Database\BaseBuilder->get()
 3 SYSTEMPATH/BaseModel.php(638): CodeIgniter\Model->doFindAll()
 4 APPPATH/Controllers/AbandonedOrderController.php(26): CodeIgniter\BaseModel->findAll()
 5 SYSTEMPATH/CodeIgniter.php(943): App\Controllers\AbandonedOrderController->index()
 6 SYSTEMPATH/CodeIgniter.php(503): CodeIgniter\CodeIgniter->runController()
 7 SYSTEMPATH/CodeIgniter.php(361): CodeIgniter\CodeIgniter->handleRequest()
 8 FCPATH/index.php(79): CodeIgniter\CodeIgniter->run()
CRITICAL - 2025-01-30 12:36:01 --> [Caused by] CodeIgniter\Database\Exceptions\DatabaseException: Unknown column 'session_id' in 'SELECT'
in SYSTEMPATH/Database/MySQLi/Connection.php on line 311.
 1 SYSTEMPATH/Database/BaseConnection.php(693): CodeIgniter\Database\MySQLi\Connection->execute()
 2 SYSTEMPATH/Database/BaseConnection.php(607): CodeIgniter\Database\BaseConnection->simpleQuery()
 3 SYSTEMPATH/Database/BaseBuilder.php(1616): CodeIgniter\Database\BaseConnection->query()
 4 SYSTEMPATH/Model.php(243): CodeIgniter\Database\BaseBuilder->get()
 5 SYSTEMPATH/BaseModel.php(638): CodeIgniter\Model->doFindAll()
 6 APPPATH/Controllers/AbandonedOrderController.php(26): CodeIgniter\BaseModel->findAll()
 7 SYSTEMPATH/CodeIgniter.php(943): App\Controllers\AbandonedOrderController->index()
 8 SYSTEMPATH/CodeIgniter.php(503): CodeIgniter\CodeIgniter->runController()
 9 SYSTEMPATH/CodeIgniter.php(361): CodeIgniter\CodeIgniter->handleRequest()
10 FCPATH/index.php(79): CodeIgniter\CodeIgniter->run()
CRITICAL - 2025-01-30 12:36:01 --> [Caused by] mysqli_sql_exception: Unknown column 'session_id' in 'SELECT'
in SYSTEMPATH/Database/MySQLi/Connection.php on line 306.
 1 SYSTEMPATH/Database/MySQLi/Connection.php(306): mysqli->query()
 2 SYSTEMPATH/Database/BaseConnection.php(693): CodeIgniter\Database\MySQLi\Connection->execute()
 3 SYSTEMPATH/Database/BaseConnection.php(607): CodeIgniter\Database\BaseConnection->simpleQuery()
 4 SYSTEMPATH/Database/BaseBuilder.php(1616): CodeIgniter\Database\BaseConnection->query()
 5 SYSTEMPATH/Model.php(243): CodeIgniter\Database\BaseBuilder->get()
 6 SYSTEMPATH/BaseModel.php(638): CodeIgniter\Model->doFindAll()
 7 APPPATH/Controllers/AbandonedOrderController.php(26): CodeIgniter\BaseModel->findAll()
 8 SYSTEMPATH/CodeIgniter.php(943): App\Controllers\AbandonedOrderController->index()
 9 SYSTEMPATH/CodeIgniter.php(503): CodeIgniter\CodeIgniter->runController()
10 SYSTEMPATH/CodeIgniter.php(361): CodeIgniter\CodeIgniter->handleRequest()
11 FCPATH/index.php(79): CodeIgniter\CodeIgniter->run()
INFO - 2025-01-30 12:36:03 --> Session: Class initialized using 'CodeIgniter\Session\Handlers\FileHandler' driver.
INFO - 2025-01-30 12:36:05 --> Session: Class initialized using 'CodeIgniter\Session\Handlers\FileHandler' driver.
INFO - 2025-01-30 12:36:09 --> Session: Class initialized using 'CodeIgniter\Session\Handlers\FileHandler' driver.
INFO - 2025-01-30 12:36:12 --> Session: Class initialized using 'CodeIgniter\Session\Handlers\FileHandler' driver.
INFO - 2025-01-30 12:36:15 --> Session: Class initialized using 'CodeIgniter\Session\Handlers\FileHandler' driver.
INFO - 2025-01-30 12:36:17 --> Session: Class initialized using 'CodeIgniter\Session\Handlers\FileHandler' driver.
INFO - 2025-01-30 12:36:19 --> Session: Class initialized using 'CodeIgniter\Session\Handlers\FileHandler' driver.
INFO - 2025-01-30 12:36:20 --> Session: Class initialized using 'CodeIgniter\Session\Handlers\FileHandler' driver.
INFO - 2025-01-30 12:36:22 --> Session: Class initialized using 'CodeIgniter\Session\Handlers\FileHandler' driver.
INFO - 2025-01-30 12:36:22 --> Starting fetchEmails method
INFO - 2025-01-30 12:36:22 --> Starting email processing
INFO - 2025-01-30 12:36:23 --> Email processing completed. Processed 0 new emails
INFO - 2025-01-30 12:36:23 --> Fetching email threads
INFO - 2025-01-30 12:36:23 --> Found 6 root emails
INFO - 2025-01-30 12:36:23 --> Processed 6 email threads
INFO - 2025-01-30 12:36:23 --> Retrieved 6 email threads
INFO - 2025-01-30 12:36:27 --> Session: Class initialized using 'CodeIgniter\Session\Handlers\FileHandler' driver.
INFO - 2025-01-30 12:36:30 --> Session: Class initialized using 'CodeIgniter\Session\Handlers\FileHandler' driver.
INFO - 2025-01-30 12:36:35 --> Session: Class initialized using 'CodeIgniter\Session\Handlers\FileHandler' driver.
INFO - 2025-01-30 12:36:54 --> Session: Class initialized using 'CodeIgniter\Session\Handlers\FileHandler' driver.
INFO - 2025-01-30 15:09:47 --> Session: Class initialized using 'CodeIgniter\Session\Handlers\FileHandler' driver.
INFO - 2025-01-30 15:09:58 --> Session: Class initialized using 'CodeIgniter\Session\Handlers\FileHandler' driver.
INFO - 2025-01-30 15:09:59 --> Session: Class initialized using 'CodeIgniter\Session\Handlers\FileHandler' driver.
INFO - 2025-01-30 15:10:02 --> Session: Class initialized using 'CodeIgniter\Session\Handlers\FileHandler' driver.
INFO - 2025-01-30 15:14:54 --> Session: Class initialized using 'CodeIgniter\Session\Handlers\FileHandler' driver.
INFO - 2025-01-30 15:15:10 --> Session: Class initialized using 'CodeIgniter\Session\Handlers\FileHandler' driver.
INFO - 2025-01-30 15:15:19 --> Session: Class initialized using 'CodeIgniter\Session\Handlers\FileHandler' driver.
INFO - 2025-01-30 15:15:24 --> Session: Class initialized using 'CodeIgniter\Session\Handlers\FileHandler' driver.
INFO - 2025-01-30 15:15:24 --> Session: Class initialized using 'CodeIgniter\Session\Handlers\FileHandler' driver.
INFO - 2025-01-30 15:15:28 --> Session: Class initialized using 'CodeIgniter\Session\Handlers\FileHandler' driver.
INFO - 2025-01-30 15:16:42 --> Session: Class initialized using 'CodeIgniter\Session\Handlers\FileHandler' driver.
INFO - 2025-01-30 15:16:45 --> Session: Class initialized using 'CodeIgniter\Session\Handlers\FileHandler' driver.
INFO - 2025-01-30 15:16:45 --> Starting fetchEmails method
INFO - 2025-01-30 15:16:45 --> Starting email processing
INFO - 2025-01-30 15:16:46 --> Email processing completed. Processed 0 new emails
INFO - 2025-01-30 15:16:46 --> Fetching email threads
INFO - 2025-01-30 15:16:46 --> Found 6 root emails
INFO - 2025-01-30 15:16:46 --> Processed 6 email threads
INFO - 2025-01-30 15:16:46 --> Retrieved 6 email threads
INFO - 2025-01-30 15:16:49 --> Session: Class initialized using 'CodeIgniter\Session\Handlers\FileHandler' driver.
INFO - 2025-01-30 15:16:51 --> Session: Class initialized using 'CodeIgniter\Session\Handlers\FileHandler' driver.
INFO - 2025-01-30 15:16:54 --> Session: Class initialized using 'CodeIgniter\Session\Handlers\FileHandler' driver.
INFO - 2025-01-30 15:16:56 --> Session: Class initialized using 'CodeIgniter\Session\Handlers\FileHandler' driver.
DEBUG - 2025-01-30 15:16:56 --> Checking permission: User ID: 201, Table: bundles, Action: delete
DEBUG - 2025-01-30 15:16:56 --> Permission denied: User ID: 201, Table: bundles, Action: delete
DEBUG - 2025-01-30 15:16:56 --> Checking permission: User ID: 201, Table: bundles, Action: import
DEBUG - 2025-01-30 15:16:56 --> Permission denied: User ID: 201, Table: bundles, Action: import
DEBUG - 2025-01-30 15:16:56 --> Checking permission: User ID: 201, Table: bundles, Action: export
DEBUG - 2025-01-30 15:16:56 --> Permission denied: User ID: 201, Table: bundles, Action: export
DEBUG - 2025-01-30 15:16:56 --> Checking permission: User ID: 201, Table: bundles, Action: logs
DEBUG - 2025-01-30 15:16:56 --> Permission granted: User ID: 201, Table: bundles, Action: logs
INFO - 2025-01-30 15:16:59 --> Session: Class initialized using 'CodeIgniter\Session\Handlers\FileHandler' driver.
INFO - 2025-01-30 15:16:59 --> Session: Class initialized using 'CodeIgniter\Session\Handlers\FileHandler' driver.
INFO - 2025-01-30 15:17:05 --> Session: Class initialized using 'CodeIgniter\Session\Handlers\FileHandler' driver.
DEBUG - 2025-01-30 15:17:05 --> Checking permission: User ID: 201, Table: bundles, Action: delete
DEBUG - 2025-01-30 15:17:05 --> Permission denied: User ID: 201, Table: bundles, Action: delete
DEBUG - 2025-01-30 15:17:05 --> Checking permission: User ID: 201, Table: bundles, Action: import
DEBUG - 2025-01-30 15:17:05 --> Permission denied: User ID: 201, Table: bundles, Action: import
DEBUG - 2025-01-30 15:17:05 --> Checking permission: User ID: 201, Table: bundles, Action: export
DEBUG - 2025-01-30 15:17:05 --> Permission denied: User ID: 201, Table: bundles, Action: export
DEBUG - 2025-01-30 15:17:05 --> Checking permission: User ID: 201, Table: bundles, Action: logs
DEBUG - 2025-01-30 15:17:05 --> Permission granted: User ID: 201, Table: bundles, Action: logs
INFO - 2025-01-30 15:17:07 --> Session: Class initialized using 'CodeIgniter\Session\Handlers\FileHandler' driver.
INFO - 2025-01-30 15:17:07 --> Session: Class initialized using 'CodeIgniter\Session\Handlers\FileHandler' driver.
INFO - 2025-01-30 15:17:36 --> Session: Class initialized using 'CodeIgniter\Session\Handlers\FileHandler' driver.
DEBUG - 2025-01-30 15:17:36 --> Checking permission: User ID: 201, Table: bundles, Action: delete
DEBUG - 2025-01-30 15:17:36 --> Permission denied: User ID: 201, Table: bundles, Action: delete
DEBUG - 2025-01-30 15:17:36 --> Checking permission: User ID: 201, Table: bundles, Action: import
DEBUG - 2025-01-30 15:17:36 --> Permission denied: User ID: 201, Table: bundles, Action: import
DEBUG - 2025-01-30 15:17:36 --> Checking permission: User ID: 201, Table: bundles, Action: export
DEBUG - 2025-01-30 15:17:36 --> Permission denied: User ID: 201, Table: bundles, Action: export
DEBUG - 2025-01-30 15:17:36 --> Checking permission: User ID: 201, Table: bundles, Action: logs
DEBUG - 2025-01-30 15:17:36 --> Permission granted: User ID: 201, Table: bundles, Action: logs
INFO - 2025-01-30 15:17:41 --> Session: Class initialized using 'CodeIgniter\Session\Handlers\FileHandler' driver.
INFO - 2025-01-30 15:17:41 --> Session: Class initialized using 'CodeIgniter\Session\Handlers\FileHandler' driver.
INFO - 2025-01-30 15:17:44 --> Session: Class initialized using 'CodeIgniter\Session\Handlers\FileHandler' driver.
DEBUG - 2025-01-30 15:17:44 --> Checking permission: User ID: 201, Table: bundles, Action: delete
DEBUG - 2025-01-30 15:17:44 --> Permission denied: User ID: 201, Table: bundles, Action: delete
DEBUG - 2025-01-30 15:17:44 --> Checking permission: User ID: 201, Table: bundles, Action: import
DEBUG - 2025-01-30 15:17:44 --> Permission denied: User ID: 201, Table: bundles, Action: import
DEBUG - 2025-01-30 15:17:44 --> Checking permission: User ID: 201, Table: bundles, Action: export
DEBUG - 2025-01-30 15:17:44 --> Permission denied: User ID: 201, Table: bundles, Action: export
DEBUG - 2025-01-30 15:17:44 --> Checking permission: User ID: 201, Table: bundles, Action: logs
DEBUG - 2025-01-30 15:17:44 --> Permission granted: User ID: 201, Table: bundles, Action: logs
INFO - 2025-01-30 15:17:48 --> Session: Class initialized using 'CodeIgniter\Session\Handlers\FileHandler' driver.
WARNING - 2025-01-30 15:17:48 --> [DEPRECATED] Creation of dynamic property App\Controllers\CatalogController::$permissionsModel is deprecated in APPPATH/Controllers/CatalogController.php on line 17.
 1 SYSTEMPATH/CodeIgniter.php(915): App\Controllers\CatalogController->__construct()
 2 SYSTEMPATH/CodeIgniter.php(494): CodeIgniter\CodeIgniter->createController()
 3 SYSTEMPATH/CodeIgniter.php(361): CodeIgniter\CodeIgniter->handleRequest(null, Object(Config\Cache), false)
 4 FCPATH/index.php(79): CodeIgniter\CodeIgniter->run()
INFO - 2025-01-30 15:19:01 --> Session: Class initialized using 'CodeIgniter\Session\Handlers\FileHandler' driver.
INFO - 2025-01-30 15:19:01 --> Entering BlueDart management method
INFO - 2025-01-30 15:19:01 --> Fetched all pending shipments
INFO - 2025-01-30 15:19:01 --> Fetched BlueDart orders: 6
INFO - 2025-01-30 15:19:01 --> Rendering BlueDart view
CRITICAL - 2025-01-30 15:19:01 --> CodeIgniter\HTTP\Exceptions\BadRequestException: The URI you submitted has disallowed characters: "shoe-1 (2).webp"
in SYSTEMPATH/Router/Router.php on line 704.
 1 SYSTEMPATH/Router/Router.php(195): CodeIgniter\Router\Router->checkDisallowedChars()
 2 SYSTEMPATH/CodeIgniter.php(825): CodeIgniter\Router\Router->handle()
 3 SYSTEMPATH/CodeIgniter.php(450): CodeIgniter\CodeIgniter->tryToRouteIt()
 4 SYSTEMPATH/CodeIgniter.php(361): CodeIgniter\CodeIgniter->handleRequest()
 5 FCPATH/index.php(79): CodeIgniter\CodeIgniter->run()
INFO - 2025-01-30 15:20:51 --> Session: Class initialized using 'CodeIgniter\Session\Handlers\FileHandler' driver.
INFO - 2025-01-30 15:21:18 --> Session: Class initialized using 'CodeIgniter\Session\Handlers\FileHandler' driver.
INFO - 2025-01-30 15:21:18 --> Session: Class initialized using 'CodeIgniter\Session\Handlers\FileHandler' driver.
INFO - 2025-01-30 15:21:25 --> Session: Class initialized using 'CodeIgniter\Session\Handlers\FileHandler' driver.
INFO - 2025-01-30 15:21:25 --> Session: Class initialized using 'CodeIgniter\Session\Handlers\FileHandler' driver.
INFO - 2025-01-30 15:21:29 --> Session: Class initialized using 'CodeIgniter\Session\Handlers\FileHandler' driver.
INFO - 2025-01-30 15:21:48 --> Session: Class initialized using 'CodeIgniter\Session\Handlers\FileHandler' driver.
WARNING - 2025-01-30 15:21:48 --> [DEPRECATED] Creation of dynamic property App\Controllers\CatalogController::$permissionsModel is deprecated in APPPATH/Controllers/CatalogController.php on line 17.
 1 SYSTEMPATH/CodeIgniter.php(915): App\Controllers\CatalogController->__construct()
 2 SYSTEMPATH/CodeIgniter.php(494): CodeIgniter\CodeIgniter->createController()
 3 SYSTEMPATH/CodeIgniter.php(361): CodeIgniter\CodeIgniter->handleRequest(null, Object(Config\Cache), false)
 4 FCPATH/index.php(79): CodeIgniter\CodeIgniter->run()
INFO - 2025-01-30 15:22:23 --> Session: Class initialized using 'CodeIgniter\Session\Handlers\FileHandler' driver.
INFO - 2025-01-30 15:22:23 --> Session: Class initialized using 'CodeIgniter\Session\Handlers\FileHandler' driver.
INFO - 2025-01-30 15:23:54 --> Session: Class initialized using 'CodeIgniter\Session\Handlers\FileHandler' driver.
WARNING - 2025-01-30 15:23:54 --> [DEPRECATED] Creation of dynamic property App\Controllers\CatalogController::$permissionsModel is deprecated in APPPATH/Controllers/CatalogController.php on line 17.
 1 SYSTEMPATH/CodeIgniter.php(915): App\Controllers\CatalogController->__construct()
 2 SYSTEMPATH/CodeIgniter.php(494): CodeIgniter\CodeIgniter->createController()
 3 SYSTEMPATH/CodeIgniter.php(361): CodeIgniter\CodeIgniter->handleRequest(null, Object(Config\Cache), false)
 4 FCPATH/index.php(79): CodeIgniter\CodeIgniter->run()
INFO - 2025-01-30 15:23:56 --> Session: Class initialized using 'CodeIgniter\Session\Handlers\FileHandler' driver.
INFO - 2025-01-30 15:24:03 --> Session: Class initialized using 'CodeIgniter\Session\Handlers\FileHandler' driver.
INFO - 2025-01-30 15:24:04 --> Session: Class initialized using 'CodeIgniter\Session\Handlers\FileHandler' driver.
INFO - 2025-01-30 15:24:06 --> Session: Class initialized using 'CodeIgniter\Session\Handlers\FileHandler' driver.
INFO - 2025-01-30 15:24:37 --> Session: Class initialized using 'CodeIgniter\Session\Handlers\FileHandler' driver.
CRITICAL - 2025-01-30 15:24:37 --> ParseError: syntax error, unexpected single-quoted string "Hi"
in APPPATH/Controllers/Products.php on line 526.
 1 SYSTEMPATH/Autoloader/Autoloader.php(290): CodeIgniter\Autoloader\Autoloader->includeFile()
 2 SYSTEMPATH/Autoloader/Autoloader.php(266): CodeIgniter\Autoloader\Autoloader->loadInNamespace()
 3 [internal function]: CodeIgniter\Autoloader\Autoloader->loadClass()
 4 SYSTEMPATH/CodeIgniter.php(901): class_exists()
 5 SYSTEMPATH/CodeIgniter.php(490): CodeIgniter\CodeIgniter->startController()
 6 SYSTEMPATH/CodeIgniter.php(361): CodeIgniter\CodeIgniter->handleRequest()
 7 FCPATH/index.php(79): CodeIgniter\CodeIgniter->run()
INFO - 2025-01-30 15:24:54 --> Session: Class initialized using 'CodeIgniter\Session\Handlers\FileHandler' driver.
INFO - 2025-01-30 15:24:58 --> Session: Class initialized using 'CodeIgniter\Session\Handlers\FileHandler' driver.
INFO - 2025-01-30 15:24:58 --> Session: Class initialized using 'CodeIgniter\Session\Handlers\FileHandler' driver.
INFO - 2025-01-30 15:25:00 --> Session: Class initialized using 'CodeIgniter\Session\Handlers\FileHandler' driver.
INFO - 2025-01-30 15:25:01 --> Session: Class initialized using 'CodeIgniter\Session\Handlers\FileHandler' driver.
INFO - 2025-01-30 15:25:07 --> Session: Class initialized using 'CodeIgniter\Session\Handlers\FileHandler' driver.
INFO - 2025-01-30 15:25:10 --> Session: Class initialized using 'CodeIgniter\Session\Handlers\FileHandler' driver.
INFO - 2025-01-30 15:25:10 --> Session: Class initialized using 'CodeIgniter\Session\Handlers\FileHandler' driver.
INFO - 2025-01-30 15:25:13 --> Session: Class initialized using 'CodeIgniter\Session\Handlers\FileHandler' driver.
INFO - 2025-01-30 15:25:54 --> Session: Class initialized using 'CodeIgniter\Session\Handlers\FileHandler' driver.
INFO - 2025-01-30 15:25:54 --> Session: Class initialized using 'CodeIgniter\Session\Handlers\FileHandler' driver.
INFO - 2025-01-30 15:25:57 --> Session: Class initialized using 'CodeIgniter\Session\Handlers\FileHandler' driver.
INFO - 2025-01-30 15:26:18 --> Session: Class initialized using 'CodeIgniter\Session\Handlers\FileHandler' driver.
WARNING - 2025-01-30 15:26:18 --> [DEPRECATED] Creation of dynamic property App\Controllers\CatalogController::$permissionsModel is deprecated in APPPATH/Controllers/CatalogController.php on line 17.
 1 SYSTEMPATH/CodeIgniter.php(915): App\Controllers\CatalogController->__construct()
 2 SYSTEMPATH/CodeIgniter.php(494): CodeIgniter\CodeIgniter->createController()
 3 SYSTEMPATH/CodeIgniter.php(361): CodeIgniter\CodeIgniter->handleRequest(null, Object(Config\Cache), false)
 4 FCPATH/index.php(79): CodeIgniter\CodeIgniter->run()
INFO - 2025-01-30 15:26:19 --> Session: Class initialized using 'CodeIgniter\Session\Handlers\FileHandler' driver.
INFO - 2025-01-30 15:26:23 --> Session: Class initialized using 'CodeIgniter\Session\Handlers\FileHandler' driver.
INFO - 2025-01-30 15:26:23 --> Session: Class initialized using 'CodeIgniter\Session\Handlers\FileHandler' driver.
INFO - 2025-01-30 15:26:24 --> Session: Class initialized using 'CodeIgniter\Session\Handlers\FileHandler' driver.
INFO - 2025-01-30 15:30:50 --> Session: Class initialized using 'CodeIgniter\Session\Handlers\FileHandler' driver.
INFO - 2025-01-30 15:30:51 --> Session: Class initialized using 'CodeIgniter\Session\Handlers\FileHandler' driver.
INFO - 2025-01-30 15:30:53 --> Session: Class initialized using 'CodeIgniter\Session\Handlers\FileHandler' driver.
INFO - 2025-01-30 16:48:56 --> Session: Class initialized using 'CodeIgniter\Session\Handlers\FileHandler' driver.
INFO - 2025-01-30 16:49:01 --> Session: Class initialized using 'CodeIgniter\Session\Handlers\FileHandler' driver.
INFO - 2025-01-30 16:49:01 --> Session: Class initialized using 'CodeIgniter\Session\Handlers\FileHandler' driver.
INFO - 2025-01-30 16:49:03 --> Session: Class initialized using 'CodeIgniter\Session\Handlers\FileHandler' driver.
INFO - 2025-01-30 16:49:03 --> Session: Class initialized using 'CodeIgniter\Session\Handlers\FileHandler' driver.
INFO - 2025-01-30 16:49:07 --> Session: Class initialized using 'CodeIgniter\Session\Handlers\FileHandler' driver.
ERROR - 2025-01-30 16:49:07 --> mysqli_sql_exception: Unknown column 'i.id' in 'SELECT' in /home/u541614220/domains/avhadenterprises.com/public_html/admin/sportzsaga/system/Database/MySQLi/Connection.php:306
Stack trace:
#0 /home/u541614220/domains/avhadenterprises.com/public_html/admin/sportzsaga/system/Database/MySQLi/Connection.php(306): mysqli->query()
#1 /home/u541614220/domains/avhadenterprises.com/public_html/admin/sportzsaga/system/Database/BaseConnection.php(693): CodeIgniter\Database\MySQLi\Connection->execute()
#2 /home/u541614220/domains/avhadenterprises.com/public_html/admin/sportzsaga/system/Database/BaseConnection.php(607): CodeIgniter\Database\BaseConnection->simpleQuery()
#3 /home/u541614220/domains/avhadenterprises.com/public_html/admin/sportzsaga/system/Database/BaseBuilder.php(1616): CodeIgniter\Database\BaseConnection->query()
#4 /home/u541614220/domains/avhadenterprises.com/public_html/admin/sportzsaga/app/Controllers/InventoryController.php(179): CodeIgniter\Database\BaseBuilder->get()
#5 /home/u541614220/domains/avhadenterprises.com/public_html/admin/sportzsaga/system/CodeIgniter.php(943): App\Controllers\InventoryController->inventoryList()
#6 /home/u541614220/domains/avhadenterprises.com/public_html/admin/sportzsaga/system/CodeIgniter.php(503): CodeIgniter\CodeIgniter->runController()
#7 /home/u541614220/domains/avhadenterprises.com/public_html/admin/sportzsaga/system/CodeIgniter.php(361): CodeIgniter\CodeIgniter->handleRequest()
#8 /home/u541614220/domains/avhadenterprises.com/public_html/admin/sportzsaga/index.php(79): CodeIgniter\CodeIgniter->run()
#9 {main}
CRITICAL - 2025-01-30 16:49:07 --> CodeIgniter\Database\Exceptions\DatabaseException: Unknown column 'i.id' in 'SELECT'
in SYSTEMPATH/Database/BaseConnection.php on line 647.
 1 SYSTEMPATH/Database/BaseBuilder.php(1616): CodeIgniter\Database\BaseConnection->query()
 2 APPPATH/Controllers/InventoryController.php(179): CodeIgniter\Database\BaseBuilder->get()
 3 SYSTEMPATH/CodeIgniter.php(943): App\Controllers\InventoryController->inventoryList()
 4 SYSTEMPATH/CodeIgniter.php(503): CodeIgniter\CodeIgniter->runController()
 5 SYSTEMPATH/CodeIgniter.php(361): CodeIgniter\CodeIgniter->handleRequest()
 6 FCPATH/index.php(79): CodeIgniter\CodeIgniter->run()
CRITICAL - 2025-01-30 16:49:07 --> [Caused by] CodeIgniter\Database\Exceptions\DatabaseException: Unknown column 'i.id' in 'SELECT'
in SYSTEMPATH/Database/MySQLi/Connection.php on line 311.
 1 SYSTEMPATH/Database/BaseConnection.php(693): CodeIgniter\Database\MySQLi\Connection->execute()
 2 SYSTEMPATH/Database/BaseConnection.php(607): CodeIgniter\Database\BaseConnection->simpleQuery()
 3 SYSTEMPATH/Database/BaseBuilder.php(1616): CodeIgniter\Database\BaseConnection->query()
 4 APPPATH/Controllers/InventoryController.php(179): CodeIgniter\Database\BaseBuilder->get()
 5 SYSTEMPATH/CodeIgniter.php(943): App\Controllers\InventoryController->inventoryList()
 6 SYSTEMPATH/CodeIgniter.php(503): CodeIgniter\CodeIgniter->runController()
 7 SYSTEMPATH/CodeIgniter.php(361): CodeIgniter\CodeIgniter->handleRequest()
 8 FCPATH/index.php(79): CodeIgniter\CodeIgniter->run()
CRITICAL - 2025-01-30 16:49:07 --> [Caused by] mysqli_sql_exception: Unknown column 'i.id' in 'SELECT'
in SYSTEMPATH/Database/MySQLi/Connection.php on line 306.
 1 SYSTEMPATH/Database/MySQLi/Connection.php(306): mysqli->query()
 2 SYSTEMPATH/Database/BaseConnection.php(693): CodeIgniter\Database\MySQLi\Connection->execute()
 3 SYSTEMPATH/Database/BaseConnection.php(607): CodeIgniter\Database\BaseConnection->simpleQuery()
 4 SYSTEMPATH/Database/BaseBuilder.php(1616): CodeIgniter\Database\BaseConnection->query()
 5 APPPATH/Controllers/InventoryController.php(179): CodeIgniter\Database\BaseBuilder->get()
 6 SYSTEMPATH/CodeIgniter.php(943): App\Controllers\InventoryController->inventoryList()
 7 SYSTEMPATH/CodeIgniter.php(503): CodeIgniter\CodeIgniter->runController()
 8 SYSTEMPATH/CodeIgniter.php(361): CodeIgniter\CodeIgniter->handleRequest()
 9 FCPATH/index.php(79): CodeIgniter\CodeIgniter->run()
INFO - 2025-01-30 16:49:15 --> Session: Class initialized using 'CodeIgniter\Session\Handlers\FileHandler' driver.
INFO - 2025-01-30 16:49:42 --> Session: Class initialized using 'CodeIgniter\Session\Handlers\FileHandler' driver.
INFO - 2025-01-30 16:49:47 --> Session: Class initialized using 'CodeIgniter\Session\Handlers\FileHandler' driver.
INFO - 2025-01-30 16:49:48 --> Session: Class initialized using 'CodeIgniter\Session\Handlers\FileHandler' driver.
INFO - 2025-01-30 16:49:54 --> Session: Class initialized using 'CodeIgniter\Session\Handlers\FileHandler' driver.
INFO - 2025-01-30 16:49:58 --> Session: Class initialized using 'CodeIgniter\Session\Handlers\FileHandler' driver.
INFO - 2025-01-30 16:49:58 --> Session: Class initialized using 'CodeIgniter\Session\Handlers\FileHandler' driver.
INFO - 2025-01-30 16:50:13 --> Session: Class initialized using 'CodeIgniter\Session\Handlers\FileHandler' driver.
INFO - 2025-01-30 16:50:17 --> Session: Class initialized using 'CodeIgniter\Session\Handlers\FileHandler' driver.
ERROR - 2025-01-30 16:50:17 --> mysqli_sql_exception: Unknown column 'i.id' in 'SELECT' in /home/u541614220/domains/avhadenterprises.com/public_html/admin/sportzsaga/system/Database/MySQLi/Connection.php:306
Stack trace:
#0 /home/u541614220/domains/avhadenterprises.com/public_html/admin/sportzsaga/system/Database/MySQLi/Connection.php(306): mysqli->query()
#1 /home/u541614220/domains/avhadenterprises.com/public_html/admin/sportzsaga/system/Database/BaseConnection.php(693): CodeIgniter\Database\MySQLi\Connection->execute()
#2 /home/u541614220/domains/avhadenterprises.com/public_html/admin/sportzsaga/system/Database/BaseConnection.php(607): CodeIgniter\Database\BaseConnection->simpleQuery()
#3 /home/u541614220/domains/avhadenterprises.com/public_html/admin/sportzsaga/system/Database/BaseBuilder.php(1616): CodeIgniter\Database\BaseConnection->query()
#4 /home/u541614220/domains/avhadenterprises.com/public_html/admin/sportzsaga/app/Controllers/InventoryController.php(179): CodeIgniter\Database\BaseBuilder->get()
#5 /home/u541614220/domains/avhadenterprises.com/public_html/admin/sportzsaga/system/CodeIgniter.php(943): App\Controllers\InventoryController->inventoryList()
#6 /home/u541614220/domains/avhadenterprises.com/public_html/admin/sportzsaga/system/CodeIgniter.php(503): CodeIgniter\CodeIgniter->runController()
#7 /home/u541614220/domains/avhadenterprises.com/public_html/admin/sportzsaga/system/CodeIgniter.php(361): CodeIgniter\CodeIgniter->handleRequest()
#8 /home/u541614220/domains/avhadenterprises.com/public_html/admin/sportzsaga/index.php(79): CodeIgniter\CodeIgniter->run()
#9 {main}
CRITICAL - 2025-01-30 16:50:17 --> CodeIgniter\Database\Exceptions\DatabaseException: Unknown column 'i.id' in 'SELECT'
in SYSTEMPATH/Database/BaseConnection.php on line 647.
 1 SYSTEMPATH/Database/BaseBuilder.php(1616): CodeIgniter\Database\BaseConnection->query()
 2 APPPATH/Controllers/InventoryController.php(179): CodeIgniter\Database\BaseBuilder->get()
 3 SYSTEMPATH/CodeIgniter.php(943): App\Controllers\InventoryController->inventoryList()
 4 SYSTEMPATH/CodeIgniter.php(503): CodeIgniter\CodeIgniter->runController()
 5 SYSTEMPATH/CodeIgniter.php(361): CodeIgniter\CodeIgniter->handleRequest()
 6 FCPATH/index.php(79): CodeIgniter\CodeIgniter->run()
CRITICAL - 2025-01-30 16:50:17 --> [Caused by] CodeIgniter\Database\Exceptions\DatabaseException: Unknown column 'i.id' in 'SELECT'
in SYSTEMPATH/Database/MySQLi/Connection.php on line 311.
 1 SYSTEMPATH/Database/BaseConnection.php(693): CodeIgniter\Database\MySQLi\Connection->execute()
 2 SYSTEMPATH/Database/BaseConnection.php(607): CodeIgniter\Database\BaseConnection->simpleQuery()
 3 SYSTEMPATH/Database/BaseBuilder.php(1616): CodeIgniter\Database\BaseConnection->query()
 4 APPPATH/Controllers/InventoryController.php(179): CodeIgniter\Database\BaseBuilder->get()
 5 SYSTEMPATH/CodeIgniter.php(943): App\Controllers\InventoryController->inventoryList()
 6 SYSTEMPATH/CodeIgniter.php(503): CodeIgniter\CodeIgniter->runController()
 7 SYSTEMPATH/CodeIgniter.php(361): CodeIgniter\CodeIgniter->handleRequest()
 8 FCPATH/index.php(79): CodeIgniter\CodeIgniter->run()
CRITICAL - 2025-01-30 16:50:17 --> [Caused by] mysqli_sql_exception: Unknown column 'i.id' in 'SELECT'
in SYSTEMPATH/Database/MySQLi/Connection.php on line 306.
 1 SYSTEMPATH/Database/MySQLi/Connection.php(306): mysqli->query()
 2 SYSTEMPATH/Database/BaseConnection.php(693): CodeIgniter\Database\MySQLi\Connection->execute()
 3 SYSTEMPATH/Database/BaseConnection.php(607): CodeIgniter\Database\BaseConnection->simpleQuery()
 4 SYSTEMPATH/Database/BaseBuilder.php(1616): CodeIgniter\Database\BaseConnection->query()
 5 APPPATH/Controllers/InventoryController.php(179): CodeIgniter\Database\BaseBuilder->get()
 6 SYSTEMPATH/CodeIgniter.php(943): App\Controllers\InventoryController->inventoryList()
 7 SYSTEMPATH/CodeIgniter.php(503): CodeIgniter\CodeIgniter->runController()
 8 SYSTEMPATH/CodeIgniter.php(361): CodeIgniter\CodeIgniter->handleRequest()
 9 FCPATH/index.php(79): CodeIgniter\CodeIgniter->run()
INFO - 2025-01-30 16:50:22 --> Session: Class initialized using 'CodeIgniter\Session\Handlers\FileHandler' driver.
INFO - 2025-01-30 16:50:22 --> Entering BlueDart management method
INFO - 2025-01-30 16:50:22 --> Fetched all pending shipments
INFO - 2025-01-30 16:50:22 --> Fetched BlueDart orders: 6
INFO - 2025-01-30 16:50:22 --> Rendering BlueDart view
CRITICAL - 2025-01-30 16:50:23 --> CodeIgniter\HTTP\Exceptions\BadRequestException: The URI you submitted has disallowed characters: "shoe-1 (2).webp"
in SYSTEMPATH/Router/Router.php on line 704.
 1 SYSTEMPATH/Router/Router.php(195): CodeIgniter\Router\Router->checkDisallowedChars()
 2 SYSTEMPATH/CodeIgniter.php(825): CodeIgniter\Router\Router->handle()
 3 SYSTEMPATH/CodeIgniter.php(450): CodeIgniter\CodeIgniter->tryToRouteIt()
 4 SYSTEMPATH/CodeIgniter.php(361): CodeIgniter\CodeIgniter->handleRequest()
 5 FCPATH/index.php(79): CodeIgniter\CodeIgniter->run()
INFO - 2025-01-30 16:50:27 --> Session: Class initialized using 'CodeIgniter\Session\Handlers\FileHandler' driver.
INFO - 2025-01-30 16:52:15 --> Session: Class initialized using 'CodeIgniter\Session\Handlers\FileHandler' driver.
INFO - 2025-01-30 16:52:15 --> Session: Class initialized using 'CodeIgniter\Session\Handlers\FileHandler' driver.
INFO - 2025-01-30 16:52:22 --> Session: Class initialized using 'CodeIgniter\Session\Handlers\FileHandler' driver.
INFO - 2025-01-30 16:52:29 --> Session: Class initialized using 'CodeIgniter\Session\Handlers\FileHandler' driver.
INFO - 2025-01-30 16:52:29 --> Session: Class initialized using 'CodeIgniter\Session\Handlers\FileHandler' driver.
INFO - 2025-01-30 16:52:32 --> Session: Class initialized using 'CodeIgniter\Session\Handlers\FileHandler' driver.
ERROR - 2025-01-30 16:52:32 --> mysqli_sql_exception: Unknown column 'i.id' in 'SELECT' in /home/u541614220/domains/avhadenterprises.com/public_html/admin/sportzsaga/system/Database/MySQLi/Connection.php:306
Stack trace:
#0 /home/u541614220/domains/avhadenterprises.com/public_html/admin/sportzsaga/system/Database/MySQLi/Connection.php(306): mysqli->query()
#1 /home/u541614220/domains/avhadenterprises.com/public_html/admin/sportzsaga/system/Database/BaseConnection.php(693): CodeIgniter\Database\MySQLi\Connection->execute()
#2 /home/u541614220/domains/avhadenterprises.com/public_html/admin/sportzsaga/system/Database/BaseConnection.php(607): CodeIgniter\Database\BaseConnection->simpleQuery()
#3 /home/u541614220/domains/avhadenterprises.com/public_html/admin/sportzsaga/system/Database/BaseBuilder.php(1616): CodeIgniter\Database\BaseConnection->query()
#4 /home/u541614220/domains/avhadenterprises.com/public_html/admin/sportzsaga/app/Controllers/InventoryController.php(179): CodeIgniter\Database\BaseBuilder->get()
#5 /home/u541614220/domains/avhadenterprises.com/public_html/admin/sportzsaga/system/CodeIgniter.php(943): App\Controllers\InventoryController->inventoryList()
#6 /home/u541614220/domains/avhadenterprises.com/public_html/admin/sportzsaga/system/CodeIgniter.php(503): CodeIgniter\CodeIgniter->runController()
#7 /home/u541614220/domains/avhadenterprises.com/public_html/admin/sportzsaga/system/CodeIgniter.php(361): CodeIgniter\CodeIgniter->handleRequest()
#8 /home/u541614220/domains/avhadenterprises.com/public_html/admin/sportzsaga/index.php(79): CodeIgniter\CodeIgniter->run()
#9 {main}
CRITICAL - 2025-01-30 16:52:32 --> CodeIgniter\Database\Exceptions\DatabaseException: Unknown column 'i.id' in 'SELECT'
in SYSTEMPATH/Database/BaseConnection.php on line 647.
 1 SYSTEMPATH/Database/BaseBuilder.php(1616): CodeIgniter\Database\BaseConnection->query()
 2 APPPATH/Controllers/InventoryController.php(179): CodeIgniter\Database\BaseBuilder->get()
 3 SYSTEMPATH/CodeIgniter.php(943): App\Controllers\InventoryController->inventoryList()
 4 SYSTEMPATH/CodeIgniter.php(503): CodeIgniter\CodeIgniter->runController()
 5 SYSTEMPATH/CodeIgniter.php(361): CodeIgniter\CodeIgniter->handleRequest()
 6 FCPATH/index.php(79): CodeIgniter\CodeIgniter->run()
CRITICAL - 2025-01-30 16:52:32 --> [Caused by] CodeIgniter\Database\Exceptions\DatabaseException: Unknown column 'i.id' in 'SELECT'
in SYSTEMPATH/Database/MySQLi/Connection.php on line 311.
 1 SYSTEMPATH/Database/BaseConnection.php(693): CodeIgniter\Database\MySQLi\Connection->execute()
 2 SYSTEMPATH/Database/BaseConnection.php(607): CodeIgniter\Database\BaseConnection->simpleQuery()
 3 SYSTEMPATH/Database/BaseBuilder.php(1616): CodeIgniter\Database\BaseConnection->query()
 4 APPPATH/Controllers/InventoryController.php(179): CodeIgniter\Database\BaseBuilder->get()
 5 SYSTEMPATH/CodeIgniter.php(943): App\Controllers\InventoryController->inventoryList()
 6 SYSTEMPATH/CodeIgniter.php(503): CodeIgniter\CodeIgniter->runController()
 7 SYSTEMPATH/CodeIgniter.php(361): CodeIgniter\CodeIgniter->handleRequest()
 8 FCPATH/index.php(79): CodeIgniter\CodeIgniter->run()
CRITICAL - 2025-01-30 16:52:32 --> [Caused by] mysqli_sql_exception: Unknown column 'i.id' in 'SELECT'
in SYSTEMPATH/Database/MySQLi/Connection.php on line 306.
 1 SYSTEMPATH/Database/MySQLi/Connection.php(306): mysqli->query()
 2 SYSTEMPATH/Database/BaseConnection.php(693): CodeIgniter\Database\MySQLi\Connection->execute()
 3 SYSTEMPATH/Database/BaseConnection.php(607): CodeIgniter\Database\BaseConnection->simpleQuery()
 4 SYSTEMPATH/Database/BaseBuilder.php(1616): CodeIgniter\Database\BaseConnection->query()
 5 APPPATH/Controllers/InventoryController.php(179): CodeIgniter\Database\BaseBuilder->get()
 6 SYSTEMPATH/CodeIgniter.php(943): App\Controllers\InventoryController->inventoryList()
 7 SYSTEMPATH/CodeIgniter.php(503): CodeIgniter\CodeIgniter->runController()
 8 SYSTEMPATH/CodeIgniter.php(361): CodeIgniter\CodeIgniter->handleRequest()
 9 FCPATH/index.php(79): CodeIgniter\CodeIgniter->run()
INFO - 2025-01-30 16:54:41 --> Session: Class initialized using 'CodeIgniter\Session\Handlers\FileHandler' driver.
INFO - 2025-01-30 16:54:43 --> Session: Class initialized using 'CodeIgniter\Session\Handlers\FileHandler' driver.
CRITICAL - 2025-01-30 16:54:43 --> CodeIgniter\View\Exceptions\ViewException: Invalid file: "import_discountcode_view.php"
in SYSTEMPATH/Exceptions/FrameworkException.php on line 39.
 1 SYSTEMPATH/View/View.php(216): CodeIgniter\Exceptions\FrameworkException::forInvalidFile()
 2 SYSTEMPATH/Common.php(1178): CodeIgniter\View\View->render()
 3 APPPATH/Controllers/Home.php(309): view()
 4 SYSTEMPATH/CodeIgniter.php(943): App\Controllers\Home->importfromexcel()
 5 SYSTEMPATH/CodeIgniter.php(503): CodeIgniter\CodeIgniter->runController()
 6 SYSTEMPATH/CodeIgniter.php(361): CodeIgniter\CodeIgniter->handleRequest()
 7 FCPATH/index.php(79): CodeIgniter\CodeIgniter->run()
INFO - 2025-01-30 17:22:18 --> Session: Class initialized using 'CodeIgniter\Session\Handlers\FileHandler' driver.
INFO - 2025-01-30 17:22:23 --> Session: Class initialized using 'CodeIgniter\Session\Handlers\FileHandler' driver.
CRITICAL - 2025-01-30 17:22:23 --> ErrorException: Undefined array key 0
in APPPATH/Controllers/Home.php on line 282.
 1 APPPATH/Controllers/Home.php(282): CodeIgniter\Debug\Exceptions->errorHandler()
 2 SYSTEMPATH/CodeIgniter.php(943): App\Controllers\Home->exportdiscountcode()
 3 SYSTEMPATH/CodeIgniter.php(503): CodeIgniter\CodeIgniter->runController()
 4 SYSTEMPATH/CodeIgniter.php(361): CodeIgniter\CodeIgniter->handleRequest()
 5 FCPATH/index.php(79): CodeIgniter\CodeIgniter->run()
INFO - 2025-01-30 17:22:25 --> Session: Class initialized using 'CodeIgniter\Session\Handlers\FileHandler' driver.
INFO - 2025-01-30 17:22:27 --> Session: Class initialized using 'CodeIgniter\Session\Handlers\FileHandler' driver.
CRITICAL - 2025-01-30 17:22:27 --> ErrorException: Undefined array key 0
in APPPATH/Controllers/Home.php on line 282.
 1 APPPATH/Controllers/Home.php(282): CodeIgniter\Debug\Exceptions->errorHandler()
 2 SYSTEMPATH/CodeIgniter.php(943): App\Controllers\Home->exportdiscountcode()
 3 SYSTEMPATH/CodeIgniter.php(503): CodeIgniter\CodeIgniter->runController()
 4 SYSTEMPATH/CodeIgniter.php(361): CodeIgniter\CodeIgniter->handleRequest()
 5 FCPATH/index.php(79): CodeIgniter\CodeIgniter->run()
INFO - 2025-01-30 17:22:32 --> Session: Class initialized using 'CodeIgniter\Session\Handlers\FileHandler' driver.
INFO - 2025-01-30 18:43:53 --> Session: Class initialized using 'CodeIgniter\Session\Handlers\FileHandler' driver.
INFO - 2025-01-30 18:43:55 --> Session: Class initialized using 'CodeIgniter\Session\Handlers\FileHandler' driver.
INFO - 2025-01-30 18:43:58 --> Session: Class initialized using 'CodeIgniter\Session\Handlers\FileHandler' driver.
ERROR - 2025-01-30 18:43:58 --> mysqli_sql_exception: Unknown column 'session_id' in 'SELECT' in /home/u541614220/domains/avhadenterprises.com/public_html/admin/sportzsaga/system/Database/MySQLi/Connection.php:306
Stack trace:
#0 /home/u541614220/domains/avhadenterprises.com/public_html/admin/sportzsaga/system/Database/MySQLi/Connection.php(306): mysqli->query()
#1 /home/u541614220/domains/avhadenterprises.com/public_html/admin/sportzsaga/system/Database/BaseConnection.php(693): CodeIgniter\Database\MySQLi\Connection->execute()
#2 /home/u541614220/domains/avhadenterprises.com/public_html/admin/sportzsaga/system/Database/BaseConnection.php(607): CodeIgniter\Database\BaseConnection->simpleQuery()
#3 /home/u541614220/domains/avhadenterprises.com/public_html/admin/sportzsaga/system/Database/BaseBuilder.php(1616): CodeIgniter\Database\BaseConnection->query()
#4 /home/u541614220/domains/avhadenterprises.com/public_html/admin/sportzsaga/system/Model.php(243): CodeIgniter\Database\BaseBuilder->get()
#5 /home/u541614220/domains/avhadenterprises.com/public_html/admin/sportzsaga/system/BaseModel.php(638): CodeIgniter\Model->doFindAll()
#6 /home/u541614220/domains/avhadenterprises.com/public_html/admin/sportzsaga/app/Controllers/AbandonedOrderController.php(26): CodeIgniter\BaseModel->findAll()
#7 /home/u541614220/domains/avhadenterprises.com/public_html/admin/sportzsaga/system/CodeIgniter.php(943): App\Controllers\AbandonedOrderController->index()
#8 /home/u541614220/domains/avhadenterprises.com/public_html/admin/sportzsaga/system/CodeIgniter.php(503): CodeIgniter\CodeIgniter->runController()
#9 /home/u541614220/domains/avhadenterprises.com/public_html/admin/sportzsaga/system/CodeIgniter.php(361): CodeIgniter\CodeIgniter->handleRequest()
#10 /home/u541614220/domains/avhadenterprises.com/public_html/admin/sportzsaga/index.php(79): CodeIgniter\CodeIgniter->run()
#11 {main}
CRITICAL - 2025-01-30 18:43:58 --> CodeIgniter\Database\Exceptions\DatabaseException: Unknown column 'session_id' in 'SELECT'
in SYSTEMPATH/Database/BaseConnection.php on line 647.
 1 SYSTEMPATH/Database/BaseBuilder.php(1616): CodeIgniter\Database\BaseConnection->query()
 2 SYSTEMPATH/Model.php(243): CodeIgniter\Database\BaseBuilder->get()
 3 SYSTEMPATH/BaseModel.php(638): CodeIgniter\Model->doFindAll()
 4 APPPATH/Controllers/AbandonedOrderController.php(26): CodeIgniter\BaseModel->findAll()
 5 SYSTEMPATH/CodeIgniter.php(943): App\Controllers\AbandonedOrderController->index()
 6 SYSTEMPATH/CodeIgniter.php(503): CodeIgniter\CodeIgniter->runController()
 7 SYSTEMPATH/CodeIgniter.php(361): CodeIgniter\CodeIgniter->handleRequest()
 8 FCPATH/index.php(79): CodeIgniter\CodeIgniter->run()
CRITICAL - 2025-01-30 18:43:58 --> [Caused by] CodeIgniter\Database\Exceptions\DatabaseException: Unknown column 'session_id' in 'SELECT'
in SYSTEMPATH/Database/MySQLi/Connection.php on line 311.
 1 SYSTEMPATH/Database/BaseConnection.php(693): CodeIgniter\Database\MySQLi\Connection->execute()
 2 SYSTEMPATH/Database/BaseConnection.php(607): CodeIgniter\Database\BaseConnection->simpleQuery()
 3 SYSTEMPATH/Database/BaseBuilder.php(1616): CodeIgniter\Database\BaseConnection->query()
 4 SYSTEMPATH/Model.php(243): CodeIgniter\Database\BaseBuilder->get()
 5 SYSTEMPATH/BaseModel.php(638): CodeIgniter\Model->doFindAll()
 6 APPPATH/Controllers/AbandonedOrderController.php(26): CodeIgniter\BaseModel->findAll()
 7 SYSTEMPATH/CodeIgniter.php(943): App\Controllers\AbandonedOrderController->index()
 8 SYSTEMPATH/CodeIgniter.php(503): CodeIgniter\CodeIgniter->runController()
 9 SYSTEMPATH/CodeIgniter.php(361): CodeIgniter\CodeIgniter->handleRequest()
10 FCPATH/index.php(79): CodeIgniter\CodeIgniter->run()
CRITICAL - 2025-01-30 18:43:58 --> [Caused by] mysqli_sql_exception: Unknown column 'session_id' in 'SELECT'
in SYSTEMPATH/Database/MySQLi/Connection.php on line 306.
 1 SYSTEMPATH/Database/MySQLi/Connection.php(306): mysqli->query()
 2 SYSTEMPATH/Database/BaseConnection.php(693): CodeIgniter\Database\MySQLi\Connection->execute()
 3 SYSTEMPATH/Database/BaseConnection.php(607): CodeIgniter\Database\BaseConnection->simpleQuery()
 4 SYSTEMPATH/Database/BaseBuilder.php(1616): CodeIgniter\Database\BaseConnection->query()
 5 SYSTEMPATH/Model.php(243): CodeIgniter\Database\BaseBuilder->get()
 6 SYSTEMPATH/BaseModel.php(638): CodeIgniter\Model->doFindAll()
 7 APPPATH/Controllers/AbandonedOrderController.php(26): CodeIgniter\BaseModel->findAll()
 8 SYSTEMPATH/CodeIgniter.php(943): App\Controllers\AbandonedOrderController->index()
 9 SYSTEMPATH/CodeIgniter.php(503): CodeIgniter\CodeIgniter->runController()
10 SYSTEMPATH/CodeIgniter.php(361): CodeIgniter\CodeIgniter->handleRequest()
11 FCPATH/index.php(79): CodeIgniter\CodeIgniter->run()
INFO - 2025-01-30 18:43:59 --> Session: Class initialized using 'CodeIgniter\Session\Handlers\FileHandler' driver.
INFO - 2025-01-30 18:44:02 --> Session: Class initialized using 'CodeIgniter\Session\Handlers\FileHandler' driver.
INFO - 2025-01-30 18:44:05 --> Session: Class initialized using 'CodeIgniter\Session\Handlers\FileHandler' driver.
INFO - 2025-01-30 19:11:59 --> Session: Class initialized using 'CodeIgniter\Session\Handlers\FileHandler' driver.
INFO - 2025-01-30 19:12:00 --> Session: Class initialized using 'CodeIgniter\Session\Handlers\FileHandler' driver.
INFO - 2025-01-30 19:12:01 --> Session: Class initialized using 'CodeIgniter\Session\Handlers\FileHandler' driver.
INFO - 2025-01-30 19:12:05 --> Session: Class initialized using 'CodeIgniter\Session\Handlers\FileHandler' driver.
INFO - 2025-01-30 19:12:07 --> Session: Class initialized using 'CodeIgniter\Session\Handlers\FileHandler' driver.
INFO - 2025-01-30 19:12:51 --> Session: Class initialized using 'CodeIgniter\Session\Handlers\FileHandler' driver.
INFO - 2025-01-30 19:12:52 --> Session: Class initialized using 'CodeIgniter\Session\Handlers\FileHandler' driver.
INFO - 2025-01-30 19:13:16 --> Session: Class initialized using 'CodeIgniter\Session\Handlers\FileHandler' driver.
INFO - 2025-01-30 19:13:19 --> Session: Class initialized using 'CodeIgniter\Session\Handlers\FileHandler' driver.
INFO - 2025-01-30 19:13:21 --> Session: Class initialized using 'CodeIgniter\Session\Handlers\FileHandler' driver.
INFO - 2025-01-30 19:13:25 --> Session: Class initialized using 'CodeIgniter\Session\Handlers\FileHandler' driver.
INFO - 2025-01-30 19:13:36 --> Session: Class initialized using 'CodeIgniter\Session\Handlers\FileHandler' driver.
INFO - 2025-01-30 19:13:38 --> Session: Class initialized using 'CodeIgniter\Session\Handlers\FileHandler' driver.
INFO - 2025-01-30 19:14:34 --> Session: Class initialized using 'CodeIgniter\Session\Handlers\FileHandler' driver.
INFO - 2025-01-30 19:14:35 --> Session: Class initialized using 'CodeIgniter\Session\Handlers\FileHandler' driver.
INFO - 2025-01-30 19:14:43 --> Session: Class initialized using 'CodeIgniter\Session\Handlers\FileHandler' driver.
INFO - 2025-01-30 19:14:47 --> Session: Class initialized using 'CodeIgniter\Session\Handlers\FileHandler' driver.
INFO - 2025-01-30 19:14:55 --> Session: Class initialized using 'CodeIgniter\Session\Handlers\FileHandler' driver.
INFO - 2025-01-30 19:15:11 --> Session: Class initialized using 'CodeIgniter\Session\Handlers\FileHandler' driver.
INFO - 2025-01-30 19:15:32 --> Session: Class initialized using 'CodeIgniter\Session\Handlers\FileHandler' driver.
INFO - 2025-01-30 19:15:54 --> Session: Class initialized using 'CodeIgniter\Session\Handlers\FileHandler' driver.
INFO - 2025-01-30 19:15:58 --> Session: Class initialized using 'CodeIgniter\Session\Handlers\FileHandler' driver.
INFO - 2025-01-30 19:16:04 --> Session: Class initialized using 'CodeIgniter\Session\Handlers\FileHandler' driver.
INFO - 2025-01-30 19:16:53 --> Session: Class initialized using 'CodeIgniter\Session\Handlers\FileHandler' driver.
ERROR - 2025-01-30 19:16:53 --> File upload error: 4
DEBUG - 2025-01-30 19:16:53 --> Data to Save: {"supplier_name":"Avhad Enterprises","supplier_code":"101","contact_person":"Anuj Avhad","email":"anujavhad39@gmail.com","phone":"08412021210","alternate_phone":"9834606916","address":"Sudarshan Bungalow Vanavaibhav Colony\r\nIndira Nagar Pathardi Road","city":"Nashik","state":"Maharashtra","postal_code":"422009","country":"India","bank_name":"xax","account_number":"axaxa","ifsc_code":"axax","payment_terms":"axax","attachments":"[]"}
INFO - 2025-01-30 19:16:53 --> Session: Class initialized using 'CodeIgniter\Session\Handlers\FileHandler' driver.
INFO - 2025-01-30 19:16:54 --> Session: Class initialized using 'CodeIgniter\Session\Handlers\FileHandler' driver.
INFO - 2025-01-30 19:17:06 --> Session: Class initialized using 'CodeIgniter\Session\Handlers\FileHandler' driver.
INFO - 2025-01-30 19:18:19 --> Session: Class initialized using 'CodeIgniter\Session\Handlers\FileHandler' driver.
ERROR - 2025-01-30 19:18:19 --> mysqli_sql_exception: Unknown column 'i.id' in 'SELECT' in /home/u541614220/domains/avhadenterprises.com/public_html/admin/sportzsaga/system/Database/MySQLi/Connection.php:306
Stack trace:
#0 /home/u541614220/domains/avhadenterprises.com/public_html/admin/sportzsaga/system/Database/MySQLi/Connection.php(306): mysqli->query()
#1 /home/u541614220/domains/avhadenterprises.com/public_html/admin/sportzsaga/system/Database/BaseConnection.php(693): CodeIgniter\Database\MySQLi\Connection->execute()
#2 /home/u541614220/domains/avhadenterprises.com/public_html/admin/sportzsaga/system/Database/BaseConnection.php(607): CodeIgniter\Database\BaseConnection->simpleQuery()
#3 /home/u541614220/domains/avhadenterprises.com/public_html/admin/sportzsaga/system/Database/BaseBuilder.php(1616): CodeIgniter\Database\BaseConnection->query()
#4 /home/u541614220/domains/avhadenterprises.com/public_html/admin/sportzsaga/app/Controllers/InventoryController.php(179): CodeIgniter\Database\BaseBuilder->get()
#5 /home/u541614220/domains/avhadenterprises.com/public_html/admin/sportzsaga/system/CodeIgniter.php(943): App\Controllers\InventoryController->inventoryList()
#6 /home/u541614220/domains/avhadenterprises.com/public_html/admin/sportzsaga/system/CodeIgniter.php(503): CodeIgniter\CodeIgniter->runController()
#7 /home/u541614220/domains/avhadenterprises.com/public_html/admin/sportzsaga/system/CodeIgniter.php(361): CodeIgniter\CodeIgniter->handleRequest()
#8 /home/u541614220/domains/avhadenterprises.com/public_html/admin/sportzsaga/index.php(79): CodeIgniter\CodeIgniter->run()
#9 {main}
CRITICAL - 2025-01-30 19:18:19 --> CodeIgniter\Database\Exceptions\DatabaseException: Unknown column 'i.id' in 'SELECT'
in SYSTEMPATH/Database/BaseConnection.php on line 647.
 1 SYSTEMPATH/Database/BaseBuilder.php(1616): CodeIgniter\Database\BaseConnection->query()
 2 APPPATH/Controllers/InventoryController.php(179): CodeIgniter\Database\BaseBuilder->get()
 3 SYSTEMPATH/CodeIgniter.php(943): App\Controllers\InventoryController->inventoryList()
 4 SYSTEMPATH/CodeIgniter.php(503): CodeIgniter\CodeIgniter->runController()
 5 SYSTEMPATH/CodeIgniter.php(361): CodeIgniter\CodeIgniter->handleRequest()
 6 FCPATH/index.php(79): CodeIgniter\CodeIgniter->run()
CRITICAL - 2025-01-30 19:18:19 --> [Caused by] CodeIgniter\Database\Exceptions\DatabaseException: Unknown column 'i.id' in 'SELECT'
in SYSTEMPATH/Database/MySQLi/Connection.php on line 311.
 1 SYSTEMPATH/Database/BaseConnection.php(693): CodeIgniter\Database\MySQLi\Connection->execute()
 2 SYSTEMPATH/Database/BaseConnection.php(607): CodeIgniter\Database\BaseConnection->simpleQuery()
 3 SYSTEMPATH/Database/BaseBuilder.php(1616): CodeIgniter\Database\BaseConnection->query()
 4 APPPATH/Controllers/InventoryController.php(179): CodeIgniter\Database\BaseBuilder->get()
 5 SYSTEMPATH/CodeIgniter.php(943): App\Controllers\InventoryController->inventoryList()
 6 SYSTEMPATH/CodeIgniter.php(503): CodeIgniter\CodeIgniter->runController()
 7 SYSTEMPATH/CodeIgniter.php(361): CodeIgniter\CodeIgniter->handleRequest()
 8 FCPATH/index.php(79): CodeIgniter\CodeIgniter->run()
CRITICAL - 2025-01-30 19:18:19 --> [Caused by] mysqli_sql_exception: Unknown column 'i.id' in 'SELECT'
in SYSTEMPATH/Database/MySQLi/Connection.php on line 306.
 1 SYSTEMPATH/Database/MySQLi/Connection.php(306): mysqli->query()
 2 SYSTEMPATH/Database/BaseConnection.php(693): CodeIgniter\Database\MySQLi\Connection->execute()
 3 SYSTEMPATH/Database/BaseConnection.php(607): CodeIgniter\Database\BaseConnection->simpleQuery()
 4 SYSTEMPATH/Database/BaseBuilder.php(1616): CodeIgniter\Database\BaseConnection->query()
 5 APPPATH/Controllers/InventoryController.php(179): CodeIgniter\Database\BaseBuilder->get()
 6 SYSTEMPATH/CodeIgniter.php(943): App\Controllers\InventoryController->inventoryList()
 7 SYSTEMPATH/CodeIgniter.php(503): CodeIgniter\CodeIgniter->runController()
 8 SYSTEMPATH/CodeIgniter.php(361): CodeIgniter\CodeIgniter->handleRequest()
 9 FCPATH/index.php(79): CodeIgniter\CodeIgniter->run()
INFO - 2025-01-30 19:18:21 --> Session: Class initialized using 'CodeIgniter\Session\Handlers\FileHandler' driver.
INFO - 2025-01-30 19:18:26 --> Session: Class initialized using 'CodeIgniter\Session\Handlers\FileHandler' driver.
INFO - 2025-01-30 19:18:29 --> Session: Class initialized using 'CodeIgniter\Session\Handlers\FileHandler' driver.
WARNING - 2025-01-30 19:18:29 --> [DEPRECATED] Creation of dynamic property App\Controllers\PurchaseOrderController::$supplierModel is deprecated in APPPATH/Controllers/PurchaseOrderController.php on line 22.
 1 SYSTEMPATH/CodeIgniter.php(915): App\Controllers\PurchaseOrderController->__construct()
 2 SYSTEMPATH/CodeIgniter.php(494): CodeIgniter\CodeIgniter->createController()
 3 SYSTEMPATH/CodeIgniter.php(361): CodeIgniter\CodeIgniter->handleRequest(null, Object(Config\Cache), false)
 4 FCPATH/index.php(79): CodeIgniter\CodeIgniter->run()
INFO - 2025-01-30 19:28:39 --> Session: Class initialized using 'CodeIgniter\Session\Handlers\FileHandler' driver.
INFO - 2025-01-30 19:28:42 --> Session: Class initialized using 'CodeIgniter\Session\Handlers\FileHandler' driver.
INFO - 2025-01-30 19:28:54 --> Session: Class initialized using 'CodeIgniter\Session\Handlers\FileHandler' driver.
INFO - 2025-01-30 19:38:29 --> Session: Class initialized using 'CodeIgniter\Session\Handlers\FileHandler' driver.
INFO - 2025-01-30 19:38:29 --> Session: Class initialized using 'CodeIgniter\Session\Handlers\FileHandler' driver.
INFO - 2025-01-30 19:38:34 --> Session: Class initialized using 'CodeIgniter\Session\Handlers\FileHandler' driver.
WARNING - 2025-01-30 19:38:34 --> [DEPRECATED] Creation of dynamic property App\Controllers\PurchaseOrderController::$supplierModel is deprecated in APPPATH/Controllers/PurchaseOrderController.php on line 22.
 1 SYSTEMPATH/CodeIgniter.php(915): App\Controllers\PurchaseOrderController->__construct()
 2 SYSTEMPATH/CodeIgniter.php(494): CodeIgniter\CodeIgniter->createController()
 3 SYSTEMPATH/CodeIgniter.php(361): CodeIgniter\CodeIgniter->handleRequest(null, Object(Config\Cache), false)
 4 FCPATH/index.php(79): CodeIgniter\CodeIgniter->run()
INFO - 2025-01-30 19:42:47 --> Session: Class initialized using 'CodeIgniter\Session\Handlers\FileHandler' driver.
INFO - 2025-01-30 19:42:48 --> Session: Class initialized using 'CodeIgniter\Session\Handlers\FileHandler' driver.
INFO - 2025-01-30 19:42:49 --> Session: Class initialized using 'CodeIgniter\Session\Handlers\FileHandler' driver.
INFO - 2025-01-30 19:43:04 --> Session: Class initialized using 'CodeIgniter\Session\Handlers\FileHandler' driver.
INFO - 2025-01-30 19:43:05 --> Session: Class initialized using 'CodeIgniter\Session\Handlers\FileHandler' driver.
INFO - 2025-01-30 19:43:14 --> Session: Class initialized using 'CodeIgniter\Session\Handlers\FileHandler' driver.
INFO - 2025-01-30 20:38:17 --> Session: Class initialized using 'CodeIgniter\Session\Handlers\FileHandler' driver.
INFO - 2025-01-30 20:38:19 --> Session: Class initialized using 'CodeIgniter\Session\Handlers\FileHandler' driver.
INFO - 2025-01-30 20:38:20 --> Session: Class initialized using 'CodeIgniter\Session\Handlers\FileHandler' driver.
INFO - 2025-01-30 20:39:01 --> Session: Class initialized using 'CodeIgniter\Session\Handlers\FileHandler' driver.
INFO - 2025-01-30 20:39:01 --> Session: Class initialized using 'CodeIgniter\Session\Handlers\FileHandler' driver.
