INFO - 2025-01-23 10:35:26 --> Session: Class initialized using 'CodeIgniter\Session\Handlers\FileHandler' driver.
INFO - 2025-01-23 10:35:33 --> Session: Class initialized using 'CodeIgniter\Session\Handlers\FileHandler' driver.
INFO - 2025-01-23 10:35:33 --> Session: Class initialized using 'CodeIgniter\Session\Handlers\FileHandler' driver.
INFO - 2025-01-23 10:35:36 --> Session: Class initialized using 'CodeIgniter\Session\Handlers\FileHandler' driver.
INFO - 2025-01-23 10:35:36 --> Session: Class initialized using 'CodeIgniter\Session\Handlers\FileHandler' driver.
INFO - 2025-01-23 10:35:59 --> Session: Class initialized using 'CodeIgniter\Session\Handlers\FileHandler' driver.
INFO - 2025-01-23 10:35:59 --> Starting fetchEmails method
INFO - 2025-01-23 10:35:59 --> Starting email processing
INFO - 2025-01-23 10:36:01 --> Email processing completed. Processed 0 new emails
INFO - 2025-01-23 10:36:01 --> Fetching email threads
INFO - 2025-01-23 10:36:01 --> Found 6 root emails
INFO - 2025-01-23 10:36:01 --> Processed 6 email threads
INFO - 2025-01-23 10:36:01 --> Retrieved 6 email threads
INFO - 2025-01-23 10:36:05 --> Session: Class initialized using 'CodeIgniter\Session\Handlers\FileHandler' driver.
INFO - 2025-01-23 10:36:18 --> Session: Class initialized using 'CodeIgniter\Session\Handlers\FileHandler' driver.
INFO - 2025-01-23 10:36:22 --> Session: Class initialized using 'CodeIgniter\Session\Handlers\FileHandler' driver.
INFO - 2025-01-23 10:36:30 --> Session: Class initialized using 'CodeIgniter\Session\Handlers\FileHandler' driver.
INFO - 2025-01-23 10:37:43 --> Session: Class initialized using 'CodeIgniter\Session\Handlers\FileHandler' driver.
ERROR - 2025-01-23 10:37:43 --> mysqli_sql_exception: Unknown column 'i.id' in 'SELECT' in /home/u541614220/domains/avhadenterprises.com/public_html/admin/sportzsaga/system/Database/MySQLi/Connection.php:306
Stack trace:
#0 /home/u541614220/domains/avhadenterprises.com/public_html/admin/sportzsaga/system/Database/MySQLi/Connection.php(306): mysqli->query()
#1 /home/u541614220/domains/avhadenterprises.com/public_html/admin/sportzsaga/system/Database/BaseConnection.php(693): CodeIgniter\Database\MySQLi\Connection->execute()
#2 /home/u541614220/domains/avhadenterprises.com/public_html/admin/sportzsaga/system/Database/BaseConnection.php(607): CodeIgniter\Database\BaseConnection->simpleQuery()
#3 /home/u541614220/domains/avhadenterprises.com/public_html/admin/sportzsaga/system/Database/BaseBuilder.php(1616): CodeIgniter\Database\BaseConnection->query()
#4 /home/u541614220/domains/avhadenterprises.com/public_html/admin/sportzsaga/app/Controllers/InventoryController.php(179): CodeIgniter\Database\BaseBuilder->get()
#5 /home/u541614220/domains/avhadenterprises.com/public_html/admin/sportzsaga/system/CodeIgniter.php(943): App\Controllers\InventoryController->inventoryList()
#6 /home/u541614220/domains/avhadenterprises.com/public_html/admin/sportzsaga/system/CodeIgniter.php(503): CodeIgniter\CodeIgniter->runController()
#7 /home/u541614220/domains/avhadenterprises.com/public_html/admin/sportzsaga/system/CodeIgniter.php(361): CodeIgniter\CodeIgniter->handleRequest()
#8 /home/u541614220/domains/avhadenterprises.com/public_html/admin/sportzsaga/index.php(79): CodeIgniter\CodeIgniter->run()
#9 {main}
CRITICAL - 2025-01-23 10:37:43 --> CodeIgniter\Database\Exceptions\DatabaseException: Unknown column 'i.id' in 'SELECT'
in SYSTEMPATH/Database/BaseConnection.php on line 647.
 1 SYSTEMPATH/Database/BaseBuilder.php(1616): CodeIgniter\Database\BaseConnection->query()
 2 APPPATH/Controllers/InventoryController.php(179): CodeIgniter\Database\BaseBuilder->get()
 3 SYSTEMPATH/CodeIgniter.php(943): App\Controllers\InventoryController->inventoryList()
 4 SYSTEMPATH/CodeIgniter.php(503): CodeIgniter\CodeIgniter->runController()
 5 SYSTEMPATH/CodeIgniter.php(361): CodeIgniter\CodeIgniter->handleRequest()
 6 FCPATH/index.php(79): CodeIgniter\CodeIgniter->run()
CRITICAL - 2025-01-23 10:37:43 --> [Caused by] CodeIgniter\Database\Exceptions\DatabaseException: Unknown column 'i.id' in 'SELECT'
in SYSTEMPATH/Database/MySQLi/Connection.php on line 311.
 1 SYSTEMPATH/Database/BaseConnection.php(693): CodeIgniter\Database\MySQLi\Connection->execute()
 2 SYSTEMPATH/Database/BaseConnection.php(607): CodeIgniter\Database\BaseConnection->simpleQuery()
 3 SYSTEMPATH/Database/BaseBuilder.php(1616): CodeIgniter\Database\BaseConnection->query()
 4 APPPATH/Controllers/InventoryController.php(179): CodeIgniter\Database\BaseBuilder->get()
 5 SYSTEMPATH/CodeIgniter.php(943): App\Controllers\InventoryController->inventoryList()
 6 SYSTEMPATH/CodeIgniter.php(503): CodeIgniter\CodeIgniter->runController()
 7 SYSTEMPATH/CodeIgniter.php(361): CodeIgniter\CodeIgniter->handleRequest()
 8 FCPATH/index.php(79): CodeIgniter\CodeIgniter->run()
CRITICAL - 2025-01-23 10:37:43 --> [Caused by] mysqli_sql_exception: Unknown column 'i.id' in 'SELECT'
in SYSTEMPATH/Database/MySQLi/Connection.php on line 306.
 1 SYSTEMPATH/Database/MySQLi/Connection.php(306): mysqli->query()
 2 SYSTEMPATH/Database/BaseConnection.php(693): CodeIgniter\Database\MySQLi\Connection->execute()
 3 SYSTEMPATH/Database/BaseConnection.php(607): CodeIgniter\Database\BaseConnection->simpleQuery()
 4 SYSTEMPATH/Database/BaseBuilder.php(1616): CodeIgniter\Database\BaseConnection->query()
 5 APPPATH/Controllers/InventoryController.php(179): CodeIgniter\Database\BaseBuilder->get()
 6 SYSTEMPATH/CodeIgniter.php(943): App\Controllers\InventoryController->inventoryList()
 7 SYSTEMPATH/CodeIgniter.php(503): CodeIgniter\CodeIgniter->runController()
 8 SYSTEMPATH/CodeIgniter.php(361): CodeIgniter\CodeIgniter->handleRequest()
 9 FCPATH/index.php(79): CodeIgniter\CodeIgniter->run()
INFO - 2025-01-23 10:37:45 --> Session: Class initialized using 'CodeIgniter\Session\Handlers\FileHandler' driver.
INFO - 2025-01-23 11:02:41 --> Session: Class initialized using 'CodeIgniter\Session\Handlers\FileHandler' driver.
INFO - 2025-01-23 11:02:50 --> Session: Class initialized using 'CodeIgniter\Session\Handlers\FileHandler' driver.
INFO - 2025-01-23 11:04:44 --> Session: Class initialized using 'CodeIgniter\Session\Handlers\FileHandler' driver.
INFO - 2025-01-23 11:04:52 --> Session: Class initialized using 'CodeIgniter\Session\Handlers\FileHandler' driver.
INFO - 2025-01-23 12:06:43 --> Session: Class initialized using 'CodeIgniter\Session\Handlers\FileHandler' driver.
INFO - 2025-01-23 12:07:49 --> Session: Class initialized using 'CodeIgniter\Session\Handlers\FileHandler' driver.
INFO - 2025-01-23 12:07:49 --> Starting fetchEmails method
INFO - 2025-01-23 12:07:49 --> Starting email processing
INFO - 2025-01-23 12:07:50 --> Email processing completed. Processed 0 new emails
INFO - 2025-01-23 12:07:50 --> Fetching email threads
INFO - 2025-01-23 12:07:50 --> Found 6 root emails
INFO - 2025-01-23 12:07:50 --> Processed 6 email threads
INFO - 2025-01-23 12:07:50 --> Retrieved 6 email threads
INFO - 2025-01-23 12:12:52 --> Session: Class initialized using 'CodeIgniter\Session\Handlers\FileHandler' driver.
INFO - 2025-01-23 12:12:52 --> Starting email processing
INFO - 2025-01-23 12:12:54 --> Email processing completed. Processed 0 new emails
INFO - 2025-01-23 12:17:52 --> Session: Class initialized using 'CodeIgniter\Session\Handlers\FileHandler' driver.
INFO - 2025-01-23 12:17:52 --> Starting email processing
INFO - 2025-01-23 12:17:53 --> Email processing completed. Processed 0 new emails
INFO - 2025-01-23 12:19:55 --> Session: Class initialized using 'CodeIgniter\Session\Handlers\FileHandler' driver.
INFO - 2025-01-23 12:19:57 --> Session: Class initialized using 'CodeIgniter\Session\Handlers\FileHandler' driver.
INFO - 2025-01-23 12:20:30 --> Session: Class initialized using 'CodeIgniter\Session\Handlers\FileHandler' driver.
INFO - 2025-01-23 12:20:35 --> Session: Class initialized using 'CodeIgniter\Session\Handlers\FileHandler' driver.
INFO - 2025-01-23 12:20:38 --> Session: Class initialized using 'CodeIgniter\Session\Handlers\FileHandler' driver.
INFO - 2025-01-23 12:20:43 --> Session: Class initialized using 'CodeIgniter\Session\Handlers\FileHandler' driver.
INFO - 2025-01-23 12:20:48 --> Session: Class initialized using 'CodeIgniter\Session\Handlers\FileHandler' driver.
ERROR - 2025-01-23 12:20:48 --> mysqli_sql_exception: Unknown column 'i.id' in 'SELECT' in /home/u541614220/domains/avhadenterprises.com/public_html/admin/sportzsaga/system/Database/MySQLi/Connection.php:306
Stack trace:
#0 /home/u541614220/domains/avhadenterprises.com/public_html/admin/sportzsaga/system/Database/MySQLi/Connection.php(306): mysqli->query()
#1 /home/u541614220/domains/avhadenterprises.com/public_html/admin/sportzsaga/system/Database/BaseConnection.php(693): CodeIgniter\Database\MySQLi\Connection->execute()
#2 /home/u541614220/domains/avhadenterprises.com/public_html/admin/sportzsaga/system/Database/BaseConnection.php(607): CodeIgniter\Database\BaseConnection->simpleQuery()
#3 /home/u541614220/domains/avhadenterprises.com/public_html/admin/sportzsaga/system/Database/BaseBuilder.php(1616): CodeIgniter\Database\BaseConnection->query()
#4 /home/u541614220/domains/avhadenterprises.com/public_html/admin/sportzsaga/app/Controllers/InventoryController.php(179): CodeIgniter\Database\BaseBuilder->get()
#5 /home/u541614220/domains/avhadenterprises.com/public_html/admin/sportzsaga/system/CodeIgniter.php(943): App\Controllers\InventoryController->inventoryList()
#6 /home/u541614220/domains/avhadenterprises.com/public_html/admin/sportzsaga/system/CodeIgniter.php(503): CodeIgniter\CodeIgniter->runController()
#7 /home/u541614220/domains/avhadenterprises.com/public_html/admin/sportzsaga/system/CodeIgniter.php(361): CodeIgniter\CodeIgniter->handleRequest()
#8 /home/u541614220/domains/avhadenterprises.com/public_html/admin/sportzsaga/index.php(79): CodeIgniter\CodeIgniter->run()
#9 {main}
CRITICAL - 2025-01-23 12:20:48 --> CodeIgniter\Database\Exceptions\DatabaseException: Unknown column 'i.id' in 'SELECT'
in SYSTEMPATH/Database/BaseConnection.php on line 647.
 1 SYSTEMPATH/Database/BaseBuilder.php(1616): CodeIgniter\Database\BaseConnection->query()
 2 APPPATH/Controllers/InventoryController.php(179): CodeIgniter\Database\BaseBuilder->get()
 3 SYSTEMPATH/CodeIgniter.php(943): App\Controllers\InventoryController->inventoryList()
 4 SYSTEMPATH/CodeIgniter.php(503): CodeIgniter\CodeIgniter->runController()
 5 SYSTEMPATH/CodeIgniter.php(361): CodeIgniter\CodeIgniter->handleRequest()
 6 FCPATH/index.php(79): CodeIgniter\CodeIgniter->run()
CRITICAL - 2025-01-23 12:20:48 --> [Caused by] CodeIgniter\Database\Exceptions\DatabaseException: Unknown column 'i.id' in 'SELECT'
in SYSTEMPATH/Database/MySQLi/Connection.php on line 311.
 1 SYSTEMPATH/Database/BaseConnection.php(693): CodeIgniter\Database\MySQLi\Connection->execute()
 2 SYSTEMPATH/Database/BaseConnection.php(607): CodeIgniter\Database\BaseConnection->simpleQuery()
 3 SYSTEMPATH/Database/BaseBuilder.php(1616): CodeIgniter\Database\BaseConnection->query()
 4 APPPATH/Controllers/InventoryController.php(179): CodeIgniter\Database\BaseBuilder->get()
 5 SYSTEMPATH/CodeIgniter.php(943): App\Controllers\InventoryController->inventoryList()
 6 SYSTEMPATH/CodeIgniter.php(503): CodeIgniter\CodeIgniter->runController()
 7 SYSTEMPATH/CodeIgniter.php(361): CodeIgniter\CodeIgniter->handleRequest()
 8 FCPATH/index.php(79): CodeIgniter\CodeIgniter->run()
CRITICAL - 2025-01-23 12:20:48 --> [Caused by] mysqli_sql_exception: Unknown column 'i.id' in 'SELECT'
in SYSTEMPATH/Database/MySQLi/Connection.php on line 306.
 1 SYSTEMPATH/Database/MySQLi/Connection.php(306): mysqli->query()
 2 SYSTEMPATH/Database/BaseConnection.php(693): CodeIgniter\Database\MySQLi\Connection->execute()
 3 SYSTEMPATH/Database/BaseConnection.php(607): CodeIgniter\Database\BaseConnection->simpleQuery()
 4 SYSTEMPATH/Database/BaseBuilder.php(1616): CodeIgniter\Database\BaseConnection->query()
 5 APPPATH/Controllers/InventoryController.php(179): CodeIgniter\Database\BaseBuilder->get()
 6 SYSTEMPATH/CodeIgniter.php(943): App\Controllers\InventoryController->inventoryList()
 7 SYSTEMPATH/CodeIgniter.php(503): CodeIgniter\CodeIgniter->runController()
 8 SYSTEMPATH/CodeIgniter.php(361): CodeIgniter\CodeIgniter->handleRequest()
 9 FCPATH/index.php(79): CodeIgniter\CodeIgniter->run()
INFO - 2025-01-23 12:20:50 --> Session: Class initialized using 'CodeIgniter\Session\Handlers\FileHandler' driver.
INFO - 2025-01-23 12:21:15 --> Session: Class initialized using 'CodeIgniter\Session\Handlers\FileHandler' driver.
INFO - 2025-01-23 12:21:53 --> Session: Class initialized using 'CodeIgniter\Session\Handlers\FileHandler' driver.
WARNING - 2025-01-23 12:21:53 --> [DEPRECATED] Creation of dynamic property App\Controllers\CatalogController::$permissionsModel is deprecated in APPPATH/Controllers/CatalogController.php on line 17.
 1 SYSTEMPATH/CodeIgniter.php(915): App\Controllers\CatalogController->__construct()
 2 SYSTEMPATH/CodeIgniter.php(494): CodeIgniter\CodeIgniter->createController()
 3 SYSTEMPATH/CodeIgniter.php(361): CodeIgniter\CodeIgniter->handleRequest(null, Object(Config\Cache), false)
 4 FCPATH/index.php(79): CodeIgniter\CodeIgniter->run()
INFO - 2025-01-23 12:21:55 --> Session: Class initialized using 'CodeIgniter\Session\Handlers\FileHandler' driver.
WARNING - 2025-01-23 12:21:55 --> [DEPRECATED] Creation of dynamic property App\Controllers\CatalogController::$permissionsModel is deprecated in APPPATH/Controllers/CatalogController.php on line 17.
 1 SYSTEMPATH/CodeIgniter.php(915): App\Controllers\CatalogController->__construct()
 2 SYSTEMPATH/CodeIgniter.php(494): CodeIgniter\CodeIgniter->createController()
 3 SYSTEMPATH/CodeIgniter.php(361): CodeIgniter\CodeIgniter->handleRequest(null, Object(Config\Cache), false)
 4 FCPATH/index.php(79): CodeIgniter\CodeIgniter->run()
INFO - 2025-01-23 12:22:00 --> Session: Class initialized using 'CodeIgniter\Session\Handlers\FileHandler' driver.
WARNING - 2025-01-23 12:22:00 --> [DEPRECATED] Creation of dynamic property App\Controllers\CatalogController::$permissionsModel is deprecated in APPPATH/Controllers/CatalogController.php on line 17.
 1 SYSTEMPATH/CodeIgniter.php(915): App\Controllers\CatalogController->__construct()
 2 SYSTEMPATH/CodeIgniter.php(494): CodeIgniter\CodeIgniter->createController()
 3 SYSTEMPATH/CodeIgniter.php(361): CodeIgniter\CodeIgniter->handleRequest(null, Object(Config\Cache), false)
 4 FCPATH/index.php(79): CodeIgniter\CodeIgniter->run()
INFO - 2025-01-23 12:23:26 --> Session: Class initialized using 'CodeIgniter\Session\Handlers\FileHandler' driver.
WARNING - 2025-01-23 12:23:26 --> [DEPRECATED] Creation of dynamic property App\Controllers\PurchaseOrderController::$supplierModel is deprecated in APPPATH/Controllers/PurchaseOrderController.php on line 22.
 1 SYSTEMPATH/CodeIgniter.php(915): App\Controllers\PurchaseOrderController->__construct()
 2 SYSTEMPATH/CodeIgniter.php(494): CodeIgniter\CodeIgniter->createController()
 3 SYSTEMPATH/CodeIgniter.php(361): CodeIgniter\CodeIgniter->handleRequest(null, Object(Config\Cache), false)
 4 FCPATH/index.php(79): CodeIgniter\CodeIgniter->run()
INFO - 2025-01-23 12:28:41 --> Session: Class initialized using 'CodeIgniter\Session\Handlers\FileHandler' driver.
INFO - 2025-01-23 12:28:41 --> Session: Class initialized using 'CodeIgniter\Session\Handlers\FileHandler' driver.
INFO - 2025-01-23 12:36:12 --> Session: Class initialized using 'CodeIgniter\Session\Handlers\FileHandler' driver.
WARNING - 2025-01-23 12:36:12 --> [DEPRECATED] Creation of dynamic property App\Controllers\PurchaseOrderController::$supplierModel is deprecated in APPPATH/Controllers/PurchaseOrderController.php on line 22.
 1 SYSTEMPATH/CodeIgniter.php(915): App\Controllers\PurchaseOrderController->__construct()
 2 SYSTEMPATH/CodeIgniter.php(494): CodeIgniter\CodeIgniter->createController()
 3 SYSTEMPATH/CodeIgniter.php(361): CodeIgniter\CodeIgniter->handleRequest(null, Object(Config\Cache), false)
 4 FCPATH/index.php(79): CodeIgniter\CodeIgniter->run()
INFO - 2025-01-23 12:37:00 --> Session: Class initialized using 'CodeIgniter\Session\Handlers\FileHandler' driver.
INFO - 2025-01-23 12:37:05 --> Session: Class initialized using 'CodeIgniter\Session\Handlers\FileHandler' driver.
INFO - 2025-01-23 12:37:12 --> Session: Class initialized using 'CodeIgniter\Session\Handlers\FileHandler' driver.
INFO - 2025-01-23 12:37:16 --> Session: Class initialized using 'CodeIgniter\Session\Handlers\FileHandler' driver.
INFO - 2025-01-23 12:37:20 --> Session: Class initialized using 'CodeIgniter\Session\Handlers\FileHandler' driver.
INFO - 2025-01-23 12:37:26 --> Session: Class initialized using 'CodeIgniter\Session\Handlers\FileHandler' driver.
INFO - 2025-01-23 12:38:08 --> Session: Class initialized using 'CodeIgniter\Session\Handlers\FileHandler' driver.
DEBUG - 2025-01-23 12:38:08 --> Checking permission: User ID: 201, Table: bundles, Action: delete
DEBUG - 2025-01-23 12:38:08 --> Permission denied: User ID: 201, Table: bundles, Action: delete
DEBUG - 2025-01-23 12:38:08 --> Checking permission: User ID: 201, Table: bundles, Action: import
DEBUG - 2025-01-23 12:38:08 --> Permission denied: User ID: 201, Table: bundles, Action: import
DEBUG - 2025-01-23 12:38:08 --> Checking permission: User ID: 201, Table: bundles, Action: export
DEBUG - 2025-01-23 12:38:08 --> Permission denied: User ID: 201, Table: bundles, Action: export
DEBUG - 2025-01-23 12:38:08 --> Checking permission: User ID: 201, Table: bundles, Action: logs
DEBUG - 2025-01-23 12:38:08 --> Permission granted: User ID: 201, Table: bundles, Action: logs
INFO - 2025-01-23 12:38:12 --> Session: Class initialized using 'CodeIgniter\Session\Handlers\FileHandler' driver.
INFO - 2025-01-23 12:45:52 --> Session: Class initialized using 'CodeIgniter\Session\Handlers\FileHandler' driver.
DEBUG - 2025-01-23 12:45:52 --> Checking permission: User ID: 201, Table: bundles, Action: delete
DEBUG - 2025-01-23 12:45:52 --> Permission denied: User ID: 201, Table: bundles, Action: delete
DEBUG - 2025-01-23 12:45:52 --> Checking permission: User ID: 201, Table: bundles, Action: import
DEBUG - 2025-01-23 12:45:52 --> Permission denied: User ID: 201, Table: bundles, Action: import
DEBUG - 2025-01-23 12:45:52 --> Checking permission: User ID: 201, Table: bundles, Action: export
DEBUG - 2025-01-23 12:45:52 --> Permission denied: User ID: 201, Table: bundles, Action: export
DEBUG - 2025-01-23 12:45:52 --> Checking permission: User ID: 201, Table: bundles, Action: logs
DEBUG - 2025-01-23 12:45:52 --> Permission granted: User ID: 201, Table: bundles, Action: logs
INFO - 2025-01-23 12:45:58 --> Session: Class initialized using 'CodeIgniter\Session\Handlers\FileHandler' driver.
INFO - 2025-01-23 12:46:10 --> Session: Class initialized using 'CodeIgniter\Session\Handlers\FileHandler' driver.
INFO - 2025-01-23 12:46:18 --> Session: Class initialized using 'CodeIgniter\Session\Handlers\FileHandler' driver.
INFO - 2025-01-23 12:47:31 --> Session: Class initialized using 'CodeIgniter\Session\Handlers\FileHandler' driver.
INFO - 2025-01-23 12:47:45 --> Session: Class initialized using 'CodeIgniter\Session\Handlers\FileHandler' driver.
DEBUG - 2025-01-23 12:47:45 --> Checking permission: User ID: 201, Table: bundles, Action: delete
DEBUG - 2025-01-23 12:47:45 --> Permission denied: User ID: 201, Table: bundles, Action: delete
DEBUG - 2025-01-23 12:47:45 --> Checking permission: User ID: 201, Table: bundles, Action: import
DEBUG - 2025-01-23 12:47:45 --> Permission denied: User ID: 201, Table: bundles, Action: import
DEBUG - 2025-01-23 12:47:45 --> Checking permission: User ID: 201, Table: bundles, Action: export
DEBUG - 2025-01-23 12:47:45 --> Permission denied: User ID: 201, Table: bundles, Action: export
DEBUG - 2025-01-23 12:47:45 --> Checking permission: User ID: 201, Table: bundles, Action: logs
DEBUG - 2025-01-23 12:47:45 --> Permission granted: User ID: 201, Table: bundles, Action: logs
INFO - 2025-01-23 12:47:49 --> Session: Class initialized using 'CodeIgniter\Session\Handlers\FileHandler' driver.
DEBUG - 2025-01-23 12:47:49 --> Checking permission: User ID: 201, Table: bundles, Action: delete
DEBUG - 2025-01-23 12:47:49 --> Permission denied: User ID: 201, Table: bundles, Action: delete
DEBUG - 2025-01-23 12:47:49 --> Checking permission: User ID: 201, Table: bundles, Action: import
DEBUG - 2025-01-23 12:47:49 --> Permission denied: User ID: 201, Table: bundles, Action: import
DEBUG - 2025-01-23 12:47:49 --> Checking permission: User ID: 201, Table: bundles, Action: export
DEBUG - 2025-01-23 12:47:49 --> Permission denied: User ID: 201, Table: bundles, Action: export
DEBUG - 2025-01-23 12:47:49 --> Checking permission: User ID: 201, Table: bundles, Action: logs
DEBUG - 2025-01-23 12:47:49 --> Permission granted: User ID: 201, Table: bundles, Action: logs
INFO - 2025-01-23 12:47:57 --> Session: Class initialized using 'CodeIgniter\Session\Handlers\FileHandler' driver.
INFO - 2025-01-23 12:47:57 --> Starting fetchEmails method
INFO - 2025-01-23 12:47:57 --> Starting email processing
INFO - 2025-01-23 12:47:59 --> Email processing completed. Processed 0 new emails
INFO - 2025-01-23 12:47:59 --> Fetching email threads
INFO - 2025-01-23 12:47:59 --> Found 6 root emails
INFO - 2025-01-23 12:47:59 --> Processed 6 email threads
INFO - 2025-01-23 12:47:59 --> Retrieved 6 email threads
INFO - 2025-01-23 12:47:59 --> Session: Class initialized using 'CodeIgniter\Session\Handlers\FileHandler' driver.
INFO - 2025-01-23 12:47:59 --> Starting fetchEmails method
INFO - 2025-01-23 12:47:59 --> Starting email processing
INFO - 2025-01-23 12:48:01 --> Email processing completed. Processed 0 new emails
INFO - 2025-01-23 12:48:01 --> Fetching email threads
INFO - 2025-01-23 12:48:01 --> Found 6 root emails
INFO - 2025-01-23 12:48:01 --> Processed 6 email threads
INFO - 2025-01-23 12:48:01 --> Retrieved 6 email threads
INFO - 2025-01-23 12:48:01 --> Session: Class initialized using 'CodeIgniter\Session\Handlers\FileHandler' driver.
INFO - 2025-01-23 12:48:01 --> Starting fetchEmails method
INFO - 2025-01-23 12:48:01 --> Starting email processing
INFO - 2025-01-23 12:48:02 --> Email processing completed. Processed 0 new emails
INFO - 2025-01-23 12:48:02 --> Fetching email threads
INFO - 2025-01-23 12:48:02 --> Found 6 root emails
INFO - 2025-01-23 12:48:02 --> Processed 6 email threads
INFO - 2025-01-23 12:48:02 --> Retrieved 6 email threads
INFO - 2025-01-23 12:48:02 --> Session: Class initialized using 'CodeIgniter\Session\Handlers\FileHandler' driver.
INFO - 2025-01-23 12:48:02 --> Starting fetchEmails method
INFO - 2025-01-23 12:48:02 --> Starting email processing
INFO - 2025-01-23 12:48:04 --> Email processing completed. Processed 0 new emails
INFO - 2025-01-23 12:48:04 --> Fetching email threads
INFO - 2025-01-23 12:48:04 --> Found 6 root emails
INFO - 2025-01-23 12:48:04 --> Processed 6 email threads
INFO - 2025-01-23 12:48:04 --> Retrieved 6 email threads
INFO - 2025-01-23 12:48:13 --> Session: Class initialized using 'CodeIgniter\Session\Handlers\FileHandler' driver.
INFO - 2025-01-23 12:48:16 --> Session: Class initialized using 'CodeIgniter\Session\Handlers\FileHandler' driver.
INFO - 2025-01-23 12:48:37 --> Session: Class initialized using 'CodeIgniter\Session\Handlers\FileHandler' driver.
INFO - 2025-01-23 12:58:23 --> Session: Class initialized using 'CodeIgniter\Session\Handlers\FileHandler' driver.
INFO - 2025-01-23 12:58:49 --> Session: Class initialized using 'CodeIgniter\Session\Handlers\FileHandler' driver.
INFO - 2025-01-23 12:59:00 --> Session: Class initialized using 'CodeIgniter\Session\Handlers\FileHandler' driver.
INFO - 2025-01-23 12:59:08 --> Session: Class initialized using 'CodeIgniter\Session\Handlers\FileHandler' driver.
WARNING - 2025-01-23 12:59:08 --> [DEPRECATED] DateTime::__construct(): Passing null to parameter #1 ($datetime) of type string is deprecated in APPPATH/Views/employee_logs_view.php on line 131.
 1 APPPATH/Views/employee_logs_view.php(131): DateTime->__construct(null)
 2 SYSTEMPATH/View/View.php(228): include('/home/u541614220/domains/avhadenterprises.com/public_html/admin/sportzsaga/app/Views/employee_logs_view.php')
 3 SYSTEMPATH/View/View.php(231): CodeIgniter\View\View->CodeIgniter\View\{closure}()
 4 SYSTEMPATH/Common.php(1178): CodeIgniter\View\View->render('employee_logs_view', [], true)
 5 APPPATH/Controllers/Registeredusers.php(491): view('employee_logs_view', [...])
 6 SYSTEMPATH/CodeIgniter.php(943): App\Controllers\Registeredusers->logs()
 7 SYSTEMPATH/CodeIgniter.php(503): CodeIgniter\CodeIgniter->runController(Object(App\Controllers\Registeredusers))
 8 SYSTEMPATH/CodeIgniter.php(361): CodeIgniter\CodeIgniter->handleRequest(null, Object(Config\Cache), false)
 9 FCPATH/index.php(79): CodeIgniter\CodeIgniter->run()
WARNING - 2025-01-23 12:59:08 --> [DEPRECATED] DateTime::__construct(): Passing null to parameter #1 ($datetime) of type string is deprecated in APPPATH/Views/employee_logs_view.php on line 131.
 1 APPPATH/Views/employee_logs_view.php(131): DateTime->__construct(null)
 2 SYSTEMPATH/View/View.php(228): include('/home/u541614220/domains/avhadenterprises.com/public_html/admin/sportzsaga/app/Views/employee_logs_view.php')
 3 SYSTEMPATH/View/View.php(231): CodeIgniter\View\View->CodeIgniter\View\{closure}()
 4 SYSTEMPATH/Common.php(1178): CodeIgniter\View\View->render('employee_logs_view', [], true)
 5 APPPATH/Controllers/Registeredusers.php(491): view('employee_logs_view', [...])
 6 SYSTEMPATH/CodeIgniter.php(943): App\Controllers\Registeredusers->logs()
 7 SYSTEMPATH/CodeIgniter.php(503): CodeIgniter\CodeIgniter->runController(Object(App\Controllers\Registeredusers))
 8 SYSTEMPATH/CodeIgniter.php(361): CodeIgniter\CodeIgniter->handleRequest(null, Object(Config\Cache), false)
 9 FCPATH/index.php(79): CodeIgniter\CodeIgniter->run()
WARNING - 2025-01-23 12:59:08 --> [DEPRECATED] DateTime::__construct(): Passing null to parameter #1 ($datetime) of type string is deprecated in APPPATH/Views/employee_logs_view.php on line 131.
 1 APPPATH/Views/employee_logs_view.php(131): DateTime->__construct(null)
 2 SYSTEMPATH/View/View.php(228): include('/home/u541614220/domains/avhadenterprises.com/public_html/admin/sportzsaga/app/Views/employee_logs_view.php')
 3 SYSTEMPATH/View/View.php(231): CodeIgniter\View\View->CodeIgniter\View\{closure}()
 4 SYSTEMPATH/Common.php(1178): CodeIgniter\View\View->render('employee_logs_view', [], true)
 5 APPPATH/Controllers/Registeredusers.php(491): view('employee_logs_view', [...])
 6 SYSTEMPATH/CodeIgniter.php(943): App\Controllers\Registeredusers->logs()
 7 SYSTEMPATH/CodeIgniter.php(503): CodeIgniter\CodeIgniter->runController(Object(App\Controllers\Registeredusers))
 8 SYSTEMPATH/CodeIgniter.php(361): CodeIgniter\CodeIgniter->handleRequest(null, Object(Config\Cache), false)
 9 FCPATH/index.php(79): CodeIgniter\CodeIgniter->run()
WARNING - 2025-01-23 12:59:08 --> [DEPRECATED] DateTime::__construct(): Passing null to parameter #1 ($datetime) of type string is deprecated in APPPATH/Views/employee_logs_view.php on line 131.
 1 APPPATH/Views/employee_logs_view.php(131): DateTime->__construct(null)
 2 SYSTEMPATH/View/View.php(228): include('/home/u541614220/domains/avhadenterprises.com/public_html/admin/sportzsaga/app/Views/employee_logs_view.php')
 3 SYSTEMPATH/View/View.php(231): CodeIgniter\View\View->CodeIgniter\View\{closure}()
 4 SYSTEMPATH/Common.php(1178): CodeIgniter\View\View->render('employee_logs_view', [], true)
 5 APPPATH/Controllers/Registeredusers.php(491): view('employee_logs_view', [...])
 6 SYSTEMPATH/CodeIgniter.php(943): App\Controllers\Registeredusers->logs()
 7 SYSTEMPATH/CodeIgniter.php(503): CodeIgniter\CodeIgniter->runController(Object(App\Controllers\Registeredusers))
 8 SYSTEMPATH/CodeIgniter.php(361): CodeIgniter\CodeIgniter->handleRequest(null, Object(Config\Cache), false)
 9 FCPATH/index.php(79): CodeIgniter\CodeIgniter->run()
WARNING - 2025-01-23 12:59:08 --> [DEPRECATED] DateTime::__construct(): Passing null to parameter #1 ($datetime) of type string is deprecated in APPPATH/Views/employee_logs_view.php on line 131.
 1 APPPATH/Views/employee_logs_view.php(131): DateTime->__construct(null)
 2 SYSTEMPATH/View/View.php(228): include('/home/u541614220/domains/avhadenterprises.com/public_html/admin/sportzsaga/app/Views/employee_logs_view.php')
 3 SYSTEMPATH/View/View.php(231): CodeIgniter\View\View->CodeIgniter\View\{closure}()
 4 SYSTEMPATH/Common.php(1178): CodeIgniter\View\View->render('employee_logs_view', [], true)
 5 APPPATH/Controllers/Registeredusers.php(491): view('employee_logs_view', [...])
 6 SYSTEMPATH/CodeIgniter.php(943): App\Controllers\Registeredusers->logs()
 7 SYSTEMPATH/CodeIgniter.php(503): CodeIgniter\CodeIgniter->runController(Object(App\Controllers\Registeredusers))
 8 SYSTEMPATH/CodeIgniter.php(361): CodeIgniter\CodeIgniter->handleRequest(null, Object(Config\Cache), false)
 9 FCPATH/index.php(79): CodeIgniter\CodeIgniter->run()
WARNING - 2025-01-23 12:59:08 --> [DEPRECATED] DateTime::__construct(): Passing null to parameter #1 ($datetime) of type string is deprecated in APPPATH/Views/employee_logs_view.php on line 131.
 1 APPPATH/Views/employee_logs_view.php(131): DateTime->__construct(null)
 2 SYSTEMPATH/View/View.php(228): include('/home/u541614220/domains/avhadenterprises.com/public_html/admin/sportzsaga/app/Views/employee_logs_view.php')
 3 SYSTEMPATH/View/View.php(231): CodeIgniter\View\View->CodeIgniter\View\{closure}()
 4 SYSTEMPATH/Common.php(1178): CodeIgniter\View\View->render('employee_logs_view', [], true)
 5 APPPATH/Controllers/Registeredusers.php(491): view('employee_logs_view', [...])
 6 SYSTEMPATH/CodeIgniter.php(943): App\Controllers\Registeredusers->logs()
 7 SYSTEMPATH/CodeIgniter.php(503): CodeIgniter\CodeIgniter->runController(Object(App\Controllers\Registeredusers))
 8 SYSTEMPATH/CodeIgniter.php(361): CodeIgniter\CodeIgniter->handleRequest(null, Object(Config\Cache), false)
 9 FCPATH/index.php(79): CodeIgniter\CodeIgniter->run()
WARNING - 2025-01-23 12:59:08 --> [DEPRECATED] DateTime::__construct(): Passing null to parameter #1 ($datetime) of type string is deprecated in APPPATH/Views/employee_logs_view.php on line 131.
 1 APPPATH/Views/employee_logs_view.php(131): DateTime->__construct(null)
 2 SYSTEMPATH/View/View.php(228): include('/home/u541614220/domains/avhadenterprises.com/public_html/admin/sportzsaga/app/Views/employee_logs_view.php')
 3 SYSTEMPATH/View/View.php(231): CodeIgniter\View\View->CodeIgniter\View\{closure}()
 4 SYSTEMPATH/Common.php(1178): CodeIgniter\View\View->render('employee_logs_view', [], true)
 5 APPPATH/Controllers/Registeredusers.php(491): view('employee_logs_view', [...])
 6 SYSTEMPATH/CodeIgniter.php(943): App\Controllers\Registeredusers->logs()
 7 SYSTEMPATH/CodeIgniter.php(503): CodeIgniter\CodeIgniter->runController(Object(App\Controllers\Registeredusers))
 8 SYSTEMPATH/CodeIgniter.php(361): CodeIgniter\CodeIgniter->handleRequest(null, Object(Config\Cache), false)
 9 FCPATH/index.php(79): CodeIgniter\CodeIgniter->run()
WARNING - 2025-01-23 12:59:08 --> [DEPRECATED] DateTime::__construct(): Passing null to parameter #1 ($datetime) of type string is deprecated in APPPATH/Views/employee_logs_view.php on line 131.
 1 APPPATH/Views/employee_logs_view.php(131): DateTime->__construct(null)
 2 SYSTEMPATH/View/View.php(228): include('/home/u541614220/domains/avhadenterprises.com/public_html/admin/sportzsaga/app/Views/employee_logs_view.php')
 3 SYSTEMPATH/View/View.php(231): CodeIgniter\View\View->CodeIgniter\View\{closure}()
 4 SYSTEMPATH/Common.php(1178): CodeIgniter\View\View->render('employee_logs_view', [], true)
 5 APPPATH/Controllers/Registeredusers.php(491): view('employee_logs_view', [...])
 6 SYSTEMPATH/CodeIgniter.php(943): App\Controllers\Registeredusers->logs()
 7 SYSTEMPATH/CodeIgniter.php(503): CodeIgniter\CodeIgniter->runController(Object(App\Controllers\Registeredusers))
 8 SYSTEMPATH/CodeIgniter.php(361): CodeIgniter\CodeIgniter->handleRequest(null, Object(Config\Cache), false)
 9 FCPATH/index.php(79): CodeIgniter\CodeIgniter->run()
WARNING - 2025-01-23 12:59:08 --> [DEPRECATED] DateTime::__construct(): Passing null to parameter #1 ($datetime) of type string is deprecated in APPPATH/Views/employee_logs_view.php on line 131.
 1 APPPATH/Views/employee_logs_view.php(131): DateTime->__construct(null)
 2 SYSTEMPATH/View/View.php(228): include('/home/u541614220/domains/avhadenterprises.com/public_html/admin/sportzsaga/app/Views/employee_logs_view.php')
 3 SYSTEMPATH/View/View.php(231): CodeIgniter\View\View->CodeIgniter\View\{closure}()
 4 SYSTEMPATH/Common.php(1178): CodeIgniter\View\View->render('employee_logs_view', [], true)
 5 APPPATH/Controllers/Registeredusers.php(491): view('employee_logs_view', [...])
 6 SYSTEMPATH/CodeIgniter.php(943): App\Controllers\Registeredusers->logs()
 7 SYSTEMPATH/CodeIgniter.php(503): CodeIgniter\CodeIgniter->runController(Object(App\Controllers\Registeredusers))
 8 SYSTEMPATH/CodeIgniter.php(361): CodeIgniter\CodeIgniter->handleRequest(null, Object(Config\Cache), false)
 9 FCPATH/index.php(79): CodeIgniter\CodeIgniter->run()
WARNING - 2025-01-23 12:59:08 --> [DEPRECATED] DateTime::__construct(): Passing null to parameter #1 ($datetime) of type string is deprecated in APPPATH/Views/employee_logs_view.php on line 131.
 1 APPPATH/Views/employee_logs_view.php(131): DateTime->__construct(null)
 2 SYSTEMPATH/View/View.php(228): include('/home/u541614220/domains/avhadenterprises.com/public_html/admin/sportzsaga/app/Views/employee_logs_view.php')
 3 SYSTEMPATH/View/View.php(231): CodeIgniter\View\View->CodeIgniter\View\{closure}()
 4 SYSTEMPATH/Common.php(1178): CodeIgniter\View\View->render('employee_logs_view', [], true)
 5 APPPATH/Controllers/Registeredusers.php(491): view('employee_logs_view', [...])
 6 SYSTEMPATH/CodeIgniter.php(943): App\Controllers\Registeredusers->logs()
 7 SYSTEMPATH/CodeIgniter.php(503): CodeIgniter\CodeIgniter->runController(Object(App\Controllers\Registeredusers))
 8 SYSTEMPATH/CodeIgniter.php(361): CodeIgniter\CodeIgniter->handleRequest(null, Object(Config\Cache), false)
 9 FCPATH/index.php(79): CodeIgniter\CodeIgniter->run()
WARNING - 2025-01-23 12:59:08 --> [DEPRECATED] DateTime::__construct(): Passing null to parameter #1 ($datetime) of type string is deprecated in APPPATH/Views/employee_logs_view.php on line 131.
 1 APPPATH/Views/employee_logs_view.php(131): DateTime->__construct(null)
 2 SYSTEMPATH/View/View.php(228): include('/home/u541614220/domains/avhadenterprises.com/public_html/admin/sportzsaga/app/Views/employee_logs_view.php')
 3 SYSTEMPATH/View/View.php(231): CodeIgniter\View\View->CodeIgniter\View\{closure}()
 4 SYSTEMPATH/Common.php(1178): CodeIgniter\View\View->render('employee_logs_view', [], true)
 5 APPPATH/Controllers/Registeredusers.php(491): view('employee_logs_view', [...])
 6 SYSTEMPATH/CodeIgniter.php(943): App\Controllers\Registeredusers->logs()
 7 SYSTEMPATH/CodeIgniter.php(503): CodeIgniter\CodeIgniter->runController(Object(App\Controllers\Registeredusers))
 8 SYSTEMPATH/CodeIgniter.php(361): CodeIgniter\CodeIgniter->handleRequest(null, Object(Config\Cache), false)
 9 FCPATH/index.php(79): CodeIgniter\CodeIgniter->run()
WARNING - 2025-01-23 12:59:08 --> [DEPRECATED] DateTime::__construct(): Passing null to parameter #1 ($datetime) of type string is deprecated in APPPATH/Views/employee_logs_view.php on line 131.
 1 APPPATH/Views/employee_logs_view.php(131): DateTime->__construct(null)
 2 SYSTEMPATH/View/View.php(228): include('/home/u541614220/domains/avhadenterprises.com/public_html/admin/sportzsaga/app/Views/employee_logs_view.php')
 3 SYSTEMPATH/View/View.php(231): CodeIgniter\View\View->CodeIgniter\View\{closure}()
 4 SYSTEMPATH/Common.php(1178): CodeIgniter\View\View->render('employee_logs_view', [], true)
 5 APPPATH/Controllers/Registeredusers.php(491): view('employee_logs_view', [...])
 6 SYSTEMPATH/CodeIgniter.php(943): App\Controllers\Registeredusers->logs()
 7 SYSTEMPATH/CodeIgniter.php(503): CodeIgniter\CodeIgniter->runController(Object(App\Controllers\Registeredusers))
 8 SYSTEMPATH/CodeIgniter.php(361): CodeIgniter\CodeIgniter->handleRequest(null, Object(Config\Cache), false)
 9 FCPATH/index.php(79): CodeIgniter\CodeIgniter->run()
WARNING - 2025-01-23 12:59:08 --> [DEPRECATED] DateTime::__construct(): Passing null to parameter #1 ($datetime) of type string is deprecated in APPPATH/Views/employee_logs_view.php on line 131.
 1 APPPATH/Views/employee_logs_view.php(131): DateTime->__construct(null)
 2 SYSTEMPATH/View/View.php(228): include('/home/u541614220/domains/avhadenterprises.com/public_html/admin/sportzsaga/app/Views/employee_logs_view.php')
 3 SYSTEMPATH/View/View.php(231): CodeIgniter\View\View->CodeIgniter\View\{closure}()
 4 SYSTEMPATH/Common.php(1178): CodeIgniter\View\View->render('employee_logs_view', [], true)
 5 APPPATH/Controllers/Registeredusers.php(491): view('employee_logs_view', [...])
 6 SYSTEMPATH/CodeIgniter.php(943): App\Controllers\Registeredusers->logs()
 7 SYSTEMPATH/CodeIgniter.php(503): CodeIgniter\CodeIgniter->runController(Object(App\Controllers\Registeredusers))
 8 SYSTEMPATH/CodeIgniter.php(361): CodeIgniter\CodeIgniter->handleRequest(null, Object(Config\Cache), false)
 9 FCPATH/index.php(79): CodeIgniter\CodeIgniter->run()
WARNING - 2025-01-23 12:59:08 --> [DEPRECATED] DateTime::__construct(): Passing null to parameter #1 ($datetime) of type string is deprecated in APPPATH/Views/employee_logs_view.php on line 131.
 1 APPPATH/Views/employee_logs_view.php(131): DateTime->__construct(null)
 2 SYSTEMPATH/View/View.php(228): include('/home/u541614220/domains/avhadenterprises.com/public_html/admin/sportzsaga/app/Views/employee_logs_view.php')
 3 SYSTEMPATH/View/View.php(231): CodeIgniter\View\View->CodeIgniter\View\{closure}()
 4 SYSTEMPATH/Common.php(1178): CodeIgniter\View\View->render('employee_logs_view', [], true)
 5 APPPATH/Controllers/Registeredusers.php(491): view('employee_logs_view', [...])
 6 SYSTEMPATH/CodeIgniter.php(943): App\Controllers\Registeredusers->logs()
 7 SYSTEMPATH/CodeIgniter.php(503): CodeIgniter\CodeIgniter->runController(Object(App\Controllers\Registeredusers))
 8 SYSTEMPATH/CodeIgniter.php(361): CodeIgniter\CodeIgniter->handleRequest(null, Object(Config\Cache), false)
 9 FCPATH/index.php(79): CodeIgniter\CodeIgniter->run()
WARNING - 2025-01-23 12:59:08 --> [DEPRECATED] DateTime::__construct(): Passing null to parameter #1 ($datetime) of type string is deprecated in APPPATH/Views/employee_logs_view.php on line 131.
 1 APPPATH/Views/employee_logs_view.php(131): DateTime->__construct(null)
 2 SYSTEMPATH/View/View.php(228): include('/home/u541614220/domains/avhadenterprises.com/public_html/admin/sportzsaga/app/Views/employee_logs_view.php')
 3 SYSTEMPATH/View/View.php(231): CodeIgniter\View\View->CodeIgniter\View\{closure}()
 4 SYSTEMPATH/Common.php(1178): CodeIgniter\View\View->render('employee_logs_view', [], true)
 5 APPPATH/Controllers/Registeredusers.php(491): view('employee_logs_view', [...])
 6 SYSTEMPATH/CodeIgniter.php(943): App\Controllers\Registeredusers->logs()
 7 SYSTEMPATH/CodeIgniter.php(503): CodeIgniter\CodeIgniter->runController(Object(App\Controllers\Registeredusers))
 8 SYSTEMPATH/CodeIgniter.php(361): CodeIgniter\CodeIgniter->handleRequest(null, Object(Config\Cache), false)
 9 FCPATH/index.php(79): CodeIgniter\CodeIgniter->run()
WARNING - 2025-01-23 12:59:08 --> [DEPRECATED] DateTime::__construct(): Passing null to parameter #1 ($datetime) of type string is deprecated in APPPATH/Views/employee_logs_view.php on line 131.
 1 APPPATH/Views/employee_logs_view.php(131): DateTime->__construct(null)
 2 SYSTEMPATH/View/View.php(228): include('/home/u541614220/domains/avhadenterprises.com/public_html/admin/sportzsaga/app/Views/employee_logs_view.php')
 3 SYSTEMPATH/View/View.php(231): CodeIgniter\View\View->CodeIgniter\View\{closure}()
 4 SYSTEMPATH/Common.php(1178): CodeIgniter\View\View->render('employee_logs_view', [], true)
 5 APPPATH/Controllers/Registeredusers.php(491): view('employee_logs_view', [...])
 6 SYSTEMPATH/CodeIgniter.php(943): App\Controllers\Registeredusers->logs()
 7 SYSTEMPATH/CodeIgniter.php(503): CodeIgniter\CodeIgniter->runController(Object(App\Controllers\Registeredusers))
 8 SYSTEMPATH/CodeIgniter.php(361): CodeIgniter\CodeIgniter->handleRequest(null, Object(Config\Cache), false)
 9 FCPATH/index.php(79): CodeIgniter\CodeIgniter->run()
WARNING - 2025-01-23 12:59:08 --> [DEPRECATED] DateTime::__construct(): Passing null to parameter #1 ($datetime) of type string is deprecated in APPPATH/Views/employee_logs_view.php on line 131.
 1 APPPATH/Views/employee_logs_view.php(131): DateTime->__construct(null)
 2 SYSTEMPATH/View/View.php(228): include('/home/u541614220/domains/avhadenterprises.com/public_html/admin/sportzsaga/app/Views/employee_logs_view.php')
 3 SYSTEMPATH/View/View.php(231): CodeIgniter\View\View->CodeIgniter\View\{closure}()
 4 SYSTEMPATH/Common.php(1178): CodeIgniter\View\View->render('employee_logs_view', [], true)
 5 APPPATH/Controllers/Registeredusers.php(491): view('employee_logs_view', [...])
 6 SYSTEMPATH/CodeIgniter.php(943): App\Controllers\Registeredusers->logs()
 7 SYSTEMPATH/CodeIgniter.php(503): CodeIgniter\CodeIgniter->runController(Object(App\Controllers\Registeredusers))
 8 SYSTEMPATH/CodeIgniter.php(361): CodeIgniter\CodeIgniter->handleRequest(null, Object(Config\Cache), false)
 9 FCPATH/index.php(79): CodeIgniter\CodeIgniter->run()
WARNING - 2025-01-23 12:59:08 --> [DEPRECATED] DateTime::__construct(): Passing null to parameter #1 ($datetime) of type string is deprecated in APPPATH/Views/employee_logs_view.php on line 131.
 1 APPPATH/Views/employee_logs_view.php(131): DateTime->__construct(null)
 2 SYSTEMPATH/View/View.php(228): include('/home/u541614220/domains/avhadenterprises.com/public_html/admin/sportzsaga/app/Views/employee_logs_view.php')
 3 SYSTEMPATH/View/View.php(231): CodeIgniter\View\View->CodeIgniter\View\{closure}()
 4 SYSTEMPATH/Common.php(1178): CodeIgniter\View\View->render('employee_logs_view', [], true)
 5 APPPATH/Controllers/Registeredusers.php(491): view('employee_logs_view', [...])
 6 SYSTEMPATH/CodeIgniter.php(943): App\Controllers\Registeredusers->logs()
 7 SYSTEMPATH/CodeIgniter.php(503): CodeIgniter\CodeIgniter->runController(Object(App\Controllers\Registeredusers))
 8 SYSTEMPATH/CodeIgniter.php(361): CodeIgniter\CodeIgniter->handleRequest(null, Object(Config\Cache), false)
 9 FCPATH/index.php(79): CodeIgniter\CodeIgniter->run()
WARNING - 2025-01-23 12:59:08 --> [DEPRECATED] DateTime::__construct(): Passing null to parameter #1 ($datetime) of type string is deprecated in APPPATH/Views/employee_logs_view.php on line 131.
 1 APPPATH/Views/employee_logs_view.php(131): DateTime->__construct(null)
 2 SYSTEMPATH/View/View.php(228): include('/home/u541614220/domains/avhadenterprises.com/public_html/admin/sportzsaga/app/Views/employee_logs_view.php')
 3 SYSTEMPATH/View/View.php(231): CodeIgniter\View\View->CodeIgniter\View\{closure}()
 4 SYSTEMPATH/Common.php(1178): CodeIgniter\View\View->render('employee_logs_view', [], true)
 5 APPPATH/Controllers/Registeredusers.php(491): view('employee_logs_view', [...])
 6 SYSTEMPATH/CodeIgniter.php(943): App\Controllers\Registeredusers->logs()
 7 SYSTEMPATH/CodeIgniter.php(503): CodeIgniter\CodeIgniter->runController(Object(App\Controllers\Registeredusers))
 8 SYSTEMPATH/CodeIgniter.php(361): CodeIgniter\CodeIgniter->handleRequest(null, Object(Config\Cache), false)
 9 FCPATH/index.php(79): CodeIgniter\CodeIgniter->run()
WARNING - 2025-01-23 12:59:08 --> [DEPRECATED] DateTime::__construct(): Passing null to parameter #1 ($datetime) of type string is deprecated in APPPATH/Views/employee_logs_view.php on line 131.
 1 APPPATH/Views/employee_logs_view.php(131): DateTime->__construct(null)
 2 SYSTEMPATH/View/View.php(228): include('/home/u541614220/domains/avhadenterprises.com/public_html/admin/sportzsaga/app/Views/employee_logs_view.php')
 3 SYSTEMPATH/View/View.php(231): CodeIgniter\View\View->CodeIgniter\View\{closure}()
 4 SYSTEMPATH/Common.php(1178): CodeIgniter\View\View->render('employee_logs_view', [], true)
 5 APPPATH/Controllers/Registeredusers.php(491): view('employee_logs_view', [...])
 6 SYSTEMPATH/CodeIgniter.php(943): App\Controllers\Registeredusers->logs()
 7 SYSTEMPATH/CodeIgniter.php(503): CodeIgniter\CodeIgniter->runController(Object(App\Controllers\Registeredusers))
 8 SYSTEMPATH/CodeIgniter.php(361): CodeIgniter\CodeIgniter->handleRequest(null, Object(Config\Cache), false)
 9 FCPATH/index.php(79): CodeIgniter\CodeIgniter->run()
WARNING - 2025-01-23 12:59:08 --> [DEPRECATED] DateTime::__construct(): Passing null to parameter #1 ($datetime) of type string is deprecated in APPPATH/Views/employee_logs_view.php on line 131.
 1 APPPATH/Views/employee_logs_view.php(131): DateTime->__construct(null)
 2 SYSTEMPATH/View/View.php(228): include('/home/u541614220/domains/avhadenterprises.com/public_html/admin/sportzsaga/app/Views/employee_logs_view.php')
 3 SYSTEMPATH/View/View.php(231): CodeIgniter\View\View->CodeIgniter\View\{closure}()
 4 SYSTEMPATH/Common.php(1178): CodeIgniter\View\View->render('employee_logs_view', [], true)
 5 APPPATH/Controllers/Registeredusers.php(491): view('employee_logs_view', [...])
 6 SYSTEMPATH/CodeIgniter.php(943): App\Controllers\Registeredusers->logs()
 7 SYSTEMPATH/CodeIgniter.php(503): CodeIgniter\CodeIgniter->runController(Object(App\Controllers\Registeredusers))
 8 SYSTEMPATH/CodeIgniter.php(361): CodeIgniter\CodeIgniter->handleRequest(null, Object(Config\Cache), false)
 9 FCPATH/index.php(79): CodeIgniter\CodeIgniter->run()
WARNING - 2025-01-23 12:59:08 --> [DEPRECATED] DateTime::__construct(): Passing null to parameter #1 ($datetime) of type string is deprecated in APPPATH/Views/employee_logs_view.php on line 131.
 1 APPPATH/Views/employee_logs_view.php(131): DateTime->__construct(null)
 2 SYSTEMPATH/View/View.php(228): include('/home/u541614220/domains/avhadenterprises.com/public_html/admin/sportzsaga/app/Views/employee_logs_view.php')
 3 SYSTEMPATH/View/View.php(231): CodeIgniter\View\View->CodeIgniter\View\{closure}()
 4 SYSTEMPATH/Common.php(1178): CodeIgniter\View\View->render('employee_logs_view', [], true)
 5 APPPATH/Controllers/Registeredusers.php(491): view('employee_logs_view', [...])
 6 SYSTEMPATH/CodeIgniter.php(943): App\Controllers\Registeredusers->logs()
 7 SYSTEMPATH/CodeIgniter.php(503): CodeIgniter\CodeIgniter->runController(Object(App\Controllers\Registeredusers))
 8 SYSTEMPATH/CodeIgniter.php(361): CodeIgniter\CodeIgniter->handleRequest(null, Object(Config\Cache), false)
 9 FCPATH/index.php(79): CodeIgniter\CodeIgniter->run()
WARNING - 2025-01-23 12:59:08 --> [DEPRECATED] DateTime::__construct(): Passing null to parameter #1 ($datetime) of type string is deprecated in APPPATH/Views/employee_logs_view.php on line 131.
 1 APPPATH/Views/employee_logs_view.php(131): DateTime->__construct(null)
 2 SYSTEMPATH/View/View.php(228): include('/home/u541614220/domains/avhadenterprises.com/public_html/admin/sportzsaga/app/Views/employee_logs_view.php')
 3 SYSTEMPATH/View/View.php(231): CodeIgniter\View\View->CodeIgniter\View\{closure}()
 4 SYSTEMPATH/Common.php(1178): CodeIgniter\View\View->render('employee_logs_view', [], true)
 5 APPPATH/Controllers/Registeredusers.php(491): view('employee_logs_view', [...])
 6 SYSTEMPATH/CodeIgniter.php(943): App\Controllers\Registeredusers->logs()
 7 SYSTEMPATH/CodeIgniter.php(503): CodeIgniter\CodeIgniter->runController(Object(App\Controllers\Registeredusers))
 8 SYSTEMPATH/CodeIgniter.php(361): CodeIgniter\CodeIgniter->handleRequest(null, Object(Config\Cache), false)
 9 FCPATH/index.php(79): CodeIgniter\CodeIgniter->run()
WARNING - 2025-01-23 12:59:08 --> [DEPRECATED] DateTime::__construct(): Passing null to parameter #1 ($datetime) of type string is deprecated in APPPATH/Views/employee_logs_view.php on line 131.
 1 APPPATH/Views/employee_logs_view.php(131): DateTime->__construct(null)
 2 SYSTEMPATH/View/View.php(228): include('/home/u541614220/domains/avhadenterprises.com/public_html/admin/sportzsaga/app/Views/employee_logs_view.php')
 3 SYSTEMPATH/View/View.php(231): CodeIgniter\View\View->CodeIgniter\View\{closure}()
 4 SYSTEMPATH/Common.php(1178): CodeIgniter\View\View->render('employee_logs_view', [], true)
 5 APPPATH/Controllers/Registeredusers.php(491): view('employee_logs_view', [...])
 6 SYSTEMPATH/CodeIgniter.php(943): App\Controllers\Registeredusers->logs()
 7 SYSTEMPATH/CodeIgniter.php(503): CodeIgniter\CodeIgniter->runController(Object(App\Controllers\Registeredusers))
 8 SYSTEMPATH/CodeIgniter.php(361): CodeIgniter\CodeIgniter->handleRequest(null, Object(Config\Cache), false)
 9 FCPATH/index.php(79): CodeIgniter\CodeIgniter->run()
WARNING - 2025-01-23 12:59:08 --> [DEPRECATED] DateTime::__construct(): Passing null to parameter #1 ($datetime) of type string is deprecated in APPPATH/Views/employee_logs_view.php on line 131.
 1 APPPATH/Views/employee_logs_view.php(131): DateTime->__construct(null)
 2 SYSTEMPATH/View/View.php(228): include('/home/u541614220/domains/avhadenterprises.com/public_html/admin/sportzsaga/app/Views/employee_logs_view.php')
 3 SYSTEMPATH/View/View.php(231): CodeIgniter\View\View->CodeIgniter\View\{closure}()
 4 SYSTEMPATH/Common.php(1178): CodeIgniter\View\View->render('employee_logs_view', [], true)
 5 APPPATH/Controllers/Registeredusers.php(491): view('employee_logs_view', [...])
 6 SYSTEMPATH/CodeIgniter.php(943): App\Controllers\Registeredusers->logs()
 7 SYSTEMPATH/CodeIgniter.php(503): CodeIgniter\CodeIgniter->runController(Object(App\Controllers\Registeredusers))
 8 SYSTEMPATH/CodeIgniter.php(361): CodeIgniter\CodeIgniter->handleRequest(null, Object(Config\Cache), false)
 9 FCPATH/index.php(79): CodeIgniter\CodeIgniter->run()
WARNING - 2025-01-23 12:59:08 --> [DEPRECATED] DateTime::__construct(): Passing null to parameter #1 ($datetime) of type string is deprecated in APPPATH/Views/employee_logs_view.php on line 131.
 1 APPPATH/Views/employee_logs_view.php(131): DateTime->__construct(null)
 2 SYSTEMPATH/View/View.php(228): include('/home/u541614220/domains/avhadenterprises.com/public_html/admin/sportzsaga/app/Views/employee_logs_view.php')
 3 SYSTEMPATH/View/View.php(231): CodeIgniter\View\View->CodeIgniter\View\{closure}()
 4 SYSTEMPATH/Common.php(1178): CodeIgniter\View\View->render('employee_logs_view', [], true)
 5 APPPATH/Controllers/Registeredusers.php(491): view('employee_logs_view', [...])
 6 SYSTEMPATH/CodeIgniter.php(943): App\Controllers\Registeredusers->logs()
 7 SYSTEMPATH/CodeIgniter.php(503): CodeIgniter\CodeIgniter->runController(Object(App\Controllers\Registeredusers))
 8 SYSTEMPATH/CodeIgniter.php(361): CodeIgniter\CodeIgniter->handleRequest(null, Object(Config\Cache), false)
 9 FCPATH/index.php(79): CodeIgniter\CodeIgniter->run()
WARNING - 2025-01-23 12:59:08 --> [DEPRECATED] DateTime::__construct(): Passing null to parameter #1 ($datetime) of type string is deprecated in APPPATH/Views/employee_logs_view.php on line 131.
 1 APPPATH/Views/employee_logs_view.php(131): DateTime->__construct(null)
 2 SYSTEMPATH/View/View.php(228): include('/home/u541614220/domains/avhadenterprises.com/public_html/admin/sportzsaga/app/Views/employee_logs_view.php')
 3 SYSTEMPATH/View/View.php(231): CodeIgniter\View\View->CodeIgniter\View\{closure}()
 4 SYSTEMPATH/Common.php(1178): CodeIgniter\View\View->render('employee_logs_view', [], true)
 5 APPPATH/Controllers/Registeredusers.php(491): view('employee_logs_view', [...])
 6 SYSTEMPATH/CodeIgniter.php(943): App\Controllers\Registeredusers->logs()
 7 SYSTEMPATH/CodeIgniter.php(503): CodeIgniter\CodeIgniter->runController(Object(App\Controllers\Registeredusers))
 8 SYSTEMPATH/CodeIgniter.php(361): CodeIgniter\CodeIgniter->handleRequest(null, Object(Config\Cache), false)
 9 FCPATH/index.php(79): CodeIgniter\CodeIgniter->run()
WARNING - 2025-01-23 12:59:08 --> [DEPRECATED] DateTime::__construct(): Passing null to parameter #1 ($datetime) of type string is deprecated in APPPATH/Views/employee_logs_view.php on line 131.
 1 APPPATH/Views/employee_logs_view.php(131): DateTime->__construct(null)
 2 SYSTEMPATH/View/View.php(228): include('/home/u541614220/domains/avhadenterprises.com/public_html/admin/sportzsaga/app/Views/employee_logs_view.php')
 3 SYSTEMPATH/View/View.php(231): CodeIgniter\View\View->CodeIgniter\View\{closure}()
 4 SYSTEMPATH/Common.php(1178): CodeIgniter\View\View->render('employee_logs_view', [], true)
 5 APPPATH/Controllers/Registeredusers.php(491): view('employee_logs_view', [...])
 6 SYSTEMPATH/CodeIgniter.php(943): App\Controllers\Registeredusers->logs()
 7 SYSTEMPATH/CodeIgniter.php(503): CodeIgniter\CodeIgniter->runController(Object(App\Controllers\Registeredusers))
 8 SYSTEMPATH/CodeIgniter.php(361): CodeIgniter\CodeIgniter->handleRequest(null, Object(Config\Cache), false)
 9 FCPATH/index.php(79): CodeIgniter\CodeIgniter->run()
WARNING - 2025-01-23 12:59:08 --> [DEPRECATED] DateTime::__construct(): Passing null to parameter #1 ($datetime) of type string is deprecated in APPPATH/Views/employee_logs_view.php on line 131.
 1 APPPATH/Views/employee_logs_view.php(131): DateTime->__construct(null)
 2 SYSTEMPATH/View/View.php(228): include('/home/u541614220/domains/avhadenterprises.com/public_html/admin/sportzsaga/app/Views/employee_logs_view.php')
 3 SYSTEMPATH/View/View.php(231): CodeIgniter\View\View->CodeIgniter\View\{closure}()
 4 SYSTEMPATH/Common.php(1178): CodeIgniter\View\View->render('employee_logs_view', [], true)
 5 APPPATH/Controllers/Registeredusers.php(491): view('employee_logs_view', [...])
 6 SYSTEMPATH/CodeIgniter.php(943): App\Controllers\Registeredusers->logs()
 7 SYSTEMPATH/CodeIgniter.php(503): CodeIgniter\CodeIgniter->runController(Object(App\Controllers\Registeredusers))
 8 SYSTEMPATH/CodeIgniter.php(361): CodeIgniter\CodeIgniter->handleRequest(null, Object(Config\Cache), false)
 9 FCPATH/index.php(79): CodeIgniter\CodeIgniter->run()
INFO - 2025-01-23 12:59:22 --> Session: Class initialized using 'CodeIgniter\Session\Handlers\FileHandler' driver.
INFO - 2025-01-23 12:59:26 --> Session: Class initialized using 'CodeIgniter\Session\Handlers\FileHandler' driver.
INFO - 2025-01-23 12:59:35 --> Session: Class initialized using 'CodeIgniter\Session\Handlers\FileHandler' driver.
INFO - 2025-01-23 13:00:08 --> Session: Class initialized using 'CodeIgniter\Session\Handlers\FileHandler' driver.
INFO - 2025-01-23 13:00:14 --> Session: Class initialized using 'CodeIgniter\Session\Handlers\FileHandler' driver.
INFO - 2025-01-23 13:00:27 --> Session: Class initialized using 'CodeIgniter\Session\Handlers\FileHandler' driver.
INFO - 2025-01-23 13:00:50 --> Session: Class initialized using 'CodeIgniter\Session\Handlers\FileHandler' driver.
INFO - 2025-01-23 13:00:57 --> Session: Class initialized using 'CodeIgniter\Session\Handlers\FileHandler' driver.
INFO - 2025-01-23 13:06:08 --> Session: Class initialized using 'CodeIgniter\Session\Handlers\FileHandler' driver.
INFO - 2025-01-23 13:06:21 --> Session: Class initialized using 'CodeIgniter\Session\Handlers\FileHandler' driver.
INFO - 2025-01-23 13:06:21 --> Starting fetchEmails method
INFO - 2025-01-23 13:06:21 --> Starting email processing
INFO - 2025-01-23 13:06:22 --> Email processing completed. Processed 0 new emails
INFO - 2025-01-23 13:06:22 --> Fetching email threads
INFO - 2025-01-23 13:06:22 --> Found 6 root emails
INFO - 2025-01-23 13:06:22 --> Processed 6 email threads
INFO - 2025-01-23 13:06:22 --> Retrieved 6 email threads
INFO - 2025-01-23 13:07:22 --> Session: Class initialized using 'CodeIgniter\Session\Handlers\FileHandler' driver.
INFO - 2025-01-23 13:07:52 --> Session: Class initialized using 'CodeIgniter\Session\Handlers\FileHandler' driver.
INFO - 2025-01-23 13:07:52 --> Entering BlueDart management method
INFO - 2025-01-23 13:07:52 --> Fetched all pending shipments
INFO - 2025-01-23 13:07:52 --> Fetched BlueDart orders: 6
INFO - 2025-01-23 13:07:52 --> Rendering BlueDart view
CRITICAL - 2025-01-23 13:07:52 --> CodeIgniter\HTTP\Exceptions\BadRequestException: The URI you submitted has disallowed characters: "shoe-1 (2).webp"
in SYSTEMPATH/Router/Router.php on line 704.
 1 SYSTEMPATH/Router/Router.php(195): CodeIgniter\Router\Router->checkDisallowedChars()
 2 SYSTEMPATH/CodeIgniter.php(825): CodeIgniter\Router\Router->handle()
 3 SYSTEMPATH/CodeIgniter.php(450): CodeIgniter\CodeIgniter->tryToRouteIt()
 4 SYSTEMPATH/CodeIgniter.php(361): CodeIgniter\CodeIgniter->handleRequest()
 5 FCPATH/index.php(79): CodeIgniter\CodeIgniter->run()
INFO - 2025-01-23 13:08:11 --> Session: Class initialized using 'CodeIgniter\Session\Handlers\FileHandler' driver.
INFO - 2025-01-23 13:08:11 --> preparePrintLabels method called
INFO - 2025-01-23 13:08:11 --> Preparing labels for tracking IDs: 50910295800
INFO - 2025-01-23 13:08:11 --> Adding label for tracking ID: 50910295800
INFO - 2025-01-23 13:08:11 --> Merged PDF created with 1 pages
INFO - 2025-01-23 13:09:46 --> Session: Class initialized using 'CodeIgniter\Session\Handlers\FileHandler' driver.
INFO - 2025-01-23 13:09:46 --> Entering BlueDart track method
INFO - 2025-01-23 13:09:46 --> Tracking by order number: #100002-a	
INFO - 2025-01-23 13:09:46 --> No shipments found for the given order
INFO - 2025-01-23 13:10:09 --> Session: Class initialized using 'CodeIgniter\Session\Handlers\FileHandler' driver.
INFO - 2025-01-23 13:10:09 --> Entering BlueDart track method
INFO - 2025-01-23 13:10:09 --> Tracking by order number: #100010-a	
INFO - 2025-01-23 13:10:09 --> No shipments found for the given order
INFO - 2025-01-23 13:10:10 --> Session: Class initialized using 'CodeIgniter\Session\Handlers\FileHandler' driver.
INFO - 2025-01-23 13:10:10 --> Entering BlueDart track method
INFO - 2025-01-23 13:10:10 --> Tracking by order number: #100010-a	
INFO - 2025-01-23 13:10:10 --> No shipments found for the given order
INFO - 2025-01-23 13:10:13 --> Session: Class initialized using 'CodeIgniter\Session\Handlers\FileHandler' driver.
INFO - 2025-01-23 13:10:13 --> Entering BlueDart management method
INFO - 2025-01-23 13:10:13 --> Fetched all pending shipments
INFO - 2025-01-23 13:10:13 --> Fetched BlueDart orders: 6
INFO - 2025-01-23 13:10:13 --> Rendering BlueDart view
CRITICAL - 2025-01-23 13:10:13 --> CodeIgniter\HTTP\Exceptions\BadRequestException: The URI you submitted has disallowed characters: "shoe-1 (2).webp"
in SYSTEMPATH/Router/Router.php on line 704.
 1 SYSTEMPATH/Router/Router.php(195): CodeIgniter\Router\Router->checkDisallowedChars()
 2 SYSTEMPATH/CodeIgniter.php(825): CodeIgniter\Router\Router->handle()
 3 SYSTEMPATH/CodeIgniter.php(450): CodeIgniter\CodeIgniter->tryToRouteIt()
 4 SYSTEMPATH/CodeIgniter.php(361): CodeIgniter\CodeIgniter->handleRequest()
 5 FCPATH/index.php(79): CodeIgniter\CodeIgniter->run()
INFO - 2025-01-23 13:10:33 --> Session: Class initialized using 'CodeIgniter\Session\Handlers\FileHandler' driver.
INFO - 2025-01-23 13:10:33 --> Entering BlueDart track method
INFO - 2025-01-23 13:10:33 --> Tracking by order number: #100001-a
INFO - 2025-01-23 13:10:33 --> Fetching BlueDart tracking details for AWB: 
INFO - 2025-01-23 13:10:33 --> Attempting to generate BlueDart token
INFO - 2025-01-23 13:10:33 --> Token API Response: {"JWTToken":"eyJ0eXAiOiJKV1QiLCJhbGciOiJIUzI1NiJ9.eyJzdWIiOiJzdWJqZWN0LXN1YmplY3QiLCJhdWQiOlsiYXVkaWVuY2UxIiwiYXVkaWVuY2UyIl0sImlzcyI6InVybjpcL1wvYXBpZ2VlLWVkZ2UtSldULXBvbGljeS10ZXN0IiwiZXhwIjoxNzM3NzA0NDM0LCJpYXQiOjE3Mzc2MTgwMzQsImp0aSI6ImM3MTQxYzc2LWZiN2YtNDFjNC1hMGNlLWI0MjkwYzEzZThkYyJ9.SUVLAyRUaPXGChBEkghmwKLOYRU-c6x2Xm1IjN4jW0I"}
INFO - 2025-01-23 13:10:33 --> Token API HTTP Code: 200
INFO - 2025-01-23 13:10:33 --> Token generated successfully
ERROR - 2025-01-23 13:10:34 --> Error in BlueDart tracking: simplexml_load_string(): Entity: line 2: parser error : Start tag expected, '&lt;' not found
INFO - 2025-01-23 13:10:40 --> Session: Class initialized using 'CodeIgniter\Session\Handlers\FileHandler' driver.
INFO - 2025-01-23 13:10:57 --> Session: Class initialized using 'CodeIgniter\Session\Handlers\FileHandler' driver.
INFO - 2025-01-23 13:13:02 --> Session: Class initialized using 'CodeIgniter\Session\Handlers\FileHandler' driver.
INFO - 2025-01-23 13:13:08 --> Session: Class initialized using 'CodeIgniter\Session\Handlers\FileHandler' driver.
INFO - 2025-01-23 13:13:13 --> Session: Class initialized using 'CodeIgniter\Session\Handlers\FileHandler' driver.
INFO - 2025-01-23 13:13:16 --> Session: Class initialized using 'CodeIgniter\Session\Handlers\FileHandler' driver.
INFO - 2025-01-23 13:13:27 --> Session: Class initialized using 'CodeIgniter\Session\Handlers\FileHandler' driver.
INFO - 2025-01-23 13:13:29 --> Session: Class initialized using 'CodeIgniter\Session\Handlers\FileHandler' driver.
INFO - 2025-01-23 13:13:46 --> Session: Class initialized using 'CodeIgniter\Session\Handlers\FileHandler' driver.
INFO - 2025-01-23 13:17:31 --> Session: Class initialized using 'CodeIgniter\Session\Handlers\FileHandler' driver.
INFO - 2025-01-23 13:26:55 --> Session: Class initialized using 'CodeIgniter\Session\Handlers\FileHandler' driver.
INFO - 2025-01-23 14:59:59 --> Session: Class initialized using 'CodeIgniter\Session\Handlers\FileHandler' driver.
INFO - 2025-01-23 15:19:37 --> Session: Class initialized using 'CodeIgniter\Session\Handlers\FileHandler' driver.
INFO - 2025-01-23 18:16:49 --> Session: Class initialized using 'CodeIgniter\Session\Handlers\FileHandler' driver.
INFO - 2025-01-23 18:16:55 --> Session: Class initialized using 'CodeIgniter\Session\Handlers\FileHandler' driver.
INFO - 2025-01-23 18:16:55 --> Session: Class initialized using 'CodeIgniter\Session\Handlers\FileHandler' driver.
INFO - 2025-01-23 18:16:57 --> Session: Class initialized using 'CodeIgniter\Session\Handlers\FileHandler' driver.
INFO - 2025-01-23 18:16:58 --> Session: Class initialized using 'CodeIgniter\Session\Handlers\FileHandler' driver.
INFO - 2025-01-23 18:17:07 --> Session: Class initialized using 'CodeIgniter\Session\Handlers\FileHandler' driver.
INFO - 2025-01-23 18:17:08 --> Session: Class initialized using 'CodeIgniter\Session\Handlers\FileHandler' driver.
