CRITICAL - 2024-04-06 11:03:11 --> CodeIgniter\Exceptions\FrameworkException: The framework needs the following extension(s) installed and loaded: intl.
in SYSTEMPATH\CodeIgniter.php on line 252.
 1 SYSTEMPATH\CodeIgniter.php(252): CodeIgniter\Exceptions\FrameworkException::forMissingExtension('intl')
 2 SYSTEMPATH\CodeIgniter.php(214): CodeIgniter\CodeIgniter->resolvePlatformExtensions()
 3 FCPATH\index.php(67): CodeIgniter\CodeIgniter->initialize()
CRITICAL - 2024-04-06 11:03:12 --> ErrorException: Uncaught Error: Class "Locale" not found in H:\Xampp\htdocs\driphunter\system\Helpers\number_helper.php:137
Stack trace:
#0 H:\Xampp\htdocs\driphunter\system\Helpers\number_helper.php(56): format_number(4.0, 2, NULL, Array)
#1 H:\Xampp\htdocs\driphunter\system\Debug\BaseExceptionHandler.php(152): number_to_size(4.0, 2)
#2 H:\Xampp\htdocs\driphunter\app\Views\errors\html\error_exception.php(390): CodeIgniter\Debug\BaseExceptionHandler::describeMemory(4194304)
#3 H:\Xampp\htdocs\driphunter\system\Debug\BaseExceptionHandler.php(258): include('H:\\Xampp\\htdocs...')
#4 H:\Xampp\htdocs\driphunter\system\Debug\BaseExceptionHandler.php(261): CodeIgniter\Debug\BaseExceptionHandler->CodeIgniter\Debug\{closure}()
#5 H:\Xampp\htdocs\driphunter\system\Debug\ExceptionHandler.php(112): CodeIgniter\Debug\BaseExceptionHandler->render(Object(CodeIgniter\Exceptions\FrameworkException), 500, 'H:\\Xampp\\htdocs...')
#6 H:\Xampp\htdocs\driphunter\system\Debug\Exceptions.php(156): CodeIgniter\Debug\ExceptionHandler->handle(Object(CodeIgniter\Exceptions\FrameworkException), Object(CodeIgniter\HTTP\IncomingRequest), Object(CodeIgniter\HTTP\Response), 500, 1)
#7 [internal function]: CodeIgniter\Debug\Exceptions->exceptionHandler(Object(CodeIgniter\Exceptions\FrameworkException))
#8 {main}
  thrown
ã€Previous Exceptionã€‘
CodeIgniter\Exceptions\FrameworkException
The framework needs the following extension(s) installed and loaded: intl.
#0 H:\Xampp\htdocs\driphunter\system\CodeIgniter.php(252): CodeIgniter\Exceptions\FrameworkException::forMissingExtension('intl')
#1 H:\Xampp\htdocs\driphunter\system\CodeIgniter.php(214): CodeIgniter\CodeIgniter->resolvePlatformExtensions()
#2 H:\Xampp\htdocs\driphunter\public\index.php(67): CodeIgniter\CodeIgniter->initialize()
#3 {main}
in SYSTEMPATH\Helpers\number_helper.php on line 137.
 1 [internal function]: CodeIgniter\Debug\Exceptions->shutdownHandler()
CRITICAL - 2024-04-06 09:24:15 --> CodeIgniter\View\Exceptions\ViewException: Invalid file: "users_view.php"
in SYSTEMPATH\Exceptions\FrameworkException.php on line 39.
 1 SYSTEMPATH\View\View.php(216): CodeIgniter\Exceptions\FrameworkException::forInvalidFile('users_view.php')
 2 SYSTEMPATH\Common.php(1178): CodeIgniter\View\View->render('users_view', [], true)
 3 APPPATH\Controllers\Users.php(9): view('users_view')
 4 SYSTEMPATH\CodeIgniter.php(943): App\Controllers\Users->index()
 5 SYSTEMPATH\CodeIgniter.php(503): CodeIgniter\CodeIgniter->runController(Object(App\Controllers\Users))
 6 SYSTEMPATH\CodeIgniter.php(361): CodeIgniter\CodeIgniter->handleRequest(null, Object(Config\Cache), false)
 7 FCPATH\index.php(79): CodeIgniter\CodeIgniter->run()
CRITICAL - 2024-04-06 12:55:22 --> ErrorException: Undefined property: CodeIgniter\View\View::$load
in APPPATH\Views\dashboard_view.php on line 35.
 1 APPPATH\Views\dashboard_view.php(35): CodeIgniter\Debug\Exceptions->errorHandler(2, 'Undefined property: CodeIgniter\\View\\View::$load', 'H:\\Xampp\\htdocs\\driphunter\\app\\Views\\dashboard_view.php', 35)
 2 SYSTEMPATH\View\View.php(228): include('H:\\Xampp\\htdocs\\driphunter\\app\\Views\\dashboard_view.php')
 3 SYSTEMPATH\View\View.php(231): CodeIgniter\View\View->CodeIgniter\View\{closure}()
 4 SYSTEMPATH\Common.php(1178): CodeIgniter\View\View->render('dashboard_view', [], true)
 5 APPPATH\Controllers\Dashboard.php(9): view('dashboard_view')
 6 SYSTEMPATH\CodeIgniter.php(943): App\Controllers\Dashboard->index()
 7 SYSTEMPATH\CodeIgniter.php(503): CodeIgniter\CodeIgniter->runController(Object(App\Controllers\Dashboard))
 8 SYSTEMPATH\CodeIgniter.php(361): CodeIgniter\CodeIgniter->handleRequest(null, Object(Config\Cache), false)
 9 FCPATH\index.php(79): CodeIgniter\CodeIgniter->run()
