CRITICAL - 2024-07-24 07:10:15 --> ErrorException: Undefined variable $blog
in APPPATH/Views/all_blogs_view.php on line 25.
 1 APPPATH/Views/all_blogs_view.php(25): CodeIgniter\Debug\Exceptions->errorHandler()
 2 SYSTEMPATH/View/View.php(228): include('/home/seotools/newdriphunter_depoly/app/Views/all_blogs_view.php')
 3 SYSTEMPATH/View/View.php(231): CodeIgniter\View\View->CodeIgniter\View\{closure}()
 4 SYSTEMPATH/Common.php(1178): CodeIgniter\View\View->render()
 5 APPPATH/Controllers/Home.php(173): view()
 6 SYSTEMPATH/CodeIgniter.php(943): App\Controllers\Home->allblogs()
 7 SYSTEMPATH/CodeIgniter.php(503): CodeIgniter\CodeIgniter->runController()
 8 SYSTEMPATH/CodeIgniter.php(361): CodeIgniter\CodeIgniter->handleRequest()
 9 FCPATH/index.php(79): CodeIgniter\CodeIgniter->run()
CRITICAL - 2024-07-24 07:10:41 --> ErrorException: Undefined array key "blog_metaurl"
in APPPATH/Views/all_blogs_view.php on line 25.
 1 APPPATH/Views/all_blogs_view.php(25): CodeIgniter\Debug\Exceptions->errorHandler()
 2 SYSTEMPATH/View/View.php(228): include('/home/seotools/newdriphunter_depoly/app/Views/all_blogs_view.php')
 3 SYSTEMPATH/View/View.php(231): CodeIgniter\View\View->CodeIgniter\View\{closure}()
 4 SYSTEMPATH/Common.php(1178): CodeIgniter\View\View->render()
 5 APPPATH/Controllers/Home.php(173): view()
 6 SYSTEMPATH/CodeIgniter.php(943): App\Controllers\Home->allblogs()
 7 SYSTEMPATH/CodeIgniter.php(503): CodeIgniter\CodeIgniter->runController()
 8 SYSTEMPATH/CodeIgniter.php(361): CodeIgniter\CodeIgniter->handleRequest()
 9 FCPATH/index.php(79): CodeIgniter\CodeIgniter->run()
CRITICAL - 2024-07-24 07:29:27 --> ErrorException: Undefined array key 0
in APPPATH/Controllers/Home.php on line 151.
 1 APPPATH/Controllers/Home.php(151): CodeIgniter\Debug\Exceptions->errorHandler()
 2 SYSTEMPATH/CodeIgniter.php(943): App\Controllers\Home->mainblogpage()
 3 SYSTEMPATH/CodeIgniter.php(503): CodeIgniter\CodeIgniter->runController()
 4 SYSTEMPATH/CodeIgniter.php(361): CodeIgniter\CodeIgniter->handleRequest()
 5 FCPATH/index.php(79): CodeIgniter\CodeIgniter->run()
CRITICAL - 2024-07-24 07:30:21 --> TypeError: Cannot access offset of type string on string
in APPPATH/Views/main_blog_page_view.php on line 28.
 1 SYSTEMPATH/View/View.php(228): include()
 2 SYSTEMPATH/View/View.php(231): CodeIgniter\View\View->CodeIgniter\View\{closure}()
 3 SYSTEMPATH/Common.php(1178): CodeIgniter\View\View->render()
 4 APPPATH/Controllers/Home.php(160): view()
 5 SYSTEMPATH/CodeIgniter.php(943): App\Controllers\Home->mainblogpage()
 6 SYSTEMPATH/CodeIgniter.php(503): CodeIgniter\CodeIgniter->runController()
 7 SYSTEMPATH/CodeIgniter.php(361): CodeIgniter\CodeIgniter->handleRequest()
 8 FCPATH/index.php(79): CodeIgniter\CodeIgniter->run()
CRITICAL - 2024-07-24 07:30:55 --> TypeError: Cannot access offset of type string on string
in APPPATH/Views/main_blog_page_view.php on line 28.
 1 SYSTEMPATH/View/View.php(228): include()
 2 SYSTEMPATH/View/View.php(231): CodeIgniter\View\View->CodeIgniter\View\{closure}()
 3 SYSTEMPATH/Common.php(1178): CodeIgniter\View\View->render()
 4 APPPATH/Controllers/Home.php(156): view()
 5 SYSTEMPATH/CodeIgniter.php(943): App\Controllers\Home->mainblogpage()
 6 SYSTEMPATH/CodeIgniter.php(503): CodeIgniter\CodeIgniter->runController()
 7 SYSTEMPATH/CodeIgniter.php(361): CodeIgniter\CodeIgniter->handleRequest()
 8 FCPATH/index.php(79): CodeIgniter\CodeIgniter->run()
CRITICAL - 2024-07-24 07:35:23 --> ErrorException: Undefined variable $posts
in APPPATH/Views/main_blog_page_view.php on line 46.
 1 APPPATH/Views/main_blog_page_view.php(46): CodeIgniter\Debug\Exceptions->errorHandler()
 2 SYSTEMPATH/View/View.php(228): include('/home/seotools/newdriphunter_depoly/app/Views/main_blog_page_view.php')
 3 SYSTEMPATH/View/View.php(231): CodeIgniter\View\View->CodeIgniter\View\{closure}()
 4 SYSTEMPATH/Common.php(1178): CodeIgniter\View\View->render()
 5 APPPATH/Controllers/Home.php(160): view()
 6 SYSTEMPATH/CodeIgniter.php(943): App\Controllers\Home->mainblogpage()
 7 SYSTEMPATH/CodeIgniter.php(503): CodeIgniter\CodeIgniter->runController()
 8 SYSTEMPATH/CodeIgniter.php(361): CodeIgniter\CodeIgniter->handleRequest()
 9 FCPATH/index.php(79): CodeIgniter\CodeIgniter->run()
