INFO - 2024-12-07 09:44:39 --> Session: Class initialized using 'CodeIgniter\Session\Handlers\FileHandler' driver.
INFO - 2024-12-07 09:44:43 --> Session: Class initialized using 'CodeIgniter\Session\Handlers\FileHandler' driver.
INFO - 2024-12-07 09:44:47 --> Session: Class initialized using 'CodeIgniter\Session\Handlers\FileHandler' driver.
INFO - 2024-12-07 09:44:51 --> Session: Class initialized using 'CodeIgniter\Session\Handlers\FileHandler' driver.
INFO - 2024-12-07 09:45:15 --> Session: Class initialized using 'CodeIgniter\Session\Handlers\FileHandler' driver.
INFO - 2024-12-07 09:45:17 --> Session: Class initialized using 'CodeIgniter\Session\Handlers\FileHandler' driver.
INFO - 2024-12-07 09:45:22 --> Session: Class initialized using 'CodeIgniter\Session\Handlers\FileHandler' driver.
INFO - 2024-12-07 09:45:55 --> Session: Class initialized using 'CodeIgniter\Session\Handlers\FileHandler' driver.
INFO - 2024-12-07 09:47:06 --> Session: Class initialized using 'CodeIgniter\Session\Handlers\FileHandler' driver.
INFO - 2024-12-07 09:48:03 --> Session: Class initialized using 'CodeIgniter\Session\Handlers\FileHandler' driver.
INFO - 2024-12-07 09:48:19 --> Session: Class initialized using 'CodeIgniter\Session\Handlers\FileHandler' driver.
INFO - 2024-12-07 09:48:34 --> Session: Class initialized using 'CodeIgniter\Session\Handlers\FileHandler' driver.
INFO - 2024-12-07 09:51:04 --> Session: Class initialized using 'CodeIgniter\Session\Handlers\FileHandler' driver.
INFO - 2024-12-07 09:51:17 --> Session: Class initialized using 'CodeIgniter\Session\Handlers\FileHandler' driver.
INFO - 2024-12-07 09:51:26 --> Session: Class initialized using 'CodeIgniter\Session\Handlers\FileHandler' driver.
INFO - 2024-12-07 09:51:34 --> Session: Class initialized using 'CodeIgniter\Session\Handlers\FileHandler' driver.
INFO - 2024-12-07 10:50:46 --> Session: Class initialized using 'CodeIgniter\Session\Handlers\FileHandler' driver.
INFO - 2024-12-07 11:11:51 --> Session: Class initialized using 'CodeIgniter\Session\Handlers\FileHandler' driver.
INFO - 2024-12-07 11:12:01 --> Session: Class initialized using 'CodeIgniter\Session\Handlers\FileHandler' driver.
INFO - 2024-12-07 11:12:03 --> Session: Class initialized using 'CodeIgniter\Session\Handlers\FileHandler' driver.
INFO - 2024-12-07 11:12:11 --> Session: Class initialized using 'CodeIgniter\Session\Handlers\FileHandler' driver.
INFO - 2024-12-07 11:12:39 --> Session: Class initialized using 'CodeIgniter\Session\Handlers\FileHandler' driver.
INFO - 2024-12-07 11:12:42 --> Session: Class initialized using 'CodeIgniter\Session\Handlers\FileHandler' driver.
INFO - 2024-12-07 11:12:44 --> Session: Class initialized using 'CodeIgniter\Session\Handlers\FileHandler' driver.
INFO - 2024-12-07 11:14:15 --> Session: Class initialized using 'CodeIgniter\Session\Handlers\FileHandler' driver.
INFO - 2024-12-07 11:14:17 --> Session: Class initialized using 'CodeIgniter\Session\Handlers\FileHandler' driver.
INFO - 2024-12-07 11:16:57 --> Session: Class initialized using 'CodeIgniter\Session\Handlers\FileHandler' driver.
INFO - 2024-12-07 11:17:01 --> Session: Class initialized using 'CodeIgniter\Session\Handlers\FileHandler' driver.
INFO - 2024-12-07 11:17:05 --> Session: Class initialized using 'CodeIgniter\Session\Handlers\FileHandler' driver.
INFO - 2024-12-07 11:17:23 --> Session: Class initialized using 'CodeIgniter\Session\Handlers\FileHandler' driver.
INFO - 2024-12-07 11:17:26 --> Session: Class initialized using 'CodeIgniter\Session\Handlers\FileHandler' driver.
INFO - 2024-12-07 11:17:28 --> Session: Class initialized using 'CodeIgniter\Session\Handlers\FileHandler' driver.
INFO - 2024-12-07 11:17:53 --> Session: Class initialized using 'CodeIgniter\Session\Handlers\FileHandler' driver.
INFO - 2024-12-07 11:17:55 --> Session: Class initialized using 'CodeIgniter\Session\Handlers\FileHandler' driver.
INFO - 2024-12-07 11:18:05 --> Session: Class initialized using 'CodeIgniter\Session\Handlers\FileHandler' driver.
INFO - 2024-12-07 11:18:07 --> Session: Class initialized using 'CodeIgniter\Session\Handlers\FileHandler' driver.
INFO - 2024-12-07 11:18:36 --> Session: Class initialized using 'CodeIgniter\Session\Handlers\FileHandler' driver.
INFO - 2024-12-07 11:18:37 --> Session: Class initialized using 'CodeIgniter\Session\Handlers\FileHandler' driver.
INFO - 2024-12-07 11:21:31 --> Session: Class initialized using 'CodeIgniter\Session\Handlers\FileHandler' driver.
INFO - 2024-12-07 11:21:34 --> Session: Class initialized using 'CodeIgniter\Session\Handlers\FileHandler' driver.
INFO - 2024-12-07 11:21:36 --> Session: Class initialized using 'CodeIgniter\Session\Handlers\FileHandler' driver.
INFO - 2024-12-07 11:25:25 --> Session: Class initialized using 'CodeIgniter\Session\Handlers\FileHandler' driver.
INFO - 2024-12-07 11:25:28 --> Session: Class initialized using 'CodeIgniter\Session\Handlers\FileHandler' driver.
INFO - 2024-12-07 11:25:30 --> Session: Class initialized using 'CodeIgniter\Session\Handlers\FileHandler' driver.
INFO - 2024-12-07 11:26:00 --> Session: Class initialized using 'CodeIgniter\Session\Handlers\FileHandler' driver.
INFO - 2024-12-07 11:26:02 --> Session: Class initialized using 'CodeIgniter\Session\Handlers\FileHandler' driver.
INFO - 2024-12-07 11:26:04 --> Session: Class initialized using 'CodeIgniter\Session\Handlers\FileHandler' driver.
INFO - 2024-12-07 11:29:28 --> Session: Class initialized using 'CodeIgniter\Session\Handlers\FileHandler' driver.
INFO - 2024-12-07 11:29:30 --> Session: Class initialized using 'CodeIgniter\Session\Handlers\FileHandler' driver.
INFO - 2024-12-07 11:29:31 --> Session: Class initialized using 'CodeIgniter\Session\Handlers\FileHandler' driver.
INFO - 2024-12-07 11:30:41 --> Session: Class initialized using 'CodeIgniter\Session\Handlers\FileHandler' driver.
INFO - 2024-12-07 11:30:44 --> Session: Class initialized using 'CodeIgniter\Session\Handlers\FileHandler' driver.
INFO - 2024-12-07 11:30:46 --> Session: Class initialized using 'CodeIgniter\Session\Handlers\FileHandler' driver.
INFO - 2024-12-07 11:39:48 --> Session: Class initialized using 'CodeIgniter\Session\Handlers\FileHandler' driver.
INFO - 2024-12-07 11:39:50 --> Session: Class initialized using 'CodeIgniter\Session\Handlers\FileHandler' driver.
INFO - 2024-12-07 11:39:52 --> Session: Class initialized using 'CodeIgniter\Session\Handlers\FileHandler' driver.
INFO - 2024-12-07 11:40:32 --> Session: Class initialized using 'CodeIgniter\Session\Handlers\FileHandler' driver.
INFO - 2024-12-07 11:41:02 --> Session: Class initialized using 'CodeIgniter\Session\Handlers\FileHandler' driver.
INFO - 2024-12-07 11:41:03 --> Session: Class initialized using 'CodeIgniter\Session\Handlers\FileHandler' driver.
INFO - 2024-12-07 11:41:05 --> Session: Class initialized using 'CodeIgniter\Session\Handlers\FileHandler' driver.
INFO - 2024-12-07 11:42:57 --> Session: Class initialized using 'CodeIgniter\Session\Handlers\FileHandler' driver.
INFO - 2024-12-07 11:42:58 --> Session: Class initialized using 'CodeIgniter\Session\Handlers\FileHandler' driver.
INFO - 2024-12-07 11:43:00 --> Session: Class initialized using 'CodeIgniter\Session\Handlers\FileHandler' driver.
INFO - 2024-12-07 11:43:15 --> Session: Class initialized using 'CodeIgniter\Session\Handlers\FileHandler' driver.
INFO - 2024-12-07 11:43:18 --> Session: Class initialized using 'CodeIgniter\Session\Handlers\FileHandler' driver.
INFO - 2024-12-07 11:43:19 --> Session: Class initialized using 'CodeIgniter\Session\Handlers\FileHandler' driver.
INFO - 2024-12-07 11:43:31 --> Session: Class initialized using 'CodeIgniter\Session\Handlers\FileHandler' driver.
INFO - 2024-12-07 11:43:33 --> Session: Class initialized using 'CodeIgniter\Session\Handlers\FileHandler' driver.
INFO - 2024-12-07 11:43:37 --> Session: Class initialized using 'CodeIgniter\Session\Handlers\FileHandler' driver.
INFO - 2024-12-07 11:43:39 --> Session: Class initialized using 'CodeIgniter\Session\Handlers\FileHandler' driver.
INFO - 2024-12-07 11:43:55 --> Session: Class initialized using 'CodeIgniter\Session\Handlers\FileHandler' driver.
INFO - 2024-12-07 11:46:22 --> Session: Class initialized using 'CodeIgniter\Session\Handlers\FileHandler' driver.
INFO - 2024-12-07 11:47:42 --> Session: Class initialized using 'CodeIgniter\Session\Handlers\FileHandler' driver.
INFO - 2024-12-07 11:49:06 --> Session: Class initialized using 'CodeIgniter\Session\Handlers\FileHandler' driver.
INFO - 2024-12-07 12:01:37 --> Session: Class initialized using 'CodeIgniter\Session\Handlers\FileHandler' driver.
INFO - 2024-12-07 12:05:32 --> Session: Class initialized using 'CodeIgniter\Session\Handlers\FileHandler' driver.
INFO - 2024-12-07 12:06:10 --> Session: Class initialized using 'CodeIgniter\Session\Handlers\FileHandler' driver.
INFO - 2024-12-07 12:06:58 --> Session: Class initialized using 'CodeIgniter\Session\Handlers\FileHandler' driver.
INFO - 2024-12-07 12:09:21 --> Session: Class initialized using 'CodeIgniter\Session\Handlers\FileHandler' driver.
INFO - 2024-12-07 12:11:13 --> Session: Class initialized using 'CodeIgniter\Session\Handlers\FileHandler' driver.
INFO - 2024-12-07 12:16:35 --> Session: Class initialized using 'CodeIgniter\Session\Handlers\FileHandler' driver.
INFO - 2024-12-07 12:21:15 --> Session: Class initialized using 'CodeIgniter\Session\Handlers\FileHandler' driver.
INFO - 2024-12-07 12:23:17 --> Session: Class initialized using 'CodeIgniter\Session\Handlers\FileHandler' driver.
INFO - 2024-12-07 12:23:27 --> Session: Class initialized using 'CodeIgniter\Session\Handlers\FileHandler' driver.
INFO - 2024-12-07 12:23:40 --> Session: Class initialized using 'CodeIgniter\Session\Handlers\FileHandler' driver.
INFO - 2024-12-07 12:23:50 --> Session: Class initialized using 'CodeIgniter\Session\Handlers\FileHandler' driver.
INFO - 2024-12-07 12:24:15 --> Session: Class initialized using 'CodeIgniter\Session\Handlers\FileHandler' driver.
INFO - 2024-12-07 12:25:12 --> Session: Class initialized using 'CodeIgniter\Session\Handlers\FileHandler' driver.
INFO - 2024-12-07 12:25:14 --> Session: Class initialized using 'CodeIgniter\Session\Handlers\FileHandler' driver.
INFO - 2024-12-07 12:25:17 --> Session: Class initialized using 'CodeIgniter\Session\Handlers\FileHandler' driver.
INFO - 2024-12-07 12:26:03 --> Session: Class initialized using 'CodeIgniter\Session\Handlers\FileHandler' driver.
INFO - 2024-12-07 12:26:48 --> Session: Class initialized using 'CodeIgniter\Session\Handlers\FileHandler' driver.
INFO - 2024-12-07 12:27:45 --> Session: Class initialized using 'CodeIgniter\Session\Handlers\FileHandler' driver.
INFO - 2024-12-07 12:28:01 --> Session: Class initialized using 'CodeIgniter\Session\Handlers\FileHandler' driver.
INFO - 2024-12-07 12:28:22 --> Session: Class initialized using 'CodeIgniter\Session\Handlers\FileHandler' driver.
INFO - 2024-12-07 12:30:24 --> Session: Class initialized using 'CodeIgniter\Session\Handlers\FileHandler' driver.
INFO - 2024-12-07 12:31:10 --> Session: Class initialized using 'CodeIgniter\Session\Handlers\FileHandler' driver.
INFO - 2024-12-07 12:42:24 --> Session: Class initialized using 'CodeIgniter\Session\Handlers\FileHandler' driver.
INFO - 2024-12-07 12:42:34 --> Session: Class initialized using 'CodeIgniter\Session\Handlers\FileHandler' driver.
INFO - 2024-12-07 12:43:05 --> Session: Class initialized using 'CodeIgniter\Session\Handlers\FileHandler' driver.
INFO - 2024-12-07 12:43:10 --> Session: Class initialized using 'CodeIgniter\Session\Handlers\FileHandler' driver.
INFO - 2024-12-07 12:43:24 --> Session: Class initialized using 'CodeIgniter\Session\Handlers\FileHandler' driver.
INFO - 2024-12-07 12:43:27 --> Session: Class initialized using 'CodeIgniter\Session\Handlers\FileHandler' driver.
INFO - 2024-12-07 12:44:23 --> Session: Class initialized using 'CodeIgniter\Session\Handlers\FileHandler' driver.
INFO - 2024-12-07 12:44:30 --> Session: Class initialized using 'CodeIgniter\Session\Handlers\FileHandler' driver.
INFO - 2024-12-07 12:44:32 --> Session: Class initialized using 'CodeIgniter\Session\Handlers\FileHandler' driver.
INFO - 2024-12-07 12:45:28 --> Session: Class initialized using 'CodeIgniter\Session\Handlers\FileHandler' driver.
INFO - 2024-12-07 12:45:37 --> Session: Class initialized using 'CodeIgniter\Session\Handlers\FileHandler' driver.
INFO - 2024-12-07 12:45:38 --> Session: Class initialized using 'CodeIgniter\Session\Handlers\FileHandler' driver.
INFO - 2024-12-07 12:48:00 --> Session: Class initialized using 'CodeIgniter\Session\Handlers\FileHandler' driver.
INFO - 2024-12-07 12:58:12 --> Session: Class initialized using 'CodeIgniter\Session\Handlers\FileHandler' driver.
INFO - 2024-12-07 12:58:23 --> Session: Class initialized using 'CodeIgniter\Session\Handlers\FileHandler' driver.
INFO - 2024-12-07 12:58:57 --> Session: Class initialized using 'CodeIgniter\Session\Handlers\FileHandler' driver.
INFO - 2024-12-07 13:01:54 --> Session: Class initialized using 'CodeIgniter\Session\Handlers\FileHandler' driver.
INFO - 2024-12-07 13:03:16 --> Session: Class initialized using 'CodeIgniter\Session\Handlers\FileHandler' driver.
INFO - 2024-12-07 13:04:05 --> Session: Class initialized using 'CodeIgniter\Session\Handlers\FileHandler' driver.
INFO - 2024-12-07 13:04:53 --> Session: Class initialized using 'CodeIgniter\Session\Handlers\FileHandler' driver.
INFO - 2024-12-07 13:13:17 --> Session: Class initialized using 'CodeIgniter\Session\Handlers\FileHandler' driver.
INFO - 2024-12-07 13:13:46 --> Session: Class initialized using 'CodeIgniter\Session\Handlers\FileHandler' driver.
INFO - 2024-12-07 13:14:31 --> Session: Class initialized using 'CodeIgniter\Session\Handlers\FileHandler' driver.
INFO - 2024-12-07 13:15:44 --> Session: Class initialized using 'CodeIgniter\Session\Handlers\FileHandler' driver.
INFO - 2024-12-07 13:15:58 --> Session: Class initialized using 'CodeIgniter\Session\Handlers\FileHandler' driver.
INFO - 2024-12-07 13:19:18 --> Session: Class initialized using 'CodeIgniter\Session\Handlers\FileHandler' driver.
INFO - 2024-12-07 13:21:56 --> Session: Class initialized using 'CodeIgniter\Session\Handlers\FileHandler' driver.
INFO - 2024-12-07 13:23:24 --> Session: Class initialized using 'CodeIgniter\Session\Handlers\FileHandler' driver.
INFO - 2024-12-07 13:25:26 --> Session: Class initialized using 'CodeIgniter\Session\Handlers\FileHandler' driver.
INFO - 2024-12-07 13:26:06 --> Session: Class initialized using 'CodeIgniter\Session\Handlers\FileHandler' driver.
INFO - 2024-12-07 13:28:48 --> Session: Class initialized using 'CodeIgniter\Session\Handlers\FileHandler' driver.
INFO - 2024-12-07 13:29:54 --> Session: Class initialized using 'CodeIgniter\Session\Handlers\FileHandler' driver.
INFO - 2024-12-07 13:30:54 --> Session: Class initialized using 'CodeIgniter\Session\Handlers\FileHandler' driver.
INFO - 2024-12-07 13:31:08 --> Session: Class initialized using 'CodeIgniter\Session\Handlers\FileHandler' driver.
INFO - 2024-12-07 13:31:14 --> Session: Class initialized using 'CodeIgniter\Session\Handlers\FileHandler' driver.
INFO - 2024-12-07 13:34:29 --> Session: Class initialized using 'CodeIgniter\Session\Handlers\FileHandler' driver.
INFO - 2024-12-07 13:34:43 --> Session: Class initialized using 'CodeIgniter\Session\Handlers\FileHandler' driver.
INFO - 2024-12-07 13:35:06 --> Session: Class initialized using 'CodeIgniter\Session\Handlers\FileHandler' driver.
INFO - 2024-12-07 13:37:23 --> Session: Class initialized using 'CodeIgniter\Session\Handlers\FileHandler' driver.
INFO - 2024-12-07 14:42:15 --> Session: Class initialized using 'CodeIgniter\Session\Handlers\FileHandler' driver.
INFO - 2024-12-07 14:42:15 --> Session: Class initialized using 'CodeIgniter\Session\Handlers\FileHandler' driver.
INFO - 2024-12-07 14:42:19 --> Session: Class initialized using 'CodeIgniter\Session\Handlers\FileHandler' driver.
INFO - 2024-12-07 14:42:20 --> Session: Class initialized using 'CodeIgniter\Session\Handlers\FileHandler' driver.
INFO - 2024-12-07 14:42:25 --> Session: Class initialized using 'CodeIgniter\Session\Handlers\FileHandler' driver.
INFO - 2024-12-07 14:42:28 --> Session: Class initialized using 'CodeIgniter\Session\Handlers\FileHandler' driver.
INFO - 2024-12-07 14:43:00 --> Session: Class initialized using 'CodeIgniter\Session\Handlers\FileHandler' driver.
INFO - 2024-12-07 14:43:04 --> Session: Class initialized using 'CodeIgniter\Session\Handlers\FileHandler' driver.
INFO - 2024-12-07 14:43:27 --> Session: Class initialized using 'CodeIgniter\Session\Handlers\FileHandler' driver.
INFO - 2024-12-07 14:44:22 --> Session: Class initialized using 'CodeIgniter\Session\Handlers\FileHandler' driver.
INFO - 2024-12-07 14:47:20 --> Session: Class initialized using 'CodeIgniter\Session\Handlers\FileHandler' driver.
INFO - 2024-12-07 14:48:34 --> Session: Class initialized using 'CodeIgniter\Session\Handlers\FileHandler' driver.
INFO - 2024-12-07 14:50:23 --> Session: Class initialized using 'CodeIgniter\Session\Handlers\FileHandler' driver.
INFO - 2024-12-07 14:50:34 --> Session: Class initialized using 'CodeIgniter\Session\Handlers\FileHandler' driver.
INFO - 2024-12-07 14:51:26 --> Session: Class initialized using 'CodeIgniter\Session\Handlers\FileHandler' driver.
INFO - 2024-12-07 14:51:56 --> Session: Class initialized using 'CodeIgniter\Session\Handlers\FileHandler' driver.
INFO - 2024-12-07 14:53:06 --> Session: Class initialized using 'CodeIgniter\Session\Handlers\FileHandler' driver.
INFO - 2024-12-07 14:53:26 --> Session: Class initialized using 'CodeIgniter\Session\Handlers\FileHandler' driver.
INFO - 2024-12-07 14:53:51 --> Session: Class initialized using 'CodeIgniter\Session\Handlers\FileHandler' driver.
INFO - 2024-12-07 14:57:07 --> Session: Class initialized using 'CodeIgniter\Session\Handlers\FileHandler' driver.
INFO - 2024-12-07 15:01:01 --> Session: Class initialized using 'CodeIgniter\Session\Handlers\FileHandler' driver.
INFO - 2024-12-07 15:01:24 --> Session: Class initialized using 'CodeIgniter\Session\Handlers\FileHandler' driver.
INFO - 2024-12-07 15:01:39 --> Session: Class initialized using 'CodeIgniter\Session\Handlers\FileHandler' driver.
INFO - 2024-12-07 15:02:13 --> Session: Class initialized using 'CodeIgniter\Session\Handlers\FileHandler' driver.
INFO - 2024-12-07 15:02:56 --> Session: Class initialized using 'CodeIgniter\Session\Handlers\FileHandler' driver.
INFO - 2024-12-07 15:03:11 --> Session: Class initialized using 'CodeIgniter\Session\Handlers\FileHandler' driver.
INFO - 2024-12-07 15:05:09 --> Session: Class initialized using 'CodeIgniter\Session\Handlers\FileHandler' driver.
INFO - 2024-12-07 15:09:02 --> Session: Class initialized using 'CodeIgniter\Session\Handlers\FileHandler' driver.
INFO - 2024-12-07 15:12:27 --> Session: Class initialized using 'CodeIgniter\Session\Handlers\FileHandler' driver.
INFO - 2024-12-07 15:13:31 --> Session: Class initialized using 'CodeIgniter\Session\Handlers\FileHandler' driver.
INFO - 2024-12-07 15:15:07 --> Session: Class initialized using 'CodeIgniter\Session\Handlers\FileHandler' driver.
INFO - 2024-12-07 15:15:16 --> Session: Class initialized using 'CodeIgniter\Session\Handlers\FileHandler' driver.
INFO - 2024-12-07 15:21:46 --> Session: Class initialized using 'CodeIgniter\Session\Handlers\FileHandler' driver.
INFO - 2024-12-07 15:22:00 --> Session: Class initialized using 'CodeIgniter\Session\Handlers\FileHandler' driver.
INFO - 2024-12-07 15:22:15 --> Session: Class initialized using 'CodeIgniter\Session\Handlers\FileHandler' driver.
INFO - 2024-12-07 15:23:00 --> Session: Class initialized using 'CodeIgniter\Session\Handlers\FileHandler' driver.
INFO - 2024-12-07 15:24:02 --> Session: Class initialized using 'CodeIgniter\Session\Handlers\FileHandler' driver.
INFO - 2024-12-07 15:24:42 --> Session: Class initialized using 'CodeIgniter\Session\Handlers\FileHandler' driver.
INFO - 2024-12-07 15:25:03 --> Session: Class initialized using 'CodeIgniter\Session\Handlers\FileHandler' driver.
INFO - 2024-12-07 15:26:30 --> Session: Class initialized using 'CodeIgniter\Session\Handlers\FileHandler' driver.
INFO - 2024-12-07 15:30:44 --> Session: Class initialized using 'CodeIgniter\Session\Handlers\FileHandler' driver.
INFO - 2024-12-07 15:36:27 --> Session: Class initialized using 'CodeIgniter\Session\Handlers\FileHandler' driver.
INFO - 2024-12-07 15:38:58 --> Session: Class initialized using 'CodeIgniter\Session\Handlers\FileHandler' driver.
INFO - 2024-12-07 15:39:43 --> Session: Class initialized using 'CodeIgniter\Session\Handlers\FileHandler' driver.
INFO - 2024-12-07 15:39:57 --> Session: Class initialized using 'CodeIgniter\Session\Handlers\FileHandler' driver.
INFO - 2024-12-07 15:40:03 --> Session: Class initialized using 'CodeIgniter\Session\Handlers\FileHandler' driver.
INFO - 2024-12-07 15:42:37 --> Session: Class initialized using 'CodeIgniter\Session\Handlers\FileHandler' driver.
INFO - 2024-12-07 15:53:45 --> Session: Class initialized using 'CodeIgniter\Session\Handlers\FileHandler' driver.
INFO - 2024-12-07 15:54:06 --> Session: Class initialized using 'CodeIgniter\Session\Handlers\FileHandler' driver.
INFO - 2024-12-07 16:02:48 --> Session: Class initialized using 'CodeIgniter\Session\Handlers\FileHandler' driver.
INFO - 2024-12-07 16:03:06 --> Session: Class initialized using 'CodeIgniter\Session\Handlers\FileHandler' driver.
INFO - 2024-12-07 16:18:18 --> Session: Class initialized using 'CodeIgniter\Session\Handlers\FileHandler' driver.
INFO - 2024-12-07 16:20:21 --> Session: Class initialized using 'CodeIgniter\Session\Handlers\FileHandler' driver.
INFO - 2024-12-07 16:20:51 --> Session: Class initialized using 'CodeIgniter\Session\Handlers\FileHandler' driver.
INFO - 2024-12-07 16:21:01 --> Session: Class initialized using 'CodeIgniter\Session\Handlers\FileHandler' driver.
INFO - 2024-12-07 16:21:13 --> Session: Class initialized using 'CodeIgniter\Session\Handlers\FileHandler' driver.
INFO - 2024-12-07 16:21:29 --> Session: Class initialized using 'CodeIgniter\Session\Handlers\FileHandler' driver.
INFO - 2024-12-07 16:21:55 --> Session: Class initialized using 'CodeIgniter\Session\Handlers\FileHandler' driver.
INFO - 2024-12-07 16:22:16 --> Session: Class initialized using 'CodeIgniter\Session\Handlers\FileHandler' driver.
INFO - 2024-12-07 16:22:27 --> Session: Class initialized using 'CodeIgniter\Session\Handlers\FileHandler' driver.
INFO - 2024-12-07 16:23:41 --> Session: Class initialized using 'CodeIgniter\Session\Handlers\FileHandler' driver.
INFO - 2024-12-07 16:24:25 --> Session: Class initialized using 'CodeIgniter\Session\Handlers\FileHandler' driver.
INFO - 2024-12-07 16:39:48 --> Session: Class initialized using 'CodeIgniter\Session\Handlers\FileHandler' driver.
INFO - 2024-12-07 16:40:24 --> Session: Class initialized using 'CodeIgniter\Session\Handlers\FileHandler' driver.
INFO - 2024-12-07 16:46:43 --> Session: Class initialized using 'CodeIgniter\Session\Handlers\FileHandler' driver.
INFO - 2024-12-07 16:47:53 --> Session: Class initialized using 'CodeIgniter\Session\Handlers\FileHandler' driver.
INFO - 2024-12-07 16:48:25 --> Session: Class initialized using 'CodeIgniter\Session\Handlers\FileHandler' driver.
INFO - 2024-12-07 16:50:19 --> Session: Class initialized using 'CodeIgniter\Session\Handlers\FileHandler' driver.
INFO - 2024-12-07 16:52:58 --> Session: Class initialized using 'CodeIgniter\Session\Handlers\FileHandler' driver.
INFO - 2024-12-07 16:56:10 --> Session: Class initialized using 'CodeIgniter\Session\Handlers\FileHandler' driver.
INFO - 2024-12-07 17:00:28 --> Session: Class initialized using 'CodeIgniter\Session\Handlers\FileHandler' driver.
INFO - 2024-12-07 17:02:58 --> Session: Class initialized using 'CodeIgniter\Session\Handlers\FileHandler' driver.
INFO - 2024-12-07 17:04:25 --> Session: Class initialized using 'CodeIgniter\Session\Handlers\FileHandler' driver.
INFO - 2024-12-07 17:06:52 --> Session: Class initialized using 'CodeIgniter\Session\Handlers\FileHandler' driver.
INFO - 2024-12-07 17:06:57 --> Session: Class initialized using 'CodeIgniter\Session\Handlers\FileHandler' driver.
INFO - 2024-12-07 17:06:59 --> Session: Class initialized using 'CodeIgniter\Session\Handlers\FileHandler' driver.
INFO - 2024-12-07 17:07:06 --> Session: Class initialized using 'CodeIgniter\Session\Handlers\FileHandler' driver.
INFO - 2024-12-07 17:09:03 --> Session: Class initialized using 'CodeIgniter\Session\Handlers\FileHandler' driver.
INFO - 2024-12-07 17:22:35 --> Session: Class initialized using 'CodeIgniter\Session\Handlers\FileHandler' driver.
INFO - 2024-12-07 17:23:33 --> Session: Class initialized using 'CodeIgniter\Session\Handlers\FileHandler' driver.
INFO - 2024-12-07 17:26:53 --> Session: Class initialized using 'CodeIgniter\Session\Handlers\FileHandler' driver.
INFO - 2024-12-07 17:31:39 --> Session: Class initialized using 'CodeIgniter\Session\Handlers\FileHandler' driver.
INFO - 2024-12-07 17:31:43 --> Session: Class initialized using 'CodeIgniter\Session\Handlers\FileHandler' driver.
INFO - 2024-12-07 17:31:44 --> Session: Class initialized using 'CodeIgniter\Session\Handlers\FileHandler' driver.
INFO - 2024-12-07 17:31:47 --> Session: Class initialized using 'CodeIgniter\Session\Handlers\FileHandler' driver.
INFO - 2024-12-07 17:31:52 --> Session: Class initialized using 'CodeIgniter\Session\Handlers\FileHandler' driver.
INFO - 2024-12-07 17:31:54 --> Session: Class initialized using 'CodeIgniter\Session\Handlers\FileHandler' driver.
INFO - 2024-12-07 17:36:16 --> Session: Class initialized using 'CodeIgniter\Session\Handlers\FileHandler' driver.
INFO - 2024-12-07 17:37:45 --> Session: Class initialized using 'CodeIgniter\Session\Handlers\FileHandler' driver.
INFO - 2024-12-07 17:38:16 --> Session: Class initialized using 'CodeIgniter\Session\Handlers\FileHandler' driver.
INFO - 2024-12-07 17:39:57 --> Session: Class initialized using 'CodeIgniter\Session\Handlers\FileHandler' driver.
INFO - 2024-12-07 17:39:59 --> Session: Class initialized using 'CodeIgniter\Session\Handlers\FileHandler' driver.
INFO - 2024-12-07 17:44:51 --> Session: Class initialized using 'CodeIgniter\Session\Handlers\FileHandler' driver.
WARNING - 2024-12-07 17:44:58 --> [DEPRECATED] trim(): Passing null to parameter #1 ($string) of type string is deprecated in APPPATH\Controllers\Products.php on line 287.
 1 APPPATH\Controllers\Products.php(287): trim(null)
 2 SYSTEMPATH\CodeIgniter.php(943): App\Controllers\Products->publishProduct()
 3 SYSTEMPATH\CodeIgniter.php(503): CodeIgniter\CodeIgniter->runController(Object(App\Controllers\Products))
 4 SYSTEMPATH\CodeIgniter.php(361): CodeIgniter\CodeIgniter->handleRequest(null, Object(Config\Cache), false)
 5 FCPATH\index.php(79): CodeIgniter\CodeIgniter->run()
WARNING - 2024-12-07 17:44:58 --> [DEPRECATED] trim(): Passing null to parameter #1 ($string) of type string is deprecated in APPPATH\Controllers\Products.php on line 288.
 1 APPPATH\Controllers\Products.php(288): trim(null)
 2 SYSTEMPATH\CodeIgniter.php(943): App\Controllers\Products->publishProduct()
 3 SYSTEMPATH\CodeIgniter.php(503): CodeIgniter\CodeIgniter->runController(Object(App\Controllers\Products))
 4 SYSTEMPATH\CodeIgniter.php(361): CodeIgniter\CodeIgniter->handleRequest(null, Object(Config\Cache), false)
 5 FCPATH\index.php(79): CodeIgniter\CodeIgniter->run()
CRITICAL - 2024-12-07 17:44:58 --> TypeError: implode(): Argument #2 ($array) must be of type ?array, string given
in APPPATH\Controllers\Products.php on line 291.
 1 APPPATH\Controllers\Products.php(291): implode(',', 'Siscaa Champion Fighter,Black Carrom Board')
 2 SYSTEMPATH\CodeIgniter.php(943): App\Controllers\Products->publishProduct()
 3 SYSTEMPATH\CodeIgniter.php(503): CodeIgniter\CodeIgniter->runController(Object(App\Controllers\Products))
 4 SYSTEMPATH\CodeIgniter.php(361): CodeIgniter\CodeIgniter->handleRequest(null, Object(Config\Cache), false)
 5 FCPATH\index.php(79): CodeIgniter\CodeIgniter->run()
INFO - 2024-12-07 17:45:45 --> Session: Class initialized using 'CodeIgniter\Session\Handlers\FileHandler' driver.
WARNING - 2024-12-07 17:45:49 --> [DEPRECATED] trim(): Passing null to parameter #1 ($string) of type string is deprecated in APPPATH\Controllers\Products.php on line 287.
 1 APPPATH\Controllers\Products.php(287): trim(null)
 2 SYSTEMPATH\CodeIgniter.php(943): App\Controllers\Products->publishProduct()
 3 SYSTEMPATH\CodeIgniter.php(503): CodeIgniter\CodeIgniter->runController(Object(App\Controllers\Products))
 4 SYSTEMPATH\CodeIgniter.php(361): CodeIgniter\CodeIgniter->handleRequest(null, Object(Config\Cache), false)
 5 FCPATH\index.php(79): CodeIgniter\CodeIgniter->run()
WARNING - 2024-12-07 17:45:49 --> [DEPRECATED] trim(): Passing null to parameter #1 ($string) of type string is deprecated in APPPATH\Controllers\Products.php on line 288.
 1 APPPATH\Controllers\Products.php(288): trim(null)
 2 SYSTEMPATH\CodeIgniter.php(943): App\Controllers\Products->publishProduct()
 3 SYSTEMPATH\CodeIgniter.php(503): CodeIgniter\CodeIgniter->runController(Object(App\Controllers\Products))
 4 SYSTEMPATH\CodeIgniter.php(361): CodeIgniter\CodeIgniter->handleRequest(null, Object(Config\Cache), false)
 5 FCPATH\index.php(79): CodeIgniter\CodeIgniter->run()
ERROR - 2024-12-07 17:45:49 --> mysqli_sql_exception: Column 'publish_for' cannot be null in C:\xampp\htdocs\sportzsaga\system\Database\MySQLi\Connection.php:306
Stack trace:
#0 C:\xampp\htdocs\sportzsaga\system\Database\MySQLi\Connection.php(306): mysqli->query('INSERT INTO `pr...', 0)
#1 C:\xampp\htdocs\sportzsaga\system\Database\BaseConnection.php(693): CodeIgniter\Database\MySQLi\Connection->execute('INSERT INTO `pr...')
#2 C:\xampp\htdocs\sportzsaga\system\Database\BaseConnection.php(607): CodeIgniter\Database\BaseConnection->simpleQuery('INSERT INTO `pr...')
#3 C:\xampp\htdocs\sportzsaga\system\Database\BaseBuilder.php(2307): CodeIgniter\Database\BaseConnection->query('INSERT INTO `pr...', Array, false)
#4 C:\xampp\htdocs\sportzsaga\app\Models\Products_model.php(150): CodeIgniter\Database\BaseBuilder->insert(Array)
#5 C:\xampp\htdocs\sportzsaga\app\Controllers\Products.php(303): App\Models\Products_model->addnewproduct(Array)
#6 C:\xampp\htdocs\sportzsaga\system\CodeIgniter.php(943): App\Controllers\Products->publishProduct()
#7 C:\xampp\htdocs\sportzsaga\system\CodeIgniter.php(503): CodeIgniter\CodeIgniter->runController(Object(App\Controllers\Products))
#8 C:\xampp\htdocs\sportzsaga\system\CodeIgniter.php(361): CodeIgniter\CodeIgniter->handleRequest(NULL, Object(Config\Cache), false)
#9 C:\xampp\htdocs\sportzsaga\index.php(79): CodeIgniter\CodeIgniter->run()
#10 {main}
CRITICAL - 2024-12-07 17:45:49 --> CodeIgniter\Database\Exceptions\DatabaseException: Column 'publish_for' cannot be null
in SYSTEMPATH\Database\BaseConnection.php on line 647.
 1 SYSTEMPATH\Database\BaseBuilder.php(2307): CodeIgniter\Database\BaseConnection->query('INSERT INTO `products` (`product_title`, `secondary_title`, `product_description`, `product_status`, `cost_price`, `selling_price`, `compare_at_price`, `sku`, `barcode`, `inventory`, `weight`, `product_image`, `tier_1`, `tier_2`, `tier_3`, `tier_4`, `url`, `delist`, `product_tags`, `meta_tag_title`, `meta_tag_description`, `gift_wrap`, `more_images`, `publish_date_and_time`, `end_date_and_time`, `recurrence`, `publish_for`) VALUES (:product_title:, :secondary_title:, :product_description:, :product_status:, :cost_price:, :selling_price:, :compare_at_price:, :sku:, :barcode:, :inventory:, :weight:, :product_image:, :tier_1:, :tier_2:, :tier_3:, :tier_4:, :url:, :delist:, :product_tags:, :meta_tag_title:, :meta_tag_description:, :gift_wrap:, :more_images:, :publish_date_and_time:, :end_date_and_time:, :recurrence:, :publish_for:)', [...], false)
 2 APPPATH\Models\Products_model.php(150): CodeIgniter\Database\BaseBuilder->insert([...])
 3 APPPATH\Controllers\Products.php(303): App\Models\Products_model->addnewproduct([...])
 4 SYSTEMPATH\CodeIgniter.php(943): App\Controllers\Products->publishProduct()
 5 SYSTEMPATH\CodeIgniter.php(503): CodeIgniter\CodeIgniter->runController(Object(App\Controllers\Products))
 6 SYSTEMPATH\CodeIgniter.php(361): CodeIgniter\CodeIgniter->handleRequest(null, Object(Config\Cache), false)
 7 FCPATH\index.php(79): CodeIgniter\CodeIgniter->run()
CRITICAL - 2024-12-07 17:45:49 --> [Caused by] CodeIgniter\Database\Exceptions\DatabaseException: Column 'publish_for' cannot be null
in SYSTEMPATH\Database\MySQLi\Connection.php on line 311.
 1 SYSTEMPATH\Database\BaseConnection.php(693): CodeIgniter\Database\MySQLi\Connection->execute('INSERT INTO `products` (`product_title`, `secondary_title`, `product_description`, `product_status`, `cost_price`, `selling_price`, `compare_at_price`, `sku`, `barcode`, `inventory`, `weight`, `product_image`, `tier_1`, `tier_2`, `tier_3`, `tier_4`, `url`, `delist`, `product_tags`, `meta_tag_title`, `meta_tag_description`, `gift_wrap`, `more_images`, `publish_date_and_time`, `end_date_and_time`, `recurrence`, `publish_for`) VALUES (\'Siscaa Champion Fighter, English Birch Ply Black Carrom Board with Coin and Geni\', \'Black Carrom Board with Coin and Geni\', \'<p><span style=\\"color: rgb(49, 49, 49);\\">siscaa CHAMPION FIGHTER is known for Best Professional Carrom Board for practice, big size wooden Carrom Board at rate. The frame of CHAMPION FIGHTER Carrom Board is rounded to avoid transport damage .The playing surface is 29 X 29 inches with English Birch ply. The Champion Fighter board is made of 20mm ply. One can find high-end superior carrom boards for carrom players, club houses and resorts, national and international tournaments with sturdy and smooth finish. Upto 5-6 rounds of rebounds. This board falls under the fast board category.</span></p><p><br></p><p><span style=\\"color: rgb(49, 49, 49);\\">Package Contains -</span></p><p><br></p><ul><li><span style=\\"color: rgb(49, 49, 49);\\">1 Champion Fighter Carrom Board</span></li><li><span style=\\"color: rgb(49, 49, 49);\\">1 Genius Striker</span></li><li><span style=\\"color: rgb(49, 49, 49);\\">1 Legend Special Edition Coin Set</span></li><li><span style=\\"color: rgb(49, 49, 49);\\">1 ultra powder 30 gm</span></li></ul>\', \'active\', \'16200\', \'10249\', \'5951\', \'DH589562\', \'123456\', \'1000\', \'10 kg\', \'https://storage.googleapis.com/mkv_imagesbackend/products/ss-carom.jpg\', \'52\', \'\', \'\', \'\', \'siscaa-champion-fighter-english-birch-ply-black-carrom-board-with-coin-and-geni\', \'no\', \'Siscaa Champion Fighter,Black Carrom Board\', \'Siscaa Champion Fighter, English Birch Ply Black Carrom Board with Coin and Geni\', \'siscaa CHAMPION FIGHTER is known for Best Professional Carrom Board for practice, big size wooden Carrom Board at rate. Upto 5-6 rounds of rebounds.\', \'no\', \'[\\"https:\\\\/\\\\/storage.googleapis.com\\\\/mkv_imagesbackend\\\\/products\\\\/more_images\\\\/ss-carom-2.jpg\\",\\"https:\\\\/\\\\/storage.googleapis.com\\\\/mkv_imagesbackend\\\\/products\\\\/more_images\\\\/ss-carom-3.jpg\\",\\"https:\\\\/\\\\/storage.googleapis.com\\\\/mkv_imagesbackend\\\\/products\\\\/more_images\\\\/ss-carom-4.jpg\\"]\', \'\', \'\', \'\', NULL)')
 2 SYSTEMPATH\Database\BaseConnection.php(607): CodeIgniter\Database\BaseConnection->simpleQuery('INSERT INTO `products` (`product_title`, `secondary_title`, `product_description`, `product_status`, `cost_price`, `selling_price`, `compare_at_price`, `sku`, `barcode`, `inventory`, `weight`, `product_image`, `tier_1`, `tier_2`, `tier_3`, `tier_4`, `url`, `delist`, `product_tags`, `meta_tag_title`, `meta_tag_description`, `gift_wrap`, `more_images`, `publish_date_and_time`, `end_date_and_time`, `recurrence`, `publish_for`) VALUES (\'Siscaa Champion Fighter, English Birch Ply Black Carrom Board with Coin and Geni\', \'Black Carrom Board with Coin and Geni\', \'<p><span style=\\"color: rgb(49, 49, 49);\\">siscaa CHAMPION FIGHTER is known for Best Professional Carrom Board for practice, big size wooden Carrom Board at rate. The frame of CHAMPION FIGHTER Carrom Board is rounded to avoid transport damage .The playing surface is 29 X 29 inches with English Birch ply. The Champion Fighter board is made of 20mm ply. One can find high-end superior carrom boards for carrom players, club houses and resorts, national and international tournaments with sturdy and smooth finish. Upto 5-6 rounds of rebounds. This board falls under the fast board category.</span></p><p><br></p><p><span style=\\"color: rgb(49, 49, 49);\\">Package Contains -</span></p><p><br></p><ul><li><span style=\\"color: rgb(49, 49, 49);\\">1 Champion Fighter Carrom Board</span></li><li><span style=\\"color: rgb(49, 49, 49);\\">1 Genius Striker</span></li><li><span style=\\"color: rgb(49, 49, 49);\\">1 Legend Special Edition Coin Set</span></li><li><span style=\\"color: rgb(49, 49, 49);\\">1 ultra powder 30 gm</span></li></ul>\', \'active\', \'16200\', \'10249\', \'5951\', \'DH589562\', \'123456\', \'1000\', \'10 kg\', \'https://storage.googleapis.com/mkv_imagesbackend/products/ss-carom.jpg\', \'52\', \'\', \'\', \'\', \'siscaa-champion-fighter-english-birch-ply-black-carrom-board-with-coin-and-geni\', \'no\', \'Siscaa Champion Fighter,Black Carrom Board\', \'Siscaa Champion Fighter, English Birch Ply Black Carrom Board with Coin and Geni\', \'siscaa CHAMPION FIGHTER is known for Best Professional Carrom Board for practice, big size wooden Carrom Board at rate. Upto 5-6 rounds of rebounds.\', \'no\', \'[\\"https:\\\\/\\\\/storage.googleapis.com\\\\/mkv_imagesbackend\\\\/products\\\\/more_images\\\\/ss-carom-2.jpg\\",\\"https:\\\\/\\\\/storage.googleapis.com\\\\/mkv_imagesbackend\\\\/products\\\\/more_images\\\\/ss-carom-3.jpg\\",\\"https:\\\\/\\\\/storage.googleapis.com\\\\/mkv_imagesbackend\\\\/products\\\\/more_images\\\\/ss-carom-4.jpg\\"]\', \'\', \'\', \'\', NULL)')
 3 SYSTEMPATH\Database\BaseBuilder.php(2307): CodeIgniter\Database\BaseConnection->query('INSERT INTO `products` (`product_title`, `secondary_title`, `product_description`, `product_status`, `cost_price`, `selling_price`, `compare_at_price`, `sku`, `barcode`, `inventory`, `weight`, `product_image`, `tier_1`, `tier_2`, `tier_3`, `tier_4`, `url`, `delist`, `product_tags`, `meta_tag_title`, `meta_tag_description`, `gift_wrap`, `more_images`, `publish_date_and_time`, `end_date_and_time`, `recurrence`, `publish_for`) VALUES (:product_title:, :secondary_title:, :product_description:, :product_status:, :cost_price:, :selling_price:, :compare_at_price:, :sku:, :barcode:, :inventory:, :weight:, :product_image:, :tier_1:, :tier_2:, :tier_3:, :tier_4:, :url:, :delist:, :product_tags:, :meta_tag_title:, :meta_tag_description:, :gift_wrap:, :more_images:, :publish_date_and_time:, :end_date_and_time:, :recurrence:, :publish_for:)', [...], false)
 4 APPPATH\Models\Products_model.php(150): CodeIgniter\Database\BaseBuilder->insert([...])
 5 APPPATH\Controllers\Products.php(303): App\Models\Products_model->addnewproduct([...])
 6 SYSTEMPATH\CodeIgniter.php(943): App\Controllers\Products->publishProduct()
 7 SYSTEMPATH\CodeIgniter.php(503): CodeIgniter\CodeIgniter->runController(Object(App\Controllers\Products))
 8 SYSTEMPATH\CodeIgniter.php(361): CodeIgniter\CodeIgniter->handleRequest(null, Object(Config\Cache), false)
 9 FCPATH\index.php(79): CodeIgniter\CodeIgniter->run()
CRITICAL - 2024-12-07 17:45:49 --> [Caused by] mysqli_sql_exception: Column 'publish_for' cannot be null
in SYSTEMPATH\Database\MySQLi\Connection.php on line 306.
 1 SYSTEMPATH\Database\MySQLi\Connection.php(306): mysqli->query('INSERT INTO `products` (`product_title`, `secondary_title`, `product_description`, `product_status`, `cost_price`, `selling_price`, `compare_at_price`, `sku`, `barcode`, `inventory`, `weight`, `product_image`, `tier_1`, `tier_2`, `tier_3`, `tier_4`, `url`, `delist`, `product_tags`, `meta_tag_title`, `meta_tag_description`, `gift_wrap`, `more_images`, `publish_date_and_time`, `end_date_and_time`, `recurrence`, `publish_for`) VALUES (\'Siscaa Champion Fighter, English Birch Ply Black Carrom Board with Coin and Geni\', \'Black Carrom Board with Coin and Geni\', \'<p><span style=\\"color: rgb(49, 49, 49);\\">siscaa CHAMPION FIGHTER is known for Best Professional Carrom Board for practice, big size wooden Carrom Board at rate. The frame of CHAMPION FIGHTER Carrom Board is rounded to avoid transport damage .The playing surface is 29 X 29 inches with English Birch ply. The Champion Fighter board is made of 20mm ply. One can find high-end superior carrom boards for carrom players, club houses and resorts, national and international tournaments with sturdy and smooth finish. Upto 5-6 rounds of rebounds. This board falls under the fast board category.</span></p><p><br></p><p><span style=\\"color: rgb(49, 49, 49);\\">Package Contains -</span></p><p><br></p><ul><li><span style=\\"color: rgb(49, 49, 49);\\">1 Champion Fighter Carrom Board</span></li><li><span style=\\"color: rgb(49, 49, 49);\\">1 Genius Striker</span></li><li><span style=\\"color: rgb(49, 49, 49);\\">1 Legend Special Edition Coin Set</span></li><li><span style=\\"color: rgb(49, 49, 49);\\">1 ultra powder 30 gm</span></li></ul>\', \'active\', \'16200\', \'10249\', \'5951\', \'DH589562\', \'123456\', \'1000\', \'10 kg\', \'https://storage.googleapis.com/mkv_imagesbackend/products/ss-carom.jpg\', \'52\', \'\', \'\', \'\', \'siscaa-champion-fighter-english-birch-ply-black-carrom-board-with-coin-and-geni\', \'no\', \'Siscaa Champion Fighter,Black Carrom Board\', \'Siscaa Champion Fighter, English Birch Ply Black Carrom Board with Coin and Geni\', \'siscaa CHAMPION FIGHTER is known for Best Professional Carrom Board for practice, big size wooden Carrom Board at rate. Upto 5-6 rounds of rebounds.\', \'no\', \'[\\"https:\\\\/\\\\/storage.googleapis.com\\\\/mkv_imagesbackend\\\\/products\\\\/more_images\\\\/ss-carom-2.jpg\\",\\"https:\\\\/\\\\/storage.googleapis.com\\\\/mkv_imagesbackend\\\\/products\\\\/more_images\\\\/ss-carom-3.jpg\\",\\"https:\\\\/\\\\/storage.googleapis.com\\\\/mkv_imagesbackend\\\\/products\\\\/more_images\\\\/ss-carom-4.jpg\\"]\', \'\', \'\', \'\', NULL)', 0)
 2 SYSTEMPATH\Database\BaseConnection.php(693): CodeIgniter\Database\MySQLi\Connection->execute('INSERT INTO `products` (`product_title`, `secondary_title`, `product_description`, `product_status`, `cost_price`, `selling_price`, `compare_at_price`, `sku`, `barcode`, `inventory`, `weight`, `product_image`, `tier_1`, `tier_2`, `tier_3`, `tier_4`, `url`, `delist`, `product_tags`, `meta_tag_title`, `meta_tag_description`, `gift_wrap`, `more_images`, `publish_date_and_time`, `end_date_and_time`, `recurrence`, `publish_for`) VALUES (\'Siscaa Champion Fighter, English Birch Ply Black Carrom Board with Coin and Geni\', \'Black Carrom Board with Coin and Geni\', \'<p><span style=\\"color: rgb(49, 49, 49);\\">siscaa CHAMPION FIGHTER is known for Best Professional Carrom Board for practice, big size wooden Carrom Board at rate. The frame of CHAMPION FIGHTER Carrom Board is rounded to avoid transport damage .The playing surface is 29 X 29 inches with English Birch ply. The Champion Fighter board is made of 20mm ply. One can find high-end superior carrom boards for carrom players, club houses and resorts, national and international tournaments with sturdy and smooth finish. Upto 5-6 rounds of rebounds. This board falls under the fast board category.</span></p><p><br></p><p><span style=\\"color: rgb(49, 49, 49);\\">Package Contains -</span></p><p><br></p><ul><li><span style=\\"color: rgb(49, 49, 49);\\">1 Champion Fighter Carrom Board</span></li><li><span style=\\"color: rgb(49, 49, 49);\\">1 Genius Striker</span></li><li><span style=\\"color: rgb(49, 49, 49);\\">1 Legend Special Edition Coin Set</span></li><li><span style=\\"color: rgb(49, 49, 49);\\">1 ultra powder 30 gm</span></li></ul>\', \'active\', \'16200\', \'10249\', \'5951\', \'DH589562\', \'123456\', \'1000\', \'10 kg\', \'https://storage.googleapis.com/mkv_imagesbackend/products/ss-carom.jpg\', \'52\', \'\', \'\', \'\', \'siscaa-champion-fighter-english-birch-ply-black-carrom-board-with-coin-and-geni\', \'no\', \'Siscaa Champion Fighter,Black Carrom Board\', \'Siscaa Champion Fighter, English Birch Ply Black Carrom Board with Coin and Geni\', \'siscaa CHAMPION FIGHTER is known for Best Professional Carrom Board for practice, big size wooden Carrom Board at rate. Upto 5-6 rounds of rebounds.\', \'no\', \'[\\"https:\\\\/\\\\/storage.googleapis.com\\\\/mkv_imagesbackend\\\\/products\\\\/more_images\\\\/ss-carom-2.jpg\\",\\"https:\\\\/\\\\/storage.googleapis.com\\\\/mkv_imagesbackend\\\\/products\\\\/more_images\\\\/ss-carom-3.jpg\\",\\"https:\\\\/\\\\/storage.googleapis.com\\\\/mkv_imagesbackend\\\\/products\\\\/more_images\\\\/ss-carom-4.jpg\\"]\', \'\', \'\', \'\', NULL)')
 3 SYSTEMPATH\Database\BaseConnection.php(607): CodeIgniter\Database\BaseConnection->simpleQuery('INSERT INTO `products` (`product_title`, `secondary_title`, `product_description`, `product_status`, `cost_price`, `selling_price`, `compare_at_price`, `sku`, `barcode`, `inventory`, `weight`, `product_image`, `tier_1`, `tier_2`, `tier_3`, `tier_4`, `url`, `delist`, `product_tags`, `meta_tag_title`, `meta_tag_description`, `gift_wrap`, `more_images`, `publish_date_and_time`, `end_date_and_time`, `recurrence`, `publish_for`) VALUES (\'Siscaa Champion Fighter, English Birch Ply Black Carrom Board with Coin and Geni\', \'Black Carrom Board with Coin and Geni\', \'<p><span style=\\"color: rgb(49, 49, 49);\\">siscaa CHAMPION FIGHTER is known for Best Professional Carrom Board for practice, big size wooden Carrom Board at rate. The frame of CHAMPION FIGHTER Carrom Board is rounded to avoid transport damage .The playing surface is 29 X 29 inches with English Birch ply. The Champion Fighter board is made of 20mm ply. One can find high-end superior carrom boards for carrom players, club houses and resorts, national and international tournaments with sturdy and smooth finish. Upto 5-6 rounds of rebounds. This board falls under the fast board category.</span></p><p><br></p><p><span style=\\"color: rgb(49, 49, 49);\\">Package Contains -</span></p><p><br></p><ul><li><span style=\\"color: rgb(49, 49, 49);\\">1 Champion Fighter Carrom Board</span></li><li><span style=\\"color: rgb(49, 49, 49);\\">1 Genius Striker</span></li><li><span style=\\"color: rgb(49, 49, 49);\\">1 Legend Special Edition Coin Set</span></li><li><span style=\\"color: rgb(49, 49, 49);\\">1 ultra powder 30 gm</span></li></ul>\', \'active\', \'16200\', \'10249\', \'5951\', \'DH589562\', \'123456\', \'1000\', \'10 kg\', \'https://storage.googleapis.com/mkv_imagesbackend/products/ss-carom.jpg\', \'52\', \'\', \'\', \'\', \'siscaa-champion-fighter-english-birch-ply-black-carrom-board-with-coin-and-geni\', \'no\', \'Siscaa Champion Fighter,Black Carrom Board\', \'Siscaa Champion Fighter, English Birch Ply Black Carrom Board with Coin and Geni\', \'siscaa CHAMPION FIGHTER is known for Best Professional Carrom Board for practice, big size wooden Carrom Board at rate. Upto 5-6 rounds of rebounds.\', \'no\', \'[\\"https:\\\\/\\\\/storage.googleapis.com\\\\/mkv_imagesbackend\\\\/products\\\\/more_images\\\\/ss-carom-2.jpg\\",\\"https:\\\\/\\\\/storage.googleapis.com\\\\/mkv_imagesbackend\\\\/products\\\\/more_images\\\\/ss-carom-3.jpg\\",\\"https:\\\\/\\\\/storage.googleapis.com\\\\/mkv_imagesbackend\\\\/products\\\\/more_images\\\\/ss-carom-4.jpg\\"]\', \'\', \'\', \'\', NULL)')
 4 SYSTEMPATH\Database\BaseBuilder.php(2307): CodeIgniter\Database\BaseConnection->query('INSERT INTO `products` (`product_title`, `secondary_title`, `product_description`, `product_status`, `cost_price`, `selling_price`, `compare_at_price`, `sku`, `barcode`, `inventory`, `weight`, `product_image`, `tier_1`, `tier_2`, `tier_3`, `tier_4`, `url`, `delist`, `product_tags`, `meta_tag_title`, `meta_tag_description`, `gift_wrap`, `more_images`, `publish_date_and_time`, `end_date_and_time`, `recurrence`, `publish_for`) VALUES (:product_title:, :secondary_title:, :product_description:, :product_status:, :cost_price:, :selling_price:, :compare_at_price:, :sku:, :barcode:, :inventory:, :weight:, :product_image:, :tier_1:, :tier_2:, :tier_3:, :tier_4:, :url:, :delist:, :product_tags:, :meta_tag_title:, :meta_tag_description:, :gift_wrap:, :more_images:, :publish_date_and_time:, :end_date_and_time:, :recurrence:, :publish_for:)', [...], false)
 5 APPPATH\Models\Products_model.php(150): CodeIgniter\Database\BaseBuilder->insert([...])
 6 APPPATH\Controllers\Products.php(303): App\Models\Products_model->addnewproduct([...])
 7 SYSTEMPATH\CodeIgniter.php(943): App\Controllers\Products->publishProduct()
 8 SYSTEMPATH\CodeIgniter.php(503): CodeIgniter\CodeIgniter->runController(Object(App\Controllers\Products))
 9 SYSTEMPATH\CodeIgniter.php(361): CodeIgniter\CodeIgniter->handleRequest(null, Object(Config\Cache), false)
10 FCPATH\index.php(79): CodeIgniter\CodeIgniter->run()
INFO - 2024-12-07 17:46:22 --> Session: Class initialized using 'CodeIgniter\Session\Handlers\FileHandler' driver.
WARNING - 2024-12-07 17:46:26 --> [DEPRECATED] trim(): Passing null to parameter #1 ($string) of type string is deprecated in APPPATH\Controllers\Products.php on line 287.
 1 APPPATH\Controllers\Products.php(287): trim(null)
 2 SYSTEMPATH\CodeIgniter.php(943): App\Controllers\Products->publishProduct()
 3 SYSTEMPATH\CodeIgniter.php(503): CodeIgniter\CodeIgniter->runController(Object(App\Controllers\Products))
 4 SYSTEMPATH\CodeIgniter.php(361): CodeIgniter\CodeIgniter->handleRequest(null, Object(Config\Cache), false)
 5 FCPATH\index.php(79): CodeIgniter\CodeIgniter->run()
WARNING - 2024-12-07 17:46:26 --> [DEPRECATED] trim(): Passing null to parameter #1 ($string) of type string is deprecated in APPPATH\Controllers\Products.php on line 288.
 1 APPPATH\Controllers\Products.php(288): trim(null)
 2 SYSTEMPATH\CodeIgniter.php(943): App\Controllers\Products->publishProduct()
 3 SYSTEMPATH\CodeIgniter.php(503): CodeIgniter\CodeIgniter->runController(Object(App\Controllers\Products))
 4 SYSTEMPATH\CodeIgniter.php(361): CodeIgniter\CodeIgniter->handleRequest(null, Object(Config\Cache), false)
 5 FCPATH\index.php(79): CodeIgniter\CodeIgniter->run()
INFO - 2024-12-07 17:46:26 --> Session: Class initialized using 'CodeIgniter\Session\Handlers\FileHandler' driver.
INFO - 2024-12-07 17:47:36 --> Session: Class initialized using 'CodeIgniter\Session\Handlers\FileHandler' driver.
INFO - 2024-12-07 17:47:41 --> Session: Class initialized using 'CodeIgniter\Session\Handlers\FileHandler' driver.
INFO - 2024-12-07 17:52:06 --> Session: Class initialized using 'CodeIgniter\Session\Handlers\FileHandler' driver.
INFO - 2024-12-07 17:52:54 --> Session: Class initialized using 'CodeIgniter\Session\Handlers\FileHandler' driver.
INFO - 2024-12-07 17:55:03 --> Session: Class initialized using 'CodeIgniter\Session\Handlers\FileHandler' driver.
INFO - 2024-12-07 17:55:05 --> Session: Class initialized using 'CodeIgniter\Session\Handlers\FileHandler' driver.
INFO - 2024-12-07 17:55:46 --> Session: Class initialized using 'CodeIgniter\Session\Handlers\FileHandler' driver.
INFO - 2024-12-07 17:55:53 --> Session: Class initialized using 'CodeIgniter\Session\Handlers\FileHandler' driver.
INFO - 2024-12-07 17:56:30 --> Session: Class initialized using 'CodeIgniter\Session\Handlers\FileHandler' driver.
INFO - 2024-12-07 17:56:30 --> Session: Class initialized using 'CodeIgniter\Session\Handlers\FileHandler' driver.
INFO - 2024-12-07 18:06:13 --> Session: Class initialized using 'CodeIgniter\Session\Handlers\FileHandler' driver.
INFO - 2024-12-07 18:06:15 --> Session: Class initialized using 'CodeIgniter\Session\Handlers\FileHandler' driver.
INFO - 2024-12-07 18:08:11 --> Session: Class initialized using 'CodeIgniter\Session\Handlers\FileHandler' driver.
INFO - 2024-12-07 18:10:00 --> Session: Class initialized using 'CodeIgniter\Session\Handlers\FileHandler' driver.
INFO - 2024-12-07 18:13:57 --> Session: Class initialized using 'CodeIgniter\Session\Handlers\FileHandler' driver.
INFO - 2024-12-07 18:14:08 --> Session: Class initialized using 'CodeIgniter\Session\Handlers\FileHandler' driver.
INFO - 2024-12-07 18:16:20 --> Session: Class initialized using 'CodeIgniter\Session\Handlers\FileHandler' driver.
INFO - 2024-12-07 18:17:22 --> Session: Class initialized using 'CodeIgniter\Session\Handlers\FileHandler' driver.
INFO - 2024-12-07 18:17:34 --> Session: Class initialized using 'CodeIgniter\Session\Handlers\FileHandler' driver.
INFO - 2024-12-07 18:17:58 --> Session: Class initialized using 'CodeIgniter\Session\Handlers\FileHandler' driver.
INFO - 2024-12-07 18:18:14 --> Session: Class initialized using 'CodeIgniter\Session\Handlers\FileHandler' driver.
INFO - 2024-12-07 18:18:31 --> Session: Class initialized using 'CodeIgniter\Session\Handlers\FileHandler' driver.
INFO - 2024-12-07 18:19:16 --> Session: Class initialized using 'CodeIgniter\Session\Handlers\FileHandler' driver.
INFO - 2024-12-07 18:19:27 --> Session: Class initialized using 'CodeIgniter\Session\Handlers\FileHandler' driver.
INFO - 2024-12-07 18:22:05 --> Session: Class initialized using 'CodeIgniter\Session\Handlers\FileHandler' driver.
INFO - 2024-12-07 18:23:12 --> Session: Class initialized using 'CodeIgniter\Session\Handlers\FileHandler' driver.
INFO - 2024-12-07 18:33:38 --> Session: Class initialized using 'CodeIgniter\Session\Handlers\FileHandler' driver.
INFO - 2024-12-07 18:36:18 --> Session: Class initialized using 'CodeIgniter\Session\Handlers\FileHandler' driver.
INFO - 2024-12-07 18:36:28 --> Session: Class initialized using 'CodeIgniter\Session\Handlers\FileHandler' driver.
INFO - 2024-12-07 18:38:19 --> Session: Class initialized using 'CodeIgniter\Session\Handlers\FileHandler' driver.
INFO - 2024-12-07 18:40:22 --> Session: Class initialized using 'CodeIgniter\Session\Handlers\FileHandler' driver.
INFO - 2024-12-07 18:40:34 --> Session: Class initialized using 'CodeIgniter\Session\Handlers\FileHandler' driver.
INFO - 2024-12-07 18:41:01 --> Session: Class initialized using 'CodeIgniter\Session\Handlers\FileHandler' driver.
INFO - 2024-12-07 18:43:43 --> Session: Class initialized using 'CodeIgniter\Session\Handlers\FileHandler' driver.
INFO - 2024-12-07 18:43:55 --> Session: Class initialized using 'CodeIgniter\Session\Handlers\FileHandler' driver.
INFO - 2024-12-07 18:44:08 --> Session: Class initialized using 'CodeIgniter\Session\Handlers\FileHandler' driver.
INFO - 2024-12-07 18:44:21 --> Session: Class initialized using 'CodeIgniter\Session\Handlers\FileHandler' driver.
