CRITICAL - 2024-05-08 07:46:31 --> ErrorException: Undefined property: App\Controllers\Blogs::$load
in APPPATH\Controllers\Blogs.php on line 468.
 1 APPPATH\Controllers\Blogs.php(468): CodeIgniter\Debug\Exceptions->errorHandler(2, 'Undefined property: App\\Controllers\\Blogs::$load', 'H:\\Xampp\\htdocs\\driphunter\\app\\Controllers\\Blogs.php', 468)
 2 SYSTEMPATH\CodeIgniter.php(943): App\Controllers\Blogs->export()
 3 SYSTEMPATH\CodeIgniter.php(503): CodeIgniter\CodeIgniter->runController(Object(App\Controllers\Blogs))
 4 SYSTEMPATH\CodeIgniter.php(361): CodeIgniter\CodeIgniter->handleRequest(null, Object(Config\Cache), false)
 5 FCPATH\index.php(79): CodeIgniter\CodeIgniter->run()
CRITICAL - 2024-05-08 07:47:19 --> ErrorException: Undefined property: App\Controllers\Blogs::$load
in APPPATH\Controllers\Blogs.php on line 468.
 1 APPPATH\Controllers\Blogs.php(468): CodeIgniter\Debug\Exceptions->errorHandler(2, 'Undefined property: App\\Controllers\\Blogs::$load', 'H:\\Xampp\\htdocs\\driphunter\\app\\Controllers\\Blogs.php', 468)
 2 SYSTEMPATH\CodeIgniter.php(943): App\Controllers\Blogs->export()
 3 SYSTEMPATH\CodeIgniter.php(503): CodeIgniter\CodeIgniter->runController(Object(App\Controllers\Blogs))
 4 SYSTEMPATH\CodeIgniter.php(361): CodeIgniter\CodeIgniter->handleRequest(null, Object(Config\Cache), false)
 5 FCPATH\index.php(79): CodeIgniter\CodeIgniter->run()
CRITICAL - 2024-05-08 11:55:14 --> ErrorException: Undefined array key "category"
in APPPATH\Views\blogs_view.php on line 82.
 1 APPPATH\Views\blogs_view.php(82): CodeIgniter\Debug\Exceptions->errorHandler(2, 'Undefined array key "category"', 'H:\\Xampp\\htdocs\\driphunter\\app\\Views\\blogs_view.php', 82)
 2 SYSTEMPATH\View\View.php(228): include('H:\\Xampp\\htdocs\\driphunter\\app\\Views\\blogs_view.php')
 3 SYSTEMPATH\View\View.php(231): CodeIgniter\View\View->CodeIgniter\View\{closure}()
 4 SYSTEMPATH\Common.php(1178): CodeIgniter\View\View->render('blogs_view', [], true)
 5 APPPATH\Controllers\Blogs.php(18): view('blogs_view', [...])
 6 SYSTEMPATH\CodeIgniter.php(943): App\Controllers\Blogs->index()
 7 SYSTEMPATH\CodeIgniter.php(503): CodeIgniter\CodeIgniter->runController(Object(App\Controllers\Blogs))
 8 SYSTEMPATH\CodeIgniter.php(361): CodeIgniter\CodeIgniter->handleRequest(null, Object(Config\Cache), false)
 9 FCPATH\index.php(79): CodeIgniter\CodeIgniter->run()
ERROR - 2024-05-08 15:56:30 --> mysqli_sql_exception: Column 'main_story_content' cannot be null in H:\Xampp\htdocs\driphunter\system\Database\MySQLi\Connection.php:306
Stack trace:
#0 H:\Xampp\htdocs\driphunter\system\Database\MySQLi\Connection.php(306): mysqli->query('INSERT INTO `st...', 0)
#1 H:\Xampp\htdocs\driphunter\system\Database\BaseConnection.php(693): CodeIgniter\Database\MySQLi\Connection->execute('INSERT INTO `st...')
#2 H:\Xampp\htdocs\driphunter\system\Database\BaseConnection.php(607): CodeIgniter\Database\BaseConnection->simpleQuery('INSERT INTO `st...')
#3 H:\Xampp\htdocs\driphunter\system\Database\BaseBuilder.php(2307): CodeIgniter\Database\BaseConnection->query('INSERT INTO `st...', Array, false)
#4 H:\Xampp\htdocs\driphunter\app\Models\blogs_model.php(84): CodeIgniter\Database\BaseBuilder->insert(Array)
#5 H:\Xampp\htdocs\driphunter\app\Controllers\Blogs.php(260): App\Models\Blogs_model->publishmynewstory(Array)
#6 H:\Xampp\htdocs\driphunter\system\CodeIgniter.php(943): App\Controllers\Blogs->publishnewstory()
#7 H:\Xampp\htdocs\driphunter\system\CodeIgniter.php(503): CodeIgniter\CodeIgniter->runController(Object(App\Controllers\Blogs))
#8 H:\Xampp\htdocs\driphunter\system\CodeIgniter.php(361): CodeIgniter\CodeIgniter->handleRequest(NULL, Object(Config\Cache), false)
#9 H:\Xampp\htdocs\driphunter\public\index.php(79): CodeIgniter\CodeIgniter->run()
#10 {main}
CRITICAL - 2024-05-08 15:56:30 --> CodeIgniter\Database\Exceptions\DatabaseException: Column 'main_story_content' cannot be null
in SYSTEMPATH\Database\BaseConnection.php on line 647.
 1 SYSTEMPATH\Database\BaseBuilder.php(2307): CodeIgniter\Database\BaseConnection->query('INSERT INTO `stories` (`user_name`, `main_story_content`, `start_date`, `end_date`, `visibility`) VALUES (:user_name:, :main_story_content:, :start_date:, :end_date:, :visibility:)', [...], false)
 2 APPPATH\Models\blogs_model.php(84): CodeIgniter\Database\BaseBuilder->insert([...])
 3 APPPATH\Controllers\Blogs.php(260): App\Models\Blogs_model->publishmynewstory([...])
 4 SYSTEMPATH\CodeIgniter.php(943): App\Controllers\Blogs->publishnewstory()
 5 SYSTEMPATH\CodeIgniter.php(503): CodeIgniter\CodeIgniter->runController(Object(App\Controllers\Blogs))
 6 SYSTEMPATH\CodeIgniter.php(361): CodeIgniter\CodeIgniter->handleRequest(null, Object(Config\Cache), false)
 7 FCPATH\index.php(79): CodeIgniter\CodeIgniter->run()
CRITICAL - 2024-05-08 15:56:30 --> [Caused by] CodeIgniter\Database\Exceptions\DatabaseException: Column 'main_story_content' cannot be null
in SYSTEMPATH\Database\MySQLi\Connection.php on line 311.
 1 SYSTEMPATH\Database\BaseConnection.php(693): CodeIgniter\Database\MySQLi\Connection->execute('INSERT INTO `stories` (`user_name`, `main_story_content`, `start_date`, `end_date`, `visibility`) VALUES (NULL, NULL, \'2024-05-09\', \'2024-05-10\', NULL)')
 2 SYSTEMPATH\Database\BaseConnection.php(607): CodeIgniter\Database\BaseConnection->simpleQuery('INSERT INTO `stories` (`user_name`, `main_story_content`, `start_date`, `end_date`, `visibility`) VALUES (NULL, NULL, \'2024-05-09\', \'2024-05-10\', NULL)')
 3 SYSTEMPATH\Database\BaseBuilder.php(2307): CodeIgniter\Database\BaseConnection->query('INSERT INTO `stories` (`user_name`, `main_story_content`, `start_date`, `end_date`, `visibility`) VALUES (:user_name:, :main_story_content:, :start_date:, :end_date:, :visibility:)', [...], false)
 4 APPPATH\Models\blogs_model.php(84): CodeIgniter\Database\BaseBuilder->insert([...])
 5 APPPATH\Controllers\Blogs.php(260): App\Models\Blogs_model->publishmynewstory([...])
 6 SYSTEMPATH\CodeIgniter.php(943): App\Controllers\Blogs->publishnewstory()
 7 SYSTEMPATH\CodeIgniter.php(503): CodeIgniter\CodeIgniter->runController(Object(App\Controllers\Blogs))
 8 SYSTEMPATH\CodeIgniter.php(361): CodeIgniter\CodeIgniter->handleRequest(null, Object(Config\Cache), false)
 9 FCPATH\index.php(79): CodeIgniter\CodeIgniter->run()
CRITICAL - 2024-05-08 15:56:30 --> [Caused by] mysqli_sql_exception: Column 'main_story_content' cannot be null
in SYSTEMPATH\Database\MySQLi\Connection.php on line 306.
 1 SYSTEMPATH\Database\MySQLi\Connection.php(306): mysqli->query('INSERT INTO `stories` (`user_name`, `main_story_content`, `start_date`, `end_date`, `visibility`) VALUES (NULL, NULL, \'2024-05-09\', \'2024-05-10\', NULL)', 0)
 2 SYSTEMPATH\Database\BaseConnection.php(693): CodeIgniter\Database\MySQLi\Connection->execute('INSERT INTO `stories` (`user_name`, `main_story_content`, `start_date`, `end_date`, `visibility`) VALUES (NULL, NULL, \'2024-05-09\', \'2024-05-10\', NULL)')
 3 SYSTEMPATH\Database\BaseConnection.php(607): CodeIgniter\Database\BaseConnection->simpleQuery('INSERT INTO `stories` (`user_name`, `main_story_content`, `start_date`, `end_date`, `visibility`) VALUES (NULL, NULL, \'2024-05-09\', \'2024-05-10\', NULL)')
 4 SYSTEMPATH\Database\BaseBuilder.php(2307): CodeIgniter\Database\BaseConnection->query('INSERT INTO `stories` (`user_name`, `main_story_content`, `start_date`, `end_date`, `visibility`) VALUES (:user_name:, :main_story_content:, :start_date:, :end_date:, :visibility:)', [...], false)
 5 APPPATH\Models\blogs_model.php(84): CodeIgniter\Database\BaseBuilder->insert([...])
 6 APPPATH\Controllers\Blogs.php(260): App\Models\Blogs_model->publishmynewstory([...])
 7 SYSTEMPATH\CodeIgniter.php(943): App\Controllers\Blogs->publishnewstory()
 8 SYSTEMPATH\CodeIgniter.php(503): CodeIgniter\CodeIgniter->runController(Object(App\Controllers\Blogs))
 9 SYSTEMPATH\CodeIgniter.php(361): CodeIgniter\CodeIgniter->handleRequest(null, Object(Config\Cache), false)
10 FCPATH\index.php(79): CodeIgniter\CodeIgniter->run()
ERROR - 2024-05-08 15:56:41 --> mysqli_sql_exception: Column 'main_story_content' cannot be null in H:\Xampp\htdocs\driphunter\system\Database\MySQLi\Connection.php:306
Stack trace:
#0 H:\Xampp\htdocs\driphunter\system\Database\MySQLi\Connection.php(306): mysqli->query('INSERT INTO `st...', 0)
#1 H:\Xampp\htdocs\driphunter\system\Database\BaseConnection.php(693): CodeIgniter\Database\MySQLi\Connection->execute('INSERT INTO `st...')
#2 H:\Xampp\htdocs\driphunter\system\Database\BaseConnection.php(607): CodeIgniter\Database\BaseConnection->simpleQuery('INSERT INTO `st...')
#3 H:\Xampp\htdocs\driphunter\system\Database\BaseBuilder.php(2307): CodeIgniter\Database\BaseConnection->query('INSERT INTO `st...', Array, false)
#4 H:\Xampp\htdocs\driphunter\app\Models\blogs_model.php(84): CodeIgniter\Database\BaseBuilder->insert(Array)
#5 H:\Xampp\htdocs\driphunter\app\Controllers\Blogs.php(260): App\Models\Blogs_model->publishmynewstory(Array)
#6 H:\Xampp\htdocs\driphunter\system\CodeIgniter.php(943): App\Controllers\Blogs->publishnewstory()
#7 H:\Xampp\htdocs\driphunter\system\CodeIgniter.php(503): CodeIgniter\CodeIgniter->runController(Object(App\Controllers\Blogs))
#8 H:\Xampp\htdocs\driphunter\system\CodeIgniter.php(361): CodeIgniter\CodeIgniter->handleRequest(NULL, Object(Config\Cache), false)
#9 H:\Xampp\htdocs\driphunter\public\index.php(79): CodeIgniter\CodeIgniter->run()
#10 {main}
CRITICAL - 2024-05-08 15:56:41 --> CodeIgniter\Database\Exceptions\DatabaseException: Column 'main_story_content' cannot be null
in SYSTEMPATH\Database\BaseConnection.php on line 647.
 1 SYSTEMPATH\Database\BaseBuilder.php(2307): CodeIgniter\Database\BaseConnection->query('INSERT INTO `stories` (`user_name`, `main_story_content`, `start_date`, `end_date`, `visibility`) VALUES (:user_name:, :main_story_content:, :start_date:, :end_date:, :visibility:)', [...], false)
 2 APPPATH\Models\blogs_model.php(84): CodeIgniter\Database\BaseBuilder->insert([...])
 3 APPPATH\Controllers\Blogs.php(260): App\Models\Blogs_model->publishmynewstory([...])
 4 SYSTEMPATH\CodeIgniter.php(943): App\Controllers\Blogs->publishnewstory()
 5 SYSTEMPATH\CodeIgniter.php(503): CodeIgniter\CodeIgniter->runController(Object(App\Controllers\Blogs))
 6 SYSTEMPATH\CodeIgniter.php(361): CodeIgniter\CodeIgniter->handleRequest(null, Object(Config\Cache), false)
 7 FCPATH\index.php(79): CodeIgniter\CodeIgniter->run()
CRITICAL - 2024-05-08 15:56:41 --> [Caused by] CodeIgniter\Database\Exceptions\DatabaseException: Column 'main_story_content' cannot be null
in SYSTEMPATH\Database\MySQLi\Connection.php on line 311.
 1 SYSTEMPATH\Database\BaseConnection.php(693): CodeIgniter\Database\MySQLi\Connection->execute('INSERT INTO `stories` (`user_name`, `main_story_content`, `start_date`, `end_date`, `visibility`) VALUES (NULL, NULL, \'2024-05-09\', \'2024-05-10\', NULL)')
 2 SYSTEMPATH\Database\BaseConnection.php(607): CodeIgniter\Database\BaseConnection->simpleQuery('INSERT INTO `stories` (`user_name`, `main_story_content`, `start_date`, `end_date`, `visibility`) VALUES (NULL, NULL, \'2024-05-09\', \'2024-05-10\', NULL)')
 3 SYSTEMPATH\Database\BaseBuilder.php(2307): CodeIgniter\Database\BaseConnection->query('INSERT INTO `stories` (`user_name`, `main_story_content`, `start_date`, `end_date`, `visibility`) VALUES (:user_name:, :main_story_content:, :start_date:, :end_date:, :visibility:)', [...], false)
 4 APPPATH\Models\blogs_model.php(84): CodeIgniter\Database\BaseBuilder->insert([...])
 5 APPPATH\Controllers\Blogs.php(260): App\Models\Blogs_model->publishmynewstory([...])
 6 SYSTEMPATH\CodeIgniter.php(943): App\Controllers\Blogs->publishnewstory()
 7 SYSTEMPATH\CodeIgniter.php(503): CodeIgniter\CodeIgniter->runController(Object(App\Controllers\Blogs))
 8 SYSTEMPATH\CodeIgniter.php(361): CodeIgniter\CodeIgniter->handleRequest(null, Object(Config\Cache), false)
 9 FCPATH\index.php(79): CodeIgniter\CodeIgniter->run()
CRITICAL - 2024-05-08 15:56:41 --> [Caused by] mysqli_sql_exception: Column 'main_story_content' cannot be null
in SYSTEMPATH\Database\MySQLi\Connection.php on line 306.
 1 SYSTEMPATH\Database\MySQLi\Connection.php(306): mysqli->query('INSERT INTO `stories` (`user_name`, `main_story_content`, `start_date`, `end_date`, `visibility`) VALUES (NULL, NULL, \'2024-05-09\', \'2024-05-10\', NULL)', 0)
 2 SYSTEMPATH\Database\BaseConnection.php(693): CodeIgniter\Database\MySQLi\Connection->execute('INSERT INTO `stories` (`user_name`, `main_story_content`, `start_date`, `end_date`, `visibility`) VALUES (NULL, NULL, \'2024-05-09\', \'2024-05-10\', NULL)')
 3 SYSTEMPATH\Database\BaseConnection.php(607): CodeIgniter\Database\BaseConnection->simpleQuery('INSERT INTO `stories` (`user_name`, `main_story_content`, `start_date`, `end_date`, `visibility`) VALUES (NULL, NULL, \'2024-05-09\', \'2024-05-10\', NULL)')
 4 SYSTEMPATH\Database\BaseBuilder.php(2307): CodeIgniter\Database\BaseConnection->query('INSERT INTO `stories` (`user_name`, `main_story_content`, `start_date`, `end_date`, `visibility`) VALUES (:user_name:, :main_story_content:, :start_date:, :end_date:, :visibility:)', [...], false)
 5 APPPATH\Models\blogs_model.php(84): CodeIgniter\Database\BaseBuilder->insert([...])
 6 APPPATH\Controllers\Blogs.php(260): App\Models\Blogs_model->publishmynewstory([...])
 7 SYSTEMPATH\CodeIgniter.php(943): App\Controllers\Blogs->publishnewstory()
 8 SYSTEMPATH\CodeIgniter.php(503): CodeIgniter\CodeIgniter->runController(Object(App\Controllers\Blogs))
 9 SYSTEMPATH\CodeIgniter.php(361): CodeIgniter\CodeIgniter->handleRequest(null, Object(Config\Cache), false)
10 FCPATH\index.php(79): CodeIgniter\CodeIgniter->run()
ERROR - 2024-05-08 15:57:25 --> mysqli_sql_exception: Column 'main_story_content' cannot be null in H:\Xampp\htdocs\driphunter\system\Database\MySQLi\Connection.php:306
Stack trace:
#0 H:\Xampp\htdocs\driphunter\system\Database\MySQLi\Connection.php(306): mysqli->query('INSERT INTO `st...', 0)
#1 H:\Xampp\htdocs\driphunter\system\Database\BaseConnection.php(693): CodeIgniter\Database\MySQLi\Connection->execute('INSERT INTO `st...')
#2 H:\Xampp\htdocs\driphunter\system\Database\BaseConnection.php(607): CodeIgniter\Database\BaseConnection->simpleQuery('INSERT INTO `st...')
#3 H:\Xampp\htdocs\driphunter\system\Database\BaseBuilder.php(2307): CodeIgniter\Database\BaseConnection->query('INSERT INTO `st...', Array, false)
#4 H:\Xampp\htdocs\driphunter\app\Models\blogs_model.php(84): CodeIgniter\Database\BaseBuilder->insert(Array)
#5 H:\Xampp\htdocs\driphunter\app\Controllers\Blogs.php(260): App\Models\Blogs_model->publishmynewstory(Array)
#6 H:\Xampp\htdocs\driphunter\system\CodeIgniter.php(943): App\Controllers\Blogs->publishnewstory()
#7 H:\Xampp\htdocs\driphunter\system\CodeIgniter.php(503): CodeIgniter\CodeIgniter->runController(Object(App\Controllers\Blogs))
#8 H:\Xampp\htdocs\driphunter\system\CodeIgniter.php(361): CodeIgniter\CodeIgniter->handleRequest(NULL, Object(Config\Cache), false)
#9 H:\Xampp\htdocs\driphunter\public\index.php(79): CodeIgniter\CodeIgniter->run()
#10 {main}
CRITICAL - 2024-05-08 15:57:25 --> CodeIgniter\Database\Exceptions\DatabaseException: Column 'main_story_content' cannot be null
in SYSTEMPATH\Database\BaseConnection.php on line 647.
 1 SYSTEMPATH\Database\BaseBuilder.php(2307): CodeIgniter\Database\BaseConnection->query('INSERT INTO `stories` (`user_name`, `main_story_content`, `start_date`, `end_date`, `visibility`) VALUES (:user_name:, :main_story_content:, :start_date:, :end_date:, :visibility:)', [...], false)
 2 APPPATH\Models\blogs_model.php(84): CodeIgniter\Database\BaseBuilder->insert([...])
 3 APPPATH\Controllers\Blogs.php(260): App\Models\Blogs_model->publishmynewstory([...])
 4 SYSTEMPATH\CodeIgniter.php(943): App\Controllers\Blogs->publishnewstory()
 5 SYSTEMPATH\CodeIgniter.php(503): CodeIgniter\CodeIgniter->runController(Object(App\Controllers\Blogs))
 6 SYSTEMPATH\CodeIgniter.php(361): CodeIgniter\CodeIgniter->handleRequest(null, Object(Config\Cache), false)
 7 FCPATH\index.php(79): CodeIgniter\CodeIgniter->run()
CRITICAL - 2024-05-08 15:57:25 --> [Caused by] CodeIgniter\Database\Exceptions\DatabaseException: Column 'main_story_content' cannot be null
in SYSTEMPATH\Database\MySQLi\Connection.php on line 311.
 1 SYSTEMPATH\Database\BaseConnection.php(693): CodeIgniter\Database\MySQLi\Connection->execute('INSERT INTO `stories` (`user_name`, `main_story_content`, `start_date`, `end_date`, `visibility`) VALUES (NULL, NULL, \'2024-05-09\', \'2024-05-10\', NULL)')
 2 SYSTEMPATH\Database\BaseConnection.php(607): CodeIgniter\Database\BaseConnection->simpleQuery('INSERT INTO `stories` (`user_name`, `main_story_content`, `start_date`, `end_date`, `visibility`) VALUES (NULL, NULL, \'2024-05-09\', \'2024-05-10\', NULL)')
 3 SYSTEMPATH\Database\BaseBuilder.php(2307): CodeIgniter\Database\BaseConnection->query('INSERT INTO `stories` (`user_name`, `main_story_content`, `start_date`, `end_date`, `visibility`) VALUES (:user_name:, :main_story_content:, :start_date:, :end_date:, :visibility:)', [...], false)
 4 APPPATH\Models\blogs_model.php(84): CodeIgniter\Database\BaseBuilder->insert([...])
 5 APPPATH\Controllers\Blogs.php(260): App\Models\Blogs_model->publishmynewstory([...])
 6 SYSTEMPATH\CodeIgniter.php(943): App\Controllers\Blogs->publishnewstory()
 7 SYSTEMPATH\CodeIgniter.php(503): CodeIgniter\CodeIgniter->runController(Object(App\Controllers\Blogs))
 8 SYSTEMPATH\CodeIgniter.php(361): CodeIgniter\CodeIgniter->handleRequest(null, Object(Config\Cache), false)
 9 FCPATH\index.php(79): CodeIgniter\CodeIgniter->run()
CRITICAL - 2024-05-08 15:57:25 --> [Caused by] mysqli_sql_exception: Column 'main_story_content' cannot be null
in SYSTEMPATH\Database\MySQLi\Connection.php on line 306.
 1 SYSTEMPATH\Database\MySQLi\Connection.php(306): mysqli->query('INSERT INTO `stories` (`user_name`, `main_story_content`, `start_date`, `end_date`, `visibility`) VALUES (NULL, NULL, \'2024-05-09\', \'2024-05-10\', NULL)', 0)
 2 SYSTEMPATH\Database\BaseConnection.php(693): CodeIgniter\Database\MySQLi\Connection->execute('INSERT INTO `stories` (`user_name`, `main_story_content`, `start_date`, `end_date`, `visibility`) VALUES (NULL, NULL, \'2024-05-09\', \'2024-05-10\', NULL)')
 3 SYSTEMPATH\Database\BaseConnection.php(607): CodeIgniter\Database\BaseConnection->simpleQuery('INSERT INTO `stories` (`user_name`, `main_story_content`, `start_date`, `end_date`, `visibility`) VALUES (NULL, NULL, \'2024-05-09\', \'2024-05-10\', NULL)')
 4 SYSTEMPATH\Database\BaseBuilder.php(2307): CodeIgniter\Database\BaseConnection->query('INSERT INTO `stories` (`user_name`, `main_story_content`, `start_date`, `end_date`, `visibility`) VALUES (:user_name:, :main_story_content:, :start_date:, :end_date:, :visibility:)', [...], false)
 5 APPPATH\Models\blogs_model.php(84): CodeIgniter\Database\BaseBuilder->insert([...])
 6 APPPATH\Controllers\Blogs.php(260): App\Models\Blogs_model->publishmynewstory([...])
 7 SYSTEMPATH\CodeIgniter.php(943): App\Controllers\Blogs->publishnewstory()
 8 SYSTEMPATH\CodeIgniter.php(503): CodeIgniter\CodeIgniter->runController(Object(App\Controllers\Blogs))
 9 SYSTEMPATH\CodeIgniter.php(361): CodeIgniter\CodeIgniter->handleRequest(null, Object(Config\Cache), false)
10 FCPATH\index.php(79): CodeIgniter\CodeIgniter->run()
