INFO - 2025-01-11 07:13:14 --> Session: Class initialized using 'CodeIgniter\Session\Handlers\FileHandler' driver.
INFO - 2025-01-11 07:13:55 --> Session: Class initialized using 'CodeIgniter\Session\Handlers\FileHandler' driver.
INFO - 2025-01-11 07:13:55 --> Session: Class initialized using 'CodeIgniter\Session\Handlers\FileHandler' driver.
INFO - 2025-01-11 07:14:04 --> Session: Class initialized using 'CodeIgniter\Session\Handlers\FileHandler' driver.
INFO - 2025-01-11 07:14:05 --> Session: Class initialized using 'CodeIgniter\Session\Handlers\FileHandler' driver.
INFO - 2025-01-11 07:14:29 --> Session: Class initialized using 'CodeIgniter\Session\Handlers\FileHandler' driver.
INFO - 2025-01-11 07:14:43 --> Session: Class initialized using 'CodeIgniter\Session\Handlers\FileHandler' driver.
INFO - 2025-01-11 07:14:53 --> Session: Class initialized using 'CodeIgniter\Session\Handlers\FileHandler' driver.
INFO - 2025-01-11 07:15:04 --> Session: Class initialized using 'CodeIgniter\Session\Handlers\FileHandler' driver.
INFO - 2025-01-11 07:15:59 --> Session: Class initialized using 'CodeIgniter\Session\Handlers\FileHandler' driver.
INFO - 2025-01-11 07:16:34 --> Session: Class initialized using 'CodeIgniter\Session\Handlers\FileHandler' driver.
INFO - 2025-01-11 07:17:08 --> Session: Class initialized using 'CodeIgniter\Session\Handlers\FileHandler' driver.
WARNING - 2025-01-11 07:17:08 --> [DEPRECATED] DateTime::__construct(): Passing null to parameter #1 ($datetime) of type string is deprecated in APPPATH/Views/employee_logs_view.php on line 131.
 1 APPPATH/Views/employee_logs_view.php(131): DateTime->__construct(null)
 2 SYSTEMPATH/View/View.php(228): include('/home/u541614220/domains/avhadenterprises.com/public_html/admin/sportzsaga/app/Views/employee_logs_view.php')
 3 SYSTEMPATH/View/View.php(231): CodeIgniter\View\View->CodeIgniter\View\{closure}()
 4 SYSTEMPATH/Common.php(1178): CodeIgniter\View\View->render('employee_logs_view', [], true)
 5 APPPATH/Controllers/Registeredusers.php(491): view('employee_logs_view', [...])
 6 SYSTEMPATH/CodeIgniter.php(943): App\Controllers\Registeredusers->logs()
 7 SYSTEMPATH/CodeIgniter.php(503): CodeIgniter\CodeIgniter->runController(Object(App\Controllers\Registeredusers))
 8 SYSTEMPATH/CodeIgniter.php(361): CodeIgniter\CodeIgniter->handleRequest(null, Object(Config\Cache), false)
 9 FCPATH/index.php(79): CodeIgniter\CodeIgniter->run()
WARNING - 2025-01-11 07:17:08 --> [DEPRECATED] DateTime::__construct(): Passing null to parameter #1 ($datetime) of type string is deprecated in APPPATH/Views/employee_logs_view.php on line 131.
 1 APPPATH/Views/employee_logs_view.php(131): DateTime->__construct(null)
 2 SYSTEMPATH/View/View.php(228): include('/home/u541614220/domains/avhadenterprises.com/public_html/admin/sportzsaga/app/Views/employee_logs_view.php')
 3 SYSTEMPATH/View/View.php(231): CodeIgniter\View\View->CodeIgniter\View\{closure}()
 4 SYSTEMPATH/Common.php(1178): CodeIgniter\View\View->render('employee_logs_view', [], true)
 5 APPPATH/Controllers/Registeredusers.php(491): view('employee_logs_view', [...])
 6 SYSTEMPATH/CodeIgniter.php(943): App\Controllers\Registeredusers->logs()
 7 SYSTEMPATH/CodeIgniter.php(503): CodeIgniter\CodeIgniter->runController(Object(App\Controllers\Registeredusers))
 8 SYSTEMPATH/CodeIgniter.php(361): CodeIgniter\CodeIgniter->handleRequest(null, Object(Config\Cache), false)
 9 FCPATH/index.php(79): CodeIgniter\CodeIgniter->run()
WARNING - 2025-01-11 07:17:08 --> [DEPRECATED] DateTime::__construct(): Passing null to parameter #1 ($datetime) of type string is deprecated in APPPATH/Views/employee_logs_view.php on line 131.
 1 APPPATH/Views/employee_logs_view.php(131): DateTime->__construct(null)
 2 SYSTEMPATH/View/View.php(228): include('/home/u541614220/domains/avhadenterprises.com/public_html/admin/sportzsaga/app/Views/employee_logs_view.php')
 3 SYSTEMPATH/View/View.php(231): CodeIgniter\View\View->CodeIgniter\View\{closure}()
 4 SYSTEMPATH/Common.php(1178): CodeIgniter\View\View->render('employee_logs_view', [], true)
 5 APPPATH/Controllers/Registeredusers.php(491): view('employee_logs_view', [...])
 6 SYSTEMPATH/CodeIgniter.php(943): App\Controllers\Registeredusers->logs()
 7 SYSTEMPATH/CodeIgniter.php(503): CodeIgniter\CodeIgniter->runController(Object(App\Controllers\Registeredusers))
 8 SYSTEMPATH/CodeIgniter.php(361): CodeIgniter\CodeIgniter->handleRequest(null, Object(Config\Cache), false)
 9 FCPATH/index.php(79): CodeIgniter\CodeIgniter->run()
WARNING - 2025-01-11 07:17:08 --> [DEPRECATED] DateTime::__construct(): Passing null to parameter #1 ($datetime) of type string is deprecated in APPPATH/Views/employee_logs_view.php on line 131.
 1 APPPATH/Views/employee_logs_view.php(131): DateTime->__construct(null)
 2 SYSTEMPATH/View/View.php(228): include('/home/u541614220/domains/avhadenterprises.com/public_html/admin/sportzsaga/app/Views/employee_logs_view.php')
 3 SYSTEMPATH/View/View.php(231): CodeIgniter\View\View->CodeIgniter\View\{closure}()
 4 SYSTEMPATH/Common.php(1178): CodeIgniter\View\View->render('employee_logs_view', [], true)
 5 APPPATH/Controllers/Registeredusers.php(491): view('employee_logs_view', [...])
 6 SYSTEMPATH/CodeIgniter.php(943): App\Controllers\Registeredusers->logs()
 7 SYSTEMPATH/CodeIgniter.php(503): CodeIgniter\CodeIgniter->runController(Object(App\Controllers\Registeredusers))
 8 SYSTEMPATH/CodeIgniter.php(361): CodeIgniter\CodeIgniter->handleRequest(null, Object(Config\Cache), false)
 9 FCPATH/index.php(79): CodeIgniter\CodeIgniter->run()
WARNING - 2025-01-11 07:17:08 --> [DEPRECATED] DateTime::__construct(): Passing null to parameter #1 ($datetime) of type string is deprecated in APPPATH/Views/employee_logs_view.php on line 131.
 1 APPPATH/Views/employee_logs_view.php(131): DateTime->__construct(null)
 2 SYSTEMPATH/View/View.php(228): include('/home/u541614220/domains/avhadenterprises.com/public_html/admin/sportzsaga/app/Views/employee_logs_view.php')
 3 SYSTEMPATH/View/View.php(231): CodeIgniter\View\View->CodeIgniter\View\{closure}()
 4 SYSTEMPATH/Common.php(1178): CodeIgniter\View\View->render('employee_logs_view', [], true)
 5 APPPATH/Controllers/Registeredusers.php(491): view('employee_logs_view', [...])
 6 SYSTEMPATH/CodeIgniter.php(943): App\Controllers\Registeredusers->logs()
 7 SYSTEMPATH/CodeIgniter.php(503): CodeIgniter\CodeIgniter->runController(Object(App\Controllers\Registeredusers))
 8 SYSTEMPATH/CodeIgniter.php(361): CodeIgniter\CodeIgniter->handleRequest(null, Object(Config\Cache), false)
 9 FCPATH/index.php(79): CodeIgniter\CodeIgniter->run()
WARNING - 2025-01-11 07:17:08 --> [DEPRECATED] DateTime::__construct(): Passing null to parameter #1 ($datetime) of type string is deprecated in APPPATH/Views/employee_logs_view.php on line 131.
 1 APPPATH/Views/employee_logs_view.php(131): DateTime->__construct(null)
 2 SYSTEMPATH/View/View.php(228): include('/home/u541614220/domains/avhadenterprises.com/public_html/admin/sportzsaga/app/Views/employee_logs_view.php')
 3 SYSTEMPATH/View/View.php(231): CodeIgniter\View\View->CodeIgniter\View\{closure}()
 4 SYSTEMPATH/Common.php(1178): CodeIgniter\View\View->render('employee_logs_view', [], true)
 5 APPPATH/Controllers/Registeredusers.php(491): view('employee_logs_view', [...])
 6 SYSTEMPATH/CodeIgniter.php(943): App\Controllers\Registeredusers->logs()
 7 SYSTEMPATH/CodeIgniter.php(503): CodeIgniter\CodeIgniter->runController(Object(App\Controllers\Registeredusers))
 8 SYSTEMPATH/CodeIgniter.php(361): CodeIgniter\CodeIgniter->handleRequest(null, Object(Config\Cache), false)
 9 FCPATH/index.php(79): CodeIgniter\CodeIgniter->run()
WARNING - 2025-01-11 07:17:08 --> [DEPRECATED] DateTime::__construct(): Passing null to parameter #1 ($datetime) of type string is deprecated in APPPATH/Views/employee_logs_view.php on line 131.
 1 APPPATH/Views/employee_logs_view.php(131): DateTime->__construct(null)
 2 SYSTEMPATH/View/View.php(228): include('/home/u541614220/domains/avhadenterprises.com/public_html/admin/sportzsaga/app/Views/employee_logs_view.php')
 3 SYSTEMPATH/View/View.php(231): CodeIgniter\View\View->CodeIgniter\View\{closure}()
 4 SYSTEMPATH/Common.php(1178): CodeIgniter\View\View->render('employee_logs_view', [], true)
 5 APPPATH/Controllers/Registeredusers.php(491): view('employee_logs_view', [...])
 6 SYSTEMPATH/CodeIgniter.php(943): App\Controllers\Registeredusers->logs()
 7 SYSTEMPATH/CodeIgniter.php(503): CodeIgniter\CodeIgniter->runController(Object(App\Controllers\Registeredusers))
 8 SYSTEMPATH/CodeIgniter.php(361): CodeIgniter\CodeIgniter->handleRequest(null, Object(Config\Cache), false)
 9 FCPATH/index.php(79): CodeIgniter\CodeIgniter->run()
WARNING - 2025-01-11 07:17:08 --> [DEPRECATED] DateTime::__construct(): Passing null to parameter #1 ($datetime) of type string is deprecated in APPPATH/Views/employee_logs_view.php on line 131.
 1 APPPATH/Views/employee_logs_view.php(131): DateTime->__construct(null)
 2 SYSTEMPATH/View/View.php(228): include('/home/u541614220/domains/avhadenterprises.com/public_html/admin/sportzsaga/app/Views/employee_logs_view.php')
 3 SYSTEMPATH/View/View.php(231): CodeIgniter\View\View->CodeIgniter\View\{closure}()
 4 SYSTEMPATH/Common.php(1178): CodeIgniter\View\View->render('employee_logs_view', [], true)
 5 APPPATH/Controllers/Registeredusers.php(491): view('employee_logs_view', [...])
 6 SYSTEMPATH/CodeIgniter.php(943): App\Controllers\Registeredusers->logs()
 7 SYSTEMPATH/CodeIgniter.php(503): CodeIgniter\CodeIgniter->runController(Object(App\Controllers\Registeredusers))
 8 SYSTEMPATH/CodeIgniter.php(361): CodeIgniter\CodeIgniter->handleRequest(null, Object(Config\Cache), false)
 9 FCPATH/index.php(79): CodeIgniter\CodeIgniter->run()
WARNING - 2025-01-11 07:17:08 --> [DEPRECATED] DateTime::__construct(): Passing null to parameter #1 ($datetime) of type string is deprecated in APPPATH/Views/employee_logs_view.php on line 131.
 1 APPPATH/Views/employee_logs_view.php(131): DateTime->__construct(null)
 2 SYSTEMPATH/View/View.php(228): include('/home/u541614220/domains/avhadenterprises.com/public_html/admin/sportzsaga/app/Views/employee_logs_view.php')
 3 SYSTEMPATH/View/View.php(231): CodeIgniter\View\View->CodeIgniter\View\{closure}()
 4 SYSTEMPATH/Common.php(1178): CodeIgniter\View\View->render('employee_logs_view', [], true)
 5 APPPATH/Controllers/Registeredusers.php(491): view('employee_logs_view', [...])
 6 SYSTEMPATH/CodeIgniter.php(943): App\Controllers\Registeredusers->logs()
 7 SYSTEMPATH/CodeIgniter.php(503): CodeIgniter\CodeIgniter->runController(Object(App\Controllers\Registeredusers))
 8 SYSTEMPATH/CodeIgniter.php(361): CodeIgniter\CodeIgniter->handleRequest(null, Object(Config\Cache), false)
 9 FCPATH/index.php(79): CodeIgniter\CodeIgniter->run()
WARNING - 2025-01-11 07:17:08 --> [DEPRECATED] DateTime::__construct(): Passing null to parameter #1 ($datetime) of type string is deprecated in APPPATH/Views/employee_logs_view.php on line 131.
 1 APPPATH/Views/employee_logs_view.php(131): DateTime->__construct(null)
 2 SYSTEMPATH/View/View.php(228): include('/home/u541614220/domains/avhadenterprises.com/public_html/admin/sportzsaga/app/Views/employee_logs_view.php')
 3 SYSTEMPATH/View/View.php(231): CodeIgniter\View\View->CodeIgniter\View\{closure}()
 4 SYSTEMPATH/Common.php(1178): CodeIgniter\View\View->render('employee_logs_view', [], true)
 5 APPPATH/Controllers/Registeredusers.php(491): view('employee_logs_view', [...])
 6 SYSTEMPATH/CodeIgniter.php(943): App\Controllers\Registeredusers->logs()
 7 SYSTEMPATH/CodeIgniter.php(503): CodeIgniter\CodeIgniter->runController(Object(App\Controllers\Registeredusers))
 8 SYSTEMPATH/CodeIgniter.php(361): CodeIgniter\CodeIgniter->handleRequest(null, Object(Config\Cache), false)
 9 FCPATH/index.php(79): CodeIgniter\CodeIgniter->run()
WARNING - 2025-01-11 07:17:08 --> [DEPRECATED] DateTime::__construct(): Passing null to parameter #1 ($datetime) of type string is deprecated in APPPATH/Views/employee_logs_view.php on line 131.
 1 APPPATH/Views/employee_logs_view.php(131): DateTime->__construct(null)
 2 SYSTEMPATH/View/View.php(228): include('/home/u541614220/domains/avhadenterprises.com/public_html/admin/sportzsaga/app/Views/employee_logs_view.php')
 3 SYSTEMPATH/View/View.php(231): CodeIgniter\View\View->CodeIgniter\View\{closure}()
 4 SYSTEMPATH/Common.php(1178): CodeIgniter\View\View->render('employee_logs_view', [], true)
 5 APPPATH/Controllers/Registeredusers.php(491): view('employee_logs_view', [...])
 6 SYSTEMPATH/CodeIgniter.php(943): App\Controllers\Registeredusers->logs()
 7 SYSTEMPATH/CodeIgniter.php(503): CodeIgniter\CodeIgniter->runController(Object(App\Controllers\Registeredusers))
 8 SYSTEMPATH/CodeIgniter.php(361): CodeIgniter\CodeIgniter->handleRequest(null, Object(Config\Cache), false)
 9 FCPATH/index.php(79): CodeIgniter\CodeIgniter->run()
WARNING - 2025-01-11 07:17:08 --> [DEPRECATED] DateTime::__construct(): Passing null to parameter #1 ($datetime) of type string is deprecated in APPPATH/Views/employee_logs_view.php on line 131.
 1 APPPATH/Views/employee_logs_view.php(131): DateTime->__construct(null)
 2 SYSTEMPATH/View/View.php(228): include('/home/u541614220/domains/avhadenterprises.com/public_html/admin/sportzsaga/app/Views/employee_logs_view.php')
 3 SYSTEMPATH/View/View.php(231): CodeIgniter\View\View->CodeIgniter\View\{closure}()
 4 SYSTEMPATH/Common.php(1178): CodeIgniter\View\View->render('employee_logs_view', [], true)
 5 APPPATH/Controllers/Registeredusers.php(491): view('employee_logs_view', [...])
 6 SYSTEMPATH/CodeIgniter.php(943): App\Controllers\Registeredusers->logs()
 7 SYSTEMPATH/CodeIgniter.php(503): CodeIgniter\CodeIgniter->runController(Object(App\Controllers\Registeredusers))
 8 SYSTEMPATH/CodeIgniter.php(361): CodeIgniter\CodeIgniter->handleRequest(null, Object(Config\Cache), false)
 9 FCPATH/index.php(79): CodeIgniter\CodeIgniter->run()
WARNING - 2025-01-11 07:17:08 --> [DEPRECATED] DateTime::__construct(): Passing null to parameter #1 ($datetime) of type string is deprecated in APPPATH/Views/employee_logs_view.php on line 131.
 1 APPPATH/Views/employee_logs_view.php(131): DateTime->__construct(null)
 2 SYSTEMPATH/View/View.php(228): include('/home/u541614220/domains/avhadenterprises.com/public_html/admin/sportzsaga/app/Views/employee_logs_view.php')
 3 SYSTEMPATH/View/View.php(231): CodeIgniter\View\View->CodeIgniter\View\{closure}()
 4 SYSTEMPATH/Common.php(1178): CodeIgniter\View\View->render('employee_logs_view', [], true)
 5 APPPATH/Controllers/Registeredusers.php(491): view('employee_logs_view', [...])
 6 SYSTEMPATH/CodeIgniter.php(943): App\Controllers\Registeredusers->logs()
 7 SYSTEMPATH/CodeIgniter.php(503): CodeIgniter\CodeIgniter->runController(Object(App\Controllers\Registeredusers))
 8 SYSTEMPATH/CodeIgniter.php(361): CodeIgniter\CodeIgniter->handleRequest(null, Object(Config\Cache), false)
 9 FCPATH/index.php(79): CodeIgniter\CodeIgniter->run()
WARNING - 2025-01-11 07:17:08 --> [DEPRECATED] DateTime::__construct(): Passing null to parameter #1 ($datetime) of type string is deprecated in APPPATH/Views/employee_logs_view.php on line 131.
 1 APPPATH/Views/employee_logs_view.php(131): DateTime->__construct(null)
 2 SYSTEMPATH/View/View.php(228): include('/home/u541614220/domains/avhadenterprises.com/public_html/admin/sportzsaga/app/Views/employee_logs_view.php')
 3 SYSTEMPATH/View/View.php(231): CodeIgniter\View\View->CodeIgniter\View\{closure}()
 4 SYSTEMPATH/Common.php(1178): CodeIgniter\View\View->render('employee_logs_view', [], true)
 5 APPPATH/Controllers/Registeredusers.php(491): view('employee_logs_view', [...])
 6 SYSTEMPATH/CodeIgniter.php(943): App\Controllers\Registeredusers->logs()
 7 SYSTEMPATH/CodeIgniter.php(503): CodeIgniter\CodeIgniter->runController(Object(App\Controllers\Registeredusers))
 8 SYSTEMPATH/CodeIgniter.php(361): CodeIgniter\CodeIgniter->handleRequest(null, Object(Config\Cache), false)
 9 FCPATH/index.php(79): CodeIgniter\CodeIgniter->run()
WARNING - 2025-01-11 07:17:08 --> [DEPRECATED] DateTime::__construct(): Passing null to parameter #1 ($datetime) of type string is deprecated in APPPATH/Views/employee_logs_view.php on line 131.
 1 APPPATH/Views/employee_logs_view.php(131): DateTime->__construct(null)
 2 SYSTEMPATH/View/View.php(228): include('/home/u541614220/domains/avhadenterprises.com/public_html/admin/sportzsaga/app/Views/employee_logs_view.php')
 3 SYSTEMPATH/View/View.php(231): CodeIgniter\View\View->CodeIgniter\View\{closure}()
 4 SYSTEMPATH/Common.php(1178): CodeIgniter\View\View->render('employee_logs_view', [], true)
 5 APPPATH/Controllers/Registeredusers.php(491): view('employee_logs_view', [...])
 6 SYSTEMPATH/CodeIgniter.php(943): App\Controllers\Registeredusers->logs()
 7 SYSTEMPATH/CodeIgniter.php(503): CodeIgniter\CodeIgniter->runController(Object(App\Controllers\Registeredusers))
 8 SYSTEMPATH/CodeIgniter.php(361): CodeIgniter\CodeIgniter->handleRequest(null, Object(Config\Cache), false)
 9 FCPATH/index.php(79): CodeIgniter\CodeIgniter->run()
WARNING - 2025-01-11 07:17:08 --> [DEPRECATED] DateTime::__construct(): Passing null to parameter #1 ($datetime) of type string is deprecated in APPPATH/Views/employee_logs_view.php on line 131.
 1 APPPATH/Views/employee_logs_view.php(131): DateTime->__construct(null)
 2 SYSTEMPATH/View/View.php(228): include('/home/u541614220/domains/avhadenterprises.com/public_html/admin/sportzsaga/app/Views/employee_logs_view.php')
 3 SYSTEMPATH/View/View.php(231): CodeIgniter\View\View->CodeIgniter\View\{closure}()
 4 SYSTEMPATH/Common.php(1178): CodeIgniter\View\View->render('employee_logs_view', [], true)
 5 APPPATH/Controllers/Registeredusers.php(491): view('employee_logs_view', [...])
 6 SYSTEMPATH/CodeIgniter.php(943): App\Controllers\Registeredusers->logs()
 7 SYSTEMPATH/CodeIgniter.php(503): CodeIgniter\CodeIgniter->runController(Object(App\Controllers\Registeredusers))
 8 SYSTEMPATH/CodeIgniter.php(361): CodeIgniter\CodeIgniter->handleRequest(null, Object(Config\Cache), false)
 9 FCPATH/index.php(79): CodeIgniter\CodeIgniter->run()
WARNING - 2025-01-11 07:17:08 --> [DEPRECATED] DateTime::__construct(): Passing null to parameter #1 ($datetime) of type string is deprecated in APPPATH/Views/employee_logs_view.php on line 131.
 1 APPPATH/Views/employee_logs_view.php(131): DateTime->__construct(null)
 2 SYSTEMPATH/View/View.php(228): include('/home/u541614220/domains/avhadenterprises.com/public_html/admin/sportzsaga/app/Views/employee_logs_view.php')
 3 SYSTEMPATH/View/View.php(231): CodeIgniter\View\View->CodeIgniter\View\{closure}()
 4 SYSTEMPATH/Common.php(1178): CodeIgniter\View\View->render('employee_logs_view', [], true)
 5 APPPATH/Controllers/Registeredusers.php(491): view('employee_logs_view', [...])
 6 SYSTEMPATH/CodeIgniter.php(943): App\Controllers\Registeredusers->logs()
 7 SYSTEMPATH/CodeIgniter.php(503): CodeIgniter\CodeIgniter->runController(Object(App\Controllers\Registeredusers))
 8 SYSTEMPATH/CodeIgniter.php(361): CodeIgniter\CodeIgniter->handleRequest(null, Object(Config\Cache), false)
 9 FCPATH/index.php(79): CodeIgniter\CodeIgniter->run()
WARNING - 2025-01-11 07:17:08 --> [DEPRECATED] DateTime::__construct(): Passing null to parameter #1 ($datetime) of type string is deprecated in APPPATH/Views/employee_logs_view.php on line 131.
 1 APPPATH/Views/employee_logs_view.php(131): DateTime->__construct(null)
 2 SYSTEMPATH/View/View.php(228): include('/home/u541614220/domains/avhadenterprises.com/public_html/admin/sportzsaga/app/Views/employee_logs_view.php')
 3 SYSTEMPATH/View/View.php(231): CodeIgniter\View\View->CodeIgniter\View\{closure}()
 4 SYSTEMPATH/Common.php(1178): CodeIgniter\View\View->render('employee_logs_view', [], true)
 5 APPPATH/Controllers/Registeredusers.php(491): view('employee_logs_view', [...])
 6 SYSTEMPATH/CodeIgniter.php(943): App\Controllers\Registeredusers->logs()
 7 SYSTEMPATH/CodeIgniter.php(503): CodeIgniter\CodeIgniter->runController(Object(App\Controllers\Registeredusers))
 8 SYSTEMPATH/CodeIgniter.php(361): CodeIgniter\CodeIgniter->handleRequest(null, Object(Config\Cache), false)
 9 FCPATH/index.php(79): CodeIgniter\CodeIgniter->run()
WARNING - 2025-01-11 07:17:08 --> [DEPRECATED] DateTime::__construct(): Passing null to parameter #1 ($datetime) of type string is deprecated in APPPATH/Views/employee_logs_view.php on line 131.
 1 APPPATH/Views/employee_logs_view.php(131): DateTime->__construct(null)
 2 SYSTEMPATH/View/View.php(228): include('/home/u541614220/domains/avhadenterprises.com/public_html/admin/sportzsaga/app/Views/employee_logs_view.php')
 3 SYSTEMPATH/View/View.php(231): CodeIgniter\View\View->CodeIgniter\View\{closure}()
 4 SYSTEMPATH/Common.php(1178): CodeIgniter\View\View->render('employee_logs_view', [], true)
 5 APPPATH/Controllers/Registeredusers.php(491): view('employee_logs_view', [...])
 6 SYSTEMPATH/CodeIgniter.php(943): App\Controllers\Registeredusers->logs()
 7 SYSTEMPATH/CodeIgniter.php(503): CodeIgniter\CodeIgniter->runController(Object(App\Controllers\Registeredusers))
 8 SYSTEMPATH/CodeIgniter.php(361): CodeIgniter\CodeIgniter->handleRequest(null, Object(Config\Cache), false)
 9 FCPATH/index.php(79): CodeIgniter\CodeIgniter->run()
WARNING - 2025-01-11 07:17:08 --> [DEPRECATED] DateTime::__construct(): Passing null to parameter #1 ($datetime) of type string is deprecated in APPPATH/Views/employee_logs_view.php on line 131.
 1 APPPATH/Views/employee_logs_view.php(131): DateTime->__construct(null)
 2 SYSTEMPATH/View/View.php(228): include('/home/u541614220/domains/avhadenterprises.com/public_html/admin/sportzsaga/app/Views/employee_logs_view.php')
 3 SYSTEMPATH/View/View.php(231): CodeIgniter\View\View->CodeIgniter\View\{closure}()
 4 SYSTEMPATH/Common.php(1178): CodeIgniter\View\View->render('employee_logs_view', [], true)
 5 APPPATH/Controllers/Registeredusers.php(491): view('employee_logs_view', [...])
 6 SYSTEMPATH/CodeIgniter.php(943): App\Controllers\Registeredusers->logs()
 7 SYSTEMPATH/CodeIgniter.php(503): CodeIgniter\CodeIgniter->runController(Object(App\Controllers\Registeredusers))
 8 SYSTEMPATH/CodeIgniter.php(361): CodeIgniter\CodeIgniter->handleRequest(null, Object(Config\Cache), false)
 9 FCPATH/index.php(79): CodeIgniter\CodeIgniter->run()
WARNING - 2025-01-11 07:17:08 --> [DEPRECATED] DateTime::__construct(): Passing null to parameter #1 ($datetime) of type string is deprecated in APPPATH/Views/employee_logs_view.php on line 131.
 1 APPPATH/Views/employee_logs_view.php(131): DateTime->__construct(null)
 2 SYSTEMPATH/View/View.php(228): include('/home/u541614220/domains/avhadenterprises.com/public_html/admin/sportzsaga/app/Views/employee_logs_view.php')
 3 SYSTEMPATH/View/View.php(231): CodeIgniter\View\View->CodeIgniter\View\{closure}()
 4 SYSTEMPATH/Common.php(1178): CodeIgniter\View\View->render('employee_logs_view', [], true)
 5 APPPATH/Controllers/Registeredusers.php(491): view('employee_logs_view', [...])
 6 SYSTEMPATH/CodeIgniter.php(943): App\Controllers\Registeredusers->logs()
 7 SYSTEMPATH/CodeIgniter.php(503): CodeIgniter\CodeIgniter->runController(Object(App\Controllers\Registeredusers))
 8 SYSTEMPATH/CodeIgniter.php(361): CodeIgniter\CodeIgniter->handleRequest(null, Object(Config\Cache), false)
 9 FCPATH/index.php(79): CodeIgniter\CodeIgniter->run()
WARNING - 2025-01-11 07:17:08 --> [DEPRECATED] DateTime::__construct(): Passing null to parameter #1 ($datetime) of type string is deprecated in APPPATH/Views/employee_logs_view.php on line 131.
 1 APPPATH/Views/employee_logs_view.php(131): DateTime->__construct(null)
 2 SYSTEMPATH/View/View.php(228): include('/home/u541614220/domains/avhadenterprises.com/public_html/admin/sportzsaga/app/Views/employee_logs_view.php')
 3 SYSTEMPATH/View/View.php(231): CodeIgniter\View\View->CodeIgniter\View\{closure}()
 4 SYSTEMPATH/Common.php(1178): CodeIgniter\View\View->render('employee_logs_view', [], true)
 5 APPPATH/Controllers/Registeredusers.php(491): view('employee_logs_view', [...])
 6 SYSTEMPATH/CodeIgniter.php(943): App\Controllers\Registeredusers->logs()
 7 SYSTEMPATH/CodeIgniter.php(503): CodeIgniter\CodeIgniter->runController(Object(App\Controllers\Registeredusers))
 8 SYSTEMPATH/CodeIgniter.php(361): CodeIgniter\CodeIgniter->handleRequest(null, Object(Config\Cache), false)
 9 FCPATH/index.php(79): CodeIgniter\CodeIgniter->run()
WARNING - 2025-01-11 07:17:08 --> [DEPRECATED] DateTime::__construct(): Passing null to parameter #1 ($datetime) of type string is deprecated in APPPATH/Views/employee_logs_view.php on line 131.
 1 APPPATH/Views/employee_logs_view.php(131): DateTime->__construct(null)
 2 SYSTEMPATH/View/View.php(228): include('/home/u541614220/domains/avhadenterprises.com/public_html/admin/sportzsaga/app/Views/employee_logs_view.php')
 3 SYSTEMPATH/View/View.php(231): CodeIgniter\View\View->CodeIgniter\View\{closure}()
 4 SYSTEMPATH/Common.php(1178): CodeIgniter\View\View->render('employee_logs_view', [], true)
 5 APPPATH/Controllers/Registeredusers.php(491): view('employee_logs_view', [...])
 6 SYSTEMPATH/CodeIgniter.php(943): App\Controllers\Registeredusers->logs()
 7 SYSTEMPATH/CodeIgniter.php(503): CodeIgniter\CodeIgniter->runController(Object(App\Controllers\Registeredusers))
 8 SYSTEMPATH/CodeIgniter.php(361): CodeIgniter\CodeIgniter->handleRequest(null, Object(Config\Cache), false)
 9 FCPATH/index.php(79): CodeIgniter\CodeIgniter->run()
WARNING - 2025-01-11 07:17:08 --> [DEPRECATED] DateTime::__construct(): Passing null to parameter #1 ($datetime) of type string is deprecated in APPPATH/Views/employee_logs_view.php on line 131.
 1 APPPATH/Views/employee_logs_view.php(131): DateTime->__construct(null)
 2 SYSTEMPATH/View/View.php(228): include('/home/u541614220/domains/avhadenterprises.com/public_html/admin/sportzsaga/app/Views/employee_logs_view.php')
 3 SYSTEMPATH/View/View.php(231): CodeIgniter\View\View->CodeIgniter\View\{closure}()
 4 SYSTEMPATH/Common.php(1178): CodeIgniter\View\View->render('employee_logs_view', [], true)
 5 APPPATH/Controllers/Registeredusers.php(491): view('employee_logs_view', [...])
 6 SYSTEMPATH/CodeIgniter.php(943): App\Controllers\Registeredusers->logs()
 7 SYSTEMPATH/CodeIgniter.php(503): CodeIgniter\CodeIgniter->runController(Object(App\Controllers\Registeredusers))
 8 SYSTEMPATH/CodeIgniter.php(361): CodeIgniter\CodeIgniter->handleRequest(null, Object(Config\Cache), false)
 9 FCPATH/index.php(79): CodeIgniter\CodeIgniter->run()
WARNING - 2025-01-11 07:17:08 --> [DEPRECATED] DateTime::__construct(): Passing null to parameter #1 ($datetime) of type string is deprecated in APPPATH/Views/employee_logs_view.php on line 131.
 1 APPPATH/Views/employee_logs_view.php(131): DateTime->__construct(null)
 2 SYSTEMPATH/View/View.php(228): include('/home/u541614220/domains/avhadenterprises.com/public_html/admin/sportzsaga/app/Views/employee_logs_view.php')
 3 SYSTEMPATH/View/View.php(231): CodeIgniter\View\View->CodeIgniter\View\{closure}()
 4 SYSTEMPATH/Common.php(1178): CodeIgniter\View\View->render('employee_logs_view', [], true)
 5 APPPATH/Controllers/Registeredusers.php(491): view('employee_logs_view', [...])
 6 SYSTEMPATH/CodeIgniter.php(943): App\Controllers\Registeredusers->logs()
 7 SYSTEMPATH/CodeIgniter.php(503): CodeIgniter\CodeIgniter->runController(Object(App\Controllers\Registeredusers))
 8 SYSTEMPATH/CodeIgniter.php(361): CodeIgniter\CodeIgniter->handleRequest(null, Object(Config\Cache), false)
 9 FCPATH/index.php(79): CodeIgniter\CodeIgniter->run()
WARNING - 2025-01-11 07:17:08 --> [DEPRECATED] DateTime::__construct(): Passing null to parameter #1 ($datetime) of type string is deprecated in APPPATH/Views/employee_logs_view.php on line 131.
 1 APPPATH/Views/employee_logs_view.php(131): DateTime->__construct(null)
 2 SYSTEMPATH/View/View.php(228): include('/home/u541614220/domains/avhadenterprises.com/public_html/admin/sportzsaga/app/Views/employee_logs_view.php')
 3 SYSTEMPATH/View/View.php(231): CodeIgniter\View\View->CodeIgniter\View\{closure}()
 4 SYSTEMPATH/Common.php(1178): CodeIgniter\View\View->render('employee_logs_view', [], true)
 5 APPPATH/Controllers/Registeredusers.php(491): view('employee_logs_view', [...])
 6 SYSTEMPATH/CodeIgniter.php(943): App\Controllers\Registeredusers->logs()
 7 SYSTEMPATH/CodeIgniter.php(503): CodeIgniter\CodeIgniter->runController(Object(App\Controllers\Registeredusers))
 8 SYSTEMPATH/CodeIgniter.php(361): CodeIgniter\CodeIgniter->handleRequest(null, Object(Config\Cache), false)
 9 FCPATH/index.php(79): CodeIgniter\CodeIgniter->run()
WARNING - 2025-01-11 07:17:08 --> [DEPRECATED] DateTime::__construct(): Passing null to parameter #1 ($datetime) of type string is deprecated in APPPATH/Views/employee_logs_view.php on line 131.
 1 APPPATH/Views/employee_logs_view.php(131): DateTime->__construct(null)
 2 SYSTEMPATH/View/View.php(228): include('/home/u541614220/domains/avhadenterprises.com/public_html/admin/sportzsaga/app/Views/employee_logs_view.php')
 3 SYSTEMPATH/View/View.php(231): CodeIgniter\View\View->CodeIgniter\View\{closure}()
 4 SYSTEMPATH/Common.php(1178): CodeIgniter\View\View->render('employee_logs_view', [], true)
 5 APPPATH/Controllers/Registeredusers.php(491): view('employee_logs_view', [...])
 6 SYSTEMPATH/CodeIgniter.php(943): App\Controllers\Registeredusers->logs()
 7 SYSTEMPATH/CodeIgniter.php(503): CodeIgniter\CodeIgniter->runController(Object(App\Controllers\Registeredusers))
 8 SYSTEMPATH/CodeIgniter.php(361): CodeIgniter\CodeIgniter->handleRequest(null, Object(Config\Cache), false)
 9 FCPATH/index.php(79): CodeIgniter\CodeIgniter->run()
WARNING - 2025-01-11 07:17:08 --> [DEPRECATED] DateTime::__construct(): Passing null to parameter #1 ($datetime) of type string is deprecated in APPPATH/Views/employee_logs_view.php on line 131.
 1 APPPATH/Views/employee_logs_view.php(131): DateTime->__construct(null)
 2 SYSTEMPATH/View/View.php(228): include('/home/u541614220/domains/avhadenterprises.com/public_html/admin/sportzsaga/app/Views/employee_logs_view.php')
 3 SYSTEMPATH/View/View.php(231): CodeIgniter\View\View->CodeIgniter\View\{closure}()
 4 SYSTEMPATH/Common.php(1178): CodeIgniter\View\View->render('employee_logs_view', [], true)
 5 APPPATH/Controllers/Registeredusers.php(491): view('employee_logs_view', [...])
 6 SYSTEMPATH/CodeIgniter.php(943): App\Controllers\Registeredusers->logs()
 7 SYSTEMPATH/CodeIgniter.php(503): CodeIgniter\CodeIgniter->runController(Object(App\Controllers\Registeredusers))
 8 SYSTEMPATH/CodeIgniter.php(361): CodeIgniter\CodeIgniter->handleRequest(null, Object(Config\Cache), false)
 9 FCPATH/index.php(79): CodeIgniter\CodeIgniter->run()
INFO - 2025-01-11 07:17:23 --> Session: Class initialized using 'CodeIgniter\Session\Handlers\FileHandler' driver.
INFO - 2025-01-11 07:28:48 --> Session: Class initialized using 'CodeIgniter\Session\Handlers\FileHandler' driver.
INFO - 2025-01-11 07:29:34 --> Session: Class initialized using 'CodeIgniter\Session\Handlers\FileHandler' driver.
INFO - 2025-01-11 07:29:39 --> Session: Class initialized using 'CodeIgniter\Session\Handlers\FileHandler' driver.
INFO - 2025-01-11 07:29:47 --> Session: Class initialized using 'CodeIgniter\Session\Handlers\FileHandler' driver.
INFO - 2025-01-11 07:29:51 --> Session: Class initialized using 'CodeIgniter\Session\Handlers\FileHandler' driver.
INFO - 2025-01-11 07:30:07 --> Session: Class initialized using 'CodeIgniter\Session\Handlers\FileHandler' driver.
INFO - 2025-01-11 07:41:06 --> Session: Class initialized using 'CodeIgniter\Session\Handlers\FileHandler' driver.
