CRITICAL - 2024-05-01 06:55:26 --> ErrorException: Undefined array key "Time"
in APPPATH\Views\story_view.php on line 53.
 1 APPPATH\Views\story_view.php(53): CodeIgniter\Debug\Exceptions->errorHandler(2, 'Undefined array key "Time"', 'H:\\Xampp\\htdocs\\driphunter\\app\\Views\\story_view.php', 53)
 2 SYSTEMPATH\View\View.php(228): include('H:\\Xampp\\htdocs\\driphunter\\app\\Views\\story_view.php')
 3 SYSTEMPATH\View\View.php(231): CodeIgniter\View\View->CodeIgniter\View\{closure}()
 4 SYSTEMPATH\Common.php(1178): CodeIgniter\View\View->render('story_view', [], true)
 5 APPPATH\Controllers\Blogs.php(115): view('story_view', [...])
 6 SYSTEMPATH\CodeIgniter.php(943): App\Controllers\Blogs->addstory()
 7 SYSTEMPATH\CodeIgniter.php(503): CodeIgniter\CodeIgniter->runController(Object(App\Controllers\Blogs))
 8 SYSTEMPATH\CodeIgniter.php(361): CodeIgniter\CodeIgniter->handleRequest(null, Object(Config\Cache), false)
 9 FCPATH\index.php(79): CodeIgniter\CodeIgniter->run()
ERROR - 2024-05-01 06:56:03 --> mysqli_sql_exception: Unknown column 'bsec_id' in 'where clause' in H:\Xampp\htdocs\driphunter\system\Database\MySQLi\Connection.php:306
Stack trace:
#0 H:\Xampp\htdocs\driphunter\system\Database\MySQLi\Connection.php(306): mysqli->query('SELECT *\nFROM `...', 0)
#1 H:\Xampp\htdocs\driphunter\system\Database\BaseConnection.php(693): CodeIgniter\Database\MySQLi\Connection->execute('SELECT *\nFROM `...')
#2 H:\Xampp\htdocs\driphunter\system\Database\BaseConnection.php(607): CodeIgniter\Database\BaseConnection->simpleQuery('SELECT *\nFROM `...')
#3 H:\Xampp\htdocs\driphunter\system\Database\BaseBuilder.php(1616): CodeIgniter\Database\BaseConnection->query('SELECT *\nFROM `...', Array, false)
#4 H:\Xampp\htdocs\driphunter\system\Model.php(243): CodeIgniter\Database\BaseBuilder->get()
#5 H:\Xampp\htdocs\driphunter\system\BaseModel.php(638): CodeIgniter\Model->doFindAll(0, 0)
#6 H:\Xampp\htdocs\driphunter\app\Models\blogs_model.php(37): CodeIgniter\BaseModel->findAll()
#7 H:\Xampp\htdocs\driphunter\app\Controllers\Blogs.php(107): App\Models\Blogs_model->editblogsubsection('1')
#8 H:\Xampp\htdocs\driphunter\system\CodeIgniter.php(943): App\Controllers\Blogs->editsec('1')
#9 H:\Xampp\htdocs\driphunter\system\CodeIgniter.php(503): CodeIgniter\CodeIgniter->runController(Object(App\Controllers\Blogs))
#10 H:\Xampp\htdocs\driphunter\system\CodeIgniter.php(361): CodeIgniter\CodeIgniter->handleRequest(NULL, Object(Config\Cache), false)
#11 H:\Xampp\htdocs\driphunter\public\index.php(79): CodeIgniter\CodeIgniter->run()
#12 {main}
CRITICAL - 2024-05-01 06:56:03 --> CodeIgniter\Database\Exceptions\DatabaseException: Unknown column 'bsec_id' in 'where clause'
in SYSTEMPATH\Database\BaseConnection.php on line 647.
 1 SYSTEMPATH\Database\BaseBuilder.php(1616): CodeIgniter\Database\BaseConnection->query('SELECT *
FROM `blogs`
WHERE `bsec_id` = :bsec_id:', [...], false)
 2 SYSTEMPATH\Model.php(243): CodeIgniter\Database\BaseBuilder->get()
 3 SYSTEMPATH\BaseModel.php(638): CodeIgniter\Model->doFindAll(0, 0)
 4 APPPATH\Models\blogs_model.php(37): CodeIgniter\BaseModel->findAll()
 5 APPPATH\Controllers\Blogs.php(107): App\Models\Blogs_model->editblogsubsection('1')
 6 SYSTEMPATH\CodeIgniter.php(943): App\Controllers\Blogs->editsec('1')
 7 SYSTEMPATH\CodeIgniter.php(503): CodeIgniter\CodeIgniter->runController(Object(App\Controllers\Blogs))
 8 SYSTEMPATH\CodeIgniter.php(361): CodeIgniter\CodeIgniter->handleRequest(null, Object(Config\Cache), false)
 9 FCPATH\index.php(79): CodeIgniter\CodeIgniter->run()
CRITICAL - 2024-05-01 06:56:03 --> [Caused by] CodeIgniter\Database\Exceptions\DatabaseException: Unknown column 'bsec_id' in 'where clause'
in SYSTEMPATH\Database\MySQLi\Connection.php on line 311.
 1 SYSTEMPATH\Database\BaseConnection.php(693): CodeIgniter\Database\MySQLi\Connection->execute('SELECT *
FROM `blogs`
WHERE `bsec_id` = \'1\'')
 2 SYSTEMPATH\Database\BaseConnection.php(607): CodeIgniter\Database\BaseConnection->simpleQuery('SELECT *
FROM `blogs`
WHERE `bsec_id` = \'1\'')
 3 SYSTEMPATH\Database\BaseBuilder.php(1616): CodeIgniter\Database\BaseConnection->query('SELECT *
FROM `blogs`
WHERE `bsec_id` = :bsec_id:', [...], false)
 4 SYSTEMPATH\Model.php(243): CodeIgniter\Database\BaseBuilder->get()
 5 SYSTEMPATH\BaseModel.php(638): CodeIgniter\Model->doFindAll(0, 0)
 6 APPPATH\Models\blogs_model.php(37): CodeIgniter\BaseModel->findAll()
 7 APPPATH\Controllers\Blogs.php(107): App\Models\Blogs_model->editblogsubsection('1')
 8 SYSTEMPATH\CodeIgniter.php(943): App\Controllers\Blogs->editsec('1')
 9 SYSTEMPATH\CodeIgniter.php(503): CodeIgniter\CodeIgniter->runController(Object(App\Controllers\Blogs))
10 SYSTEMPATH\CodeIgniter.php(361): CodeIgniter\CodeIgniter->handleRequest(null, Object(Config\Cache), false)
11 FCPATH\index.php(79): CodeIgniter\CodeIgniter->run()
CRITICAL - 2024-05-01 06:56:03 --> [Caused by] mysqli_sql_exception: Unknown column 'bsec_id' in 'where clause'
in SYSTEMPATH\Database\MySQLi\Connection.php on line 306.
 1 SYSTEMPATH\Database\MySQLi\Connection.php(306): mysqli->query('SELECT *
FROM `blogs`
WHERE `bsec_id` = \'1\'', 0)
 2 SYSTEMPATH\Database\BaseConnection.php(693): CodeIgniter\Database\MySQLi\Connection->execute('SELECT *
FROM `blogs`
WHERE `bsec_id` = \'1\'')
 3 SYSTEMPATH\Database\BaseConnection.php(607): CodeIgniter\Database\BaseConnection->simpleQuery('SELECT *
FROM `blogs`
WHERE `bsec_id` = \'1\'')
 4 SYSTEMPATH\Database\BaseBuilder.php(1616): CodeIgniter\Database\BaseConnection->query('SELECT *
FROM `blogs`
WHERE `bsec_id` = :bsec_id:', [...], false)
 5 SYSTEMPATH\Model.php(243): CodeIgniter\Database\BaseBuilder->get()
 6 SYSTEMPATH\BaseModel.php(638): CodeIgniter\Model->doFindAll(0, 0)
 7 APPPATH\Models\blogs_model.php(37): CodeIgniter\BaseModel->findAll()
 8 APPPATH\Controllers\Blogs.php(107): App\Models\Blogs_model->editblogsubsection('1')
 9 SYSTEMPATH\CodeIgniter.php(943): App\Controllers\Blogs->editsec('1')
10 SYSTEMPATH\CodeIgniter.php(503): CodeIgniter\CodeIgniter->runController(Object(App\Controllers\Blogs))
11 SYSTEMPATH\CodeIgniter.php(361): CodeIgniter\CodeIgniter->handleRequest(null, Object(Config\Cache), false)
12 FCPATH\index.php(79): CodeIgniter\CodeIgniter->run()
CRITICAL - 2024-05-01 06:59:53 --> CodeIgniter\View\Exceptions\ViewException: Invalid file: "addnewstory_view.php"
in SYSTEMPATH\Exceptions\FrameworkException.php on line 39.
 1 SYSTEMPATH\View\View.php(216): CodeIgniter\Exceptions\FrameworkException::forInvalidFile('addnewstory_view.php')
 2 SYSTEMPATH\Common.php(1178): CodeIgniter\View\View->render('addnewstory_view', [], true)
 3 APPPATH\Controllers\Blogs.php(120): view('addnewstory_view')
 4 SYSTEMPATH\CodeIgniter.php(943): App\Controllers\Blogs->addnewstory()
 5 SYSTEMPATH\CodeIgniter.php(503): CodeIgniter\CodeIgniter->runController(Object(App\Controllers\Blogs))
 6 SYSTEMPATH\CodeIgniter.php(361): CodeIgniter\CodeIgniter->handleRequest(null, Object(Config\Cache), false)
 7 FCPATH\index.php(79): CodeIgniter\CodeIgniter->run()
ERROR - 2024-05-01 07:03:20 --> mysqli_sql_exception: Unknown column 'bsec_id' in 'where clause' in H:\Xampp\htdocs\driphunter\system\Database\MySQLi\Connection.php:306
Stack trace:
#0 H:\Xampp\htdocs\driphunter\system\Database\MySQLi\Connection.php(306): mysqli->query('SELECT *\nFROM `...', 0)
#1 H:\Xampp\htdocs\driphunter\system\Database\BaseConnection.php(693): CodeIgniter\Database\MySQLi\Connection->execute('SELECT *\nFROM `...')
#2 H:\Xampp\htdocs\driphunter\system\Database\BaseConnection.php(607): CodeIgniter\Database\BaseConnection->simpleQuery('SELECT *\nFROM `...')
#3 H:\Xampp\htdocs\driphunter\system\Database\BaseBuilder.php(1616): CodeIgniter\Database\BaseConnection->query('SELECT *\nFROM `...', Array, false)
#4 H:\Xampp\htdocs\driphunter\system\Model.php(243): CodeIgniter\Database\BaseBuilder->get()
#5 H:\Xampp\htdocs\driphunter\system\BaseModel.php(638): CodeIgniter\Model->doFindAll(0, 0)
#6 H:\Xampp\htdocs\driphunter\app\Models\blogs_model.php(37): CodeIgniter\BaseModel->findAll()
#7 H:\Xampp\htdocs\driphunter\app\Controllers\Blogs.php(107): App\Models\Blogs_model->editblogsubsection('1')
#8 H:\Xampp\htdocs\driphunter\system\CodeIgniter.php(943): App\Controllers\Blogs->editsec('1')
#9 H:\Xampp\htdocs\driphunter\system\CodeIgniter.php(503): CodeIgniter\CodeIgniter->runController(Object(App\Controllers\Blogs))
#10 H:\Xampp\htdocs\driphunter\system\CodeIgniter.php(361): CodeIgniter\CodeIgniter->handleRequest(NULL, Object(Config\Cache), false)
#11 H:\Xampp\htdocs\driphunter\public\index.php(79): CodeIgniter\CodeIgniter->run()
#12 {main}
CRITICAL - 2024-05-01 07:03:20 --> CodeIgniter\Database\Exceptions\DatabaseException: Unknown column 'bsec_id' in 'where clause'
in SYSTEMPATH\Database\BaseConnection.php on line 647.
 1 SYSTEMPATH\Database\BaseBuilder.php(1616): CodeIgniter\Database\BaseConnection->query('SELECT *
FROM `blogs`
WHERE `bsec_id` = :bsec_id:', [...], false)
 2 SYSTEMPATH\Model.php(243): CodeIgniter\Database\BaseBuilder->get()
 3 SYSTEMPATH\BaseModel.php(638): CodeIgniter\Model->doFindAll(0, 0)
 4 APPPATH\Models\blogs_model.php(37): CodeIgniter\BaseModel->findAll()
 5 APPPATH\Controllers\Blogs.php(107): App\Models\Blogs_model->editblogsubsection('1')
 6 SYSTEMPATH\CodeIgniter.php(943): App\Controllers\Blogs->editsec('1')
 7 SYSTEMPATH\CodeIgniter.php(503): CodeIgniter\CodeIgniter->runController(Object(App\Controllers\Blogs))
 8 SYSTEMPATH\CodeIgniter.php(361): CodeIgniter\CodeIgniter->handleRequest(null, Object(Config\Cache), false)
 9 FCPATH\index.php(79): CodeIgniter\CodeIgniter->run()
CRITICAL - 2024-05-01 07:03:20 --> [Caused by] CodeIgniter\Database\Exceptions\DatabaseException: Unknown column 'bsec_id' in 'where clause'
in SYSTEMPATH\Database\MySQLi\Connection.php on line 311.
 1 SYSTEMPATH\Database\BaseConnection.php(693): CodeIgniter\Database\MySQLi\Connection->execute('SELECT *
FROM `blogs`
WHERE `bsec_id` = \'1\'')
 2 SYSTEMPATH\Database\BaseConnection.php(607): CodeIgniter\Database\BaseConnection->simpleQuery('SELECT *
FROM `blogs`
WHERE `bsec_id` = \'1\'')
 3 SYSTEMPATH\Database\BaseBuilder.php(1616): CodeIgniter\Database\BaseConnection->query('SELECT *
FROM `blogs`
WHERE `bsec_id` = :bsec_id:', [...], false)
 4 SYSTEMPATH\Model.php(243): CodeIgniter\Database\BaseBuilder->get()
 5 SYSTEMPATH\BaseModel.php(638): CodeIgniter\Model->doFindAll(0, 0)
 6 APPPATH\Models\blogs_model.php(37): CodeIgniter\BaseModel->findAll()
 7 APPPATH\Controllers\Blogs.php(107): App\Models\Blogs_model->editblogsubsection('1')
 8 SYSTEMPATH\CodeIgniter.php(943): App\Controllers\Blogs->editsec('1')
 9 SYSTEMPATH\CodeIgniter.php(503): CodeIgniter\CodeIgniter->runController(Object(App\Controllers\Blogs))
10 SYSTEMPATH\CodeIgniter.php(361): CodeIgniter\CodeIgniter->handleRequest(null, Object(Config\Cache), false)
11 FCPATH\index.php(79): CodeIgniter\CodeIgniter->run()
CRITICAL - 2024-05-01 07:03:20 --> [Caused by] mysqli_sql_exception: Unknown column 'bsec_id' in 'where clause'
in SYSTEMPATH\Database\MySQLi\Connection.php on line 306.
 1 SYSTEMPATH\Database\MySQLi\Connection.php(306): mysqli->query('SELECT *
FROM `blogs`
WHERE `bsec_id` = \'1\'', 0)
 2 SYSTEMPATH\Database\BaseConnection.php(693): CodeIgniter\Database\MySQLi\Connection->execute('SELECT *
FROM `blogs`
WHERE `bsec_id` = \'1\'')
 3 SYSTEMPATH\Database\BaseConnection.php(607): CodeIgniter\Database\BaseConnection->simpleQuery('SELECT *
FROM `blogs`
WHERE `bsec_id` = \'1\'')
 4 SYSTEMPATH\Database\BaseBuilder.php(1616): CodeIgniter\Database\BaseConnection->query('SELECT *
FROM `blogs`
WHERE `bsec_id` = :bsec_id:', [...], false)
 5 SYSTEMPATH\Model.php(243): CodeIgniter\Database\BaseBuilder->get()
 6 SYSTEMPATH\BaseModel.php(638): CodeIgniter\Model->doFindAll(0, 0)
 7 APPPATH\Models\blogs_model.php(37): CodeIgniter\BaseModel->findAll()
 8 APPPATH\Controllers\Blogs.php(107): App\Models\Blogs_model->editblogsubsection('1')
 9 SYSTEMPATH\CodeIgniter.php(943): App\Controllers\Blogs->editsec('1')
10 SYSTEMPATH\CodeIgniter.php(503): CodeIgniter\CodeIgniter->runController(Object(App\Controllers\Blogs))
11 SYSTEMPATH\CodeIgniter.php(361): CodeIgniter\CodeIgniter->handleRequest(null, Object(Config\Cache), false)
12 FCPATH\index.php(79): CodeIgniter\CodeIgniter->run()
CRITICAL - 2024-05-01 07:03:27 --> ErrorException: Undefined array key "status"
in APPPATH\Views\story_view.php on line 52.
 1 APPPATH\Views\story_view.php(52): CodeIgniter\Debug\Exceptions->errorHandler(2, 'Undefined array key "status"', 'H:\\Xampp\\htdocs\\driphunter\\app\\Views\\story_view.php', 52)
 2 SYSTEMPATH\View\View.php(228): include('H:\\Xampp\\htdocs\\driphunter\\app\\Views\\story_view.php')
 3 SYSTEMPATH\View\View.php(231): CodeIgniter\View\View->CodeIgniter\View\{closure}()
 4 SYSTEMPATH\Common.php(1178): CodeIgniter\View\View->render('story_view', [], true)
 5 APPPATH\Controllers\Blogs.php(115): view('story_view', [...])
 6 SYSTEMPATH\CodeIgniter.php(943): App\Controllers\Blogs->addstory()
 7 SYSTEMPATH\CodeIgniter.php(503): CodeIgniter\CodeIgniter->runController(Object(App\Controllers\Blogs))
 8 SYSTEMPATH\CodeIgniter.php(361): CodeIgniter\CodeIgniter->handleRequest(null, Object(Config\Cache), false)
 9 FCPATH\index.php(79): CodeIgniter\CodeIgniter->run()
ERROR - 2024-05-01 07:04:36 --> mysqli_sql_exception: Unknown column 'bsec_id' in 'where clause' in H:\Xampp\htdocs\driphunter\system\Database\MySQLi\Connection.php:306
Stack trace:
#0 H:\Xampp\htdocs\driphunter\system\Database\MySQLi\Connection.php(306): mysqli->query('SELECT *\nFROM `...', 0)
#1 H:\Xampp\htdocs\driphunter\system\Database\BaseConnection.php(693): CodeIgniter\Database\MySQLi\Connection->execute('SELECT *\nFROM `...')
#2 H:\Xampp\htdocs\driphunter\system\Database\BaseConnection.php(607): CodeIgniter\Database\BaseConnection->simpleQuery('SELECT *\nFROM `...')
#3 H:\Xampp\htdocs\driphunter\system\Database\BaseBuilder.php(1616): CodeIgniter\Database\BaseConnection->query('SELECT *\nFROM `...', Array, false)
#4 H:\Xampp\htdocs\driphunter\system\Model.php(243): CodeIgniter\Database\BaseBuilder->get()
#5 H:\Xampp\htdocs\driphunter\system\BaseModel.php(638): CodeIgniter\Model->doFindAll(0, 0)
#6 H:\Xampp\htdocs\driphunter\app\Models\blogs_model.php(37): CodeIgniter\BaseModel->findAll()
#7 H:\Xampp\htdocs\driphunter\app\Controllers\Blogs.php(107): App\Models\Blogs_model->editblogsubsection('1')
#8 H:\Xampp\htdocs\driphunter\system\CodeIgniter.php(943): App\Controllers\Blogs->editsec('1')
#9 H:\Xampp\htdocs\driphunter\system\CodeIgniter.php(503): CodeIgniter\CodeIgniter->runController(Object(App\Controllers\Blogs))
#10 H:\Xampp\htdocs\driphunter\system\CodeIgniter.php(361): CodeIgniter\CodeIgniter->handleRequest(NULL, Object(Config\Cache), false)
#11 H:\Xampp\htdocs\driphunter\public\index.php(79): CodeIgniter\CodeIgniter->run()
#12 {main}
CRITICAL - 2024-05-01 07:04:36 --> CodeIgniter\Database\Exceptions\DatabaseException: Unknown column 'bsec_id' in 'where clause'
in SYSTEMPATH\Database\BaseConnection.php on line 647.
 1 SYSTEMPATH\Database\BaseBuilder.php(1616): CodeIgniter\Database\BaseConnection->query('SELECT *
FROM `blogs`
WHERE `bsec_id` = :bsec_id:', [...], false)
 2 SYSTEMPATH\Model.php(243): CodeIgniter\Database\BaseBuilder->get()
 3 SYSTEMPATH\BaseModel.php(638): CodeIgniter\Model->doFindAll(0, 0)
 4 APPPATH\Models\blogs_model.php(37): CodeIgniter\BaseModel->findAll()
 5 APPPATH\Controllers\Blogs.php(107): App\Models\Blogs_model->editblogsubsection('1')
 6 SYSTEMPATH\CodeIgniter.php(943): App\Controllers\Blogs->editsec('1')
 7 SYSTEMPATH\CodeIgniter.php(503): CodeIgniter\CodeIgniter->runController(Object(App\Controllers\Blogs))
 8 SYSTEMPATH\CodeIgniter.php(361): CodeIgniter\CodeIgniter->handleRequest(null, Object(Config\Cache), false)
 9 FCPATH\index.php(79): CodeIgniter\CodeIgniter->run()
CRITICAL - 2024-05-01 07:04:36 --> [Caused by] CodeIgniter\Database\Exceptions\DatabaseException: Unknown column 'bsec_id' in 'where clause'
in SYSTEMPATH\Database\MySQLi\Connection.php on line 311.
 1 SYSTEMPATH\Database\BaseConnection.php(693): CodeIgniter\Database\MySQLi\Connection->execute('SELECT *
FROM `blogs`
WHERE `bsec_id` = \'1\'')
 2 SYSTEMPATH\Database\BaseConnection.php(607): CodeIgniter\Database\BaseConnection->simpleQuery('SELECT *
FROM `blogs`
WHERE `bsec_id` = \'1\'')
 3 SYSTEMPATH\Database\BaseBuilder.php(1616): CodeIgniter\Database\BaseConnection->query('SELECT *
FROM `blogs`
WHERE `bsec_id` = :bsec_id:', [...], false)
 4 SYSTEMPATH\Model.php(243): CodeIgniter\Database\BaseBuilder->get()
 5 SYSTEMPATH\BaseModel.php(638): CodeIgniter\Model->doFindAll(0, 0)
 6 APPPATH\Models\blogs_model.php(37): CodeIgniter\BaseModel->findAll()
 7 APPPATH\Controllers\Blogs.php(107): App\Models\Blogs_model->editblogsubsection('1')
 8 SYSTEMPATH\CodeIgniter.php(943): App\Controllers\Blogs->editsec('1')
 9 SYSTEMPATH\CodeIgniter.php(503): CodeIgniter\CodeIgniter->runController(Object(App\Controllers\Blogs))
10 SYSTEMPATH\CodeIgniter.php(361): CodeIgniter\CodeIgniter->handleRequest(null, Object(Config\Cache), false)
11 FCPATH\index.php(79): CodeIgniter\CodeIgniter->run()
CRITICAL - 2024-05-01 07:04:36 --> [Caused by] mysqli_sql_exception: Unknown column 'bsec_id' in 'where clause'
in SYSTEMPATH\Database\MySQLi\Connection.php on line 306.
 1 SYSTEMPATH\Database\MySQLi\Connection.php(306): mysqli->query('SELECT *
FROM `blogs`
WHERE `bsec_id` = \'1\'', 0)
 2 SYSTEMPATH\Database\BaseConnection.php(693): CodeIgniter\Database\MySQLi\Connection->execute('SELECT *
FROM `blogs`
WHERE `bsec_id` = \'1\'')
 3 SYSTEMPATH\Database\BaseConnection.php(607): CodeIgniter\Database\BaseConnection->simpleQuery('SELECT *
FROM `blogs`
WHERE `bsec_id` = \'1\'')
 4 SYSTEMPATH\Database\BaseBuilder.php(1616): CodeIgniter\Database\BaseConnection->query('SELECT *
FROM `blogs`
WHERE `bsec_id` = :bsec_id:', [...], false)
 5 SYSTEMPATH\Model.php(243): CodeIgniter\Database\BaseBuilder->get()
 6 SYSTEMPATH\BaseModel.php(638): CodeIgniter\Model->doFindAll(0, 0)
 7 APPPATH\Models\blogs_model.php(37): CodeIgniter\BaseModel->findAll()
 8 APPPATH\Controllers\Blogs.php(107): App\Models\Blogs_model->editblogsubsection('1')
 9 SYSTEMPATH\CodeIgniter.php(943): App\Controllers\Blogs->editsec('1')
10 SYSTEMPATH\CodeIgniter.php(503): CodeIgniter\CodeIgniter->runController(Object(App\Controllers\Blogs))
11 SYSTEMPATH\CodeIgniter.php(361): CodeIgniter\CodeIgniter->handleRequest(null, Object(Config\Cache), false)
12 FCPATH\index.php(79): CodeIgniter\CodeIgniter->run()
ERROR - 2024-05-01 07:05:38 --> mysqli_sql_exception: Unknown column 'bsec_id' in 'where clause' in H:\Xampp\htdocs\driphunter\system\Database\MySQLi\Connection.php:306
Stack trace:
#0 H:\Xampp\htdocs\driphunter\system\Database\MySQLi\Connection.php(306): mysqli->query('SELECT *\nFROM `...', 0)
#1 H:\Xampp\htdocs\driphunter\system\Database\BaseConnection.php(693): CodeIgniter\Database\MySQLi\Connection->execute('SELECT *\nFROM `...')
#2 H:\Xampp\htdocs\driphunter\system\Database\BaseConnection.php(607): CodeIgniter\Database\BaseConnection->simpleQuery('SELECT *\nFROM `...')
#3 H:\Xampp\htdocs\driphunter\system\Database\BaseBuilder.php(1616): CodeIgniter\Database\BaseConnection->query('SELECT *\nFROM `...', Array, false)
#4 H:\Xampp\htdocs\driphunter\system\Model.php(243): CodeIgniter\Database\BaseBuilder->get()
#5 H:\Xampp\htdocs\driphunter\system\BaseModel.php(638): CodeIgniter\Model->doFindAll(0, 0)
#6 H:\Xampp\htdocs\driphunter\app\Models\blogs_model.php(37): CodeIgniter\BaseModel->findAll()
#7 H:\Xampp\htdocs\driphunter\app\Controllers\Blogs.php(107): App\Models\Blogs_model->editblogsubsection('1')
#8 H:\Xampp\htdocs\driphunter\system\CodeIgniter.php(943): App\Controllers\Blogs->editsec('1')
#9 H:\Xampp\htdocs\driphunter\system\CodeIgniter.php(503): CodeIgniter\CodeIgniter->runController(Object(App\Controllers\Blogs))
#10 H:\Xampp\htdocs\driphunter\system\CodeIgniter.php(361): CodeIgniter\CodeIgniter->handleRequest(NULL, Object(Config\Cache), false)
#11 H:\Xampp\htdocs\driphunter\public\index.php(79): CodeIgniter\CodeIgniter->run()
#12 {main}
CRITICAL - 2024-05-01 07:05:38 --> CodeIgniter\Database\Exceptions\DatabaseException: Unknown column 'bsec_id' in 'where clause'
in SYSTEMPATH\Database\BaseConnection.php on line 647.
 1 SYSTEMPATH\Database\BaseBuilder.php(1616): CodeIgniter\Database\BaseConnection->query('SELECT *
FROM `blogs`
WHERE `bsec_id` = :bsec_id:', [...], false)
 2 SYSTEMPATH\Model.php(243): CodeIgniter\Database\BaseBuilder->get()
 3 SYSTEMPATH\BaseModel.php(638): CodeIgniter\Model->doFindAll(0, 0)
 4 APPPATH\Models\blogs_model.php(37): CodeIgniter\BaseModel->findAll()
 5 APPPATH\Controllers\Blogs.php(107): App\Models\Blogs_model->editblogsubsection('1')
 6 SYSTEMPATH\CodeIgniter.php(943): App\Controllers\Blogs->editsec('1')
 7 SYSTEMPATH\CodeIgniter.php(503): CodeIgniter\CodeIgniter->runController(Object(App\Controllers\Blogs))
 8 SYSTEMPATH\CodeIgniter.php(361): CodeIgniter\CodeIgniter->handleRequest(null, Object(Config\Cache), false)
 9 FCPATH\index.php(79): CodeIgniter\CodeIgniter->run()
CRITICAL - 2024-05-01 07:05:38 --> [Caused by] CodeIgniter\Database\Exceptions\DatabaseException: Unknown column 'bsec_id' in 'where clause'
in SYSTEMPATH\Database\MySQLi\Connection.php on line 311.
 1 SYSTEMPATH\Database\BaseConnection.php(693): CodeIgniter\Database\MySQLi\Connection->execute('SELECT *
FROM `blogs`
WHERE `bsec_id` = \'1\'')
 2 SYSTEMPATH\Database\BaseConnection.php(607): CodeIgniter\Database\BaseConnection->simpleQuery('SELECT *
FROM `blogs`
WHERE `bsec_id` = \'1\'')
 3 SYSTEMPATH\Database\BaseBuilder.php(1616): CodeIgniter\Database\BaseConnection->query('SELECT *
FROM `blogs`
WHERE `bsec_id` = :bsec_id:', [...], false)
 4 SYSTEMPATH\Model.php(243): CodeIgniter\Database\BaseBuilder->get()
 5 SYSTEMPATH\BaseModel.php(638): CodeIgniter\Model->doFindAll(0, 0)
 6 APPPATH\Models\blogs_model.php(37): CodeIgniter\BaseModel->findAll()
 7 APPPATH\Controllers\Blogs.php(107): App\Models\Blogs_model->editblogsubsection('1')
 8 SYSTEMPATH\CodeIgniter.php(943): App\Controllers\Blogs->editsec('1')
 9 SYSTEMPATH\CodeIgniter.php(503): CodeIgniter\CodeIgniter->runController(Object(App\Controllers\Blogs))
10 SYSTEMPATH\CodeIgniter.php(361): CodeIgniter\CodeIgniter->handleRequest(null, Object(Config\Cache), false)
11 FCPATH\index.php(79): CodeIgniter\CodeIgniter->run()
CRITICAL - 2024-05-01 07:05:38 --> [Caused by] mysqli_sql_exception: Unknown column 'bsec_id' in 'where clause'
in SYSTEMPATH\Database\MySQLi\Connection.php on line 306.
 1 SYSTEMPATH\Database\MySQLi\Connection.php(306): mysqli->query('SELECT *
FROM `blogs`
WHERE `bsec_id` = \'1\'', 0)
 2 SYSTEMPATH\Database\BaseConnection.php(693): CodeIgniter\Database\MySQLi\Connection->execute('SELECT *
FROM `blogs`
WHERE `bsec_id` = \'1\'')
 3 SYSTEMPATH\Database\BaseConnection.php(607): CodeIgniter\Database\BaseConnection->simpleQuery('SELECT *
FROM `blogs`
WHERE `bsec_id` = \'1\'')
 4 SYSTEMPATH\Database\BaseBuilder.php(1616): CodeIgniter\Database\BaseConnection->query('SELECT *
FROM `blogs`
WHERE `bsec_id` = :bsec_id:', [...], false)
 5 SYSTEMPATH\Model.php(243): CodeIgniter\Database\BaseBuilder->get()
 6 SYSTEMPATH\BaseModel.php(638): CodeIgniter\Model->doFindAll(0, 0)
 7 APPPATH\Models\blogs_model.php(37): CodeIgniter\BaseModel->findAll()
 8 APPPATH\Controllers\Blogs.php(107): App\Models\Blogs_model->editblogsubsection('1')
 9 SYSTEMPATH\CodeIgniter.php(943): App\Controllers\Blogs->editsec('1')
10 SYSTEMPATH\CodeIgniter.php(503): CodeIgniter\CodeIgniter->runController(Object(App\Controllers\Blogs))
11 SYSTEMPATH\CodeIgniter.php(361): CodeIgniter\CodeIgniter->handleRequest(null, Object(Config\Cache), false)
12 FCPATH\index.php(79): CodeIgniter\CodeIgniter->run()
CRITICAL - 2024-05-01 07:32:55 --> CodeIgniter\View\Exceptions\ViewException: Invalid file: "addnewdripspot_view.php"
in SYSTEMPATH\Exceptions\FrameworkException.php on line 39.
 1 SYSTEMPATH\View\View.php(216): CodeIgniter\Exceptions\FrameworkException::forInvalidFile('addnewdripspot_view.php')
 2 SYSTEMPATH\Common.php(1178): CodeIgniter\View\View->render('addnewdripspot_view', [], true)
 3 APPPATH\Controllers\Blogs.php(132): view('addnewdripspot_view')
 4 SYSTEMPATH\CodeIgniter.php(943): App\Controllers\Blogs->addnewdripspot()
 5 SYSTEMPATH\CodeIgniter.php(503): CodeIgniter\CodeIgniter->runController(Object(App\Controllers\Blogs))
 6 SYSTEMPATH\CodeIgniter.php(361): CodeIgniter\CodeIgniter->handleRequest(null, Object(Config\Cache), false)
 7 FCPATH\index.php(79): CodeIgniter\CodeIgniter->run()
CRITICAL - 2024-05-01 07:32:58 --> CodeIgniter\View\Exceptions\ViewException: Invalid file: "addnewdripspot_view.php"
in SYSTEMPATH\Exceptions\FrameworkException.php on line 39.
 1 SYSTEMPATH\View\View.php(216): CodeIgniter\Exceptions\FrameworkException::forInvalidFile('addnewdripspot_view.php')
 2 SYSTEMPATH\Common.php(1178): CodeIgniter\View\View->render('addnewdripspot_view', [], true)
 3 APPPATH\Controllers\Blogs.php(132): view('addnewdripspot_view')
 4 SYSTEMPATH\CodeIgniter.php(943): App\Controllers\Blogs->addnewdripspot()
 5 SYSTEMPATH\CodeIgniter.php(503): CodeIgniter\CodeIgniter->runController(Object(App\Controllers\Blogs))
 6 SYSTEMPATH\CodeIgniter.php(361): CodeIgniter\CodeIgniter->handleRequest(null, Object(Config\Cache), false)
 7 FCPATH\index.php(79): CodeIgniter\CodeIgniter->run()
CRITICAL - 2024-05-01 08:31:05 --> CodeIgniter\View\Exceptions\ViewException: Invalid file: "addnewinstagrampost_view.php"
in SYSTEMPATH\Exceptions\FrameworkException.php on line 39.
 1 SYSTEMPATH\View\View.php(216): CodeIgniter\Exceptions\FrameworkException::forInvalidFile('addnewinstagrampost_view.php')
 2 SYSTEMPATH\Common.php(1178): CodeIgniter\View\View->render('addnewinstagrampost_view', [], true)
 3 APPPATH\Controllers\Blogs.php(156): view('addnewinstagrampost_view')
 4 SYSTEMPATH\CodeIgniter.php(943): App\Controllers\Blogs->addnewinstagrampost()
 5 SYSTEMPATH\CodeIgniter.php(503): CodeIgniter\CodeIgniter->runController(Object(App\Controllers\Blogs))
 6 SYSTEMPATH\CodeIgniter.php(361): CodeIgniter\CodeIgniter->handleRequest(null, Object(Config\Cache), false)
 7 FCPATH\index.php(79): CodeIgniter\CodeIgniter->run()
ERROR - 2024-05-01 08:58:54 --> mysqli_sql_exception: Unknown column 'bsec_id' in 'where clause' in H:\Xampp\htdocs\driphunter\system\Database\MySQLi\Connection.php:306
Stack trace:
#0 H:\Xampp\htdocs\driphunter\system\Database\MySQLi\Connection.php(306): mysqli->query('SELECT *\nFROM `...', 0)
#1 H:\Xampp\htdocs\driphunter\system\Database\BaseConnection.php(693): CodeIgniter\Database\MySQLi\Connection->execute('SELECT *\nFROM `...')
#2 H:\Xampp\htdocs\driphunter\system\Database\BaseConnection.php(607): CodeIgniter\Database\BaseConnection->simpleQuery('SELECT *\nFROM `...')
#3 H:\Xampp\htdocs\driphunter\system\Database\BaseBuilder.php(1616): CodeIgniter\Database\BaseConnection->query('SELECT *\nFROM `...', Array, false)
#4 H:\Xampp\htdocs\driphunter\system\Model.php(243): CodeIgniter\Database\BaseBuilder->get()
#5 H:\Xampp\htdocs\driphunter\system\BaseModel.php(638): CodeIgniter\Model->doFindAll(0, 0)
#6 H:\Xampp\htdocs\driphunter\app\Models\blogs_model.php(37): CodeIgniter\BaseModel->findAll()
#7 H:\Xampp\htdocs\driphunter\app\Controllers\Blogs.php(107): App\Models\Blogs_model->editblogsubsection('1')
#8 H:\Xampp\htdocs\driphunter\system\CodeIgniter.php(943): App\Controllers\Blogs->editsec('1')
#9 H:\Xampp\htdocs\driphunter\system\CodeIgniter.php(503): CodeIgniter\CodeIgniter->runController(Object(App\Controllers\Blogs))
#10 H:\Xampp\htdocs\driphunter\system\CodeIgniter.php(361): CodeIgniter\CodeIgniter->handleRequest(NULL, Object(Config\Cache), false)
#11 H:\Xampp\htdocs\driphunter\public\index.php(79): CodeIgniter\CodeIgniter->run()
#12 {main}
CRITICAL - 2024-05-01 08:58:54 --> CodeIgniter\Database\Exceptions\DatabaseException: Unknown column 'bsec_id' in 'where clause'
in SYSTEMPATH\Database\BaseConnection.php on line 647.
 1 SYSTEMPATH\Database\BaseBuilder.php(1616): CodeIgniter\Database\BaseConnection->query('SELECT *
FROM `blogs`
WHERE `bsec_id` = :bsec_id:', [...], false)
 2 SYSTEMPATH\Model.php(243): CodeIgniter\Database\BaseBuilder->get()
 3 SYSTEMPATH\BaseModel.php(638): CodeIgniter\Model->doFindAll(0, 0)
 4 APPPATH\Models\blogs_model.php(37): CodeIgniter\BaseModel->findAll()
 5 APPPATH\Controllers\Blogs.php(107): App\Models\Blogs_model->editblogsubsection('1')
 6 SYSTEMPATH\CodeIgniter.php(943): App\Controllers\Blogs->editsec('1')
 7 SYSTEMPATH\CodeIgniter.php(503): CodeIgniter\CodeIgniter->runController(Object(App\Controllers\Blogs))
 8 SYSTEMPATH\CodeIgniter.php(361): CodeIgniter\CodeIgniter->handleRequest(null, Object(Config\Cache), false)
 9 FCPATH\index.php(79): CodeIgniter\CodeIgniter->run()
CRITICAL - 2024-05-01 08:58:54 --> [Caused by] CodeIgniter\Database\Exceptions\DatabaseException: Unknown column 'bsec_id' in 'where clause'
in SYSTEMPATH\Database\MySQLi\Connection.php on line 311.
 1 SYSTEMPATH\Database\BaseConnection.php(693): CodeIgniter\Database\MySQLi\Connection->execute('SELECT *
FROM `blogs`
WHERE `bsec_id` = \'1\'')
 2 SYSTEMPATH\Database\BaseConnection.php(607): CodeIgniter\Database\BaseConnection->simpleQuery('SELECT *
FROM `blogs`
WHERE `bsec_id` = \'1\'')
 3 SYSTEMPATH\Database\BaseBuilder.php(1616): CodeIgniter\Database\BaseConnection->query('SELECT *
FROM `blogs`
WHERE `bsec_id` = :bsec_id:', [...], false)
 4 SYSTEMPATH\Model.php(243): CodeIgniter\Database\BaseBuilder->get()
 5 SYSTEMPATH\BaseModel.php(638): CodeIgniter\Model->doFindAll(0, 0)
 6 APPPATH\Models\blogs_model.php(37): CodeIgniter\BaseModel->findAll()
 7 APPPATH\Controllers\Blogs.php(107): App\Models\Blogs_model->editblogsubsection('1')
 8 SYSTEMPATH\CodeIgniter.php(943): App\Controllers\Blogs->editsec('1')
 9 SYSTEMPATH\CodeIgniter.php(503): CodeIgniter\CodeIgniter->runController(Object(App\Controllers\Blogs))
10 SYSTEMPATH\CodeIgniter.php(361): CodeIgniter\CodeIgniter->handleRequest(null, Object(Config\Cache), false)
11 FCPATH\index.php(79): CodeIgniter\CodeIgniter->run()
CRITICAL - 2024-05-01 08:58:54 --> [Caused by] mysqli_sql_exception: Unknown column 'bsec_id' in 'where clause'
in SYSTEMPATH\Database\MySQLi\Connection.php on line 306.
 1 SYSTEMPATH\Database\MySQLi\Connection.php(306): mysqli->query('SELECT *
FROM `blogs`
WHERE `bsec_id` = \'1\'', 0)
 2 SYSTEMPATH\Database\BaseConnection.php(693): CodeIgniter\Database\MySQLi\Connection->execute('SELECT *
FROM `blogs`
WHERE `bsec_id` = \'1\'')
 3 SYSTEMPATH\Database\BaseConnection.php(607): CodeIgniter\Database\BaseConnection->simpleQuery('SELECT *
FROM `blogs`
WHERE `bsec_id` = \'1\'')
 4 SYSTEMPATH\Database\BaseBuilder.php(1616): CodeIgniter\Database\BaseConnection->query('SELECT *
FROM `blogs`
WHERE `bsec_id` = :bsec_id:', [...], false)
 5 SYSTEMPATH\Model.php(243): CodeIgniter\Database\BaseBuilder->get()
 6 SYSTEMPATH\BaseModel.php(638): CodeIgniter\Model->doFindAll(0, 0)
 7 APPPATH\Models\blogs_model.php(37): CodeIgniter\BaseModel->findAll()
 8 APPPATH\Controllers\Blogs.php(107): App\Models\Blogs_model->editblogsubsection('1')
 9 SYSTEMPATH\CodeIgniter.php(943): App\Controllers\Blogs->editsec('1')
10 SYSTEMPATH\CodeIgniter.php(503): CodeIgniter\CodeIgniter->runController(Object(App\Controllers\Blogs))
11 SYSTEMPATH\CodeIgniter.php(361): CodeIgniter\CodeIgniter->handleRequest(null, Object(Config\Cache), false)
12 FCPATH\index.php(79): CodeIgniter\CodeIgniter->run()
CRITICAL - 2024-05-01 09:16:56 --> CodeIgniter\Database\Exceptions\DataException: There is no data to update.
in SYSTEMPATH\BaseModel.php on line 970.
 1 SYSTEMPATH\BaseModel.php(970): CodeIgniter\Database\Exceptions\DataException::forEmptyDataset('update')
 2 SYSTEMPATH\Model.php(812): CodeIgniter\BaseModel->update([...], [])
 3 APPPATH\Models\blogs_model.php(38): CodeIgniter\Model->update('1', [...])
 4 APPPATH\Controllers\Blogs.php(107): App\Models\Blogs_model->editblogsubsection('1')
 5 SYSTEMPATH\CodeIgniter.php(943): App\Controllers\Blogs->editsec('1')
 6 SYSTEMPATH\CodeIgniter.php(503): CodeIgniter\CodeIgniter->runController(Object(App\Controllers\Blogs))
 7 SYSTEMPATH\CodeIgniter.php(361): CodeIgniter\CodeIgniter->handleRequest(null, Object(Config\Cache), false)
 8 FCPATH\index.php(79): CodeIgniter\CodeIgniter->run()
ERROR - 2024-05-01 09:17:14 --> mysqli_sql_exception: Unknown column 'bsec_id' in 'where clause' in H:\Xampp\htdocs\driphunter\system\Database\MySQLi\Connection.php:306
Stack trace:
#0 H:\Xampp\htdocs\driphunter\system\Database\MySQLi\Connection.php(306): mysqli->query('SELECT *\nFROM `...', 0)
#1 H:\Xampp\htdocs\driphunter\system\Database\BaseConnection.php(693): CodeIgniter\Database\MySQLi\Connection->execute('SELECT *\nFROM `...')
#2 H:\Xampp\htdocs\driphunter\system\Database\BaseConnection.php(607): CodeIgniter\Database\BaseConnection->simpleQuery('SELECT *\nFROM `...')
#3 H:\Xampp\htdocs\driphunter\system\Database\BaseBuilder.php(1616): CodeIgniter\Database\BaseConnection->query('SELECT *\nFROM `...', Array, false)
#4 H:\Xampp\htdocs\driphunter\system\Model.php(243): CodeIgniter\Database\BaseBuilder->get()
#5 H:\Xampp\htdocs\driphunter\system\BaseModel.php(638): CodeIgniter\Model->doFindAll(0, 0)
#6 H:\Xampp\htdocs\driphunter\app\Models\blogs_model.php(37): CodeIgniter\BaseModel->findAll()
#7 H:\Xampp\htdocs\driphunter\app\Controllers\Blogs.php(107): App\Models\Blogs_model->editblogsubsection('1')
#8 H:\Xampp\htdocs\driphunter\system\CodeIgniter.php(943): App\Controllers\Blogs->editsec('1')
#9 H:\Xampp\htdocs\driphunter\system\CodeIgniter.php(503): CodeIgniter\CodeIgniter->runController(Object(App\Controllers\Blogs))
#10 H:\Xampp\htdocs\driphunter\system\CodeIgniter.php(361): CodeIgniter\CodeIgniter->handleRequest(NULL, Object(Config\Cache), false)
#11 H:\Xampp\htdocs\driphunter\public\index.php(79): CodeIgniter\CodeIgniter->run()
#12 {main}
CRITICAL - 2024-05-01 09:17:14 --> CodeIgniter\Database\Exceptions\DatabaseException: Unknown column 'bsec_id' in 'where clause'
in SYSTEMPATH\Database\BaseConnection.php on line 647.
 1 SYSTEMPATH\Database\BaseBuilder.php(1616): CodeIgniter\Database\BaseConnection->query('SELECT *
FROM `blogs`
WHERE `bsec_id` = :bsec_id:', [...], false)
 2 SYSTEMPATH\Model.php(243): CodeIgniter\Database\BaseBuilder->get()
 3 SYSTEMPATH\BaseModel.php(638): CodeIgniter\Model->doFindAll(0, 0)
 4 APPPATH\Models\blogs_model.php(37): CodeIgniter\BaseModel->findAll()
 5 APPPATH\Controllers\Blogs.php(107): App\Models\Blogs_model->editblogsubsection('1')
 6 SYSTEMPATH\CodeIgniter.php(943): App\Controllers\Blogs->editsec('1')
 7 SYSTEMPATH\CodeIgniter.php(503): CodeIgniter\CodeIgniter->runController(Object(App\Controllers\Blogs))
 8 SYSTEMPATH\CodeIgniter.php(361): CodeIgniter\CodeIgniter->handleRequest(null, Object(Config\Cache), false)
 9 FCPATH\index.php(79): CodeIgniter\CodeIgniter->run()
CRITICAL - 2024-05-01 09:17:14 --> [Caused by] CodeIgniter\Database\Exceptions\DatabaseException: Unknown column 'bsec_id' in 'where clause'
in SYSTEMPATH\Database\MySQLi\Connection.php on line 311.
 1 SYSTEMPATH\Database\BaseConnection.php(693): CodeIgniter\Database\MySQLi\Connection->execute('SELECT *
FROM `blogs`
WHERE `bsec_id` = \'1\'')
 2 SYSTEMPATH\Database\BaseConnection.php(607): CodeIgniter\Database\BaseConnection->simpleQuery('SELECT *
FROM `blogs`
WHERE `bsec_id` = \'1\'')
 3 SYSTEMPATH\Database\BaseBuilder.php(1616): CodeIgniter\Database\BaseConnection->query('SELECT *
FROM `blogs`
WHERE `bsec_id` = :bsec_id:', [...], false)
 4 SYSTEMPATH\Model.php(243): CodeIgniter\Database\BaseBuilder->get()
 5 SYSTEMPATH\BaseModel.php(638): CodeIgniter\Model->doFindAll(0, 0)
 6 APPPATH\Models\blogs_model.php(37): CodeIgniter\BaseModel->findAll()
 7 APPPATH\Controllers\Blogs.php(107): App\Models\Blogs_model->editblogsubsection('1')
 8 SYSTEMPATH\CodeIgniter.php(943): App\Controllers\Blogs->editsec('1')
 9 SYSTEMPATH\CodeIgniter.php(503): CodeIgniter\CodeIgniter->runController(Object(App\Controllers\Blogs))
10 SYSTEMPATH\CodeIgniter.php(361): CodeIgniter\CodeIgniter->handleRequest(null, Object(Config\Cache), false)
11 FCPATH\index.php(79): CodeIgniter\CodeIgniter->run()
CRITICAL - 2024-05-01 09:17:14 --> [Caused by] mysqli_sql_exception: Unknown column 'bsec_id' in 'where clause'
in SYSTEMPATH\Database\MySQLi\Connection.php on line 306.
 1 SYSTEMPATH\Database\MySQLi\Connection.php(306): mysqli->query('SELECT *
FROM `blogs`
WHERE `bsec_id` = \'1\'', 0)
 2 SYSTEMPATH\Database\BaseConnection.php(693): CodeIgniter\Database\MySQLi\Connection->execute('SELECT *
FROM `blogs`
WHERE `bsec_id` = \'1\'')
 3 SYSTEMPATH\Database\BaseConnection.php(607): CodeIgniter\Database\BaseConnection->simpleQuery('SELECT *
FROM `blogs`
WHERE `bsec_id` = \'1\'')
 4 SYSTEMPATH\Database\BaseBuilder.php(1616): CodeIgniter\Database\BaseConnection->query('SELECT *
FROM `blogs`
WHERE `bsec_id` = :bsec_id:', [...], false)
 5 SYSTEMPATH\Model.php(243): CodeIgniter\Database\BaseBuilder->get()
 6 SYSTEMPATH\BaseModel.php(638): CodeIgniter\Model->doFindAll(0, 0)
 7 APPPATH\Models\blogs_model.php(37): CodeIgniter\BaseModel->findAll()
 8 APPPATH\Controllers\Blogs.php(107): App\Models\Blogs_model->editblogsubsection('1')
 9 SYSTEMPATH\CodeIgniter.php(943): App\Controllers\Blogs->editsec('1')
10 SYSTEMPATH\CodeIgniter.php(503): CodeIgniter\CodeIgniter->runController(Object(App\Controllers\Blogs))
11 SYSTEMPATH\CodeIgniter.php(361): CodeIgniter\CodeIgniter->handleRequest(null, Object(Config\Cache), false)
12 FCPATH\index.php(79): CodeIgniter\CodeIgniter->run()
CRITICAL - 2024-05-01 11:10:34 --> CodeIgniter\View\Exceptions\ViewException: Invalid file: "public/blogs.php"
in SYSTEMPATH\Exceptions\FrameworkException.php on line 39.
 1 SYSTEMPATH\View\View.php(216): CodeIgniter\Exceptions\FrameworkException::forInvalidFile('public/blogs.php')
 2 SYSTEMPATH\Common.php(1178): CodeIgniter\View\View->render('public/blogs', [], true)
 3 APPPATH\Controllers\Blogs.php(44): view('public/blogs')
 4 SYSTEMPATH\CodeIgniter.php(943): App\Controllers\Blogs->addnewpost()
 5 SYSTEMPATH\CodeIgniter.php(503): CodeIgniter\CodeIgniter->runController(Object(App\Controllers\Blogs))
 6 SYSTEMPATH\CodeIgniter.php(361): CodeIgniter\CodeIgniter->handleRequest(null, Object(Config\Cache), false)
 7 FCPATH\index.php(79): CodeIgniter\CodeIgniter->run()
ERROR - 2024-05-01 11:21:14 --> mysqli_sql_exception: Unknown column 'bsec_id' in 'where clause' in H:\Xampp\htdocs\driphunter\system\Database\MySQLi\Connection.php:306
Stack trace:
#0 H:\Xampp\htdocs\driphunter\system\Database\MySQLi\Connection.php(306): mysqli->query('SELECT *\nFROM `...', 0)
#1 H:\Xampp\htdocs\driphunter\system\Database\BaseConnection.php(693): CodeIgniter\Database\MySQLi\Connection->execute('SELECT *\nFROM `...')
#2 H:\Xampp\htdocs\driphunter\system\Database\BaseConnection.php(607): CodeIgniter\Database\BaseConnection->simpleQuery('SELECT *\nFROM `...')
#3 H:\Xampp\htdocs\driphunter\system\Database\BaseBuilder.php(1616): CodeIgniter\Database\BaseConnection->query('SELECT *\nFROM `...', Array, false)
#4 H:\Xampp\htdocs\driphunter\system\Model.php(243): CodeIgniter\Database\BaseBuilder->get()
#5 H:\Xampp\htdocs\driphunter\system\BaseModel.php(638): CodeIgniter\Model->doFindAll(0, 0)
#6 H:\Xampp\htdocs\driphunter\app\Models\blogs_model.php(43): CodeIgniter\BaseModel->findAll()
#7 H:\Xampp\htdocs\driphunter\app\Controllers\Blogs.php(96): App\Models\Blogs_model->editblogsubsection('1')
#8 H:\Xampp\htdocs\driphunter\system\CodeIgniter.php(943): App\Controllers\Blogs->editsec('1')
#9 H:\Xampp\htdocs\driphunter\system\CodeIgniter.php(503): CodeIgniter\CodeIgniter->runController(Object(App\Controllers\Blogs))
#10 H:\Xampp\htdocs\driphunter\system\CodeIgniter.php(361): CodeIgniter\CodeIgniter->handleRequest(NULL, Object(Config\Cache), false)
#11 H:\Xampp\htdocs\driphunter\public\index.php(79): CodeIgniter\CodeIgniter->run()
#12 {main}
CRITICAL - 2024-05-01 11:21:14 --> CodeIgniter\Database\Exceptions\DatabaseException: Unknown column 'bsec_id' in 'where clause'
in SYSTEMPATH\Database\BaseConnection.php on line 647.
 1 SYSTEMPATH\Database\BaseBuilder.php(1616): CodeIgniter\Database\BaseConnection->query('SELECT *
FROM `blogs`
WHERE `bsec_id` = :bsec_id:', [...], false)
 2 SYSTEMPATH\Model.php(243): CodeIgniter\Database\BaseBuilder->get()
 3 SYSTEMPATH\BaseModel.php(638): CodeIgniter\Model->doFindAll(0, 0)
 4 APPPATH\Models\blogs_model.php(43): CodeIgniter\BaseModel->findAll()
 5 APPPATH\Controllers\Blogs.php(96): App\Models\Blogs_model->editblogsubsection('1')
 6 SYSTEMPATH\CodeIgniter.php(943): App\Controllers\Blogs->editsec('1')
 7 SYSTEMPATH\CodeIgniter.php(503): CodeIgniter\CodeIgniter->runController(Object(App\Controllers\Blogs))
 8 SYSTEMPATH\CodeIgniter.php(361): CodeIgniter\CodeIgniter->handleRequest(null, Object(Config\Cache), false)
 9 FCPATH\index.php(79): CodeIgniter\CodeIgniter->run()
CRITICAL - 2024-05-01 11:21:14 --> [Caused by] CodeIgniter\Database\Exceptions\DatabaseException: Unknown column 'bsec_id' in 'where clause'
in SYSTEMPATH\Database\MySQLi\Connection.php on line 311.
 1 SYSTEMPATH\Database\BaseConnection.php(693): CodeIgniter\Database\MySQLi\Connection->execute('SELECT *
FROM `blogs`
WHERE `bsec_id` = \'1\'')
 2 SYSTEMPATH\Database\BaseConnection.php(607): CodeIgniter\Database\BaseConnection->simpleQuery('SELECT *
FROM `blogs`
WHERE `bsec_id` = \'1\'')
 3 SYSTEMPATH\Database\BaseBuilder.php(1616): CodeIgniter\Database\BaseConnection->query('SELECT *
FROM `blogs`
WHERE `bsec_id` = :bsec_id:', [...], false)
 4 SYSTEMPATH\Model.php(243): CodeIgniter\Database\BaseBuilder->get()
 5 SYSTEMPATH\BaseModel.php(638): CodeIgniter\Model->doFindAll(0, 0)
 6 APPPATH\Models\blogs_model.php(43): CodeIgniter\BaseModel->findAll()
 7 APPPATH\Controllers\Blogs.php(96): App\Models\Blogs_model->editblogsubsection('1')
 8 SYSTEMPATH\CodeIgniter.php(943): App\Controllers\Blogs->editsec('1')
 9 SYSTEMPATH\CodeIgniter.php(503): CodeIgniter\CodeIgniter->runController(Object(App\Controllers\Blogs))
10 SYSTEMPATH\CodeIgniter.php(361): CodeIgniter\CodeIgniter->handleRequest(null, Object(Config\Cache), false)
11 FCPATH\index.php(79): CodeIgniter\CodeIgniter->run()
CRITICAL - 2024-05-01 11:21:14 --> [Caused by] mysqli_sql_exception: Unknown column 'bsec_id' in 'where clause'
in SYSTEMPATH\Database\MySQLi\Connection.php on line 306.
 1 SYSTEMPATH\Database\MySQLi\Connection.php(306): mysqli->query('SELECT *
FROM `blogs`
WHERE `bsec_id` = \'1\'', 0)
 2 SYSTEMPATH\Database\BaseConnection.php(693): CodeIgniter\Database\MySQLi\Connection->execute('SELECT *
FROM `blogs`
WHERE `bsec_id` = \'1\'')
 3 SYSTEMPATH\Database\BaseConnection.php(607): CodeIgniter\Database\BaseConnection->simpleQuery('SELECT *
FROM `blogs`
WHERE `bsec_id` = \'1\'')
 4 SYSTEMPATH\Database\BaseBuilder.php(1616): CodeIgniter\Database\BaseConnection->query('SELECT *
FROM `blogs`
WHERE `bsec_id` = :bsec_id:', [...], false)
 5 SYSTEMPATH\Model.php(243): CodeIgniter\Database\BaseBuilder->get()
 6 SYSTEMPATH\BaseModel.php(638): CodeIgniter\Model->doFindAll(0, 0)
 7 APPPATH\Models\blogs_model.php(43): CodeIgniter\BaseModel->findAll()
 8 APPPATH\Controllers\Blogs.php(96): App\Models\Blogs_model->editblogsubsection('1')
 9 SYSTEMPATH\CodeIgniter.php(943): App\Controllers\Blogs->editsec('1')
10 SYSTEMPATH\CodeIgniter.php(503): CodeIgniter\CodeIgniter->runController(Object(App\Controllers\Blogs))
11 SYSTEMPATH\CodeIgniter.php(361): CodeIgniter\CodeIgniter->handleRequest(null, Object(Config\Cache), false)
12 FCPATH\index.php(79): CodeIgniter\CodeIgniter->run()
CRITICAL - 2024-05-01 11:57:33 --> ErrorException: Undefined variable $blog_subsection
in APPPATH\Views\blogimgsection_view.php on line 45.
 1 APPPATH\Views\blogimgsection_view.php(45): CodeIgniter\Debug\Exceptions->errorHandler(2, 'Undefined variable $blog_subsection', 'H:\\Xampp\\htdocs\\driphunter\\app\\Views\\blogimgsection_view.php', 45)
 2 SYSTEMPATH\View\View.php(228): include('H:\\Xampp\\htdocs\\driphunter\\app\\Views\\blogimgsection_view.php')
 3 SYSTEMPATH\View\View.php(231): CodeIgniter\View\View->CodeIgniter\View\{closure}()
 4 SYSTEMPATH\Common.php(1178): CodeIgniter\View\View->render('blogimgsection_view', [], true)
 5 APPPATH\Controllers\Blogs.php(86): view('blogimgsection_view')
 6 SYSTEMPATH\CodeIgniter.php(943): App\Controllers\Blogs->addsubsections()
 7 SYSTEMPATH\CodeIgniter.php(503): CodeIgniter\CodeIgniter->runController(Object(App\Controllers\Blogs))
 8 SYSTEMPATH\CodeIgniter.php(361): CodeIgniter\CodeIgniter->handleRequest(null, Object(Config\Cache), false)
 9 FCPATH\index.php(79): CodeIgniter\CodeIgniter->run()
CRITICAL - 2024-05-01 11:57:38 --> ErrorException: Undefined variable $blog_subsection
in APPPATH\Views\blogimgsection_view.php on line 45.
 1 APPPATH\Views\blogimgsection_view.php(45): CodeIgniter\Debug\Exceptions->errorHandler(2, 'Undefined variable $blog_subsection', 'H:\\Xampp\\htdocs\\driphunter\\app\\Views\\blogimgsection_view.php', 45)
 2 SYSTEMPATH\View\View.php(228): include('H:\\Xampp\\htdocs\\driphunter\\app\\Views\\blogimgsection_view.php')
 3 SYSTEMPATH\View\View.php(231): CodeIgniter\View\View->CodeIgniter\View\{closure}()
 4 SYSTEMPATH\Common.php(1178): CodeIgniter\View\View->render('blogimgsection_view', [], true)
 5 APPPATH\Controllers\Blogs.php(86): view('blogimgsection_view')
 6 SYSTEMPATH\CodeIgniter.php(943): App\Controllers\Blogs->addsubsections()
 7 SYSTEMPATH\CodeIgniter.php(503): CodeIgniter\CodeIgniter->runController(Object(App\Controllers\Blogs))
 8 SYSTEMPATH\CodeIgniter.php(361): CodeIgniter\CodeIgniter->handleRequest(null, Object(Config\Cache), false)
 9 FCPATH\index.php(79): CodeIgniter\CodeIgniter->run()
INFO - 2024-05-01 12:30:39 --> Session: Class initialized using 'CodeIgniter\Session\Handlers\FileHandler' driver.
INFO - 2024-05-01 12:32:01 --> Session: Class initialized using 'CodeIgniter\Session\Handlers\FileHandler' driver.
INFO - 2024-05-01 12:33:23 --> Session: Class initialized using 'CodeIgniter\Session\Handlers\FileHandler' driver.
INFO - 2024-05-01 12:33:58 --> Session: Class initialized using 'CodeIgniter\Session\Handlers\FileHandler' driver.
INFO - 2024-05-01 12:34:02 --> Session: Class initialized using 'CodeIgniter\Session\Handlers\FileHandler' driver.
ERROR - 2024-05-01 12:35:10 --> mysqli_sql_exception: Unknown column 'bsec_id' in 'where clause' in H:\Xampp\htdocs\driphunter\system\Database\MySQLi\Connection.php:306
Stack trace:
#0 H:\Xampp\htdocs\driphunter\system\Database\MySQLi\Connection.php(306): mysqli->query('SELECT *\nFROM `...', 0)
#1 H:\Xampp\htdocs\driphunter\system\Database\BaseConnection.php(693): CodeIgniter\Database\MySQLi\Connection->execute('SELECT *\nFROM `...')
#2 H:\Xampp\htdocs\driphunter\system\Database\BaseConnection.php(607): CodeIgniter\Database\BaseConnection->simpleQuery('SELECT *\nFROM `...')
#3 H:\Xampp\htdocs\driphunter\system\Database\BaseBuilder.php(1616): CodeIgniter\Database\BaseConnection->query('SELECT *\nFROM `...', Array, false)
#4 H:\Xampp\htdocs\driphunter\system\Model.php(243): CodeIgniter\Database\BaseBuilder->get()
#5 H:\Xampp\htdocs\driphunter\system\BaseModel.php(638): CodeIgniter\Model->doFindAll(0, 0)
#6 H:\Xampp\htdocs\driphunter\app\Models\blogs_model.php(38): CodeIgniter\BaseModel->findAll()
#7 H:\Xampp\htdocs\driphunter\app\Controllers\Blogs.php(63): App\Models\Blogs_model->editblogsubsection('1')
#8 H:\Xampp\htdocs\driphunter\system\CodeIgniter.php(943): App\Controllers\Blogs->editsec('1')
#9 H:\Xampp\htdocs\driphunter\system\CodeIgniter.php(503): CodeIgniter\CodeIgniter->runController(Object(App\Controllers\Blogs))
#10 H:\Xampp\htdocs\driphunter\system\CodeIgniter.php(361): CodeIgniter\CodeIgniter->handleRequest(NULL, Object(Config\Cache), false)
#11 H:\Xampp\htdocs\driphunter\public\index.php(79): CodeIgniter\CodeIgniter->run()
#12 {main}
CRITICAL - 2024-05-01 12:35:10 --> CodeIgniter\Database\Exceptions\DatabaseException: Unknown column 'bsec_id' in 'where clause'
in SYSTEMPATH\Database\BaseConnection.php on line 647.
 1 SYSTEMPATH\Database\BaseBuilder.php(1616): CodeIgniter\Database\BaseConnection->query('SELECT *
FROM `blogs`
WHERE `bsec_id` = :bsec_id:', [...], false)
 2 SYSTEMPATH\Model.php(243): CodeIgniter\Database\BaseBuilder->get()
 3 SYSTEMPATH\BaseModel.php(638): CodeIgniter\Model->doFindAll(0, 0)
 4 APPPATH\Models\blogs_model.php(38): CodeIgniter\BaseModel->findAll()
 5 APPPATH\Controllers\Blogs.php(63): App\Models\Blogs_model->editblogsubsection('1')
 6 SYSTEMPATH\CodeIgniter.php(943): App\Controllers\Blogs->editsec('1')
 7 SYSTEMPATH\CodeIgniter.php(503): CodeIgniter\CodeIgniter->runController(Object(App\Controllers\Blogs))
 8 SYSTEMPATH\CodeIgniter.php(361): CodeIgniter\CodeIgniter->handleRequest(null, Object(Config\Cache), false)
 9 FCPATH\index.php(79): CodeIgniter\CodeIgniter->run()
CRITICAL - 2024-05-01 12:35:10 --> [Caused by] CodeIgniter\Database\Exceptions\DatabaseException: Unknown column 'bsec_id' in 'where clause'
in SYSTEMPATH\Database\MySQLi\Connection.php on line 311.
 1 SYSTEMPATH\Database\BaseConnection.php(693): CodeIgniter\Database\MySQLi\Connection->execute('SELECT *
FROM `blogs`
WHERE `bsec_id` = \'1\'')
 2 SYSTEMPATH\Database\BaseConnection.php(607): CodeIgniter\Database\BaseConnection->simpleQuery('SELECT *
FROM `blogs`
WHERE `bsec_id` = \'1\'')
 3 SYSTEMPATH\Database\BaseBuilder.php(1616): CodeIgniter\Database\BaseConnection->query('SELECT *
FROM `blogs`
WHERE `bsec_id` = :bsec_id:', [...], false)
 4 SYSTEMPATH\Model.php(243): CodeIgniter\Database\BaseBuilder->get()
 5 SYSTEMPATH\BaseModel.php(638): CodeIgniter\Model->doFindAll(0, 0)
 6 APPPATH\Models\blogs_model.php(38): CodeIgniter\BaseModel->findAll()
 7 APPPATH\Controllers\Blogs.php(63): App\Models\Blogs_model->editblogsubsection('1')
 8 SYSTEMPATH\CodeIgniter.php(943): App\Controllers\Blogs->editsec('1')
 9 SYSTEMPATH\CodeIgniter.php(503): CodeIgniter\CodeIgniter->runController(Object(App\Controllers\Blogs))
10 SYSTEMPATH\CodeIgniter.php(361): CodeIgniter\CodeIgniter->handleRequest(null, Object(Config\Cache), false)
11 FCPATH\index.php(79): CodeIgniter\CodeIgniter->run()
CRITICAL - 2024-05-01 12:35:10 --> [Caused by] mysqli_sql_exception: Unknown column 'bsec_id' in 'where clause'
in SYSTEMPATH\Database\MySQLi\Connection.php on line 306.
 1 SYSTEMPATH\Database\MySQLi\Connection.php(306): mysqli->query('SELECT *
FROM `blogs`
WHERE `bsec_id` = \'1\'', 0)
 2 SYSTEMPATH\Database\BaseConnection.php(693): CodeIgniter\Database\MySQLi\Connection->execute('SELECT *
FROM `blogs`
WHERE `bsec_id` = \'1\'')
 3 SYSTEMPATH\Database\BaseConnection.php(607): CodeIgniter\Database\BaseConnection->simpleQuery('SELECT *
FROM `blogs`
WHERE `bsec_id` = \'1\'')
 4 SYSTEMPATH\Database\BaseBuilder.php(1616): CodeIgniter\Database\BaseConnection->query('SELECT *
FROM `blogs`
WHERE `bsec_id` = :bsec_id:', [...], false)
 5 SYSTEMPATH\Model.php(243): CodeIgniter\Database\BaseBuilder->get()
 6 SYSTEMPATH\BaseModel.php(638): CodeIgniter\Model->doFindAll(0, 0)
 7 APPPATH\Models\blogs_model.php(38): CodeIgniter\BaseModel->findAll()
 8 APPPATH\Controllers\Blogs.php(63): App\Models\Blogs_model->editblogsubsection('1')
 9 SYSTEMPATH\CodeIgniter.php(943): App\Controllers\Blogs->editsec('1')
10 SYSTEMPATH\CodeIgniter.php(503): CodeIgniter\CodeIgniter->runController(Object(App\Controllers\Blogs))
11 SYSTEMPATH\CodeIgniter.php(361): CodeIgniter\CodeIgniter->handleRequest(null, Object(Config\Cache), false)
12 FCPATH\index.php(79): CodeIgniter\CodeIgniter->run()
INFO - 2024-05-01 12:40:45 --> Session: Class initialized using 'CodeIgniter\Session\Handlers\FileHandler' driver.
INFO - 2024-05-01 12:43:58 --> Session: Class initialized using 'CodeIgniter\Session\Handlers\FileHandler' driver.
CRITICAL - 2024-05-01 12:47:45 --> TypeError: Cannot access offset of type string on string
in APPPATH\Views\editmyblogs_view.php on line 28.
 1 SYSTEMPATH\View\View.php(228): include()
 2 SYSTEMPATH\View\View.php(231): CodeIgniter\View\View->CodeIgniter\View\{closure}()
 3 SYSTEMPATH\Common.php(1178): CodeIgniter\View\View->render('editmyblogs_view', [], true)
 4 APPPATH\Controllers\Blogs.php(20): view('editmyblogs_view', [...])
 5 SYSTEMPATH\CodeIgniter.php(943): App\Controllers\Blogs->editblog('1')
 6 SYSTEMPATH\CodeIgniter.php(503): CodeIgniter\CodeIgniter->runController(Object(App\Controllers\Blogs))
 7 SYSTEMPATH\CodeIgniter.php(361): CodeIgniter\CodeIgniter->handleRequest(null, Object(Config\Cache), false)
 8 FCPATH\index.php(79): CodeIgniter\CodeIgniter->run()
CRITICAL - 2024-05-01 12:49:13 --> TypeError: Cannot access offset of type string on string
in APPPATH\Views\editmyblogs_view.php on line 28.
 1 SYSTEMPATH\View\View.php(228): include()
 2 SYSTEMPATH\View\View.php(231): CodeIgniter\View\View->CodeIgniter\View\{closure}()
 3 SYSTEMPATH\Common.php(1178): CodeIgniter\View\View->render('editmyblogs_view', [], true)
 4 APPPATH\Controllers\Blogs.php(20): view('editmyblogs_view', [...])
 5 SYSTEMPATH\CodeIgniter.php(943): App\Controllers\Blogs->editblog('1')
 6 SYSTEMPATH\CodeIgniter.php(503): CodeIgniter\CodeIgniter->runController(Object(App\Controllers\Blogs))
 7 SYSTEMPATH\CodeIgniter.php(361): CodeIgniter\CodeIgniter->handleRequest(null, Object(Config\Cache), false)
 8 FCPATH\index.php(79): CodeIgniter\CodeIgniter->run()
CRITICAL - 2024-05-01 12:49:22 --> TypeError: Cannot access offset of type string on string
in APPPATH\Views\editmyblogs_view.php on line 28.
 1 SYSTEMPATH\View\View.php(228): include()
 2 SYSTEMPATH\View\View.php(231): CodeIgniter\View\View->CodeIgniter\View\{closure}()
 3 SYSTEMPATH\Common.php(1178): CodeIgniter\View\View->render('editmyblogs_view', [], true)
 4 APPPATH\Controllers\Blogs.php(20): view('editmyblogs_view', [...])
 5 SYSTEMPATH\CodeIgniter.php(943): App\Controllers\Blogs->editblog('3')
 6 SYSTEMPATH\CodeIgniter.php(503): CodeIgniter\CodeIgniter->runController(Object(App\Controllers\Blogs))
 7 SYSTEMPATH\CodeIgniter.php(361): CodeIgniter\CodeIgniter->handleRequest(null, Object(Config\Cache), false)
 8 FCPATH\index.php(79): CodeIgniter\CodeIgniter->run()
CRITICAL - 2024-05-01 12:49:39 --> TypeError: Cannot access offset of type string on string
in APPPATH\Views\editmyblogs_view.php on line 28.
 1 SYSTEMPATH\View\View.php(228): include()
 2 SYSTEMPATH\View\View.php(231): CodeIgniter\View\View->CodeIgniter\View\{closure}()
 3 SYSTEMPATH\Common.php(1178): CodeIgniter\View\View->render('editmyblogs_view', [], true)
 4 APPPATH\Controllers\Blogs.php(20): view('editmyblogs_view', [...])
 5 SYSTEMPATH\CodeIgniter.php(943): App\Controllers\Blogs->editblog('1')
 6 SYSTEMPATH\CodeIgniter.php(503): CodeIgniter\CodeIgniter->runController(Object(App\Controllers\Blogs))
 7 SYSTEMPATH\CodeIgniter.php(361): CodeIgniter\CodeIgniter->handleRequest(null, Object(Config\Cache), false)
 8 FCPATH\index.php(79): CodeIgniter\CodeIgniter->run()
CRITICAL - 2024-05-01 12:49:47 --> TypeError: Cannot access offset of type string on string
in APPPATH\Views\editmyblogs_view.php on line 28.
 1 SYSTEMPATH\View\View.php(228): include()
 2 SYSTEMPATH\View\View.php(231): CodeIgniter\View\View->CodeIgniter\View\{closure}()
 3 SYSTEMPATH\Common.php(1178): CodeIgniter\View\View->render('editmyblogs_view', [], true)
 4 APPPATH\Controllers\Blogs.php(20): view('editmyblogs_view', [...])
 5 SYSTEMPATH\CodeIgniter.php(943): App\Controllers\Blogs->editblog('1')
 6 SYSTEMPATH\CodeIgniter.php(503): CodeIgniter\CodeIgniter->runController(Object(App\Controllers\Blogs))
 7 SYSTEMPATH\CodeIgniter.php(361): CodeIgniter\CodeIgniter->handleRequest(null, Object(Config\Cache), false)
 8 FCPATH\index.php(79): CodeIgniter\CodeIgniter->run()
CRITICAL - 2024-05-01 12:50:28 --> TypeError: Cannot access offset of type string on string
in APPPATH\Views\editmyblogs_view.php on line 28.
 1 SYSTEMPATH\View\View.php(228): include()
 2 SYSTEMPATH\View\View.php(231): CodeIgniter\View\View->CodeIgniter\View\{closure}()
 3 SYSTEMPATH\Common.php(1178): CodeIgniter\View\View->render('editmyblogs_view', [], true)
 4 APPPATH\Controllers\Blogs.php(20): view('editmyblogs_view', [...])
 5 SYSTEMPATH\CodeIgniter.php(943): App\Controllers\Blogs->editblog('1')
 6 SYSTEMPATH\CodeIgniter.php(503): CodeIgniter\CodeIgniter->runController(Object(App\Controllers\Blogs))
 7 SYSTEMPATH\CodeIgniter.php(361): CodeIgniter\CodeIgniter->handleRequest(null, Object(Config\Cache), false)
 8 FCPATH\index.php(79): CodeIgniter\CodeIgniter->run()
CRITICAL - 2024-05-01 12:50:30 --> TypeError: Cannot access offset of type string on string
in APPPATH\Views\editmyblogs_view.php on line 28.
 1 SYSTEMPATH\View\View.php(228): include()
 2 SYSTEMPATH\View\View.php(231): CodeIgniter\View\View->CodeIgniter\View\{closure}()
 3 SYSTEMPATH\Common.php(1178): CodeIgniter\View\View->render('editmyblogs_view', [], true)
 4 APPPATH\Controllers\Blogs.php(20): view('editmyblogs_view', [...])
 5 SYSTEMPATH\CodeIgniter.php(943): App\Controllers\Blogs->editblog('1')
 6 SYSTEMPATH\CodeIgniter.php(503): CodeIgniter\CodeIgniter->runController(Object(App\Controllers\Blogs))
 7 SYSTEMPATH\CodeIgniter.php(361): CodeIgniter\CodeIgniter->handleRequest(null, Object(Config\Cache), false)
 8 FCPATH\index.php(79): CodeIgniter\CodeIgniter->run()
INFO - 2024-05-01 12:50:55 --> Session: Class initialized using 'CodeIgniter\Session\Handlers\FileHandler' driver.
INFO - 2024-05-01 12:51:51 --> Session: Class initialized using 'CodeIgniter\Session\Handlers\FileHandler' driver.
INFO - 2024-05-01 12:57:36 --> Session: Class initialized using 'CodeIgniter\Session\Handlers\FileHandler' driver.
INFO - 2024-05-01 12:57:41 --> Session: Class initialized using 'CodeIgniter\Session\Handlers\FileHandler' driver.
INFO - 2024-05-01 12:58:40 --> Session: Class initialized using 'CodeIgniter\Session\Handlers\FileHandler' driver.
INFO - 2024-05-01 13:00:42 --> Session: Class initialized using 'CodeIgniter\Session\Handlers\FileHandler' driver.
INFO - 2024-05-01 13:32:01 --> Session: Class initialized using 'CodeIgniter\Session\Handlers\FileHandler' driver.
ERROR - 2024-05-01 13:33:13 --> mysqli_sql_exception: Unknown column 'bsec_id' in 'where clause' in H:\Xampp\htdocs\driphunter\system\Database\MySQLi\Connection.php:306
Stack trace:
#0 H:\Xampp\htdocs\driphunter\system\Database\MySQLi\Connection.php(306): mysqli->query('SELECT *\nFROM `...', 0)
#1 H:\Xampp\htdocs\driphunter\system\Database\BaseConnection.php(693): CodeIgniter\Database\MySQLi\Connection->execute('SELECT *\nFROM `...')
#2 H:\Xampp\htdocs\driphunter\system\Database\BaseConnection.php(607): CodeIgniter\Database\BaseConnection->simpleQuery('SELECT *\nFROM `...')
#3 H:\Xampp\htdocs\driphunter\system\Database\BaseBuilder.php(1616): CodeIgniter\Database\BaseConnection->query('SELECT *\nFROM `...', Array, false)
#4 H:\Xampp\htdocs\driphunter\system\Model.php(243): CodeIgniter\Database\BaseBuilder->get()
#5 H:\Xampp\htdocs\driphunter\system\BaseModel.php(638): CodeIgniter\Model->doFindAll(0, 0)
#6 H:\Xampp\htdocs\driphunter\app\Models\blogs_model.php(36): CodeIgniter\BaseModel->findAll()
#7 H:\Xampp\htdocs\driphunter\app\Controllers\Blogs.php(57): App\Models\Blogs_model->editblogsubsection('1')
#8 H:\Xampp\htdocs\driphunter\system\CodeIgniter.php(943): App\Controllers\Blogs->editsec('1')
#9 H:\Xampp\htdocs\driphunter\system\CodeIgniter.php(503): CodeIgniter\CodeIgniter->runController(Object(App\Controllers\Blogs))
#10 H:\Xampp\htdocs\driphunter\system\CodeIgniter.php(361): CodeIgniter\CodeIgniter->handleRequest(NULL, Object(Config\Cache), false)
#11 H:\Xampp\htdocs\driphunter\public\index.php(79): CodeIgniter\CodeIgniter->run()
#12 {main}
CRITICAL - 2024-05-01 13:33:13 --> CodeIgniter\Database\Exceptions\DatabaseException: Unknown column 'bsec_id' in 'where clause'
in SYSTEMPATH\Database\BaseConnection.php on line 647.
 1 SYSTEMPATH\Database\BaseBuilder.php(1616): CodeIgniter\Database\BaseConnection->query('SELECT *
FROM `blogs`
WHERE `bsec_id` = :bsec_id:', [...], false)
 2 SYSTEMPATH\Model.php(243): CodeIgniter\Database\BaseBuilder->get()
 3 SYSTEMPATH\BaseModel.php(638): CodeIgniter\Model->doFindAll(0, 0)
 4 APPPATH\Models\blogs_model.php(36): CodeIgniter\BaseModel->findAll()
 5 APPPATH\Controllers\Blogs.php(57): App\Models\Blogs_model->editblogsubsection('1')
 6 SYSTEMPATH\CodeIgniter.php(943): App\Controllers\Blogs->editsec('1')
 7 SYSTEMPATH\CodeIgniter.php(503): CodeIgniter\CodeIgniter->runController(Object(App\Controllers\Blogs))
 8 SYSTEMPATH\CodeIgniter.php(361): CodeIgniter\CodeIgniter->handleRequest(null, Object(Config\Cache), false)
 9 FCPATH\index.php(79): CodeIgniter\CodeIgniter->run()
CRITICAL - 2024-05-01 13:33:13 --> [Caused by] CodeIgniter\Database\Exceptions\DatabaseException: Unknown column 'bsec_id' in 'where clause'
in SYSTEMPATH\Database\MySQLi\Connection.php on line 311.
 1 SYSTEMPATH\Database\BaseConnection.php(693): CodeIgniter\Database\MySQLi\Connection->execute('SELECT *
FROM `blogs`
WHERE `bsec_id` = \'1\'')
 2 SYSTEMPATH\Database\BaseConnection.php(607): CodeIgniter\Database\BaseConnection->simpleQuery('SELECT *
FROM `blogs`
WHERE `bsec_id` = \'1\'')
 3 SYSTEMPATH\Database\BaseBuilder.php(1616): CodeIgniter\Database\BaseConnection->query('SELECT *
FROM `blogs`
WHERE `bsec_id` = :bsec_id:', [...], false)
 4 SYSTEMPATH\Model.php(243): CodeIgniter\Database\BaseBuilder->get()
 5 SYSTEMPATH\BaseModel.php(638): CodeIgniter\Model->doFindAll(0, 0)
 6 APPPATH\Models\blogs_model.php(36): CodeIgniter\BaseModel->findAll()
 7 APPPATH\Controllers\Blogs.php(57): App\Models\Blogs_model->editblogsubsection('1')
 8 SYSTEMPATH\CodeIgniter.php(943): App\Controllers\Blogs->editsec('1')
 9 SYSTEMPATH\CodeIgniter.php(503): CodeIgniter\CodeIgniter->runController(Object(App\Controllers\Blogs))
10 SYSTEMPATH\CodeIgniter.php(361): CodeIgniter\CodeIgniter->handleRequest(null, Object(Config\Cache), false)
11 FCPATH\index.php(79): CodeIgniter\CodeIgniter->run()
CRITICAL - 2024-05-01 13:33:13 --> [Caused by] mysqli_sql_exception: Unknown column 'bsec_id' in 'where clause'
in SYSTEMPATH\Database\MySQLi\Connection.php on line 306.
 1 SYSTEMPATH\Database\MySQLi\Connection.php(306): mysqli->query('SELECT *
FROM `blogs`
WHERE `bsec_id` = \'1\'', 0)
 2 SYSTEMPATH\Database\BaseConnection.php(693): CodeIgniter\Database\MySQLi\Connection->execute('SELECT *
FROM `blogs`
WHERE `bsec_id` = \'1\'')
 3 SYSTEMPATH\Database\BaseConnection.php(607): CodeIgniter\Database\BaseConnection->simpleQuery('SELECT *
FROM `blogs`
WHERE `bsec_id` = \'1\'')
 4 SYSTEMPATH\Database\BaseBuilder.php(1616): CodeIgniter\Database\BaseConnection->query('SELECT *
FROM `blogs`
WHERE `bsec_id` = :bsec_id:', [...], false)
 5 SYSTEMPATH\Model.php(243): CodeIgniter\Database\BaseBuilder->get()
 6 SYSTEMPATH\BaseModel.php(638): CodeIgniter\Model->doFindAll(0, 0)
 7 APPPATH\Models\blogs_model.php(36): CodeIgniter\BaseModel->findAll()
 8 APPPATH\Controllers\Blogs.php(57): App\Models\Blogs_model->editblogsubsection('1')
 9 SYSTEMPATH\CodeIgniter.php(943): App\Controllers\Blogs->editsec('1')
10 SYSTEMPATH\CodeIgniter.php(503): CodeIgniter\CodeIgniter->runController(Object(App\Controllers\Blogs))
11 SYSTEMPATH\CodeIgniter.php(361): CodeIgniter\CodeIgniter->handleRequest(null, Object(Config\Cache), false)
12 FCPATH\index.php(79): CodeIgniter\CodeIgniter->run()
ERROR - 2024-05-01 13:33:24 --> mysqli_sql_exception: Unknown column 'bsec_id' in 'where clause' in H:\Xampp\htdocs\driphunter\system\Database\MySQLi\Connection.php:306
Stack trace:
#0 H:\Xampp\htdocs\driphunter\system\Database\MySQLi\Connection.php(306): mysqli->query('SELECT *\nFROM `...', 0)
#1 H:\Xampp\htdocs\driphunter\system\Database\BaseConnection.php(693): CodeIgniter\Database\MySQLi\Connection->execute('SELECT *\nFROM `...')
#2 H:\Xampp\htdocs\driphunter\system\Database\BaseConnection.php(607): CodeIgniter\Database\BaseConnection->simpleQuery('SELECT *\nFROM `...')
#3 H:\Xampp\htdocs\driphunter\system\Database\BaseBuilder.php(1616): CodeIgniter\Database\BaseConnection->query('SELECT *\nFROM `...', Array, false)
#4 H:\Xampp\htdocs\driphunter\system\Model.php(243): CodeIgniter\Database\BaseBuilder->get()
#5 H:\Xampp\htdocs\driphunter\system\BaseModel.php(638): CodeIgniter\Model->doFindAll(0, 0)
#6 H:\Xampp\htdocs\driphunter\app\Models\blogs_model.php(36): CodeIgniter\BaseModel->findAll()
#7 H:\Xampp\htdocs\driphunter\app\Controllers\Blogs.php(57): App\Models\Blogs_model->editblogsubsection('1')
#8 H:\Xampp\htdocs\driphunter\system\CodeIgniter.php(943): App\Controllers\Blogs->editsec('1')
#9 H:\Xampp\htdocs\driphunter\system\CodeIgniter.php(503): CodeIgniter\CodeIgniter->runController(Object(App\Controllers\Blogs))
#10 H:\Xampp\htdocs\driphunter\system\CodeIgniter.php(361): CodeIgniter\CodeIgniter->handleRequest(NULL, Object(Config\Cache), false)
#11 H:\Xampp\htdocs\driphunter\public\index.php(79): CodeIgniter\CodeIgniter->run()
#12 {main}
CRITICAL - 2024-05-01 13:33:24 --> CodeIgniter\Database\Exceptions\DatabaseException: Unknown column 'bsec_id' in 'where clause'
in SYSTEMPATH\Database\BaseConnection.php on line 647.
 1 SYSTEMPATH\Database\BaseBuilder.php(1616): CodeIgniter\Database\BaseConnection->query('SELECT *
FROM `blogs`
WHERE `bsec_id` = :bsec_id:', [...], false)
 2 SYSTEMPATH\Model.php(243): CodeIgniter\Database\BaseBuilder->get()
 3 SYSTEMPATH\BaseModel.php(638): CodeIgniter\Model->doFindAll(0, 0)
 4 APPPATH\Models\blogs_model.php(36): CodeIgniter\BaseModel->findAll()
 5 APPPATH\Controllers\Blogs.php(57): App\Models\Blogs_model->editblogsubsection('1')
 6 SYSTEMPATH\CodeIgniter.php(943): App\Controllers\Blogs->editsec('1')
 7 SYSTEMPATH\CodeIgniter.php(503): CodeIgniter\CodeIgniter->runController(Object(App\Controllers\Blogs))
 8 SYSTEMPATH\CodeIgniter.php(361): CodeIgniter\CodeIgniter->handleRequest(null, Object(Config\Cache), false)
 9 FCPATH\index.php(79): CodeIgniter\CodeIgniter->run()
CRITICAL - 2024-05-01 13:33:24 --> [Caused by] CodeIgniter\Database\Exceptions\DatabaseException: Unknown column 'bsec_id' in 'where clause'
in SYSTEMPATH\Database\MySQLi\Connection.php on line 311.
 1 SYSTEMPATH\Database\BaseConnection.php(693): CodeIgniter\Database\MySQLi\Connection->execute('SELECT *
FROM `blogs`
WHERE `bsec_id` = \'1\'')
 2 SYSTEMPATH\Database\BaseConnection.php(607): CodeIgniter\Database\BaseConnection->simpleQuery('SELECT *
FROM `blogs`
WHERE `bsec_id` = \'1\'')
 3 SYSTEMPATH\Database\BaseBuilder.php(1616): CodeIgniter\Database\BaseConnection->query('SELECT *
FROM `blogs`
WHERE `bsec_id` = :bsec_id:', [...], false)
 4 SYSTEMPATH\Model.php(243): CodeIgniter\Database\BaseBuilder->get()
 5 SYSTEMPATH\BaseModel.php(638): CodeIgniter\Model->doFindAll(0, 0)
 6 APPPATH\Models\blogs_model.php(36): CodeIgniter\BaseModel->findAll()
 7 APPPATH\Controllers\Blogs.php(57): App\Models\Blogs_model->editblogsubsection('1')
 8 SYSTEMPATH\CodeIgniter.php(943): App\Controllers\Blogs->editsec('1')
 9 SYSTEMPATH\CodeIgniter.php(503): CodeIgniter\CodeIgniter->runController(Object(App\Controllers\Blogs))
10 SYSTEMPATH\CodeIgniter.php(361): CodeIgniter\CodeIgniter->handleRequest(null, Object(Config\Cache), false)
11 FCPATH\index.php(79): CodeIgniter\CodeIgniter->run()
CRITICAL - 2024-05-01 13:33:24 --> [Caused by] mysqli_sql_exception: Unknown column 'bsec_id' in 'where clause'
in SYSTEMPATH\Database\MySQLi\Connection.php on line 306.
 1 SYSTEMPATH\Database\MySQLi\Connection.php(306): mysqli->query('SELECT *
FROM `blogs`
WHERE `bsec_id` = \'1\'', 0)
 2 SYSTEMPATH\Database\BaseConnection.php(693): CodeIgniter\Database\MySQLi\Connection->execute('SELECT *
FROM `blogs`
WHERE `bsec_id` = \'1\'')
 3 SYSTEMPATH\Database\BaseConnection.php(607): CodeIgniter\Database\BaseConnection->simpleQuery('SELECT *
FROM `blogs`
WHERE `bsec_id` = \'1\'')
 4 SYSTEMPATH\Database\BaseBuilder.php(1616): CodeIgniter\Database\BaseConnection->query('SELECT *
FROM `blogs`
WHERE `bsec_id` = :bsec_id:', [...], false)
 5 SYSTEMPATH\Model.php(243): CodeIgniter\Database\BaseBuilder->get()
 6 SYSTEMPATH\BaseModel.php(638): CodeIgniter\Model->doFindAll(0, 0)
 7 APPPATH\Models\blogs_model.php(36): CodeIgniter\BaseModel->findAll()
 8 APPPATH\Controllers\Blogs.php(57): App\Models\Blogs_model->editblogsubsection('1')
 9 SYSTEMPATH\CodeIgniter.php(943): App\Controllers\Blogs->editsec('1')
10 SYSTEMPATH\CodeIgniter.php(503): CodeIgniter\CodeIgniter->runController(Object(App\Controllers\Blogs))
11 SYSTEMPATH\CodeIgniter.php(361): CodeIgniter\CodeIgniter->handleRequest(null, Object(Config\Cache), false)
12 FCPATH\index.php(79): CodeIgniter\CodeIgniter->run()
CRITICAL - 2024-05-01 13:35:43 --> BadMethodCallException: Call to undefined method App\Models\Blogs_model::editblogsubsec
in SYSTEMPATH\Model.php on line 879.
 1 APPPATH\Controllers\Blogs.php(50): CodeIgniter\Model->__call('editblogsubsec', [])
 2 SYSTEMPATH\CodeIgniter.php(943): App\Controllers\Blogs->editblogsubsections('1')
 3 SYSTEMPATH\CodeIgniter.php(503): CodeIgniter\CodeIgniter->runController(Object(App\Controllers\Blogs))
 4 SYSTEMPATH\CodeIgniter.php(361): CodeIgniter\CodeIgniter->handleRequest(null, Object(Config\Cache), false)
 5 FCPATH\index.php(79): CodeIgniter\CodeIgniter->run()
CRITICAL - 2024-05-01 13:35:57 --> BadMethodCallException: Call to undefined method App\Models\Blogs_model::editblogsubsec
in SYSTEMPATH\Model.php on line 879.
 1 APPPATH\Controllers\Blogs.php(50): CodeIgniter\Model->__call('editblogsubsec', [])
 2 SYSTEMPATH\CodeIgniter.php(943): App\Controllers\Blogs->editblogsubsections('1')
 3 SYSTEMPATH\CodeIgniter.php(503): CodeIgniter\CodeIgniter->runController(Object(App\Controllers\Blogs))
 4 SYSTEMPATH\CodeIgniter.php(361): CodeIgniter\CodeIgniter->handleRequest(null, Object(Config\Cache), false)
 5 FCPATH\index.php(79): CodeIgniter\CodeIgniter->run()
CRITICAL - 2024-05-01 15:26:44 --> ParseError: syntax error, unexpected variable "$routes"
in APPPATH\Config\Routes.php on line 20.
 1 SYSTEMPATH\CodeIgniter.php(811): CodeIgniter\Router\RouteCollection->loadRoutes()
 2 SYSTEMPATH\CodeIgniter.php(450): CodeIgniter\CodeIgniter->tryToRouteIt(null)
 3 SYSTEMPATH\CodeIgniter.php(361): CodeIgniter\CodeIgniter->handleRequest(null, Object(Config\Cache), false)
 4 FCPATH\index.php(79): CodeIgniter\CodeIgniter->run()
CRITICAL - 2024-05-01 15:33:20 --> CodeIgniter\HTTP\Exceptions\BadRequestException: The URI you submitted has disallowed characters: "javascriptvoid(0)"
in SYSTEMPATH\Router\Router.php on line 704.
 1 SYSTEMPATH\Router\Router.php(195): CodeIgniter\Router\Router->checkDisallowedChars('javascriptvoid(0)')
 2 SYSTEMPATH\CodeIgniter.php(825): CodeIgniter\Router\Router->handle('javascriptvoid(0)')
 3 SYSTEMPATH\CodeIgniter.php(450): CodeIgniter\CodeIgniter->tryToRouteIt(Object(CodeIgniter\Router\RouteCollection))
 4 SYSTEMPATH\CodeIgniter.php(361): CodeIgniter\CodeIgniter->handleRequest(null, Object(Config\Cache), false)
 5 FCPATH\index.php(79): CodeIgniter\CodeIgniter->run()
CRITICAL - 2024-05-01 15:36:38 --> ErrorException: Undefined variable $postId
in APPPATH\Views\blogs_view.php on line 56.
 1 APPPATH\Views\blogs_view.php(56): CodeIgniter\Debug\Exceptions->errorHandler(2, 'Undefined variable $postId', 'H:\\Xampp\\htdocs\\driphunter\\app\\Views\\blogs_view.php', 56)
 2 SYSTEMPATH\View\View.php(228): include('H:\\Xampp\\htdocs\\driphunter\\app\\Views\\blogs_view.php')
 3 SYSTEMPATH\View\View.php(231): CodeIgniter\View\View->CodeIgniter\View\{closure}()
 4 SYSTEMPATH\Common.php(1178): CodeIgniter\View\View->render('blogs_view', [], true)
 5 APPPATH\Controllers\Blogs.php(13): view('blogs_view', [...])
 6 SYSTEMPATH\CodeIgniter.php(943): App\Controllers\Blogs->index()
 7 SYSTEMPATH\CodeIgniter.php(503): CodeIgniter\CodeIgniter->runController(Object(App\Controllers\Blogs))
 8 SYSTEMPATH\CodeIgniter.php(361): CodeIgniter\CodeIgniter->handleRequest(null, Object(Config\Cache), false)
 9 FCPATH\index.php(79): CodeIgniter\CodeIgniter->run()
CRITICAL - 2024-05-01 15:37:09 --> ErrorException: Undefined variable $blog_id
in APPPATH\Views\blogs_view.php on line 56.
 1 APPPATH\Views\blogs_view.php(56): CodeIgniter\Debug\Exceptions->errorHandler(2, 'Undefined variable $blog_id', 'H:\\Xampp\\htdocs\\driphunter\\app\\Views\\blogs_view.php', 56)
 2 SYSTEMPATH\View\View.php(228): include('H:\\Xampp\\htdocs\\driphunter\\app\\Views\\blogs_view.php')
 3 SYSTEMPATH\View\View.php(231): CodeIgniter\View\View->CodeIgniter\View\{closure}()
 4 SYSTEMPATH\Common.php(1178): CodeIgniter\View\View->render('blogs_view', [], true)
 5 APPPATH\Controllers\Blogs.php(13): view('blogs_view', [...])
 6 SYSTEMPATH\CodeIgniter.php(943): App\Controllers\Blogs->index()
 7 SYSTEMPATH\CodeIgniter.php(503): CodeIgniter\CodeIgniter->runController(Object(App\Controllers\Blogs))
 8 SYSTEMPATH\CodeIgniter.php(361): CodeIgniter\CodeIgniter->handleRequest(null, Object(Config\Cache), false)
 9 FCPATH\index.php(79): CodeIgniter\CodeIgniter->run()
CRITICAL - 2024-05-01 15:37:15 --> ErrorException: Undefined variable $blog_id
in APPPATH\Views\blogs_view.php on line 56.
 1 APPPATH\Views\blogs_view.php(56): CodeIgniter\Debug\Exceptions->errorHandler(2, 'Undefined variable $blog_id', 'H:\\Xampp\\htdocs\\driphunter\\app\\Views\\blogs_view.php', 56)
 2 SYSTEMPATH\View\View.php(228): include('H:\\Xampp\\htdocs\\driphunter\\app\\Views\\blogs_view.php')
 3 SYSTEMPATH\View\View.php(231): CodeIgniter\View\View->CodeIgniter\View\{closure}()
 4 SYSTEMPATH\Common.php(1178): CodeIgniter\View\View->render('blogs_view', [], true)
 5 APPPATH\Controllers\Blogs.php(13): view('blogs_view', [...])
 6 SYSTEMPATH\CodeIgniter.php(943): App\Controllers\Blogs->index()
 7 SYSTEMPATH\CodeIgniter.php(503): CodeIgniter\CodeIgniter->runController(Object(App\Controllers\Blogs))
 8 SYSTEMPATH\CodeIgniter.php(361): CodeIgniter\CodeIgniter->handleRequest(null, Object(Config\Cache), false)
 9 FCPATH\index.php(79): CodeIgniter\CodeIgniter->run()
CRITICAL - 2024-05-01 16:12:45 --> ArgumentCountError: Too few arguments to function App\Controllers\Blogs::addnewsubblog(), 0 passed in H:\Xampp\htdocs\driphunter\system\CodeIgniter.php on line 943 and exactly 1 expected
in APPPATH\Controllers\Blogs.php on line 21.
 1 SYSTEMPATH\CodeIgniter.php(943): App\Controllers\Blogs->addnewsubblog()
 2 SYSTEMPATH\CodeIgniter.php(503): CodeIgniter\CodeIgniter->runController(Object(App\Controllers\Blogs))
 3 SYSTEMPATH\CodeIgniter.php(361): CodeIgniter\CodeIgniter->handleRequest(null, Object(Config\Cache), false)
 4 FCPATH\index.php(79): CodeIgniter\CodeIgniter->run()
CRITICAL - 2024-05-01 16:13:27 --> ArgumentCountError: Too few arguments to function App\Controllers\Blogs::addnewsubblog(), 0 passed in H:\Xampp\htdocs\driphunter\system\CodeIgniter.php on line 943 and exactly 1 expected
in APPPATH\Controllers\Blogs.php on line 21.
 1 SYSTEMPATH\CodeIgniter.php(943): App\Controllers\Blogs->addnewsubblog()
 2 SYSTEMPATH\CodeIgniter.php(503): CodeIgniter\CodeIgniter->runController(Object(App\Controllers\Blogs))
 3 SYSTEMPATH\CodeIgniter.php(361): CodeIgniter\CodeIgniter->handleRequest(null, Object(Config\Cache), false)
 4 FCPATH\index.php(79): CodeIgniter\CodeIgniter->run()
CRITICAL - 2024-05-01 16:13:35 --> ArgumentCountError: Too few arguments to function App\Controllers\Blogs::addnewsubblog(), 0 passed in H:\Xampp\htdocs\driphunter\system\CodeIgniter.php on line 943 and exactly 1 expected
in APPPATH\Controllers\Blogs.php on line 21.
 1 SYSTEMPATH\CodeIgniter.php(943): App\Controllers\Blogs->addnewsubblog()
 2 SYSTEMPATH\CodeIgniter.php(503): CodeIgniter\CodeIgniter->runController(Object(App\Controllers\Blogs))
 3 SYSTEMPATH\CodeIgniter.php(361): CodeIgniter\CodeIgniter->handleRequest(null, Object(Config\Cache), false)
 4 FCPATH\index.php(79): CodeIgniter\CodeIgniter->run()
CRITICAL - 2024-05-01 16:14:50 --> ArgumentCountError: Too few arguments to function App\Controllers\Blogs::addnewsubblog(), 0 passed in H:\Xampp\htdocs\driphunter\system\CodeIgniter.php on line 943 and exactly 1 expected
in APPPATH\Controllers\Blogs.php on line 21.
 1 SYSTEMPATH\CodeIgniter.php(943): App\Controllers\Blogs->addnewsubblog()
 2 SYSTEMPATH\CodeIgniter.php(503): CodeIgniter\CodeIgniter->runController(Object(App\Controllers\Blogs))
 3 SYSTEMPATH\CodeIgniter.php(361): CodeIgniter\CodeIgniter->handleRequest(null, Object(Config\Cache), false)
 4 FCPATH\index.php(79): CodeIgniter\CodeIgniter->run()
CRITICAL - 2024-05-01 16:17:18 --> ArgumentCountError: Too few arguments to function App\Controllers\Blogs::addnewsubblog(), 0 passed in H:\Xampp\htdocs\driphunter\system\CodeIgniter.php on line 943 and exactly 1 expected
in APPPATH\Controllers\Blogs.php on line 21.
 1 SYSTEMPATH\CodeIgniter.php(943): App\Controllers\Blogs->addnewsubblog()
 2 SYSTEMPATH\CodeIgniter.php(503): CodeIgniter\CodeIgniter->runController(Object(App\Controllers\Blogs))
 3 SYSTEMPATH\CodeIgniter.php(361): CodeIgniter\CodeIgniter->handleRequest(null, Object(Config\Cache), false)
 4 FCPATH\index.php(79): CodeIgniter\CodeIgniter->run()
CRITICAL - 2024-05-01 16:18:06 --> ArgumentCountError: Too few arguments to function App\Controllers\Blogs::addnewsubblog(), 0 passed in H:\Xampp\htdocs\driphunter\system\CodeIgniter.php on line 943 and exactly 1 expected
in APPPATH\Controllers\Blogs.php on line 21.
 1 SYSTEMPATH\CodeIgniter.php(943): App\Controllers\Blogs->addnewsubblog()
 2 SYSTEMPATH\CodeIgniter.php(503): CodeIgniter\CodeIgniter->runController(Object(App\Controllers\Blogs))
 3 SYSTEMPATH\CodeIgniter.php(361): CodeIgniter\CodeIgniter->handleRequest(null, Object(Config\Cache), false)
 4 FCPATH\index.php(79): CodeIgniter\CodeIgniter->run()
CRITICAL - 2024-05-01 16:20:26 --> ArgumentCountError: Too few arguments to function App\Controllers\Blogs::addnewsubblog(), 0 passed in H:\Xampp\htdocs\driphunter\system\CodeIgniter.php on line 943 and exactly 1 expected
in APPPATH\Controllers\Blogs.php on line 21.
 1 SYSTEMPATH\CodeIgniter.php(943): App\Controllers\Blogs->addnewsubblog()
 2 SYSTEMPATH\CodeIgniter.php(503): CodeIgniter\CodeIgniter->runController(Object(App\Controllers\Blogs))
 3 SYSTEMPATH\CodeIgniter.php(361): CodeIgniter\CodeIgniter->handleRequest(null, Object(Config\Cache), false)
 4 FCPATH\index.php(79): CodeIgniter\CodeIgniter->run()
CRITICAL - 2024-05-01 16:20:34 --> ArgumentCountError: Too few arguments to function App\Controllers\Blogs::addnewsubblog(), 0 passed in H:\Xampp\htdocs\driphunter\system\CodeIgniter.php on line 943 and exactly 1 expected
in APPPATH\Controllers\Blogs.php on line 21.
 1 SYSTEMPATH\CodeIgniter.php(943): App\Controllers\Blogs->addnewsubblog()
 2 SYSTEMPATH\CodeIgniter.php(503): CodeIgniter\CodeIgniter->runController(Object(App\Controllers\Blogs))
 3 SYSTEMPATH\CodeIgniter.php(361): CodeIgniter\CodeIgniter->handleRequest(null, Object(Config\Cache), false)
 4 FCPATH\index.php(79): CodeIgniter\CodeIgniter->run()
CRITICAL - 2024-05-01 16:24:52 --> ArgumentCountError: Too few arguments to function App\Controllers\Blogs::addnewsubblog(), 0 passed in H:\Xampp\htdocs\driphunter\system\CodeIgniter.php on line 943 and exactly 1 expected
in APPPATH\Controllers\Blogs.php on line 21.
 1 SYSTEMPATH\CodeIgniter.php(943): App\Controllers\Blogs->addnewsubblog()
 2 SYSTEMPATH\CodeIgniter.php(503): CodeIgniter\CodeIgniter->runController(Object(App\Controllers\Blogs))
 3 SYSTEMPATH\CodeIgniter.php(361): CodeIgniter\CodeIgniter->handleRequest(null, Object(Config\Cache), false)
 4 FCPATH\index.php(79): CodeIgniter\CodeIgniter->run()
CRITICAL - 2024-05-01 16:26:07 --> ArgumentCountError: Too few arguments to function App\Controllers\Blogs::addnewsubblog(), 0 passed in H:\Xampp\htdocs\driphunter\system\CodeIgniter.php on line 943 and exactly 1 expected
in APPPATH\Controllers\Blogs.php on line 21.
 1 SYSTEMPATH\CodeIgniter.php(943): App\Controllers\Blogs->addnewsubblog()
 2 SYSTEMPATH\CodeIgniter.php(503): CodeIgniter\CodeIgniter->runController(Object(App\Controllers\Blogs))
 3 SYSTEMPATH\CodeIgniter.php(361): CodeIgniter\CodeIgniter->handleRequest(null, Object(Config\Cache), false)
 4 FCPATH\index.php(79): CodeIgniter\CodeIgniter->run()
CRITICAL - 2024-05-01 16:26:55 --> ArgumentCountError: Too few arguments to function App\Controllers\Blogs::addnewsubblog(), 0 passed in H:\Xampp\htdocs\driphunter\system\CodeIgniter.php on line 943 and exactly 1 expected
in APPPATH\Controllers\Blogs.php on line 21.
 1 SYSTEMPATH\CodeIgniter.php(943): App\Controllers\Blogs->addnewsubblog()
 2 SYSTEMPATH\CodeIgniter.php(503): CodeIgniter\CodeIgniter->runController(Object(App\Controllers\Blogs))
 3 SYSTEMPATH\CodeIgniter.php(361): CodeIgniter\CodeIgniter->handleRequest(null, Object(Config\Cache), false)
 4 FCPATH\index.php(79): CodeIgniter\CodeIgniter->run()
