INFO - 2024-06-17 06:56:38 --> Session: Class initialized using 'CodeIgniter\Session\Handlers\FileHandler' driver.
INFO - 2024-06-17 06:57:53 --> Session: Class initialized using 'CodeIgniter\Session\Handlers\FileHandler' driver.
CRITICAL - 2024-06-17 06:58:09 --> ArgumentCountError: Too few arguments to function App\Controllers\Blogs::addnewdripspot(), 0 passed in H:\Xampp\htdocs\newdriphunter\system\CodeIgniter.php on line 943 and exactly 1 expected
in APPPATH\Controllers\Blogs.php on line 677.
 1 SYSTEMPATH\CodeIgniter.php(943): App\Controllers\Blogs->addnewdripspot()
 2 SYSTEMPATH\CodeIgniter.php(503): CodeIgniter\CodeIgniter->runController(Object(App\Controllers\Blogs))
 3 SYSTEMPATH\CodeIgniter.php(361): CodeIgniter\CodeIgniter->handleRequest(null, Object(Config\Cache), false)
 4 FCPATH\index.php(79): CodeIgniter\CodeIgniter->run()
CRITICAL - 2024-06-17 07:48:19 --> ArgumentCountError: Too few arguments to function App\Controllers\Blogs::addnewdripspot(), 0 passed in H:\Xampp\htdocs\newdriphunter\system\CodeIgniter.php on line 943 and exactly 1 expected
in APPPATH\Controllers\Blogs.php on line 677.
 1 SYSTEMPATH\CodeIgniter.php(943): App\Controllers\Blogs->addnewdripspot()
 2 SYSTEMPATH\CodeIgniter.php(503): CodeIgniter\CodeIgniter->runController(Object(App\Controllers\Blogs))
 3 SYSTEMPATH\CodeIgniter.php(361): CodeIgniter\CodeIgniter->handleRequest(null, Object(Config\Cache), false)
 4 FCPATH\index.php(79): CodeIgniter\CodeIgniter->run()
CRITICAL - 2024-06-17 07:51:46 --> ArgumentCountError: Too few arguments to function App\Controllers\Blogs::addnewdripspot(), 0 passed in H:\Xampp\htdocs\newdriphunter\system\CodeIgniter.php on line 943 and exactly 1 expected
in APPPATH\Controllers\Blogs.php on line 677.
 1 SYSTEMPATH\CodeIgniter.php(943): App\Controllers\Blogs->addnewdripspot()
 2 SYSTEMPATH\CodeIgniter.php(503): CodeIgniter\CodeIgniter->runController(Object(App\Controllers\Blogs))
 3 SYSTEMPATH\CodeIgniter.php(361): CodeIgniter\CodeIgniter->handleRequest(null, Object(Config\Cache), false)
 4 FCPATH\index.php(79): CodeIgniter\CodeIgniter->run()
CRITICAL - 2024-06-17 07:54:43 --> ArgumentCountError: Too few arguments to function App\Controllers\Blogs::addnewdripspot(), 0 passed in H:\Xampp\htdocs\newdriphunter\system\CodeIgniter.php on line 943 and exactly 1 expected
in APPPATH\Controllers\Blogs.php on line 677.
 1 SYSTEMPATH\CodeIgniter.php(943): App\Controllers\Blogs->addnewdripspot()
 2 SYSTEMPATH\CodeIgniter.php(503): CodeIgniter\CodeIgniter->runController(Object(App\Controllers\Blogs))
 3 SYSTEMPATH\CodeIgniter.php(361): CodeIgniter\CodeIgniter->handleRequest(null, Object(Config\Cache), false)
 4 FCPATH\index.php(79): CodeIgniter\CodeIgniter->run()
CRITICAL - 2024-06-17 08:02:20 --> ErrorException: Undefined variable $dripspotid
in APPPATH\Views\add_dripspot_view.php on line 108.
 1 APPPATH\Views\add_dripspot_view.php(108): CodeIgniter\Debug\Exceptions->errorHandler(2, 'Undefined variable $dripspotid', 'H:\\Xampp\\htdocs\\newdriphunter\\app\\Views\\add_dripspot_view.php', 108)
 2 SYSTEMPATH\View\View.php(228): include('H:\\Xampp\\htdocs\\newdriphunter\\app\\Views\\add_dripspot_view.php')
 3 SYSTEMPATH\View\View.php(231): CodeIgniter\View\View->CodeIgniter\View\{closure}()
 4 SYSTEMPATH\Common.php(1178): CodeIgniter\View\View->render('add_dripspot_view', [], true)
 5 APPPATH\Controllers\Blogs.php(670): view('add_dripspot_view')
 6 SYSTEMPATH\CodeIgniter.php(943): App\Controllers\Blogs->addripspot()
 7 SYSTEMPATH\CodeIgniter.php(503): CodeIgniter\CodeIgniter->runController(Object(App\Controllers\Blogs))
 8 SYSTEMPATH\CodeIgniter.php(361): CodeIgniter\CodeIgniter->handleRequest(null, Object(Config\Cache), false)
 9 FCPATH\index.php(79): CodeIgniter\CodeIgniter->run()
ERROR - 2024-06-17 08:03:24 --> mysqli_sql_exception: Unknown column 'brand_name' in 'field list' in H:\Xampp\htdocs\newdriphunter\system\Database\MySQLi\Connection.php:306
Stack trace:
#0 H:\Xampp\htdocs\newdriphunter\system\Database\MySQLi\Connection.php(306): mysqli->query('INSERT INTO `dr...', 0)
#1 H:\Xampp\htdocs\newdriphunter\system\Database\BaseConnection.php(693): CodeIgniter\Database\MySQLi\Connection->execute('INSERT INTO `dr...')
#2 H:\Xampp\htdocs\newdriphunter\system\Database\BaseConnection.php(607): CodeIgniter\Database\BaseConnection->simpleQuery('INSERT INTO `dr...')
#3 H:\Xampp\htdocs\newdriphunter\system\Database\BaseBuilder.php(2307): CodeIgniter\Database\BaseConnection->query('INSERT INTO `dr...', Array, false)
#4 H:\Xampp\htdocs\newdriphunter\app\Models\blogs_model.php(216): CodeIgniter\Database\BaseBuilder->insert(Array)
#5 H:\Xampp\htdocs\newdriphunter\app\Controllers\Blogs.php(693): App\Models\Blogs_model->publishnewdripspot(Array)
#6 H:\Xampp\htdocs\newdriphunter\system\CodeIgniter.php(943): App\Controllers\Blogs->publishdripspot()
#7 H:\Xampp\htdocs\newdriphunter\system\CodeIgniter.php(503): CodeIgniter\CodeIgniter->runController(Object(App\Controllers\Blogs))
#8 H:\Xampp\htdocs\newdriphunter\system\CodeIgniter.php(361): CodeIgniter\CodeIgniter->handleRequest(NULL, Object(Config\Cache), false)
#9 H:\Xampp\htdocs\newdriphunter\public\index.php(79): CodeIgniter\CodeIgniter->run()
#10 {main}
CRITICAL - 2024-06-17 08:03:24 --> CodeIgniter\Database\Exceptions\DatabaseException: Unknown column 'brand_name' in 'field list'
in SYSTEMPATH\Database\BaseConnection.php on line 647.
 1 SYSTEMPATH\Database\BaseBuilder.php(2307): CodeIgniter\Database\BaseConnection->query('INSERT INTO `dripspot` (`brand_name`, `celebrity_image`, `article_name`, `price`) VALUES (:brand_name:, :celebrity_image:, :article_name:, :price:)', [...], false)
 2 APPPATH\Models\blogs_model.php(216): CodeIgniter\Database\BaseBuilder->insert([...])
 3 APPPATH\Controllers\Blogs.php(693): App\Models\Blogs_model->publishnewdripspot([...])
 4 SYSTEMPATH\CodeIgniter.php(943): App\Controllers\Blogs->publishdripspot()
 5 SYSTEMPATH\CodeIgniter.php(503): CodeIgniter\CodeIgniter->runController(Object(App\Controllers\Blogs))
 6 SYSTEMPATH\CodeIgniter.php(361): CodeIgniter\CodeIgniter->handleRequest(null, Object(Config\Cache), false)
 7 FCPATH\index.php(79): CodeIgniter\CodeIgniter->run()
CRITICAL - 2024-06-17 08:03:24 --> [Caused by] CodeIgniter\Database\Exceptions\DatabaseException: Unknown column 'brand_name' in 'field list'
in SYSTEMPATH\Database\MySQLi\Connection.php on line 311.
 1 SYSTEMPATH\Database\BaseConnection.php(693): CodeIgniter\Database\MySQLi\Connection->execute('INSERT INTO `dripspot` (`brand_name`, `celebrity_image`, `article_name`, `price`) VALUES (\'Chris Hemsworth\', \'thor.jpg\', \'T-Shirt\', \'5999\')')
 2 SYSTEMPATH\Database\BaseConnection.php(607): CodeIgniter\Database\BaseConnection->simpleQuery('INSERT INTO `dripspot` (`brand_name`, `celebrity_image`, `article_name`, `price`) VALUES (\'Chris Hemsworth\', \'thor.jpg\', \'T-Shirt\', \'5999\')')
 3 SYSTEMPATH\Database\BaseBuilder.php(2307): CodeIgniter\Database\BaseConnection->query('INSERT INTO `dripspot` (`brand_name`, `celebrity_image`, `article_name`, `price`) VALUES (:brand_name:, :celebrity_image:, :article_name:, :price:)', [...], false)
 4 APPPATH\Models\blogs_model.php(216): CodeIgniter\Database\BaseBuilder->insert([...])
 5 APPPATH\Controllers\Blogs.php(693): App\Models\Blogs_model->publishnewdripspot([...])
 6 SYSTEMPATH\CodeIgniter.php(943): App\Controllers\Blogs->publishdripspot()
 7 SYSTEMPATH\CodeIgniter.php(503): CodeIgniter\CodeIgniter->runController(Object(App\Controllers\Blogs))
 8 SYSTEMPATH\CodeIgniter.php(361): CodeIgniter\CodeIgniter->handleRequest(null, Object(Config\Cache), false)
 9 FCPATH\index.php(79): CodeIgniter\CodeIgniter->run()
CRITICAL - 2024-06-17 08:03:24 --> [Caused by] mysqli_sql_exception: Unknown column 'brand_name' in 'field list'
in SYSTEMPATH\Database\MySQLi\Connection.php on line 306.
 1 SYSTEMPATH\Database\MySQLi\Connection.php(306): mysqli->query('INSERT INTO `dripspot` (`brand_name`, `celebrity_image`, `article_name`, `price`) VALUES (\'Chris Hemsworth\', \'thor.jpg\', \'T-Shirt\', \'5999\')', 0)
 2 SYSTEMPATH\Database\BaseConnection.php(693): CodeIgniter\Database\MySQLi\Connection->execute('INSERT INTO `dripspot` (`brand_name`, `celebrity_image`, `article_name`, `price`) VALUES (\'Chris Hemsworth\', \'thor.jpg\', \'T-Shirt\', \'5999\')')
 3 SYSTEMPATH\Database\BaseConnection.php(607): CodeIgniter\Database\BaseConnection->simpleQuery('INSERT INTO `dripspot` (`brand_name`, `celebrity_image`, `article_name`, `price`) VALUES (\'Chris Hemsworth\', \'thor.jpg\', \'T-Shirt\', \'5999\')')
 4 SYSTEMPATH\Database\BaseBuilder.php(2307): CodeIgniter\Database\BaseConnection->query('INSERT INTO `dripspot` (`brand_name`, `celebrity_image`, `article_name`, `price`) VALUES (:brand_name:, :celebrity_image:, :article_name:, :price:)', [...], false)
 5 APPPATH\Models\blogs_model.php(216): CodeIgniter\Database\BaseBuilder->insert([...])
 6 APPPATH\Controllers\Blogs.php(693): App\Models\Blogs_model->publishnewdripspot([...])
 7 SYSTEMPATH\CodeIgniter.php(943): App\Controllers\Blogs->publishdripspot()
 8 SYSTEMPATH\CodeIgniter.php(503): CodeIgniter\CodeIgniter->runController(Object(App\Controllers\Blogs))
 9 SYSTEMPATH\CodeIgniter.php(361): CodeIgniter\CodeIgniter->handleRequest(null, Object(Config\Cache), false)
10 FCPATH\index.php(79): CodeIgniter\CodeIgniter->run()
CRITICAL - 2024-06-17 08:07:00 --> ParseError: syntax error, unexpected token ",", expecting variable or "{" or "$"
in APPPATH\Controllers\Blogs.php on line 687.
 1 SYSTEMPATH\Autoloader\Autoloader.php(290): CodeIgniter\Autoloader\Autoloader->includeFile('H:\\Xampp\\htdocs\\newdriphunter\\app\\Controllers\\Blogs.php')
 2 SYSTEMPATH\Autoloader\Autoloader.php(266): CodeIgniter\Autoloader\Autoloader->loadInNamespace('App\\Controllers\\Blogs')
 3 [internal function]: CodeIgniter\Autoloader\Autoloader->loadClass('App\\Controllers\\Blogs')
 4 SYSTEMPATH\CodeIgniter.php(901): class_exists('\\App\\Controllers\\Blogs', true)
 5 SYSTEMPATH\CodeIgniter.php(490): CodeIgniter\CodeIgniter->startController()
 6 SYSTEMPATH\CodeIgniter.php(361): CodeIgniter\CodeIgniter->handleRequest(null, Object(Config\Cache), false)
 7 FCPATH\index.php(79): CodeIgniter\CodeIgniter->run()
CRITICAL - 2024-06-17 08:07:03 --> ParseError: syntax error, unexpected token ",", expecting variable or "{" or "$"
in APPPATH\Controllers\Blogs.php on line 687.
 1 SYSTEMPATH\Autoloader\Autoloader.php(290): CodeIgniter\Autoloader\Autoloader->includeFile('H:\\Xampp\\htdocs\\newdriphunter\\app\\Controllers\\Blogs.php')
 2 SYSTEMPATH\Autoloader\Autoloader.php(266): CodeIgniter\Autoloader\Autoloader->loadInNamespace('App\\Controllers\\Blogs')
 3 [internal function]: CodeIgniter\Autoloader\Autoloader->loadClass('App\\Controllers\\Blogs')
 4 SYSTEMPATH\CodeIgniter.php(901): class_exists('\\App\\Controllers\\Blogs', true)
 5 SYSTEMPATH\CodeIgniter.php(490): CodeIgniter\CodeIgniter->startController()
 6 SYSTEMPATH\CodeIgniter.php(361): CodeIgniter\CodeIgniter->handleRequest(null, Object(Config\Cache), false)
 7 FCPATH\index.php(79): CodeIgniter\CodeIgniter->run()
INFO - 2024-06-17 08:24:28 --> Session: Class initialized using 'CodeIgniter\Session\Handlers\FileHandler' driver.
CRITICAL - 2024-06-17 08:24:28 --> ErrorException: Undefined array key "stories"
in APPPATH\Views\story_view.php on line 113.
 1 APPPATH\Views\story_view.php(113): CodeIgniter\Debug\Exceptions->errorHandler(2, 'Undefined array key "stories"', 'H:\\Xampp\\htdocs\\newdriphunter\\app\\Views\\story_view.php', 113)
 2 SYSTEMPATH\View\View.php(228): include('H:\\Xampp\\htdocs\\newdriphunter\\app\\Views\\story_view.php')
 3 SYSTEMPATH\View\View.php(231): CodeIgniter\View\View->CodeIgniter\View\{closure}()
 4 SYSTEMPATH\View\View.php(469): CodeIgniter\View\View->render('story_view', null, true)
 5 APPPATH\Views\index.php(37): CodeIgniter\View\View->include('story_view')
 6 SYSTEMPATH\View\View.php(228): include('H:\\Xampp\\htdocs\\newdriphunter\\app\\Views\\index.php')
 7 SYSTEMPATH\View\View.php(231): CodeIgniter\View\View->CodeIgniter\View\{closure}()
 8 SYSTEMPATH\Common.php(1178): CodeIgniter\View\View->render('index', [], true)
 9 APPPATH\Controllers\Home.php(28): view('index', [...])
10 SYSTEMPATH\CodeIgniter.php(943): App\Controllers\Home->index('$1')
11 SYSTEMPATH\CodeIgniter.php(503): CodeIgniter\CodeIgniter->runController(Object(App\Controllers\Home))
12 SYSTEMPATH\CodeIgniter.php(361): CodeIgniter\CodeIgniter->handleRequest(null, Object(Config\Cache), false)
13 FCPATH\index.php(79): CodeIgniter\CodeIgniter->run()
INFO - 2024-06-17 08:25:21 --> Session: Class initialized using 'CodeIgniter\Session\Handlers\FileHandler' driver.
INFO - 2024-06-17 08:30:38 --> Session: Class initialized using 'CodeIgniter\Session\Handlers\FileHandler' driver.
INFO - 2024-06-17 08:34:03 --> Session: Class initialized using 'CodeIgniter\Session\Handlers\FileHandler' driver.
INFO - 2024-06-17 08:36:00 --> Session: Class initialized using 'CodeIgniter\Session\Handlers\FileHandler' driver.
INFO - 2024-06-17 08:36:12 --> Session: Class initialized using 'CodeIgniter\Session\Handlers\FileHandler' driver.
INFO - 2024-06-17 08:37:29 --> Session: Class initialized using 'CodeIgniter\Session\Handlers\FileHandler' driver.
INFO - 2024-06-17 08:37:59 --> Session: Class initialized using 'CodeIgniter\Session\Handlers\FileHandler' driver.
INFO - 2024-06-17 08:38:23 --> Session: Class initialized using 'CodeIgniter\Session\Handlers\FileHandler' driver.
INFO - 2024-06-17 08:39:55 --> Session: Class initialized using 'CodeIgniter\Session\Handlers\FileHandler' driver.
INFO - 2024-06-17 08:40:41 --> Session: Class initialized using 'CodeIgniter\Session\Handlers\FileHandler' driver.
INFO - 2024-06-17 08:41:44 --> Session: Class initialized using 'CodeIgniter\Session\Handlers\FileHandler' driver.
INFO - 2024-06-17 08:42:38 --> Session: Class initialized using 'CodeIgniter\Session\Handlers\FileHandler' driver.
INFO - 2024-06-17 08:43:47 --> Session: Class initialized using 'CodeIgniter\Session\Handlers\FileHandler' driver.
INFO - 2024-06-17 08:44:59 --> Session: Class initialized using 'CodeIgniter\Session\Handlers\FileHandler' driver.
INFO - 2024-06-17 08:51:42 --> Session: Class initialized using 'CodeIgniter\Session\Handlers\FileHandler' driver.
INFO - 2024-06-17 08:52:38 --> Session: Class initialized using 'CodeIgniter\Session\Handlers\FileHandler' driver.
INFO - 2024-06-17 08:53:08 --> Session: Class initialized using 'CodeIgniter\Session\Handlers\FileHandler' driver.
INFO - 2024-06-17 08:53:34 --> Session: Class initialized using 'CodeIgniter\Session\Handlers\FileHandler' driver.
INFO - 2024-06-17 08:53:57 --> Session: Class initialized using 'CodeIgniter\Session\Handlers\FileHandler' driver.
INFO - 2024-06-17 09:04:57 --> Session: Class initialized using 'CodeIgniter\Session\Handlers\FileHandler' driver.
INFO - 2024-06-17 09:05:20 --> Session: Class initialized using 'CodeIgniter\Session\Handlers\FileHandler' driver.
INFO - 2024-06-17 09:08:00 --> Session: Class initialized using 'CodeIgniter\Session\Handlers\FileHandler' driver.
INFO - 2024-06-17 09:08:19 --> Session: Class initialized using 'CodeIgniter\Session\Handlers\FileHandler' driver.
INFO - 2024-06-17 09:08:19 --> Session: Class initialized using 'CodeIgniter\Session\Handlers\FileHandler' driver.
INFO - 2024-06-17 09:10:54 --> Session: Class initialized using 'CodeIgniter\Session\Handlers\FileHandler' driver.
INFO - 2024-06-17 09:12:19 --> Session: Class initialized using 'CodeIgniter\Session\Handlers\FileHandler' driver.
INFO - 2024-06-17 09:13:49 --> Session: Class initialized using 'CodeIgniter\Session\Handlers\FileHandler' driver.
INFO - 2024-06-17 09:14:16 --> Session: Class initialized using 'CodeIgniter\Session\Handlers\FileHandler' driver.
INFO - 2024-06-17 09:14:39 --> Session: Class initialized using 'CodeIgniter\Session\Handlers\FileHandler' driver.
INFO - 2024-06-17 09:15:19 --> Session: Class initialized using 'CodeIgniter\Session\Handlers\FileHandler' driver.
INFO - 2024-06-17 09:15:45 --> Session: Class initialized using 'CodeIgniter\Session\Handlers\FileHandler' driver.
INFO - 2024-06-17 09:16:22 --> Session: Class initialized using 'CodeIgniter\Session\Handlers\FileHandler' driver.
INFO - 2024-06-17 09:16:52 --> Session: Class initialized using 'CodeIgniter\Session\Handlers\FileHandler' driver.
INFO - 2024-06-17 09:17:31 --> Session: Class initialized using 'CodeIgniter\Session\Handlers\FileHandler' driver.
INFO - 2024-06-17 09:18:14 --> Session: Class initialized using 'CodeIgniter\Session\Handlers\FileHandler' driver.
INFO - 2024-06-17 09:18:39 --> Session: Class initialized using 'CodeIgniter\Session\Handlers\FileHandler' driver.
INFO - 2024-06-17 09:19:47 --> Session: Class initialized using 'CodeIgniter\Session\Handlers\FileHandler' driver.
INFO - 2024-06-17 09:20:17 --> Session: Class initialized using 'CodeIgniter\Session\Handlers\FileHandler' driver.
INFO - 2024-06-17 09:20:29 --> Session: Class initialized using 'CodeIgniter\Session\Handlers\FileHandler' driver.
INFO - 2024-06-17 09:20:55 --> Session: Class initialized using 'CodeIgniter\Session\Handlers\FileHandler' driver.
INFO - 2024-06-17 09:21:00 --> Session: Class initialized using 'CodeIgniter\Session\Handlers\FileHandler' driver.
INFO - 2024-06-17 09:21:35 --> Session: Class initialized using 'CodeIgniter\Session\Handlers\FileHandler' driver.
INFO - 2024-06-17 09:22:16 --> Session: Class initialized using 'CodeIgniter\Session\Handlers\FileHandler' driver.
INFO - 2024-06-17 09:22:35 --> Session: Class initialized using 'CodeIgniter\Session\Handlers\FileHandler' driver.
INFO - 2024-06-17 09:22:46 --> Session: Class initialized using 'CodeIgniter\Session\Handlers\FileHandler' driver.
INFO - 2024-06-17 09:23:24 --> Session: Class initialized using 'CodeIgniter\Session\Handlers\FileHandler' driver.
INFO - 2024-06-17 09:26:36 --> Session: Class initialized using 'CodeIgniter\Session\Handlers\FileHandler' driver.
INFO - 2024-06-17 09:27:23 --> Session: Class initialized using 'CodeIgniter\Session\Handlers\FileHandler' driver.
INFO - 2024-06-17 09:28:08 --> Session: Class initialized using 'CodeIgniter\Session\Handlers\FileHandler' driver.
INFO - 2024-06-17 09:29:30 --> Session: Class initialized using 'CodeIgniter\Session\Handlers\FileHandler' driver.
INFO - 2024-06-17 09:30:01 --> Session: Class initialized using 'CodeIgniter\Session\Handlers\FileHandler' driver.
INFO - 2024-06-17 10:26:39 --> Session: Class initialized using 'CodeIgniter\Session\Handlers\FileHandler' driver.
INFO - 2024-06-17 10:26:54 --> Session: Class initialized using 'CodeIgniter\Session\Handlers\FileHandler' driver.
INFO - 2024-06-17 10:27:05 --> Session: Class initialized using 'CodeIgniter\Session\Handlers\FileHandler' driver.
INFO - 2024-06-17 10:27:20 --> Session: Class initialized using 'CodeIgniter\Session\Handlers\FileHandler' driver.
INFO - 2024-06-17 10:28:38 --> Session: Class initialized using 'CodeIgniter\Session\Handlers\FileHandler' driver.
INFO - 2024-06-17 10:28:47 --> Session: Class initialized using 'CodeIgniter\Session\Handlers\FileHandler' driver.
INFO - 2024-06-17 10:30:23 --> Session: Class initialized using 'CodeIgniter\Session\Handlers\FileHandler' driver.
INFO - 2024-06-17 10:33:29 --> Session: Class initialized using 'CodeIgniter\Session\Handlers\FileHandler' driver.
INFO - 2024-06-17 10:34:13 --> Session: Class initialized using 'CodeIgniter\Session\Handlers\FileHandler' driver.
INFO - 2024-06-17 10:36:59 --> Session: Class initialized using 'CodeIgniter\Session\Handlers\FileHandler' driver.
INFO - 2024-06-17 10:38:25 --> Session: Class initialized using 'CodeIgniter\Session\Handlers\FileHandler' driver.
INFO - 2024-06-17 10:44:41 --> Session: Class initialized using 'CodeIgniter\Session\Handlers\FileHandler' driver.
INFO - 2024-06-17 10:46:10 --> Session: Class initialized using 'CodeIgniter\Session\Handlers\FileHandler' driver.
INFO - 2024-06-17 10:46:14 --> Session: Class initialized using 'CodeIgniter\Session\Handlers\FileHandler' driver.
INFO - 2024-06-17 10:46:22 --> Session: Class initialized using 'CodeIgniter\Session\Handlers\FileHandler' driver.
INFO - 2024-06-17 10:46:37 --> Session: Class initialized using 'CodeIgniter\Session\Handlers\FileHandler' driver.
INFO - 2024-06-17 10:46:48 --> Session: Class initialized using 'CodeIgniter\Session\Handlers\FileHandler' driver.
INFO - 2024-06-17 10:47:21 --> Session: Class initialized using 'CodeIgniter\Session\Handlers\FileHandler' driver.
INFO - 2024-06-17 10:47:21 --> Session: Class initialized using 'CodeIgniter\Session\Handlers\FileHandler' driver.
INFO - 2024-06-17 10:48:01 --> Session: Class initialized using 'CodeIgniter\Session\Handlers\FileHandler' driver.
INFO - 2024-06-17 10:48:01 --> Session: Class initialized using 'CodeIgniter\Session\Handlers\FileHandler' driver.
INFO - 2024-06-17 10:49:12 --> Session: Class initialized using 'CodeIgniter\Session\Handlers\FileHandler' driver.
INFO - 2024-06-17 10:49:13 --> Session: Class initialized using 'CodeIgniter\Session\Handlers\FileHandler' driver.
INFO - 2024-06-17 10:49:45 --> Session: Class initialized using 'CodeIgniter\Session\Handlers\FileHandler' driver.
INFO - 2024-06-17 10:51:05 --> Session: Class initialized using 'CodeIgniter\Session\Handlers\FileHandler' driver.
INFO - 2024-06-17 10:55:11 --> Session: Class initialized using 'CodeIgniter\Session\Handlers\FileHandler' driver.
INFO - 2024-06-17 10:55:22 --> Session: Class initialized using 'CodeIgniter\Session\Handlers\FileHandler' driver.
INFO - 2024-06-17 10:57:51 --> Session: Class initialized using 'CodeIgniter\Session\Handlers\FileHandler' driver.
INFO - 2024-06-17 11:08:17 --> Session: Class initialized using 'CodeIgniter\Session\Handlers\FileHandler' driver.
CRITICAL - 2024-06-17 11:33:19 --> ErrorException: Undefined variable $section
in APPPATH\Views\dripspot_view.php on line 152.
 1 APPPATH\Views\dripspot_view.php(152): CodeIgniter\Debug\Exceptions->errorHandler(2, 'Undefined variable $section', 'H:\\Xampp\\htdocs\\newdriphunter\\app\\Views\\dripspot_view.php', 152)
 2 SYSTEMPATH\View\View.php(228): include('H:\\Xampp\\htdocs\\newdriphunter\\app\\Views\\dripspot_view.php')
 3 SYSTEMPATH\View\View.php(231): CodeIgniter\View\View->CodeIgniter\View\{closure}()
 4 SYSTEMPATH\Common.php(1178): CodeIgniter\View\View->render('dripspot_view', [], true)
 5 APPPATH\Controllers\Blogs.php(570): view('dripspot_view', [...])
 6 SYSTEMPATH\CodeIgniter.php(943): App\Controllers\Blogs->dripspot()
 7 SYSTEMPATH\CodeIgniter.php(503): CodeIgniter\CodeIgniter->runController(Object(App\Controllers\Blogs))
 8 SYSTEMPATH\CodeIgniter.php(361): CodeIgniter\CodeIgniter->handleRequest(null, Object(Config\Cache), false)
 9 FCPATH\index.php(79): CodeIgniter\CodeIgniter->run()
CRITICAL - 2024-06-17 11:33:47 --> ErrorException: Undefined variable $sections
in APPPATH\Views\dripspot_view.php on line 118.
 1 APPPATH\Views\dripspot_view.php(118): CodeIgniter\Debug\Exceptions->errorHandler(2, 'Undefined variable $sections', 'H:\\Xampp\\htdocs\\newdriphunter\\app\\Views\\dripspot_view.php', 118)
 2 SYSTEMPATH\View\View.php(228): include('H:\\Xampp\\htdocs\\newdriphunter\\app\\Views\\dripspot_view.php')
 3 SYSTEMPATH\View\View.php(231): CodeIgniter\View\View->CodeIgniter\View\{closure}()
 4 SYSTEMPATH\Common.php(1178): CodeIgniter\View\View->render('dripspot_view', [], true)
 5 APPPATH\Controllers\Blogs.php(570): view('dripspot_view', [...])
 6 SYSTEMPATH\CodeIgniter.php(943): App\Controllers\Blogs->dripspot()
 7 SYSTEMPATH\CodeIgniter.php(503): CodeIgniter\CodeIgniter->runController(Object(App\Controllers\Blogs))
 8 SYSTEMPATH\CodeIgniter.php(361): CodeIgniter\CodeIgniter->handleRequest(null, Object(Config\Cache), false)
 9 FCPATH\index.php(79): CodeIgniter\CodeIgniter->run()
CRITICAL - 2024-06-17 11:34:16 --> ErrorException: Undefined variable $sections
in APPPATH\Views\dripspot_view.php on line 118.
 1 APPPATH\Views\dripspot_view.php(118): CodeIgniter\Debug\Exceptions->errorHandler(2, 'Undefined variable $sections', 'H:\\Xampp\\htdocs\\newdriphunter\\app\\Views\\dripspot_view.php', 118)
 2 SYSTEMPATH\View\View.php(228): include('H:\\Xampp\\htdocs\\newdriphunter\\app\\Views\\dripspot_view.php')
 3 SYSTEMPATH\View\View.php(231): CodeIgniter\View\View->CodeIgniter\View\{closure}()
 4 SYSTEMPATH\Common.php(1178): CodeIgniter\View\View->render('dripspot_view', [], true)
 5 APPPATH\Controllers\Blogs.php(570): view('dripspot_view', [...])
 6 SYSTEMPATH\CodeIgniter.php(943): App\Controllers\Blogs->dripspot()
 7 SYSTEMPATH\CodeIgniter.php(503): CodeIgniter\CodeIgniter->runController(Object(App\Controllers\Blogs))
 8 SYSTEMPATH\CodeIgniter.php(361): CodeIgniter\CodeIgniter->handleRequest(null, Object(Config\Cache), false)
 9 FCPATH\index.php(79): CodeIgniter\CodeIgniter->run()
CRITICAL - 2024-06-17 11:35:39 --> ErrorException: Undefined variable $sections
in APPPATH\Views\dripspot_view.php on line 118.
 1 APPPATH\Views\dripspot_view.php(118): CodeIgniter\Debug\Exceptions->errorHandler(2, 'Undefined variable $sections', 'H:\\Xampp\\htdocs\\newdriphunter\\app\\Views\\dripspot_view.php', 118)
 2 SYSTEMPATH\View\View.php(228): include('H:\\Xampp\\htdocs\\newdriphunter\\app\\Views\\dripspot_view.php')
 3 SYSTEMPATH\View\View.php(231): CodeIgniter\View\View->CodeIgniter\View\{closure}()
 4 SYSTEMPATH\Common.php(1178): CodeIgniter\View\View->render('dripspot_view', [], true)
 5 APPPATH\Controllers\Blogs.php(570): view('dripspot_view', [...])
 6 SYSTEMPATH\CodeIgniter.php(943): App\Controllers\Blogs->dripspot()
 7 SYSTEMPATH\CodeIgniter.php(503): CodeIgniter\CodeIgniter->runController(Object(App\Controllers\Blogs))
 8 SYSTEMPATH\CodeIgniter.php(361): CodeIgniter\CodeIgniter->handleRequest(null, Object(Config\Cache), false)
 9 FCPATH\index.php(79): CodeIgniter\CodeIgniter->run()
INFO - 2024-06-17 11:39:19 --> Session: Class initialized using 'CodeIgniter\Session\Handlers\FileHandler' driver.
INFO - 2024-06-17 11:40:14 --> Session: Class initialized using 'CodeIgniter\Session\Handlers\FileHandler' driver.
INFO - 2024-06-17 11:40:20 --> Session: Class initialized using 'CodeIgniter\Session\Handlers\FileHandler' driver.
INFO - 2024-06-17 11:40:32 --> Session: Class initialized using 'CodeIgniter\Session\Handlers\FileHandler' driver.
INFO - 2024-06-17 11:40:36 --> Session: Class initialized using 'CodeIgniter\Session\Handlers\FileHandler' driver.
INFO - 2024-06-17 11:40:43 --> Session: Class initialized using 'CodeIgniter\Session\Handlers\FileHandler' driver.
INFO - 2024-06-17 11:40:57 --> Session: Class initialized using 'CodeIgniter\Session\Handlers\FileHandler' driver.
INFO - 2024-06-17 11:42:09 --> Session: Class initialized using 'CodeIgniter\Session\Handlers\FileHandler' driver.
INFO - 2024-06-17 11:42:11 --> Session: Class initialized using 'CodeIgniter\Session\Handlers\FileHandler' driver.
INFO - 2024-06-17 11:44:21 --> Session: Class initialized using 'CodeIgniter\Session\Handlers\FileHandler' driver.
INFO - 2024-06-17 11:44:33 --> Session: Class initialized using 'CodeIgniter\Session\Handlers\FileHandler' driver.
INFO - 2024-06-17 12:27:05 --> Session: Class initialized using 'CodeIgniter\Session\Handlers\FileHandler' driver.
INFO - 2024-06-17 12:28:05 --> Session: Class initialized using 'CodeIgniter\Session\Handlers\FileHandler' driver.
INFO - 2024-06-17 12:34:18 --> Session: Class initialized using 'CodeIgniter\Session\Handlers\FileHandler' driver.
CRITICAL - 2024-06-17 12:40:53 --> ErrorException: Undefined variable $section
in APPPATH\Views\dripspot_view.php on line 152.
 1 APPPATH\Views\dripspot_view.php(152): CodeIgniter\Debug\Exceptions->errorHandler(2, 'Undefined variable $section', 'H:\\Xampp\\htdocs\\newdriphunter\\app\\Views\\dripspot_view.php', 152)
 2 SYSTEMPATH\View\View.php(228): include('H:\\Xampp\\htdocs\\newdriphunter\\app\\Views\\dripspot_view.php')
 3 SYSTEMPATH\View\View.php(231): CodeIgniter\View\View->CodeIgniter\View\{closure}()
 4 SYSTEMPATH\Common.php(1178): CodeIgniter\View\View->render('dripspot_view', [], true)
 5 APPPATH\Controllers\Blogs.php(573): view('dripspot_view', [...])
 6 SYSTEMPATH\CodeIgniter.php(943): App\Controllers\Blogs->dripspot()
 7 SYSTEMPATH\CodeIgniter.php(503): CodeIgniter\CodeIgniter->runController(Object(App\Controllers\Blogs))
 8 SYSTEMPATH\CodeIgniter.php(361): CodeIgniter\CodeIgniter->handleRequest(null, Object(Config\Cache), false)
 9 FCPATH\index.php(79): CodeIgniter\CodeIgniter->run()
CRITICAL - 2024-06-17 12:41:07 --> ErrorException: Undefined variable $section
in APPPATH\Views\dripspot_view.php on line 152.
 1 APPPATH\Views\dripspot_view.php(152): CodeIgniter\Debug\Exceptions->errorHandler(2, 'Undefined variable $section', 'H:\\Xampp\\htdocs\\newdriphunter\\app\\Views\\dripspot_view.php', 152)
 2 SYSTEMPATH\View\View.php(228): include('H:\\Xampp\\htdocs\\newdriphunter\\app\\Views\\dripspot_view.php')
 3 SYSTEMPATH\View\View.php(231): CodeIgniter\View\View->CodeIgniter\View\{closure}()
 4 SYSTEMPATH\Common.php(1178): CodeIgniter\View\View->render('dripspot_view', [], true)
 5 APPPATH\Controllers\Blogs.php(573): view('dripspot_view', [...])
 6 SYSTEMPATH\CodeIgniter.php(943): App\Controllers\Blogs->dripspot()
 7 SYSTEMPATH\CodeIgniter.php(503): CodeIgniter\CodeIgniter->runController(Object(App\Controllers\Blogs))
 8 SYSTEMPATH\CodeIgniter.php(361): CodeIgniter\CodeIgniter->handleRequest(null, Object(Config\Cache), false)
 9 FCPATH\index.php(79): CodeIgniter\CodeIgniter->run()
CRITICAL - 2024-06-17 12:41:23 --> ErrorException: Undefined variable $section
in APPPATH\Views\dripspot_view.php on line 152.
 1 APPPATH\Views\dripspot_view.php(152): CodeIgniter\Debug\Exceptions->errorHandler(2, 'Undefined variable $section', 'H:\\Xampp\\htdocs\\newdriphunter\\app\\Views\\dripspot_view.php', 152)
 2 SYSTEMPATH\View\View.php(228): include('H:\\Xampp\\htdocs\\newdriphunter\\app\\Views\\dripspot_view.php')
 3 SYSTEMPATH\View\View.php(231): CodeIgniter\View\View->CodeIgniter\View\{closure}()
 4 SYSTEMPATH\Common.php(1178): CodeIgniter\View\View->render('dripspot_view', [], true)
 5 APPPATH\Controllers\Blogs.php(573): view('dripspot_view', [...])
 6 SYSTEMPATH\CodeIgniter.php(943): App\Controllers\Blogs->dripspot()
 7 SYSTEMPATH\CodeIgniter.php(503): CodeIgniter\CodeIgniter->runController(Object(App\Controllers\Blogs))
 8 SYSTEMPATH\CodeIgniter.php(361): CodeIgniter\CodeIgniter->handleRequest(null, Object(Config\Cache), false)
 9 FCPATH\index.php(79): CodeIgniter\CodeIgniter->run()
CRITICAL - 2024-06-17 12:42:23 --> ErrorException: Undefined variable $section
in APPPATH\Views\dripspot_view.php on line 118.
 1 APPPATH\Views\dripspot_view.php(118): CodeIgniter\Debug\Exceptions->errorHandler(2, 'Undefined variable $section', 'H:\\Xampp\\htdocs\\newdriphunter\\app\\Views\\dripspot_view.php', 118)
 2 SYSTEMPATH\View\View.php(228): include('H:\\Xampp\\htdocs\\newdriphunter\\app\\Views\\dripspot_view.php')
 3 SYSTEMPATH\View\View.php(231): CodeIgniter\View\View->CodeIgniter\View\{closure}()
 4 SYSTEMPATH\Common.php(1178): CodeIgniter\View\View->render('dripspot_view', [], true)
 5 APPPATH\Controllers\Blogs.php(573): view('dripspot_view', [...])
 6 SYSTEMPATH\CodeIgniter.php(943): App\Controllers\Blogs->dripspot()
 7 SYSTEMPATH\CodeIgniter.php(503): CodeIgniter\CodeIgniter->runController(Object(App\Controllers\Blogs))
 8 SYSTEMPATH\CodeIgniter.php(361): CodeIgniter\CodeIgniter->handleRequest(null, Object(Config\Cache), false)
 9 FCPATH\index.php(79): CodeIgniter\CodeIgniter->run()
CRITICAL - 2024-06-17 12:42:39 --> ErrorException: Undefined variable $section
in APPPATH\Views\dripspot_view.php on line 118.
 1 APPPATH\Views\dripspot_view.php(118): CodeIgniter\Debug\Exceptions->errorHandler(2, 'Undefined variable $section', 'H:\\Xampp\\htdocs\\newdriphunter\\app\\Views\\dripspot_view.php', 118)
 2 SYSTEMPATH\View\View.php(228): include('H:\\Xampp\\htdocs\\newdriphunter\\app\\Views\\dripspot_view.php')
 3 SYSTEMPATH\View\View.php(231): CodeIgniter\View\View->CodeIgniter\View\{closure}()
 4 SYSTEMPATH\Common.php(1178): CodeIgniter\View\View->render('dripspot_view', [], true)
 5 APPPATH\Controllers\Blogs.php(573): view('dripspot_view', [...])
 6 SYSTEMPATH\CodeIgniter.php(943): App\Controllers\Blogs->dripspot()
 7 SYSTEMPATH\CodeIgniter.php(503): CodeIgniter\CodeIgniter->runController(Object(App\Controllers\Blogs))
 8 SYSTEMPATH\CodeIgniter.php(361): CodeIgniter\CodeIgniter->handleRequest(null, Object(Config\Cache), false)
 9 FCPATH\index.php(79): CodeIgniter\CodeIgniter->run()
CRITICAL - 2024-06-17 12:43:07 --> ErrorException: Undefined variable $section
in APPPATH\Views\dripspot_view.php on line 152.
 1 APPPATH\Views\dripspot_view.php(152): CodeIgniter\Debug\Exceptions->errorHandler(2, 'Undefined variable $section', 'H:\\Xampp\\htdocs\\newdriphunter\\app\\Views\\dripspot_view.php', 152)
 2 SYSTEMPATH\View\View.php(228): include('H:\\Xampp\\htdocs\\newdriphunter\\app\\Views\\dripspot_view.php')
 3 SYSTEMPATH\View\View.php(231): CodeIgniter\View\View->CodeIgniter\View\{closure}()
 4 SYSTEMPATH\Common.php(1178): CodeIgniter\View\View->render('dripspot_view', [], true)
 5 APPPATH\Controllers\Blogs.php(573): view('dripspot_view', [...])
 6 SYSTEMPATH\CodeIgniter.php(943): App\Controllers\Blogs->dripspot()
 7 SYSTEMPATH\CodeIgniter.php(503): CodeIgniter\CodeIgniter->runController(Object(App\Controllers\Blogs))
 8 SYSTEMPATH\CodeIgniter.php(361): CodeIgniter\CodeIgniter->handleRequest(null, Object(Config\Cache), false)
 9 FCPATH\index.php(79): CodeIgniter\CodeIgniter->run()
INFO - 2024-06-17 12:47:20 --> Session: Class initialized using 'CodeIgniter\Session\Handlers\FileHandler' driver.
CRITICAL - 2024-06-17 12:49:05 --> ErrorException: Undefined variable $section
in APPPATH\Views\dripspot_view.php on line 118.
 1 APPPATH\Views\dripspot_view.php(118): CodeIgniter\Debug\Exceptions->errorHandler(2, 'Undefined variable $section', 'H:\\Xampp\\htdocs\\newdriphunter\\app\\Views\\dripspot_view.php', 118)
 2 SYSTEMPATH\View\View.php(228): include('H:\\Xampp\\htdocs\\newdriphunter\\app\\Views\\dripspot_view.php')
 3 SYSTEMPATH\View\View.php(231): CodeIgniter\View\View->CodeIgniter\View\{closure}()
 4 SYSTEMPATH\Common.php(1178): CodeIgniter\View\View->render('dripspot_view', [], true)
 5 APPPATH\Controllers\Blogs.php(573): view('dripspot_view', [...])
 6 SYSTEMPATH\CodeIgniter.php(943): App\Controllers\Blogs->dripspot()
 7 SYSTEMPATH\CodeIgniter.php(503): CodeIgniter\CodeIgniter->runController(Object(App\Controllers\Blogs))
 8 SYSTEMPATH\CodeIgniter.php(361): CodeIgniter\CodeIgniter->handleRequest(null, Object(Config\Cache), false)
 9 FCPATH\index.php(79): CodeIgniter\CodeIgniter->run()
CRITICAL - 2024-06-17 12:49:39 --> ErrorException: Undefined variable $section
in APPPATH\Views\dripspot_view.php on line 153.
 1 APPPATH\Views\dripspot_view.php(153): CodeIgniter\Debug\Exceptions->errorHandler(2, 'Undefined variable $section', 'H:\\Xampp\\htdocs\\newdriphunter\\app\\Views\\dripspot_view.php', 153)
 2 SYSTEMPATH\View\View.php(228): include('H:\\Xampp\\htdocs\\newdriphunter\\app\\Views\\dripspot_view.php')
 3 SYSTEMPATH\View\View.php(231): CodeIgniter\View\View->CodeIgniter\View\{closure}()
 4 SYSTEMPATH\Common.php(1178): CodeIgniter\View\View->render('dripspot_view', [], true)
 5 APPPATH\Controllers\Blogs.php(573): view('dripspot_view', [...])
 6 SYSTEMPATH\CodeIgniter.php(943): App\Controllers\Blogs->dripspot()
 7 SYSTEMPATH\CodeIgniter.php(503): CodeIgniter\CodeIgniter->runController(Object(App\Controllers\Blogs))
 8 SYSTEMPATH\CodeIgniter.php(361): CodeIgniter\CodeIgniter->handleRequest(null, Object(Config\Cache), false)
 9 FCPATH\index.php(79): CodeIgniter\CodeIgniter->run()
CRITICAL - 2024-06-17 12:49:56 --> ErrorException: Undefined variable $section
in APPPATH\Views\dripspot_view.php on line 153.
 1 APPPATH\Views\dripspot_view.php(153): CodeIgniter\Debug\Exceptions->errorHandler(2, 'Undefined variable $section', 'H:\\Xampp\\htdocs\\newdriphunter\\app\\Views\\dripspot_view.php', 153)
 2 SYSTEMPATH\View\View.php(228): include('H:\\Xampp\\htdocs\\newdriphunter\\app\\Views\\dripspot_view.php')
 3 SYSTEMPATH\View\View.php(231): CodeIgniter\View\View->CodeIgniter\View\{closure}()
 4 SYSTEMPATH\Common.php(1178): CodeIgniter\View\View->render('dripspot_view', [], true)
 5 APPPATH\Controllers\Blogs.php(573): view('dripspot_view', [...])
 6 SYSTEMPATH\CodeIgniter.php(943): App\Controllers\Blogs->dripspot()
 7 SYSTEMPATH\CodeIgniter.php(503): CodeIgniter\CodeIgniter->runController(Object(App\Controllers\Blogs))
 8 SYSTEMPATH\CodeIgniter.php(361): CodeIgniter\CodeIgniter->handleRequest(null, Object(Config\Cache), false)
 9 FCPATH\index.php(79): CodeIgniter\CodeIgniter->run()
CRITICAL - 2024-06-17 12:50:44 --> ErrorException: Undefined variable $section
in APPPATH\Views\dripspot_view.php on line 153.
 1 APPPATH\Views\dripspot_view.php(153): CodeIgniter\Debug\Exceptions->errorHandler(2, 'Undefined variable $section', 'H:\\Xampp\\htdocs\\newdriphunter\\app\\Views\\dripspot_view.php', 153)
 2 SYSTEMPATH\View\View.php(228): include('H:\\Xampp\\htdocs\\newdriphunter\\app\\Views\\dripspot_view.php')
 3 SYSTEMPATH\View\View.php(231): CodeIgniter\View\View->CodeIgniter\View\{closure}()
 4 SYSTEMPATH\Common.php(1178): CodeIgniter\View\View->render('dripspot_view', [], true)
 5 APPPATH\Controllers\Blogs.php(573): view('dripspot_view', [...])
 6 SYSTEMPATH\CodeIgniter.php(943): App\Controllers\Blogs->dripspot()
 7 SYSTEMPATH\CodeIgniter.php(503): CodeIgniter\CodeIgniter->runController(Object(App\Controllers\Blogs))
 8 SYSTEMPATH\CodeIgniter.php(361): CodeIgniter\CodeIgniter->handleRequest(null, Object(Config\Cache), false)
 9 FCPATH\index.php(79): CodeIgniter\CodeIgniter->run()
CRITICAL - 2024-06-17 12:51:04 --> ErrorException: Undefined variable $section
in APPPATH\Views\dripspot_view.php on line 153.
 1 APPPATH\Views\dripspot_view.php(153): CodeIgniter\Debug\Exceptions->errorHandler(2, 'Undefined variable $section', 'H:\\Xampp\\htdocs\\newdriphunter\\app\\Views\\dripspot_view.php', 153)
 2 SYSTEMPATH\View\View.php(228): include('H:\\Xampp\\htdocs\\newdriphunter\\app\\Views\\dripspot_view.php')
 3 SYSTEMPATH\View\View.php(231): CodeIgniter\View\View->CodeIgniter\View\{closure}()
 4 SYSTEMPATH\Common.php(1178): CodeIgniter\View\View->render('dripspot_view', [], true)
 5 APPPATH\Controllers\Blogs.php(573): view('dripspot_view', [...])
 6 SYSTEMPATH\CodeIgniter.php(943): App\Controllers\Blogs->dripspot()
 7 SYSTEMPATH\CodeIgniter.php(503): CodeIgniter\CodeIgniter->runController(Object(App\Controllers\Blogs))
 8 SYSTEMPATH\CodeIgniter.php(361): CodeIgniter\CodeIgniter->handleRequest(null, Object(Config\Cache), false)
 9 FCPATH\index.php(79): CodeIgniter\CodeIgniter->run()
INFO - 2024-06-17 13:08:34 --> Session: Class initialized using 'CodeIgniter\Session\Handlers\FileHandler' driver.
INFO - 2024-06-17 13:09:46 --> Session: Class initialized using 'CodeIgniter\Session\Handlers\FileHandler' driver.
INFO - 2024-06-17 13:40:49 --> Session: Class initialized using 'CodeIgniter\Session\Handlers\FileHandler' driver.
CRITICAL - 2024-06-17 14:03:42 --> ErrorException: Undefined array key "description	"
in APPPATH\Views\footer_section.php on line 142.
 1 APPPATH\Views\footer_section.php(142): CodeIgniter\Debug\Exceptions->errorHandler(2, 'Undefined array key "description	"', 'H:\\Xampp\\htdocs\\newdriphunter\\app\\Views\\footer_section.php', 142)
 2 SYSTEMPATH\View\View.php(228): include('H:\\Xampp\\htdocs\\newdriphunter\\app\\Views\\footer_section.php')
 3 SYSTEMPATH\View\View.php(231): CodeIgniter\View\View->CodeIgniter\View\{closure}()
 4 SYSTEMPATH\Common.php(1178): CodeIgniter\View\View->render('footer_section', [], true)
 5 APPPATH\Controllers\Footercontrol.php(13): view('footer_section', [...])
 6 SYSTEMPATH\CodeIgniter.php(943): App\Controllers\Footercontrol->footer()
 7 SYSTEMPATH\CodeIgniter.php(503): CodeIgniter\CodeIgniter->runController(Object(App\Controllers\Footercontrol))
 8 SYSTEMPATH\CodeIgniter.php(361): CodeIgniter\CodeIgniter->handleRequest(null, Object(Config\Cache), false)
 9 FCPATH\index.php(79): CodeIgniter\CodeIgniter->run()
CRITICAL - 2024-06-17 14:26:11 --> Error: Call to a member function isValid() on null
in APPPATH\Controllers\Footercontrol.php on line 29.
 1 SYSTEMPATH\CodeIgniter.php(943): App\Controllers\Footercontrol->updatefooter('1')
 2 SYSTEMPATH\CodeIgniter.php(503): CodeIgniter\CodeIgniter->runController(Object(App\Controllers\Footercontrol))
 3 SYSTEMPATH\CodeIgniter.php(361): CodeIgniter\CodeIgniter->handleRequest(null, Object(Config\Cache), false)
 4 FCPATH\index.php(79): CodeIgniter\CodeIgniter->run()
CRITICAL - 2024-06-17 14:26:32 --> Error: Call to a member function isValid() on null
in APPPATH\Controllers\Footercontrol.php on line 29.
 1 SYSTEMPATH\CodeIgniter.php(943): App\Controllers\Footercontrol->updatefooter('1')
 2 SYSTEMPATH\CodeIgniter.php(503): CodeIgniter\CodeIgniter->runController(Object(App\Controllers\Footercontrol))
 3 SYSTEMPATH\CodeIgniter.php(361): CodeIgniter\CodeIgniter->handleRequest(null, Object(Config\Cache), false)
 4 FCPATH\index.php(79): CodeIgniter\CodeIgniter->run()
CRITICAL - 2024-06-17 14:27:09 --> Error: Call to a member function isValid() on null
in APPPATH\Controllers\Footercontrol.php on line 29.
 1 SYSTEMPATH\CodeIgniter.php(943): App\Controllers\Footercontrol->updatefooter('1')
 2 SYSTEMPATH\CodeIgniter.php(503): CodeIgniter\CodeIgniter->runController(Object(App\Controllers\Footercontrol))
 3 SYSTEMPATH\CodeIgniter.php(361): CodeIgniter\CodeIgniter->handleRequest(null, Object(Config\Cache), false)
 4 FCPATH\index.php(79): CodeIgniter\CodeIgniter->run()
CRITICAL - 2024-06-17 14:27:48 --> Error: Call to a member function isValid() on null
in APPPATH\Controllers\Footercontrol.php on line 29.
 1 SYSTEMPATH\CodeIgniter.php(943): App\Controllers\Footercontrol->updatefooter('1')
 2 SYSTEMPATH\CodeIgniter.php(503): CodeIgniter\CodeIgniter->runController(Object(App\Controllers\Footercontrol))
 3 SYSTEMPATH\CodeIgniter.php(361): CodeIgniter\CodeIgniter->handleRequest(null, Object(Config\Cache), false)
 4 FCPATH\index.php(79): CodeIgniter\CodeIgniter->run()
CRITICAL - 2024-06-17 14:28:03 --> Error: Call to a member function isValid() on null
in APPPATH\Controllers\Footercontrol.php on line 29.
 1 SYSTEMPATH\CodeIgniter.php(943): App\Controllers\Footercontrol->updatefooter('1')
 2 SYSTEMPATH\CodeIgniter.php(503): CodeIgniter\CodeIgniter->runController(Object(App\Controllers\Footercontrol))
 3 SYSTEMPATH\CodeIgniter.php(361): CodeIgniter\CodeIgniter->handleRequest(null, Object(Config\Cache), false)
 4 FCPATH\index.php(79): CodeIgniter\CodeIgniter->run()
CRITICAL - 2024-06-17 14:28:28 --> Error: Call to a member function isValid() on null
in APPPATH\Controllers\Footercontrol.php on line 29.
 1 SYSTEMPATH\CodeIgniter.php(943): App\Controllers\Footercontrol->updatefooter('1')
 2 SYSTEMPATH\CodeIgniter.php(503): CodeIgniter\CodeIgniter->runController(Object(App\Controllers\Footercontrol))
 3 SYSTEMPATH\CodeIgniter.php(361): CodeIgniter\CodeIgniter->handleRequest(null, Object(Config\Cache), false)
 4 FCPATH\index.php(79): CodeIgniter\CodeIgniter->run()
CRITICAL - 2024-06-17 14:28:51 --> Error: Call to a member function isValid() on null
in APPPATH\Controllers\Footercontrol.php on line 29.
 1 SYSTEMPATH\CodeIgniter.php(943): App\Controllers\Footercontrol->updatefooter('1')
 2 SYSTEMPATH\CodeIgniter.php(503): CodeIgniter\CodeIgniter->runController(Object(App\Controllers\Footercontrol))
 3 SYSTEMPATH\CodeIgniter.php(361): CodeIgniter\CodeIgniter->handleRequest(null, Object(Config\Cache), false)
 4 FCPATH\index.php(79): CodeIgniter\CodeIgniter->run()
CRITICAL - 2024-06-17 15:38:27 --> ErrorException: Undefined variable $post
in APPPATH\Views\edit_footer.php on line 121.
 1 APPPATH\Views\edit_footer.php(121): CodeIgniter\Debug\Exceptions->errorHandler(2, 'Undefined variable $post', 'H:\\Xampp\\htdocs\\newdriphunter\\app\\Views\\edit_footer.php', 121)
 2 SYSTEMPATH\View\View.php(228): include('H:\\Xampp\\htdocs\\newdriphunter\\app\\Views\\edit_footer.php')
 3 SYSTEMPATH\View\View.php(231): CodeIgniter\View\View->CodeIgniter\View\{closure}()
 4 SYSTEMPATH\Common.php(1178): CodeIgniter\View\View->render('edit_footer', [], true)
 5 APPPATH\Controllers\Footercontrol.php(20): view('edit_footer', [...])
 6 SYSTEMPATH\CodeIgniter.php(943): App\Controllers\Footercontrol->editfooterdata('1')
 7 SYSTEMPATH\CodeIgniter.php(503): CodeIgniter\CodeIgniter->runController(Object(App\Controllers\Footercontrol))
 8 SYSTEMPATH\CodeIgniter.php(361): CodeIgniter\CodeIgniter->handleRequest(null, Object(Config\Cache), false)
 9 FCPATH\index.php(79): CodeIgniter\CodeIgniter->run()
CRITICAL - 2024-06-17 15:38:36 --> ErrorException: Undefined array key "blog_image"
in APPPATH\Views\edit_footer.php on line 121.
 1 APPPATH\Views\edit_footer.php(121): CodeIgniter\Debug\Exceptions->errorHandler(2, 'Undefined array key "blog_image"', 'H:\\Xampp\\htdocs\\newdriphunter\\app\\Views\\edit_footer.php', 121)
 2 SYSTEMPATH\View\View.php(228): include('H:\\Xampp\\htdocs\\newdriphunter\\app\\Views\\edit_footer.php')
 3 SYSTEMPATH\View\View.php(231): CodeIgniter\View\View->CodeIgniter\View\{closure}()
 4 SYSTEMPATH\Common.php(1178): CodeIgniter\View\View->render('edit_footer', [], true)
 5 APPPATH\Controllers\Footercontrol.php(20): view('edit_footer', [...])
 6 SYSTEMPATH\CodeIgniter.php(943): App\Controllers\Footercontrol->editfooterdata('1')
 7 SYSTEMPATH\CodeIgniter.php(503): CodeIgniter\CodeIgniter->runController(Object(App\Controllers\Footercontrol))
 8 SYSTEMPATH\CodeIgniter.php(361): CodeIgniter\CodeIgniter->handleRequest(null, Object(Config\Cache), false)
 9 FCPATH\index.php(79): CodeIgniter\CodeIgniter->run()
INFO - 2024-06-17 15:45:21 --> Session: Class initialized using 'CodeIgniter\Session\Handlers\FileHandler' driver.
INFO - 2024-06-17 15:46:25 --> Session: Class initialized using 'CodeIgniter\Session\Handlers\FileHandler' driver.
INFO - 2024-06-17 15:47:09 --> Session: Class initialized using 'CodeIgniter\Session\Handlers\FileHandler' driver.
INFO - 2024-06-17 15:49:34 --> Session: Class initialized using 'CodeIgniter\Session\Handlers\FileHandler' driver.
INFO - 2024-06-17 15:59:39 --> Session: Class initialized using 'CodeIgniter\Session\Handlers\FileHandler' driver.
INFO - 2024-06-17 15:59:43 --> Session: Class initialized using 'CodeIgniter\Session\Handlers\FileHandler' driver.
INFO - 2024-06-17 16:03:13 --> Session: Class initialized using 'CodeIgniter\Session\Handlers\FileHandler' driver.
CRITICAL - 2024-06-17 16:03:13 --> ErrorException: Undefined variable $footer
in APPPATH\Views\aboutus.php on line 19.
 1 APPPATH\Views\aboutus.php(19): CodeIgniter\Debug\Exceptions->errorHandler(2, 'Undefined variable $footer', 'H:\\Xampp\\htdocs\\newdriphunter\\app\\Views\\aboutus.php', 19)
 2 SYSTEMPATH\View\View.php(228): include('H:\\Xampp\\htdocs\\newdriphunter\\app\\Views\\aboutus.php')
 3 SYSTEMPATH\View\View.php(231): CodeIgniter\View\View->CodeIgniter\View\{closure}()
 4 SYSTEMPATH\Common.php(1178): CodeIgniter\View\View->render('aboutus', [], true)
 5 APPPATH\Controllers\Home.php(34): view('aboutus')
 6 SYSTEMPATH\CodeIgniter.php(943): App\Controllers\Home->aboutus()
 7 SYSTEMPATH\CodeIgniter.php(503): CodeIgniter\CodeIgniter->runController(Object(App\Controllers\Home))
 8 SYSTEMPATH\CodeIgniter.php(361): CodeIgniter\CodeIgniter->handleRequest(null, Object(Config\Cache), false)
 9 FCPATH\index.php(79): CodeIgniter\CodeIgniter->run()
INFO - 2024-06-17 16:03:51 --> Session: Class initialized using 'CodeIgniter\Session\Handlers\FileHandler' driver.
INFO - 2024-06-17 16:03:53 --> Session: Class initialized using 'CodeIgniter\Session\Handlers\FileHandler' driver.
INFO - 2024-06-17 16:04:24 --> Session: Class initialized using 'CodeIgniter\Session\Handlers\FileHandler' driver.
INFO - 2024-06-17 16:05:21 --> Session: Class initialized using 'CodeIgniter\Session\Handlers\FileHandler' driver.
INFO - 2024-06-17 16:05:30 --> Session: Class initialized using 'CodeIgniter\Session\Handlers\FileHandler' driver.
INFO - 2024-06-17 16:06:19 --> Session: Class initialized using 'CodeIgniter\Session\Handlers\FileHandler' driver.
INFO - 2024-06-17 16:06:23 --> Session: Class initialized using 'CodeIgniter\Session\Handlers\FileHandler' driver.
INFO - 2024-06-17 16:07:39 --> Session: Class initialized using 'CodeIgniter\Session\Handlers\FileHandler' driver.
INFO - 2024-06-17 16:07:42 --> Session: Class initialized using 'CodeIgniter\Session\Handlers\FileHandler' driver.
INFO - 2024-06-17 16:08:09 --> Session: Class initialized using 'CodeIgniter\Session\Handlers\FileHandler' driver.
INFO - 2024-06-17 16:08:12 --> Session: Class initialized using 'CodeIgniter\Session\Handlers\FileHandler' driver.
INFO - 2024-06-17 16:09:51 --> Session: Class initialized using 'CodeIgniter\Session\Handlers\FileHandler' driver.
INFO - 2024-06-17 16:10:42 --> Session: Class initialized using 'CodeIgniter\Session\Handlers\FileHandler' driver.
INFO - 2024-06-17 16:10:48 --> Session: Class initialized using 'CodeIgniter\Session\Handlers\FileHandler' driver.
INFO - 2024-06-17 16:11:10 --> Session: Class initialized using 'CodeIgniter\Session\Handlers\FileHandler' driver.
INFO - 2024-06-17 16:13:26 --> Session: Class initialized using 'CodeIgniter\Session\Handlers\FileHandler' driver.
INFO - 2024-06-17 16:15:22 --> Session: Class initialized using 'CodeIgniter\Session\Handlers\FileHandler' driver.
INFO - 2024-06-17 16:16:09 --> Session: Class initialized using 'CodeIgniter\Session\Handlers\FileHandler' driver.
INFO - 2024-06-17 16:16:15 --> Session: Class initialized using 'CodeIgniter\Session\Handlers\FileHandler' driver.
INFO - 2024-06-17 16:17:06 --> Session: Class initialized using 'CodeIgniter\Session\Handlers\FileHandler' driver.
INFO - 2024-06-17 16:18:33 --> Session: Class initialized using 'CodeIgniter\Session\Handlers\FileHandler' driver.
INFO - 2024-06-17 16:18:46 --> Session: Class initialized using 'CodeIgniter\Session\Handlers\FileHandler' driver.
INFO - 2024-06-17 16:19:27 --> Session: Class initialized using 'CodeIgniter\Session\Handlers\FileHandler' driver.
INFO - 2024-06-17 16:19:45 --> Session: Class initialized using 'CodeIgniter\Session\Handlers\FileHandler' driver.
INFO - 2024-06-17 16:20:49 --> Session: Class initialized using 'CodeIgniter\Session\Handlers\FileHandler' driver.
INFO - 2024-06-17 16:21:20 --> Session: Class initialized using 'CodeIgniter\Session\Handlers\FileHandler' driver.
INFO - 2024-06-17 16:21:26 --> Session: Class initialized using 'CodeIgniter\Session\Handlers\FileHandler' driver.
INFO - 2024-06-17 16:21:52 --> Session: Class initialized using 'CodeIgniter\Session\Handlers\FileHandler' driver.
INFO - 2024-06-17 16:21:57 --> Session: Class initialized using 'CodeIgniter\Session\Handlers\FileHandler' driver.
INFO - 2024-06-17 16:22:37 --> Session: Class initialized using 'CodeIgniter\Session\Handlers\FileHandler' driver.
INFO - 2024-06-17 16:23:05 --> Session: Class initialized using 'CodeIgniter\Session\Handlers\FileHandler' driver.
INFO - 2024-06-17 16:23:59 --> Session: Class initialized using 'CodeIgniter\Session\Handlers\FileHandler' driver.
INFO - 2024-06-17 16:24:03 --> Session: Class initialized using 'CodeIgniter\Session\Handlers\FileHandler' driver.
INFO - 2024-06-17 16:24:41 --> Session: Class initialized using 'CodeIgniter\Session\Handlers\FileHandler' driver.
INFO - 2024-06-17 16:25:05 --> Session: Class initialized using 'CodeIgniter\Session\Handlers\FileHandler' driver.
INFO - 2024-06-17 16:25:46 --> Session: Class initialized using 'CodeIgniter\Session\Handlers\FileHandler' driver.
INFO - 2024-06-17 16:26:22 --> Session: Class initialized using 'CodeIgniter\Session\Handlers\FileHandler' driver.
INFO - 2024-06-17 16:26:46 --> Session: Class initialized using 'CodeIgniter\Session\Handlers\FileHandler' driver.
INFO - 2024-06-17 16:27:22 --> Session: Class initialized using 'CodeIgniter\Session\Handlers\FileHandler' driver.
INFO - 2024-06-17 16:27:55 --> Session: Class initialized using 'CodeIgniter\Session\Handlers\FileHandler' driver.
INFO - 2024-06-17 16:28:44 --> Session: Class initialized using 'CodeIgniter\Session\Handlers\FileHandler' driver.
INFO - 2024-06-17 16:31:03 --> Session: Class initialized using 'CodeIgniter\Session\Handlers\FileHandler' driver.
INFO - 2024-06-17 16:31:30 --> Session: Class initialized using 'CodeIgniter\Session\Handlers\FileHandler' driver.
INFO - 2024-06-17 16:31:58 --> Session: Class initialized using 'CodeIgniter\Session\Handlers\FileHandler' driver.
INFO - 2024-06-17 16:32:02 --> Session: Class initialized using 'CodeIgniter\Session\Handlers\FileHandler' driver.
INFO - 2024-06-17 16:32:40 --> Session: Class initialized using 'CodeIgniter\Session\Handlers\FileHandler' driver.
INFO - 2024-06-17 16:32:49 --> Session: Class initialized using 'CodeIgniter\Session\Handlers\FileHandler' driver.
INFO - 2024-06-17 16:32:56 --> Session: Class initialized using 'CodeIgniter\Session\Handlers\FileHandler' driver.
INFO - 2024-06-17 16:33:02 --> Session: Class initialized using 'CodeIgniter\Session\Handlers\FileHandler' driver.
INFO - 2024-06-17 16:33:21 --> Session: Class initialized using 'CodeIgniter\Session\Handlers\FileHandler' driver.
INFO - 2024-06-17 16:34:39 --> Session: Class initialized using 'CodeIgniter\Session\Handlers\FileHandler' driver.
INFO - 2024-06-17 16:35:15 --> Session: Class initialized using 'CodeIgniter\Session\Handlers\FileHandler' driver.
INFO - 2024-06-17 16:35:21 --> Session: Class initialized using 'CodeIgniter\Session\Handlers\FileHandler' driver.
INFO - 2024-06-17 16:36:26 --> Session: Class initialized using 'CodeIgniter\Session\Handlers\FileHandler' driver.
INFO - 2024-06-17 16:36:43 --> Session: Class initialized using 'CodeIgniter\Session\Handlers\FileHandler' driver.
INFO - 2024-06-17 16:37:20 --> Session: Class initialized using 'CodeIgniter\Session\Handlers\FileHandler' driver.
