INFO - 2025-01-17 10:04:35 --> Session: Class initialized using 'CodeIgniter\Session\Handlers\FileHandler' driver.
INFO - 2025-01-17 10:06:45 --> Session: Class initialized using 'CodeIgniter\Session\Handlers\FileHandler' driver.
INFO - 2025-01-17 10:06:47 --> Session: Class initialized using 'CodeIgniter\Session\Handlers\FileHandler' driver.
INFO - 2025-01-17 10:06:47 --> Session: Class initialized using 'CodeIgniter\Session\Handlers\FileHandler' driver.
INFO - 2025-01-17 10:06:50 --> Session: Class initialized using 'CodeIgniter\Session\Handlers\FileHandler' driver.
INFO - 2025-01-17 10:06:51 --> Session: Class initialized using 'CodeIgniter\Session\Handlers\FileHandler' driver.
INFO - 2025-01-17 10:09:23 --> Session: Class initialized using 'CodeIgniter\Session\Handlers\FileHandler' driver.
INFO - 2025-01-17 10:09:31 --> Session: Class initialized using 'CodeIgniter\Session\Handlers\FileHandler' driver.
ERROR - 2025-01-17 10:09:31 --> mysqli_sql_exception: Unknown column 'i.id' in 'SELECT' in /home/u541614220/domains/avhadenterprises.com/public_html/admin/sportzsaga/system/Database/MySQLi/Connection.php:306
Stack trace:
#0 /home/u541614220/domains/avhadenterprises.com/public_html/admin/sportzsaga/system/Database/MySQLi/Connection.php(306): mysqli->query()
#1 /home/u541614220/domains/avhadenterprises.com/public_html/admin/sportzsaga/system/Database/BaseConnection.php(693): CodeIgniter\Database\MySQLi\Connection->execute()
#2 /home/u541614220/domains/avhadenterprises.com/public_html/admin/sportzsaga/system/Database/BaseConnection.php(607): CodeIgniter\Database\BaseConnection->simpleQuery()
#3 /home/u541614220/domains/avhadenterprises.com/public_html/admin/sportzsaga/system/Database/BaseBuilder.php(1616): CodeIgniter\Database\BaseConnection->query()
#4 /home/u541614220/domains/avhadenterprises.com/public_html/admin/sportzsaga/app/Controllers/InventoryController.php(179): CodeIgniter\Database\BaseBuilder->get()
#5 /home/u541614220/domains/avhadenterprises.com/public_html/admin/sportzsaga/system/CodeIgniter.php(943): App\Controllers\InventoryController->inventoryList()
#6 /home/u541614220/domains/avhadenterprises.com/public_html/admin/sportzsaga/system/CodeIgniter.php(503): CodeIgniter\CodeIgniter->runController()
#7 /home/u541614220/domains/avhadenterprises.com/public_html/admin/sportzsaga/system/CodeIgniter.php(361): CodeIgniter\CodeIgniter->handleRequest()
#8 /home/u541614220/domains/avhadenterprises.com/public_html/admin/sportzsaga/index.php(79): CodeIgniter\CodeIgniter->run()
#9 {main}
CRITICAL - 2025-01-17 10:09:31 --> CodeIgniter\Database\Exceptions\DatabaseException: Unknown column 'i.id' in 'SELECT'
in SYSTEMPATH/Database/BaseConnection.php on line 647.
 1 SYSTEMPATH/Database/BaseBuilder.php(1616): CodeIgniter\Database\BaseConnection->query()
 2 APPPATH/Controllers/InventoryController.php(179): CodeIgniter\Database\BaseBuilder->get()
 3 SYSTEMPATH/CodeIgniter.php(943): App\Controllers\InventoryController->inventoryList()
 4 SYSTEMPATH/CodeIgniter.php(503): CodeIgniter\CodeIgniter->runController()
 5 SYSTEMPATH/CodeIgniter.php(361): CodeIgniter\CodeIgniter->handleRequest()
 6 FCPATH/index.php(79): CodeIgniter\CodeIgniter->run()
CRITICAL - 2025-01-17 10:09:31 --> [Caused by] CodeIgniter\Database\Exceptions\DatabaseException: Unknown column 'i.id' in 'SELECT'
in SYSTEMPATH/Database/MySQLi/Connection.php on line 311.
 1 SYSTEMPATH/Database/BaseConnection.php(693): CodeIgniter\Database\MySQLi\Connection->execute()
 2 SYSTEMPATH/Database/BaseConnection.php(607): CodeIgniter\Database\BaseConnection->simpleQuery()
 3 SYSTEMPATH/Database/BaseBuilder.php(1616): CodeIgniter\Database\BaseConnection->query()
 4 APPPATH/Controllers/InventoryController.php(179): CodeIgniter\Database\BaseBuilder->get()
 5 SYSTEMPATH/CodeIgniter.php(943): App\Controllers\InventoryController->inventoryList()
 6 SYSTEMPATH/CodeIgniter.php(503): CodeIgniter\CodeIgniter->runController()
 7 SYSTEMPATH/CodeIgniter.php(361): CodeIgniter\CodeIgniter->handleRequest()
 8 FCPATH/index.php(79): CodeIgniter\CodeIgniter->run()
CRITICAL - 2025-01-17 10:09:31 --> [Caused by] mysqli_sql_exception: Unknown column 'i.id' in 'SELECT'
in SYSTEMPATH/Database/MySQLi/Connection.php on line 306.
 1 SYSTEMPATH/Database/MySQLi/Connection.php(306): mysqli->query()
 2 SYSTEMPATH/Database/BaseConnection.php(693): CodeIgniter\Database\MySQLi\Connection->execute()
 3 SYSTEMPATH/Database/BaseConnection.php(607): CodeIgniter\Database\BaseConnection->simpleQuery()
 4 SYSTEMPATH/Database/BaseBuilder.php(1616): CodeIgniter\Database\BaseConnection->query()
 5 APPPATH/Controllers/InventoryController.php(179): CodeIgniter\Database\BaseBuilder->get()
 6 SYSTEMPATH/CodeIgniter.php(943): App\Controllers\InventoryController->inventoryList()
 7 SYSTEMPATH/CodeIgniter.php(503): CodeIgniter\CodeIgniter->runController()
 8 SYSTEMPATH/CodeIgniter.php(361): CodeIgniter\CodeIgniter->handleRequest()
 9 FCPATH/index.php(79): CodeIgniter\CodeIgniter->run()
INFO - 2025-01-17 10:09:33 --> Session: Class initialized using 'CodeIgniter\Session\Handlers\FileHandler' driver.
INFO - 2025-01-17 10:10:42 --> Session: Class initialized using 'CodeIgniter\Session\Handlers\FileHandler' driver.
ERROR - 2025-01-17 10:10:42 --> mysqli_sql_exception: Unknown column 'i.id' in 'SELECT' in /home/u541614220/domains/avhadenterprises.com/public_html/admin/sportzsaga/system/Database/MySQLi/Connection.php:306
Stack trace:
#0 /home/u541614220/domains/avhadenterprises.com/public_html/admin/sportzsaga/system/Database/MySQLi/Connection.php(306): mysqli->query()
#1 /home/u541614220/domains/avhadenterprises.com/public_html/admin/sportzsaga/system/Database/BaseConnection.php(693): CodeIgniter\Database\MySQLi\Connection->execute()
#2 /home/u541614220/domains/avhadenterprises.com/public_html/admin/sportzsaga/system/Database/BaseConnection.php(607): CodeIgniter\Database\BaseConnection->simpleQuery()
#3 /home/u541614220/domains/avhadenterprises.com/public_html/admin/sportzsaga/system/Database/BaseBuilder.php(1616): CodeIgniter\Database\BaseConnection->query()
#4 /home/u541614220/domains/avhadenterprises.com/public_html/admin/sportzsaga/app/Controllers/InventoryController.php(179): CodeIgniter\Database\BaseBuilder->get()
#5 /home/u541614220/domains/avhadenterprises.com/public_html/admin/sportzsaga/system/CodeIgniter.php(943): App\Controllers\InventoryController->inventoryList()
#6 /home/u541614220/domains/avhadenterprises.com/public_html/admin/sportzsaga/system/CodeIgniter.php(503): CodeIgniter\CodeIgniter->runController()
#7 /home/u541614220/domains/avhadenterprises.com/public_html/admin/sportzsaga/system/CodeIgniter.php(361): CodeIgniter\CodeIgniter->handleRequest()
#8 /home/u541614220/domains/avhadenterprises.com/public_html/admin/sportzsaga/index.php(79): CodeIgniter\CodeIgniter->run()
#9 {main}
CRITICAL - 2025-01-17 10:10:42 --> CodeIgniter\Database\Exceptions\DatabaseException: Unknown column 'i.id' in 'SELECT'
in SYSTEMPATH/Database/BaseConnection.php on line 647.
 1 SYSTEMPATH/Database/BaseBuilder.php(1616): CodeIgniter\Database\BaseConnection->query()
 2 APPPATH/Controllers/InventoryController.php(179): CodeIgniter\Database\BaseBuilder->get()
 3 SYSTEMPATH/CodeIgniter.php(943): App\Controllers\InventoryController->inventoryList()
 4 SYSTEMPATH/CodeIgniter.php(503): CodeIgniter\CodeIgniter->runController()
 5 SYSTEMPATH/CodeIgniter.php(361): CodeIgniter\CodeIgniter->handleRequest()
 6 FCPATH/index.php(79): CodeIgniter\CodeIgniter->run()
CRITICAL - 2025-01-17 10:10:42 --> [Caused by] CodeIgniter\Database\Exceptions\DatabaseException: Unknown column 'i.id' in 'SELECT'
in SYSTEMPATH/Database/MySQLi/Connection.php on line 311.
 1 SYSTEMPATH/Database/BaseConnection.php(693): CodeIgniter\Database\MySQLi\Connection->execute()
 2 SYSTEMPATH/Database/BaseConnection.php(607): CodeIgniter\Database\BaseConnection->simpleQuery()
 3 SYSTEMPATH/Database/BaseBuilder.php(1616): CodeIgniter\Database\BaseConnection->query()
 4 APPPATH/Controllers/InventoryController.php(179): CodeIgniter\Database\BaseBuilder->get()
 5 SYSTEMPATH/CodeIgniter.php(943): App\Controllers\InventoryController->inventoryList()
 6 SYSTEMPATH/CodeIgniter.php(503): CodeIgniter\CodeIgniter->runController()
 7 SYSTEMPATH/CodeIgniter.php(361): CodeIgniter\CodeIgniter->handleRequest()
 8 FCPATH/index.php(79): CodeIgniter\CodeIgniter->run()
CRITICAL - 2025-01-17 10:10:42 --> [Caused by] mysqli_sql_exception: Unknown column 'i.id' in 'SELECT'
in SYSTEMPATH/Database/MySQLi/Connection.php on line 306.
 1 SYSTEMPATH/Database/MySQLi/Connection.php(306): mysqli->query()
 2 SYSTEMPATH/Database/BaseConnection.php(693): CodeIgniter\Database\MySQLi\Connection->execute()
 3 SYSTEMPATH/Database/BaseConnection.php(607): CodeIgniter\Database\BaseConnection->simpleQuery()
 4 SYSTEMPATH/Database/BaseBuilder.php(1616): CodeIgniter\Database\BaseConnection->query()
 5 APPPATH/Controllers/InventoryController.php(179): CodeIgniter\Database\BaseBuilder->get()
 6 SYSTEMPATH/CodeIgniter.php(943): App\Controllers\InventoryController->inventoryList()
 7 SYSTEMPATH/CodeIgniter.php(503): CodeIgniter\CodeIgniter->runController()
 8 SYSTEMPATH/CodeIgniter.php(361): CodeIgniter\CodeIgniter->handleRequest()
 9 FCPATH/index.php(79): CodeIgniter\CodeIgniter->run()
INFO - 2025-01-17 10:10:49 --> Session: Class initialized using 'CodeIgniter\Session\Handlers\FileHandler' driver.
INFO - 2025-01-17 14:44:44 --> Session: Class initialized using 'CodeIgniter\Session\Handlers\FileHandler' driver.
INFO - 2025-01-17 19:02:17 --> Session: Class initialized using 'CodeIgniter\Session\Handlers\FileHandler' driver.
