INFO - 2025-01-13 10:52:41 --> Session: Class initialized using 'CodeIgniter\Session\Handlers\FileHandler' driver.
INFO - 2025-01-13 10:52:41 --> Session: Class initialized using 'CodeIgniter\Session\Handlers\FileHandler' driver.
INFO - 2025-01-13 10:52:51 --> Session: Class initialized using 'CodeIgniter\Session\Handlers\FileHandler' driver.
INFO - 2025-01-13 10:53:00 --> Session: Class initialized using 'CodeIgniter\Session\Handlers\FileHandler' driver.
INFO - 2025-01-13 10:53:01 --> Session: Class initialized using 'CodeIgniter\Session\Handlers\FileHandler' driver.
INFO - 2025-01-13 10:53:10 --> Session: Class initialized using 'CodeIgniter\Session\Handlers\FileHandler' driver.
INFO - 2025-01-13 10:53:10 --> Starting fetchEmails method
INFO - 2025-01-13 10:53:10 --> Starting email processing
INFO - 2025-01-13 10:53:12 --> Email processing completed. Processed 0 new emails
INFO - 2025-01-13 10:53:12 --> Fetching email threads
INFO - 2025-01-13 10:53:12 --> Found 6 root emails
INFO - 2025-01-13 10:53:12 --> Processed 6 email threads
INFO - 2025-01-13 10:53:12 --> Retrieved 6 email threads
INFO - 2025-01-13 10:58:13 --> Session: Class initialized using 'CodeIgniter\Session\Handlers\FileHandler' driver.
INFO - 2025-01-13 10:58:13 --> Starting email processing
INFO - 2025-01-13 10:58:14 --> Email processing completed. Processed 0 new emails
INFO - 2025-01-13 11:03:13 --> Session: Class initialized using 'CodeIgniter\Session\Handlers\FileHandler' driver.
INFO - 2025-01-13 11:03:13 --> Starting email processing
INFO - 2025-01-13 11:03:14 --> Email processing completed. Processed 0 new emails
INFO - 2025-01-13 11:05:27 --> Session: Class initialized using 'CodeIgniter\Session\Handlers\FileHandler' driver.
INFO - 2025-01-13 11:05:27 --> Starting fetchEmails method
INFO - 2025-01-13 11:05:27 --> Starting email processing
INFO - 2025-01-13 11:05:28 --> Email processing completed. Processed 0 new emails
INFO - 2025-01-13 11:05:28 --> Fetching email threads
INFO - 2025-01-13 11:05:28 --> Found 6 root emails
INFO - 2025-01-13 11:05:28 --> Processed 6 email threads
INFO - 2025-01-13 11:05:28 --> Retrieved 6 email threads
INFO - 2025-01-13 11:05:33 --> Session: Class initialized using 'CodeIgniter\Session\Handlers\FileHandler' driver.
INFO - 2025-01-13 11:05:36 --> Session: Class initialized using 'CodeIgniter\Session\Handlers\FileHandler' driver.
INFO - 2025-01-13 11:05:42 --> Session: Class initialized using 'CodeIgniter\Session\Handlers\FileHandler' driver.
INFO - 2025-01-13 11:05:46 --> Session: Class initialized using 'CodeIgniter\Session\Handlers\FileHandler' driver.
INFO - 2025-01-13 11:05:49 --> Session: Class initialized using 'CodeIgniter\Session\Handlers\FileHandler' driver.
INFO - 2025-01-13 11:05:55 --> Session: Class initialized using 'CodeIgniter\Session\Handlers\FileHandler' driver.
INFO - 2025-01-13 11:05:56 --> Session: Class initialized using 'CodeIgniter\Session\Handlers\FileHandler' driver.
INFO - 2025-01-13 11:06:18 --> Session: Class initialized using 'CodeIgniter\Session\Handlers\FileHandler' driver.
INFO - 2025-01-13 16:19:02 --> Session: Class initialized using 'CodeIgniter\Session\Handlers\FileHandler' driver.
INFO - 2025-01-13 16:19:02 --> Starting to fetch complete email thread for message number: 1
INFO - 2025-01-13 16:19:02 --> Fetching complete thread for message: 1
INFO - 2025-01-13 16:19:02 --> Found 2 messages in thread
INFO - 2025-01-13 16:19:02 --> Found 2 messages in complete thread
INFO - 2025-01-13 16:19:08 --> Email thread processing completed successfully
INFO - 2025-01-13 16:19:08 --> Session: Class initialized using 'CodeIgniter\Session\Handlers\FileHandler' driver.
INFO - 2025-01-13 16:19:08 --> Successfully fetched macros for tags: 
INFO - 2025-01-13 16:19:08 --> Session: Class initialized using 'CodeIgniter\Session\Handlers\FileHandler' driver.
INFO - 2025-01-13 16:19:08 --> Successfully fetched agents list
INFO - 2025-01-13 16:19:08 --> Session: Class initialized using 'CodeIgniter\Session\Handlers\FileHandler' driver.
INFO - 2025-01-13 16:19:08 --> Fetching CS tags
INFO - 2025-01-13 16:23:02 --> Session: Class initialized using 'CodeIgniter\Session\Handlers\FileHandler' driver.
INFO - 2025-01-13 16:23:02 --> Session: Class initialized using 'CodeIgniter\Session\Handlers\FileHandler' driver.
INFO - 2025-01-13 16:23:06 --> Session: Class initialized using 'CodeIgniter\Session\Handlers\FileHandler' driver.
INFO - 2025-01-13 16:23:09 --> Session: Class initialized using 'CodeIgniter\Session\Handlers\FileHandler' driver.
INFO - 2025-01-13 16:23:09 --> Entering BlueDart management method
INFO - 2025-01-13 16:23:09 --> Fetched all pending shipments
INFO - 2025-01-13 16:23:09 --> Fetched BlueDart orders: 6
INFO - 2025-01-13 16:23:09 --> Rendering BlueDart view
CRITICAL - 2025-01-13 16:23:09 --> CodeIgniter\HTTP\Exceptions\BadRequestException: The URI you submitted has disallowed characters: "shoe-1 (2).webp"
in SYSTEMPATH/Router/Router.php on line 704.
 1 SYSTEMPATH/Router/Router.php(195): CodeIgniter\Router\Router->checkDisallowedChars()
 2 SYSTEMPATH/CodeIgniter.php(825): CodeIgniter\Router\Router->handle()
 3 SYSTEMPATH/CodeIgniter.php(450): CodeIgniter\CodeIgniter->tryToRouteIt()
 4 SYSTEMPATH/CodeIgniter.php(361): CodeIgniter\CodeIgniter->handleRequest()
 5 FCPATH/index.php(79): CodeIgniter\CodeIgniter->run()
INFO - 2025-01-13 16:23:10 --> Session: Class initialized using 'CodeIgniter\Session\Handlers\FileHandler' driver.
INFO - 2025-01-13 16:23:13 --> Session: Class initialized using 'CodeIgniter\Session\Handlers\FileHandler' driver.
INFO - 2025-01-13 16:23:15 --> Session: Class initialized using 'CodeIgniter\Session\Handlers\FileHandler' driver.
INFO - 2025-01-13 16:23:18 --> Session: Class initialized using 'CodeIgniter\Session\Handlers\FileHandler' driver.
INFO - 2025-01-13 16:23:21 --> Session: Class initialized using 'CodeIgniter\Session\Handlers\FileHandler' driver.
INFO - 2025-01-13 16:23:23 --> Session: Class initialized using 'CodeIgniter\Session\Handlers\FileHandler' driver.
INFO - 2025-01-13 16:23:24 --> Session: Class initialized using 'CodeIgniter\Session\Handlers\FileHandler' driver.
INFO - 2025-01-13 16:23:29 --> Session: Class initialized using 'CodeIgniter\Session\Handlers\FileHandler' driver.
INFO - 2025-01-13 16:29:22 --> Session: Class initialized using 'CodeIgniter\Session\Handlers\FileHandler' driver.
INFO - 2025-01-13 16:29:22 --> Starting fetchEmails method
INFO - 2025-01-13 16:29:22 --> Starting email processing
INFO - 2025-01-13 16:29:23 --> Email processing completed. Processed 0 new emails
INFO - 2025-01-13 16:29:23 --> Fetching email threads
INFO - 2025-01-13 16:29:23 --> Found 6 root emails
INFO - 2025-01-13 16:29:23 --> Processed 6 email threads
INFO - 2025-01-13 16:29:23 --> Retrieved 6 email threads
INFO - 2025-01-13 16:31:03 --> Session: Class initialized using 'CodeIgniter\Session\Handlers\FileHandler' driver.
