CRITICAL - 2024-07-14 04:42:17 --> CodeIgniter\Database\Exceptions\DataException: There is no data to insert.
in SYSTEMPATH/BaseModel.php on line 788.
 1 SYSTEMPATH/BaseModel.php(788): CodeIgniter\Database\Exceptions\DataException::forEmptyDataset()
 2 SYSTEMPATH/Model.php(749): CodeIgniter\BaseModel->insert()
 3 APPPATH/Models/Registerusers_model.php(31): CodeIgniter\Model->insert()
 4 APPPATH/Controllers/Home.php(105): App\Models\Registerusers_model->getsubscribe()
 5 SYSTEMPATH/CodeIgniter.php(943): App\Controllers\Home->subscribe()
 6 SYSTEMPATH/CodeIgniter.php(503): CodeIgniter\CodeIgniter->runController()
 7 SYSTEMPATH/CodeIgniter.php(361): CodeIgniter\CodeIgniter->handleRequest()
 8 FCPATH/index.php(79): CodeIgniter\CodeIgniter->run()
CRITICAL - 2024-07-14 04:47:48 --> CodeIgniter\Database\Exceptions\DataException: There is no data to insert.
in SYSTEMPATH/BaseModel.php on line 788.
 1 SYSTEMPATH/BaseModel.php(788): CodeIgniter\Database\Exceptions\DataException::forEmptyDataset()
 2 SYSTEMPATH/Model.php(749): CodeIgniter\BaseModel->insert()
 3 APPPATH/Models/Registerusers_model.php(31): CodeIgniter\Model->insert()
 4 APPPATH/Controllers/Home.php(105): App\Models\Registerusers_model->getsubscribe()
 5 SYSTEMPATH/CodeIgniter.php(943): App\Controllers\Home->subscribe()
 6 SYSTEMPATH/CodeIgniter.php(503): CodeIgniter\CodeIgniter->runController()
 7 SYSTEMPATH/CodeIgniter.php(361): CodeIgniter\CodeIgniter->handleRequest()
 8 FCPATH/index.php(79): CodeIgniter\CodeIgniter->run()
CRITICAL - 2024-07-14 05:32:08 --> CodeIgniter\Database\Exceptions\DataException: There is no data to insert.
in SYSTEMPATH/BaseModel.php on line 788.
 1 SYSTEMPATH/BaseModel.php(788): CodeIgniter\Database\Exceptions\DataException::forEmptyDataset()
 2 SYSTEMPATH/Model.php(749): CodeIgniter\BaseModel->insert()
 3 APPPATH/Models/Registerusers_model.php(31): CodeIgniter\Model->insert()
 4 APPPATH/Controllers/Home.php(105): App\Models\Registerusers_model->getsubscribe()
 5 SYSTEMPATH/CodeIgniter.php(943): App\Controllers\Home->subscribe()
 6 SYSTEMPATH/CodeIgniter.php(503): CodeIgniter\CodeIgniter->runController()
 7 SYSTEMPATH/CodeIgniter.php(361): CodeIgniter\CodeIgniter->handleRequest()
 8 FCPATH/index.php(79): CodeIgniter\CodeIgniter->run()
CRITICAL - 2024-07-14 05:42:03 --> CodeIgniter\Database\Exceptions\DataException: There is no data to insert.
in SYSTEMPATH/BaseModel.php on line 788.
 1 SYSTEMPATH/BaseModel.php(788): CodeIgniter\Database\Exceptions\DataException::forEmptyDataset()
 2 SYSTEMPATH/Model.php(749): CodeIgniter\BaseModel->insert()
 3 APPPATH/Models/Registerusers_model.php(31): CodeIgniter\Model->insert()
 4 APPPATH/Controllers/Home.php(108): App\Models\Registerusers_model->getsubscribe()
 5 SYSTEMPATH/CodeIgniter.php(943): App\Controllers\Home->subscribe()
 6 SYSTEMPATH/CodeIgniter.php(503): CodeIgniter\CodeIgniter->runController()
 7 SYSTEMPATH/CodeIgniter.php(361): CodeIgniter\CodeIgniter->handleRequest()
 8 FCPATH/index.php(79): CodeIgniter\CodeIgniter->run()
CRITICAL - 2024-07-14 05:45:49 --> ErrorException: Undefined variable $menuLinks
in APPPATH/Views/category.php on line 12.
 1 APPPATH/Views/category.php(12): CodeIgniter\Debug\Exceptions->errorHandler()
 2 SYSTEMPATH/View/View.php(228): include('/home/seotools/newdriphunter_depoly/app/Views/category.php')
 3 SYSTEMPATH/View/View.php(231): CodeIgniter\View\View->CodeIgniter\View\{closure}()
 4 SYSTEMPATH/View/View.php(469): CodeIgniter\View\View->render()
 5 APPPATH/Views/index.php(20): CodeIgniter\View\View->include()
 6 SYSTEMPATH/View/View.php(228): include('/home/seotools/newdriphunter_depoly/app/Views/index.php')
 7 SYSTEMPATH/View/View.php(231): CodeIgniter\View\View->CodeIgniter\View\{closure}()
 8 SYSTEMPATH/Common.php(1178): CodeIgniter\View\View->render()
 9 APPPATH/Controllers/Home.php(111): view()
10 SYSTEMPATH/CodeIgniter.php(943): App\Controllers\Home->subscribe()
11 SYSTEMPATH/CodeIgniter.php(503): CodeIgniter\CodeIgniter->runController()
12 SYSTEMPATH/CodeIgniter.php(361): CodeIgniter\CodeIgniter->handleRequest()
13 FCPATH/index.php(79): CodeIgniter\CodeIgniter->run()
