INFO - 2025-02-26 09:52:27 --> Session: Class initialized using 'CodeIgniter\Session\Handlers\FileHandler' driver.
INFO - 2025-02-26 09:52:27 --> Session: Class initialized using 'CodeIgniter\Session\Handlers\FileHandler' driver.
INFO - 2025-02-26 09:53:00 --> Session: Class initialized using 'CodeIgniter\Session\Handlers\FileHandler' driver.
WARNING - 2025-02-26 09:53:00 --> [DEPRECATED] Creation of dynamic property App\Controllers\Customerservice::$replyModel is deprecated in APPPATH\Controllers\Customerservice.php on line 22.
 1 SYSTEMPATH\CodeIgniter.php(915): App\Controllers\Customerservice->__construct()
 2 SYSTEMPATH\CodeIgniter.php(494): CodeIgniter\CodeIgniter->createController()
 3 SYSTEMPATH\CodeIgniter.php(361): CodeIgniter\CodeIgniter->handleRequest(null, Object(Config\Cache), false)
 4 FCPATH\index.php(79): CodeIgniter\CodeIgniter->run()
INFO - 2025-02-26 09:53:00 --> Starting fetchEmails method
INFO - 2025-02-26 09:53:00 --> Starting email processing
INFO - 2025-02-26 09:53:02 --> Email processing completed. Processed 0 new emails
INFO - 2025-02-26 09:53:02 --> Fetching email threads
INFO - 2025-02-26 09:53:02 --> Found 8 root emails
INFO - 2025-02-26 09:53:02 --> Retrieved 8 email threads
INFO - 2025-02-26 09:53:02 --> Session: Class initialized using 'CodeIgniter\Session\Handlers\FileHandler' driver.
INFO - 2025-02-26 09:53:02 --> Starting tracking details update process
INFO - 2025-02-26 09:53:02 --> No active BlueDart shipments found for tracking updates.
INFO - 2025-02-26 09:53:30 --> Session: Class initialized using 'CodeIgniter\Session\Handlers\FileHandler' driver.
WARNING - 2025-02-26 09:53:30 --> [DEPRECATED] Creation of dynamic property App\Controllers\Customerservice::$replyModel is deprecated in APPPATH\Controllers\Customerservice.php on line 22.
 1 SYSTEMPATH\CodeIgniter.php(915): App\Controllers\Customerservice->__construct()
 2 SYSTEMPATH\CodeIgniter.php(494): CodeIgniter\CodeIgniter->createController()
 3 SYSTEMPATH\CodeIgniter.php(361): CodeIgniter\CodeIgniter->handleRequest(null, Object(Config\Cache), false)
 4 FCPATH\index.php(79): CodeIgniter\CodeIgniter->run()
INFO - 2025-02-26 09:53:30 --> Starting fetchEmails method
INFO - 2025-02-26 09:53:30 --> Starting email processing
INFO - 2025-02-26 09:53:31 --> Email processing completed. Processed 0 new emails
INFO - 2025-02-26 09:53:31 --> Fetching email threads
INFO - 2025-02-26 09:53:31 --> Found 8 root emails
INFO - 2025-02-26 09:53:31 --> Retrieved 8 email threads
INFO - 2025-02-26 09:53:31 --> Session: Class initialized using 'CodeIgniter\Session\Handlers\FileHandler' driver.
INFO - 2025-02-26 09:53:31 --> Starting tracking details update process
INFO - 2025-02-26 09:53:31 --> No active BlueDart shipments found for tracking updates.
INFO - 2025-02-26 09:53:42 --> Session: Class initialized using 'CodeIgniter\Session\Handlers\FileHandler' driver.
INFO - 2025-02-26 09:53:46 --> Session: Class initialized using 'CodeIgniter\Session\Handlers\FileHandler' driver.
INFO - 2025-02-26 09:54:18 --> Session: Class initialized using 'CodeIgniter\Session\Handlers\FileHandler' driver.
WARNING - 2025-02-26 09:54:18 --> [DEPRECATED] Creation of dynamic property App\Controllers\Customerservice::$replyModel is deprecated in APPPATH\Controllers\Customerservice.php on line 22.
 1 SYSTEMPATH\CodeIgniter.php(915): App\Controllers\Customerservice->__construct()
 2 SYSTEMPATH\CodeIgniter.php(494): CodeIgniter\CodeIgniter->createController()
 3 SYSTEMPATH\CodeIgniter.php(361): CodeIgniter\CodeIgniter->handleRequest(null, Object(Config\Cache), false)
 4 FCPATH\index.php(79): CodeIgniter\CodeIgniter->run()
INFO - 2025-02-26 09:54:18 --> Starting fetchEmails method
INFO - 2025-02-26 09:54:18 --> Starting email processing
INFO - 2025-02-26 09:54:19 --> Email processing completed. Processed 0 new emails
INFO - 2025-02-26 09:54:19 --> Fetching email threads
INFO - 2025-02-26 09:54:19 --> Found 8 root emails
INFO - 2025-02-26 09:54:19 --> Retrieved 8 email threads
INFO - 2025-02-26 09:54:19 --> Session: Class initialized using 'CodeIgniter\Session\Handlers\FileHandler' driver.
INFO - 2025-02-26 09:54:19 --> Starting tracking details update process
INFO - 2025-02-26 09:54:19 --> No active BlueDart shipments found for tracking updates.
INFO - 2025-02-26 09:54:25 --> Session: Class initialized using 'CodeIgniter\Session\Handlers\FileHandler' driver.
INFO - 2025-02-26 09:54:57 --> Session: Class initialized using 'CodeIgniter\Session\Handlers\FileHandler' driver.
INFO - 2025-02-26 09:54:57 --> Starting tracking details update process
INFO - 2025-02-26 09:54:57 --> No active BlueDart shipments found for tracking updates.
INFO - 2025-02-26 09:54:57 --> Session: Class initialized using 'CodeIgniter\Session\Handlers\FileHandler' driver.
WARNING - 2025-02-26 09:54:57 --> [DEPRECATED] Creation of dynamic property App\Controllers\Customerservice::$replyModel is deprecated in APPPATH\Controllers\Customerservice.php on line 22.
 1 SYSTEMPATH\CodeIgniter.php(915): App\Controllers\Customerservice->__construct()
 2 SYSTEMPATH\CodeIgniter.php(494): CodeIgniter\CodeIgniter->createController()
 3 SYSTEMPATH\CodeIgniter.php(361): CodeIgniter\CodeIgniter->handleRequest(null, Object(Config\Cache), false)
 4 FCPATH\index.php(79): CodeIgniter\CodeIgniter->run()
INFO - 2025-02-26 09:54:57 --> Starting fetchEmails method
INFO - 2025-02-26 09:54:57 --> Starting email processing
INFO - 2025-02-26 09:54:58 --> Email processing completed. Processed 0 new emails
INFO - 2025-02-26 09:54:58 --> Fetching email threads
INFO - 2025-02-26 09:54:58 --> Found 8 root emails
INFO - 2025-02-26 09:54:58 --> Retrieved 8 email threads
INFO - 2025-02-26 09:55:27 --> Session: Class initialized using 'CodeIgniter\Session\Handlers\FileHandler' driver.
WARNING - 2025-02-26 09:55:27 --> [DEPRECATED] Creation of dynamic property App\Controllers\Customerservice::$replyModel is deprecated in APPPATH\Controllers\Customerservice.php on line 22.
 1 SYSTEMPATH\CodeIgniter.php(915): App\Controllers\Customerservice->__construct()
 2 SYSTEMPATH\CodeIgniter.php(494): CodeIgniter\CodeIgniter->createController()
 3 SYSTEMPATH\CodeIgniter.php(361): CodeIgniter\CodeIgniter->handleRequest(null, Object(Config\Cache), false)
 4 FCPATH\index.php(79): CodeIgniter\CodeIgniter->run()
INFO - 2025-02-26 09:55:27 --> Starting fetchEmails method
INFO - 2025-02-26 09:55:27 --> Starting email processing
INFO - 2025-02-26 09:55:28 --> Email processing completed. Processed 0 new emails
INFO - 2025-02-26 09:55:28 --> Fetching email threads
INFO - 2025-02-26 09:55:28 --> Found 8 root emails
INFO - 2025-02-26 09:55:28 --> Retrieved 8 email threads
INFO - 2025-02-26 09:55:28 --> Session: Class initialized using 'CodeIgniter\Session\Handlers\FileHandler' driver.
INFO - 2025-02-26 09:55:28 --> Starting tracking details update process
INFO - 2025-02-26 09:55:28 --> No active BlueDart shipments found for tracking updates.
INFO - 2025-02-26 09:55:56 --> Session: Class initialized using 'CodeIgniter\Session\Handlers\FileHandler' driver.
WARNING - 2025-02-26 09:55:56 --> [DEPRECATED] Creation of dynamic property App\Controllers\Customerservice::$replyModel is deprecated in APPPATH\Controllers\Customerservice.php on line 22.
 1 SYSTEMPATH\CodeIgniter.php(915): App\Controllers\Customerservice->__construct()
 2 SYSTEMPATH\CodeIgniter.php(494): CodeIgniter\CodeIgniter->createController()
 3 SYSTEMPATH\CodeIgniter.php(361): CodeIgniter\CodeIgniter->handleRequest(null, Object(Config\Cache), false)
 4 FCPATH\index.php(79): CodeIgniter\CodeIgniter->run()
INFO - 2025-02-26 09:55:56 --> Starting fetchEmails method
INFO - 2025-02-26 09:55:56 --> Starting email processing
INFO - 2025-02-26 09:55:57 --> Email processing completed. Processed 0 new emails
INFO - 2025-02-26 09:55:57 --> Fetching email threads
INFO - 2025-02-26 09:55:57 --> Found 8 root emails
INFO - 2025-02-26 09:55:57 --> Retrieved 8 email threads
INFO - 2025-02-26 09:55:57 --> Session: Class initialized using 'CodeIgniter\Session\Handlers\FileHandler' driver.
INFO - 2025-02-26 09:55:57 --> Starting tracking details update process
INFO - 2025-02-26 09:55:57 --> No active BlueDart shipments found for tracking updates.
INFO - 2025-02-26 09:56:27 --> Session: Class initialized using 'CodeIgniter\Session\Handlers\FileHandler' driver.
WARNING - 2025-02-26 09:56:27 --> [DEPRECATED] Creation of dynamic property App\Controllers\Customerservice::$replyModel is deprecated in APPPATH\Controllers\Customerservice.php on line 22.
 1 SYSTEMPATH\CodeIgniter.php(915): App\Controllers\Customerservice->__construct()
 2 SYSTEMPATH\CodeIgniter.php(494): CodeIgniter\CodeIgniter->createController()
 3 SYSTEMPATH\CodeIgniter.php(361): CodeIgniter\CodeIgniter->handleRequest(null, Object(Config\Cache), false)
 4 FCPATH\index.php(79): CodeIgniter\CodeIgniter->run()
INFO - 2025-02-26 09:56:27 --> Starting fetchEmails method
INFO - 2025-02-26 09:56:27 --> Starting email processing
INFO - 2025-02-26 09:56:28 --> Email processing completed. Processed 0 new emails
INFO - 2025-02-26 09:56:28 --> Fetching email threads
INFO - 2025-02-26 09:56:28 --> Found 8 root emails
INFO - 2025-02-26 09:56:28 --> Retrieved 8 email threads
INFO - 2025-02-26 09:56:28 --> Session: Class initialized using 'CodeIgniter\Session\Handlers\FileHandler' driver.
INFO - 2025-02-26 09:56:28 --> Starting tracking details update process
INFO - 2025-02-26 09:56:28 --> No active BlueDart shipments found for tracking updates.
INFO - 2025-02-26 09:56:57 --> Session: Class initialized using 'CodeIgniter\Session\Handlers\FileHandler' driver.
WARNING - 2025-02-26 09:56:57 --> [DEPRECATED] Creation of dynamic property App\Controllers\Customerservice::$replyModel is deprecated in APPPATH\Controllers\Customerservice.php on line 22.
 1 SYSTEMPATH\CodeIgniter.php(915): App\Controllers\Customerservice->__construct()
 2 SYSTEMPATH\CodeIgniter.php(494): CodeIgniter\CodeIgniter->createController()
 3 SYSTEMPATH\CodeIgniter.php(361): CodeIgniter\CodeIgniter->handleRequest(null, Object(Config\Cache), false)
 4 FCPATH\index.php(79): CodeIgniter\CodeIgniter->run()
INFO - 2025-02-26 09:56:57 --> Starting fetchEmails method
INFO - 2025-02-26 09:56:57 --> Starting email processing
INFO - 2025-02-26 09:56:58 --> Email processing completed. Processed 0 new emails
INFO - 2025-02-26 09:56:58 --> Fetching email threads
INFO - 2025-02-26 09:56:58 --> Found 8 root emails
INFO - 2025-02-26 09:56:58 --> Retrieved 8 email threads
INFO - 2025-02-26 09:56:58 --> Session: Class initialized using 'CodeIgniter\Session\Handlers\FileHandler' driver.
INFO - 2025-02-26 09:56:58 --> Starting tracking details update process
INFO - 2025-02-26 09:56:58 --> No active BlueDart shipments found for tracking updates.
INFO - 2025-02-26 09:57:26 --> Session: Class initialized using 'CodeIgniter\Session\Handlers\FileHandler' driver.
WARNING - 2025-02-26 09:57:26 --> [DEPRECATED] Creation of dynamic property App\Controllers\Customerservice::$replyModel is deprecated in APPPATH\Controllers\Customerservice.php on line 22.
 1 SYSTEMPATH\CodeIgniter.php(915): App\Controllers\Customerservice->__construct()
 2 SYSTEMPATH\CodeIgniter.php(494): CodeIgniter\CodeIgniter->createController()
 3 SYSTEMPATH\CodeIgniter.php(361): CodeIgniter\CodeIgniter->handleRequest(null, Object(Config\Cache), false)
 4 FCPATH\index.php(79): CodeIgniter\CodeIgniter->run()
INFO - 2025-02-26 09:57:26 --> Starting fetchEmails method
INFO - 2025-02-26 09:57:26 --> Starting email processing
INFO - 2025-02-26 09:57:28 --> Email processing completed. Processed 0 new emails
INFO - 2025-02-26 09:57:28 --> Fetching email threads
INFO - 2025-02-26 09:57:28 --> Found 8 root emails
INFO - 2025-02-26 09:57:28 --> Retrieved 8 email threads
INFO - 2025-02-26 09:57:28 --> Session: Class initialized using 'CodeIgniter\Session\Handlers\FileHandler' driver.
INFO - 2025-02-26 09:57:28 --> Starting tracking details update process
INFO - 2025-02-26 09:57:28 --> No active BlueDart shipments found for tracking updates.
INFO - 2025-02-26 09:57:56 --> Session: Class initialized using 'CodeIgniter\Session\Handlers\FileHandler' driver.
WARNING - 2025-02-26 09:57:56 --> [DEPRECATED] Creation of dynamic property App\Controllers\Customerservice::$replyModel is deprecated in APPPATH\Controllers\Customerservice.php on line 22.
 1 SYSTEMPATH\CodeIgniter.php(915): App\Controllers\Customerservice->__construct()
 2 SYSTEMPATH\CodeIgniter.php(494): CodeIgniter\CodeIgniter->createController()
 3 SYSTEMPATH\CodeIgniter.php(361): CodeIgniter\CodeIgniter->handleRequest(null, Object(Config\Cache), false)
 4 FCPATH\index.php(79): CodeIgniter\CodeIgniter->run()
INFO - 2025-02-26 09:57:56 --> Starting fetchEmails method
INFO - 2025-02-26 09:57:56 --> Starting email processing
INFO - 2025-02-26 09:57:57 --> Email processing completed. Processed 0 new emails
INFO - 2025-02-26 09:57:57 --> Fetching email threads
INFO - 2025-02-26 09:57:57 --> Found 8 root emails
INFO - 2025-02-26 09:57:57 --> Retrieved 8 email threads
INFO - 2025-02-26 09:57:57 --> Session: Class initialized using 'CodeIgniter\Session\Handlers\FileHandler' driver.
INFO - 2025-02-26 09:57:57 --> Starting tracking details update process
INFO - 2025-02-26 09:57:57 --> No active BlueDart shipments found for tracking updates.
INFO - 2025-02-26 09:58:27 --> Session: Class initialized using 'CodeIgniter\Session\Handlers\FileHandler' driver.
INFO - 2025-02-26 09:58:27 --> Starting tracking details update process
INFO - 2025-02-26 09:58:27 --> No active BlueDart shipments found for tracking updates.
INFO - 2025-02-26 09:58:27 --> Session: Class initialized using 'CodeIgniter\Session\Handlers\FileHandler' driver.
WARNING - 2025-02-26 09:58:27 --> [DEPRECATED] Creation of dynamic property App\Controllers\Customerservice::$replyModel is deprecated in APPPATH\Controllers\Customerservice.php on line 22.
 1 SYSTEMPATH\CodeIgniter.php(915): App\Controllers\Customerservice->__construct()
 2 SYSTEMPATH\CodeIgniter.php(494): CodeIgniter\CodeIgniter->createController()
 3 SYSTEMPATH\CodeIgniter.php(361): CodeIgniter\CodeIgniter->handleRequest(null, Object(Config\Cache), false)
 4 FCPATH\index.php(79): CodeIgniter\CodeIgniter->run()
INFO - 2025-02-26 09:58:27 --> Starting fetchEmails method
INFO - 2025-02-26 09:58:27 --> Starting email processing
INFO - 2025-02-26 09:58:29 --> Email processing completed. Processed 0 new emails
INFO - 2025-02-26 09:58:29 --> Fetching email threads
INFO - 2025-02-26 09:58:29 --> Found 8 root emails
INFO - 2025-02-26 09:58:29 --> Retrieved 8 email threads
INFO - 2025-02-26 09:58:57 --> Session: Class initialized using 'CodeIgniter\Session\Handlers\FileHandler' driver.
INFO - 2025-02-26 09:58:57 --> Starting tracking details update process
INFO - 2025-02-26 09:58:57 --> No active BlueDart shipments found for tracking updates.
INFO - 2025-02-26 09:58:57 --> Session: Class initialized using 'CodeIgniter\Session\Handlers\FileHandler' driver.
WARNING - 2025-02-26 09:58:57 --> [DEPRECATED] Creation of dynamic property App\Controllers\Customerservice::$replyModel is deprecated in APPPATH\Controllers\Customerservice.php on line 22.
 1 SYSTEMPATH\CodeIgniter.php(915): App\Controllers\Customerservice->__construct()
 2 SYSTEMPATH\CodeIgniter.php(494): CodeIgniter\CodeIgniter->createController()
 3 SYSTEMPATH\CodeIgniter.php(361): CodeIgniter\CodeIgniter->handleRequest(null, Object(Config\Cache), false)
 4 FCPATH\index.php(79): CodeIgniter\CodeIgniter->run()
INFO - 2025-02-26 09:58:57 --> Starting fetchEmails method
INFO - 2025-02-26 09:58:57 --> Starting email processing
INFO - 2025-02-26 09:58:58 --> Email processing completed. Processed 0 new emails
INFO - 2025-02-26 09:58:58 --> Fetching email threads
INFO - 2025-02-26 09:58:58 --> Found 8 root emails
INFO - 2025-02-26 09:58:58 --> Retrieved 8 email threads
INFO - 2025-02-26 09:59:27 --> Session: Class initialized using 'CodeIgniter\Session\Handlers\FileHandler' driver.
INFO - 2025-02-26 09:59:27 --> Starting tracking details update process
INFO - 2025-02-26 09:59:27 --> No active BlueDart shipments found for tracking updates.
INFO - 2025-02-26 09:59:27 --> Session: Class initialized using 'CodeIgniter\Session\Handlers\FileHandler' driver.
WARNING - 2025-02-26 09:59:27 --> [DEPRECATED] Creation of dynamic property App\Controllers\Customerservice::$replyModel is deprecated in APPPATH\Controllers\Customerservice.php on line 22.
 1 SYSTEMPATH\CodeIgniter.php(915): App\Controllers\Customerservice->__construct()
 2 SYSTEMPATH\CodeIgniter.php(494): CodeIgniter\CodeIgniter->createController()
 3 SYSTEMPATH\CodeIgniter.php(361): CodeIgniter\CodeIgniter->handleRequest(null, Object(Config\Cache), false)
 4 FCPATH\index.php(79): CodeIgniter\CodeIgniter->run()
INFO - 2025-02-26 09:59:27 --> Starting fetchEmails method
INFO - 2025-02-26 09:59:27 --> Starting email processing
INFO - 2025-02-26 09:59:28 --> Email processing completed. Processed 0 new emails
INFO - 2025-02-26 09:59:28 --> Fetching email threads
INFO - 2025-02-26 09:59:28 --> Found 8 root emails
INFO - 2025-02-26 09:59:28 --> Retrieved 8 email threads
