CRITICAL - 2024-04-15 07:10:33 --> ErrorException: Undefined variable $records
in APPPATH\Views\form.php on line 70.
 1 APPPATH\Views\form.php(70): CodeIgniter\Debug\Exceptions->errorHandler(2, 'Undefined variable $records', 'H:\\Xampp\\htdocs\\driphunter\\app\\Views\\form.php', 70)
 2 SYSTEMPATH\View\View.php(228): include('H:\\Xampp\\htdocs\\driphunter\\app\\Views\\form.php')
 3 SYSTEMPATH\View\View.php(231): CodeIgniter\View\View->CodeIgniter\View\{closure}()
 4 SYSTEMPATH\Common.php(1178): CodeIgniter\View\View->render('form', [], true)
 5 APPPATH\Controllers\Form.php(9): view('form')
 6 SYSTEMPATH\CodeIgniter.php(943): App\Controllers\Form->index()
 7 SYSTEMPATH\CodeIgniter.php(503): CodeIgniter\CodeIgniter->runController(Object(App\Controllers\Form))
 8 SYSTEMPATH\CodeIgniter.php(361): CodeIgniter\CodeIgniter->handleRequest(null, Object(Config\Cache), false)
 9 FCPATH\index.php(79): CodeIgniter\CodeIgniter->run()
CRITICAL - 2024-04-15 12:08:45 --> ParseError: syntax error, unexpected token "{", expecting "("
in APPPATH\Models\userslist_model.php on line 24.
 1 SYSTEMPATH\Autoloader\Autoloader.php(290): CodeIgniter\Autoloader\Autoloader->includeFile('H:\\Xampp\\htdocs\\driphunter\\app\\Models\\Userslist_model.php')
 2 SYSTEMPATH\Autoloader\Autoloader.php(266): CodeIgniter\Autoloader\Autoloader->loadInNamespace('App\\Models\\Userslist_model')
 3 APPPATH\Controllers\Users.php(10): CodeIgniter\Autoloader\Autoloader->loadClass('App\\Models\\Userslist_model')
 4 SYSTEMPATH\CodeIgniter.php(943): App\Controllers\Users->index()
 5 SYSTEMPATH\CodeIgniter.php(503): CodeIgniter\CodeIgniter->runController(Object(App\Controllers\Users))
 6 SYSTEMPATH\CodeIgniter.php(361): CodeIgniter\CodeIgniter->handleRequest(null, Object(Config\Cache), false)
 7 FCPATH\index.php(79): CodeIgniter\CodeIgniter->run()
CRITICAL - 2024-04-15 12:17:00 --> CodeIgniter\View\Exceptions\ViewException: Invalid file: "form.php"
in SYSTEMPATH\Exceptions\FrameworkException.php on line 39.
 1 SYSTEMPATH\View\View.php(216): CodeIgniter\Exceptions\FrameworkException::forInvalidFile('form.php')
 2 SYSTEMPATH\Common.php(1178): CodeIgniter\View\View->render('form', [], true)
 3 APPPATH\Controllers\Form.php(9): view('form')
 4 SYSTEMPATH\CodeIgniter.php(943): App\Controllers\Form->index()
 5 SYSTEMPATH\CodeIgniter.php(503): CodeIgniter\CodeIgniter->runController(Object(App\Controllers\Form))
 6 SYSTEMPATH\CodeIgniter.php(361): CodeIgniter\CodeIgniter->handleRequest(null, Object(Config\Cache), false)
 7 FCPATH\index.php(79): CodeIgniter\CodeIgniter->run()
CRITICAL - 2024-04-15 13:35:11 --> ErrorException: Undefined variable $model
in APPPATH\Views\edituser.php on line 94.
 1 APPPATH\Views\edituser.php(94): CodeIgniter\Debug\Exceptions->errorHandler(2, 'Undefined variable $model', 'H:\\Xampp\\htdocs\\driphunter\\app\\Views\\edituser.php', 94)
 2 SYSTEMPATH\View\View.php(228): include('H:\\Xampp\\htdocs\\driphunter\\app\\Views\\edituser.php')
 3 SYSTEMPATH\View\View.php(231): CodeIgniter\View\View->CodeIgniter\View\{closure}()
 4 SYSTEMPATH\Common.php(1178): CodeIgniter\View\View->render('edituser', [], true)
 5 APPPATH\Controllers\Edituser.php(10): view('edituser')
 6 SYSTEMPATH\CodeIgniter.php(943): App\Controllers\Edituser->index()
 7 SYSTEMPATH\CodeIgniter.php(503): CodeIgniter\CodeIgniter->runController(Object(App\Controllers\Edituser))
 8 SYSTEMPATH\CodeIgniter.php(361): CodeIgniter\CodeIgniter->handleRequest(null, Object(Config\Cache), false)
 9 FCPATH\index.php(79): CodeIgniter\CodeIgniter->run()
CRITICAL - 2024-04-15 13:36:39 --> ErrorException: Undefined variable $records
in APPPATH\Views\edituser.php on line 94.
 1 APPPATH\Views\edituser.php(94): CodeIgniter\Debug\Exceptions->errorHandler(2, 'Undefined variable $records', 'H:\\Xampp\\htdocs\\driphunter\\app\\Views\\edituser.php', 94)
 2 SYSTEMPATH\View\View.php(228): include('H:\\Xampp\\htdocs\\driphunter\\app\\Views\\edituser.php')
 3 SYSTEMPATH\View\View.php(231): CodeIgniter\View\View->CodeIgniter\View\{closure}()
 4 SYSTEMPATH\Common.php(1178): CodeIgniter\View\View->render('edituser', [], true)
 5 APPPATH\Controllers\Edituser.php(10): view('edituser')
 6 SYSTEMPATH\CodeIgniter.php(943): App\Controllers\Edituser->index()
 7 SYSTEMPATH\CodeIgniter.php(503): CodeIgniter\CodeIgniter->runController(Object(App\Controllers\Edituser))
 8 SYSTEMPATH\CodeIgniter.php(361): CodeIgniter\CodeIgniter->handleRequest(null, Object(Config\Cache), false)
 9 FCPATH\index.php(79): CodeIgniter\CodeIgniter->run()
CRITICAL - 2024-04-15 13:38:38 --> ErrorException: Undefined variable $Userslist_model
in APPPATH\Views\edituser.php on line 94.
 1 APPPATH\Views\edituser.php(94): CodeIgniter\Debug\Exceptions->errorHandler(2, 'Undefined variable $Userslist_model', 'H:\\Xampp\\htdocs\\driphunter\\app\\Views\\edituser.php', 94)
 2 SYSTEMPATH\View\View.php(228): include('H:\\Xampp\\htdocs\\driphunter\\app\\Views\\edituser.php')
 3 SYSTEMPATH\View\View.php(231): CodeIgniter\View\View->CodeIgniter\View\{closure}()
 4 SYSTEMPATH\Common.php(1178): CodeIgniter\View\View->render('edituser', [], true)
 5 APPPATH\Controllers\Edituser.php(10): view('edituser')
 6 SYSTEMPATH\CodeIgniter.php(943): App\Controllers\Edituser->index()
 7 SYSTEMPATH\CodeIgniter.php(503): CodeIgniter\CodeIgniter->runController(Object(App\Controllers\Edituser))
 8 SYSTEMPATH\CodeIgniter.php(361): CodeIgniter\CodeIgniter->handleRequest(null, Object(Config\Cache), false)
 9 FCPATH\index.php(79): CodeIgniter\CodeIgniter->run()
CRITICAL - 2024-04-15 13:38:45 --> ErrorException: Undefined variable $Userslist_model
in APPPATH\Views\edituser.php on line 94.
 1 APPPATH\Views\edituser.php(94): CodeIgniter\Debug\Exceptions->errorHandler(2, 'Undefined variable $Userslist_model', 'H:\\Xampp\\htdocs\\driphunter\\app\\Views\\edituser.php', 94)
 2 SYSTEMPATH\View\View.php(228): include('H:\\Xampp\\htdocs\\driphunter\\app\\Views\\edituser.php')
 3 SYSTEMPATH\View\View.php(231): CodeIgniter\View\View->CodeIgniter\View\{closure}()
 4 SYSTEMPATH\Common.php(1178): CodeIgniter\View\View->render('edituser', [], true)
 5 APPPATH\Controllers\Edituser.php(10): view('edituser')
 6 SYSTEMPATH\CodeIgniter.php(943): App\Controllers\Edituser->index()
 7 SYSTEMPATH\CodeIgniter.php(503): CodeIgniter\CodeIgniter->runController(Object(App\Controllers\Edituser))
 8 SYSTEMPATH\CodeIgniter.php(361): CodeIgniter\CodeIgniter->handleRequest(null, Object(Config\Cache), false)
 9 FCPATH\index.php(79): CodeIgniter\CodeIgniter->run()
CRITICAL - 2024-04-15 13:43:47 --> ErrorException: Undefined variable $Userslist_model
in APPPATH\Views\edituser.php on line 94.
 1 APPPATH\Views\edituser.php(94): CodeIgniter\Debug\Exceptions->errorHandler(2, 'Undefined variable $Userslist_model', 'H:\\Xampp\\htdocs\\driphunter\\app\\Views\\edituser.php', 94)
 2 SYSTEMPATH\View\View.php(228): include('H:\\Xampp\\htdocs\\driphunter\\app\\Views\\edituser.php')
 3 SYSTEMPATH\View\View.php(231): CodeIgniter\View\View->CodeIgniter\View\{closure}()
 4 SYSTEMPATH\Common.php(1178): CodeIgniter\View\View->render('edituser', [], true)
 5 APPPATH\Controllers\Edituser.php(10): view('edituser')
 6 SYSTEMPATH\CodeIgniter.php(943): App\Controllers\Edituser->index()
 7 SYSTEMPATH\CodeIgniter.php(503): CodeIgniter\CodeIgniter->runController(Object(App\Controllers\Edituser))
 8 SYSTEMPATH\CodeIgniter.php(361): CodeIgniter\CodeIgniter->handleRequest(null, Object(Config\Cache), false)
 9 FCPATH\index.php(79): CodeIgniter\CodeIgniter->run()
CRITICAL - 2024-04-15 13:43:55 --> ErrorException: Undefined variable $Userslist_model
in APPPATH\Views\edituser.php on line 94.
 1 APPPATH\Views\edituser.php(94): CodeIgniter\Debug\Exceptions->errorHandler(2, 'Undefined variable $Userslist_model', 'H:\\Xampp\\htdocs\\driphunter\\app\\Views\\edituser.php', 94)
 2 SYSTEMPATH\View\View.php(228): include('H:\\Xampp\\htdocs\\driphunter\\app\\Views\\edituser.php')
 3 SYSTEMPATH\View\View.php(231): CodeIgniter\View\View->CodeIgniter\View\{closure}()
 4 SYSTEMPATH\Common.php(1178): CodeIgniter\View\View->render('edituser', [], true)
 5 APPPATH\Controllers\Edituser.php(10): view('edituser')
 6 SYSTEMPATH\CodeIgniter.php(943): App\Controllers\Edituser->index()
 7 SYSTEMPATH\CodeIgniter.php(503): CodeIgniter\CodeIgniter->runController(Object(App\Controllers\Edituser))
 8 SYSTEMPATH\CodeIgniter.php(361): CodeIgniter\CodeIgniter->handleRequest(null, Object(Config\Cache), false)
 9 FCPATH\index.php(79): CodeIgniter\CodeIgniter->run()
CRITICAL - 2024-04-15 13:44:10 --> ErrorException: Undefined variable $Userslist_model
in APPPATH\Views\edituser.php on line 101.
 1 APPPATH\Views\edituser.php(101): CodeIgniter\Debug\Exceptions->errorHandler(2, 'Undefined variable $Userslist_model', 'H:\\Xampp\\htdocs\\driphunter\\app\\Views\\edituser.php', 101)
 2 SYSTEMPATH\View\View.php(228): include('H:\\Xampp\\htdocs\\driphunter\\app\\Views\\edituser.php')
 3 SYSTEMPATH\View\View.php(231): CodeIgniter\View\View->CodeIgniter\View\{closure}()
 4 SYSTEMPATH\Common.php(1178): CodeIgniter\View\View->render('edituser', [], true)
 5 APPPATH\Controllers\Edituser.php(10): view('edituser')
 6 SYSTEMPATH\CodeIgniter.php(943): App\Controllers\Edituser->index()
 7 SYSTEMPATH\CodeIgniter.php(503): CodeIgniter\CodeIgniter->runController(Object(App\Controllers\Edituser))
 8 SYSTEMPATH\CodeIgniter.php(361): CodeIgniter\CodeIgniter->handleRequest(null, Object(Config\Cache), false)
 9 FCPATH\index.php(79): CodeIgniter\CodeIgniter->run()
CRITICAL - 2024-04-15 13:44:39 --> ErrorException: Undefined variable $userslist_model
in APPPATH\Views\edituser.php on line 94.
 1 APPPATH\Views\edituser.php(94): CodeIgniter\Debug\Exceptions->errorHandler(2, 'Undefined variable $userslist_model', 'H:\\Xampp\\htdocs\\driphunter\\app\\Views\\edituser.php', 94)
 2 SYSTEMPATH\View\View.php(228): include('H:\\Xampp\\htdocs\\driphunter\\app\\Views\\edituser.php')
 3 SYSTEMPATH\View\View.php(231): CodeIgniter\View\View->CodeIgniter\View\{closure}()
 4 SYSTEMPATH\Common.php(1178): CodeIgniter\View\View->render('edituser', [], true)
 5 APPPATH\Controllers\Edituser.php(10): view('edituser')
 6 SYSTEMPATH\CodeIgniter.php(943): App\Controllers\Edituser->index()
 7 SYSTEMPATH\CodeIgniter.php(503): CodeIgniter\CodeIgniter->runController(Object(App\Controllers\Edituser))
 8 SYSTEMPATH\CodeIgniter.php(361): CodeIgniter\CodeIgniter->handleRequest(null, Object(Config\Cache), false)
 9 FCPATH\index.php(79): CodeIgniter\CodeIgniter->run()
CRITICAL - 2024-04-15 13:45:14 --> ErrorException: Undefined variable $userslist_model
in APPPATH\Views\edituser.php on line 94.
 1 APPPATH\Views\edituser.php(94): CodeIgniter\Debug\Exceptions->errorHandler(2, 'Undefined variable $userslist_model', 'H:\\Xampp\\htdocs\\driphunter\\app\\Views\\edituser.php', 94)
 2 SYSTEMPATH\View\View.php(228): include('H:\\Xampp\\htdocs\\driphunter\\app\\Views\\edituser.php')
 3 SYSTEMPATH\View\View.php(231): CodeIgniter\View\View->CodeIgniter\View\{closure}()
 4 SYSTEMPATH\Common.php(1178): CodeIgniter\View\View->render('edituser', [], true)
 5 APPPATH\Controllers\Edituser.php(10): view('edituser')
 6 SYSTEMPATH\CodeIgniter.php(943): App\Controllers\Edituser->index()
 7 SYSTEMPATH\CodeIgniter.php(503): CodeIgniter\CodeIgniter->runController(Object(App\Controllers\Edituser))
 8 SYSTEMPATH\CodeIgniter.php(361): CodeIgniter\CodeIgniter->handleRequest(null, Object(Config\Cache), false)
 9 FCPATH\index.php(79): CodeIgniter\CodeIgniter->run()
CRITICAL - 2024-04-15 13:45:19 --> ErrorException: Undefined variable $userslist_model
in APPPATH\Views\edituser.php on line 94.
 1 APPPATH\Views\edituser.php(94): CodeIgniter\Debug\Exceptions->errorHandler(2, 'Undefined variable $userslist_model', 'H:\\Xampp\\htdocs\\driphunter\\app\\Views\\edituser.php', 94)
 2 SYSTEMPATH\View\View.php(228): include('H:\\Xampp\\htdocs\\driphunter\\app\\Views\\edituser.php')
 3 SYSTEMPATH\View\View.php(231): CodeIgniter\View\View->CodeIgniter\View\{closure}()
 4 SYSTEMPATH\Common.php(1178): CodeIgniter\View\View->render('edituser', [], true)
 5 APPPATH\Controllers\Edituser.php(10): view('edituser')
 6 SYSTEMPATH\CodeIgniter.php(943): App\Controllers\Edituser->index()
 7 SYSTEMPATH\CodeIgniter.php(503): CodeIgniter\CodeIgniter->runController(Object(App\Controllers\Edituser))
 8 SYSTEMPATH\CodeIgniter.php(361): CodeIgniter\CodeIgniter->handleRequest(null, Object(Config\Cache), false)
 9 FCPATH\index.php(79): CodeIgniter\CodeIgniter->run()
CRITICAL - 2024-04-15 13:48:45 --> ErrorException: Undefined variable $userslist_model
in APPPATH\Views\edituser.php on line 94.
 1 APPPATH\Views\edituser.php(94): CodeIgniter\Debug\Exceptions->errorHandler(2, 'Undefined variable $userslist_model', 'H:\\Xampp\\htdocs\\driphunter\\app\\Views\\edituser.php', 94)
 2 SYSTEMPATH\View\View.php(228): include('H:\\Xampp\\htdocs\\driphunter\\app\\Views\\edituser.php')
 3 SYSTEMPATH\View\View.php(231): CodeIgniter\View\View->CodeIgniter\View\{closure}()
 4 SYSTEMPATH\Common.php(1178): CodeIgniter\View\View->render('edituser', [], true)
 5 APPPATH\Controllers\Edituser.php(10): view('edituser')
 6 SYSTEMPATH\CodeIgniter.php(943): App\Controllers\Edituser->index()
 7 SYSTEMPATH\CodeIgniter.php(503): CodeIgniter\CodeIgniter->runController(Object(App\Controllers\Edituser))
 8 SYSTEMPATH\CodeIgniter.php(361): CodeIgniter\CodeIgniter->handleRequest(null, Object(Config\Cache), false)
 9 FCPATH\index.php(79): CodeIgniter\CodeIgniter->run()
CRITICAL - 2024-04-15 14:35:22 --> ErrorException: Undefined variable $record
in APPPATH\Views\edit_users_view.php on line 56.
 1 APPPATH\Views\edit_users_view.php(56): CodeIgniter\Debug\Exceptions->errorHandler(2, 'Undefined variable $record', 'H:\\Xampp\\htdocs\\driphunter\\app\\Views\\edit_users_view.php', 56)
 2 SYSTEMPATH\View\View.php(228): include('H:\\Xampp\\htdocs\\driphunter\\app\\Views\\edit_users_view.php')
 3 SYSTEMPATH\View\View.php(231): CodeIgniter\View\View->CodeIgniter\View\{closure}()
 4 SYSTEMPATH\Common.php(1178): CodeIgniter\View\View->render('edit_users_view', [], true)
 5 APPPATH\Controllers\Users.php(29): view('edit_users_view', [...])
 6 SYSTEMPATH\CodeIgniter.php(943): App\Controllers\Users->viewedituser('6')
 7 SYSTEMPATH\CodeIgniter.php(503): CodeIgniter\CodeIgniter->runController(Object(App\Controllers\Users))
 8 SYSTEMPATH\CodeIgniter.php(361): CodeIgniter\CodeIgniter->handleRequest(null, Object(Config\Cache), false)
 9 FCPATH\index.php(79): CodeIgniter\CodeIgniter->run()
CRITICAL - 2024-04-15 14:36:17 --> ErrorException: Undefined variable $data
in APPPATH\Views\edit_users_view.php on line 56.
 1 APPPATH\Views\edit_users_view.php(56): CodeIgniter\Debug\Exceptions->errorHandler(2, 'Undefined variable $data', 'H:\\Xampp\\htdocs\\driphunter\\app\\Views\\edit_users_view.php', 56)
 2 SYSTEMPATH\View\View.php(228): include('H:\\Xampp\\htdocs\\driphunter\\app\\Views\\edit_users_view.php')
 3 SYSTEMPATH\View\View.php(231): CodeIgniter\View\View->CodeIgniter\View\{closure}()
 4 SYSTEMPATH\Common.php(1178): CodeIgniter\View\View->render('edit_users_view', [], true)
 5 APPPATH\Controllers\Users.php(29): view('edit_users_view', [...])
 6 SYSTEMPATH\CodeIgniter.php(943): App\Controllers\Users->viewedituser('6')
 7 SYSTEMPATH\CodeIgniter.php(503): CodeIgniter\CodeIgniter->runController(Object(App\Controllers\Users))
 8 SYSTEMPATH\CodeIgniter.php(361): CodeIgniter\CodeIgniter->handleRequest(null, Object(Config\Cache), false)
 9 FCPATH\index.php(79): CodeIgniter\CodeIgniter->run()
CRITICAL - 2024-04-15 14:37:50 --> ErrorException: Undefined variable $data
in APPPATH\Views\edit_users_view.php on line 56.
 1 APPPATH\Views\edit_users_view.php(56): CodeIgniter\Debug\Exceptions->errorHandler(2, 'Undefined variable $data', 'H:\\Xampp\\htdocs\\driphunter\\app\\Views\\edit_users_view.php', 56)
 2 SYSTEMPATH\View\View.php(228): include('H:\\Xampp\\htdocs\\driphunter\\app\\Views\\edit_users_view.php')
 3 SYSTEMPATH\View\View.php(231): CodeIgniter\View\View->CodeIgniter\View\{closure}()
 4 SYSTEMPATH\Common.php(1178): CodeIgniter\View\View->render('edit_users_view', [], true)
 5 APPPATH\Controllers\Users.php(29): view('edit_users_view', [...])
 6 SYSTEMPATH\CodeIgniter.php(943): App\Controllers\Users->viewedituser('6')
 7 SYSTEMPATH\CodeIgniter.php(503): CodeIgniter\CodeIgniter->runController(Object(App\Controllers\Users))
 8 SYSTEMPATH\CodeIgniter.php(361): CodeIgniter\CodeIgniter->handleRequest(null, Object(Config\Cache), false)
 9 FCPATH\index.php(79): CodeIgniter\CodeIgniter->run()
CRITICAL - 2024-04-15 14:40:11 --> Error: Cannot use object of type stdClass as array
in APPPATH\Views\edit_users_view.php on line 63.
 1 SYSTEMPATH\View\View.php(228): include()
 2 SYSTEMPATH\View\View.php(231): CodeIgniter\View\View->CodeIgniter\View\{closure}()
 3 SYSTEMPATH\Common.php(1178): CodeIgniter\View\View->render('edit_users_view', [], true)
 4 APPPATH\Controllers\Users.php(29): view('edit_users_view', [...])
 5 SYSTEMPATH\CodeIgniter.php(943): App\Controllers\Users->viewedituser('6')
 6 SYSTEMPATH\CodeIgniter.php(503): CodeIgniter\CodeIgniter->runController(Object(App\Controllers\Users))
 7 SYSTEMPATH\CodeIgniter.php(361): CodeIgniter\CodeIgniter->handleRequest(null, Object(Config\Cache), false)
 8 FCPATH\index.php(79): CodeIgniter\CodeIgniter->run()
